[M::bwa_idx_load_from_disk] read 0 ALT contigs
[M::process] read 722590 sequences (180000304 bp)...
[M::process] read 722668 sequences (180000110 bp)...
[M::mem_process_seqs] Processed 722590 reads in 1089.981 CPU sec, 60.900 real sec
[M::process] read 722936 sequences (180000340 bp)...
[M::mem_process_seqs] Processed 722668 reads in 1087.379 CPU sec, 60.761 real sec
[M::process] read 723028 sequences (180000059 bp)...
[M::mem_process_seqs] Processed 722936 reads in 1088.833 CPU sec, 60.838 real sec
[M::process] read 722474 sequences (180000011 bp)...
[M::mem_process_seqs] Processed 723028 reads in 1078.291 CPU sec, 60.265 real sec
[M::process] read 723042 sequences (180000231 bp)...
[M::mem_process_seqs] Processed 722474 reads in 1089.570 CPU sec, 60.860 real sec
[M::process] read 722976 sequences (180000158 bp)...
[M::mem_process_seqs] Processed 723042 reads in 1086.283 CPU sec, 60.663 real sec
[M::process] read 722544 sequences (180000090 bp)...
[M::mem_process_seqs] Processed 722976 reads in 1088.481 CPU sec, 60.842 real sec
[M::process] read 722592 sequences (180000307 bp)...
[M::mem_process_seqs] Processed 722544 reads in 1089.481 CPU sec, 60.860 real sec
[M::process] read 722990 sequences (180000488 bp)...
[M::mem_process_seqs] Processed 722592 reads in 1087.562 CPU sec, 60.756 real sec
[M::process] read 722622 sequences (180000409 bp)...
[M::mem_process_seqs] Processed 722990 reads in 1096.004 CPU sec, 61.234 real sec
[M::process] read 722468 sequences (180000193 bp)...
[M::mem_process_seqs] Processed 722622 reads in 1081.450 CPU sec, 60.439 real sec
[M::process] read 722902 sequences (180000231 bp)...
[M::mem_process_seqs] Processed 722468 reads in 1078.422 CPU sec, 60.265 real sec
[M::process] read 722904 sequences (180000153 bp)...
[M::mem_process_seqs] Processed 722902 reads in 1091.711 CPU sec, 60.996 real sec
[M::process] read 722428 sequences (180000426 bp)...
[M::mem_process_seqs] Processed 722904 reads in 1090.949 CPU sec, 60.955 real sec
[M::process] read 722980 sequences (180000285 bp)...
[M::mem_process_seqs] Processed 722428 reads in 1089.509 CPU sec, 60.866 real sec
[M::process] read 722948 sequences (180000469 bp)...
[M::mem_process_seqs] Processed 722980 reads in 1076.341 CPU sec, 60.132 real sec
[M::process] read 722442 sequences (180000208 bp)...
[M::mem_process_seqs] Processed 722948 reads in 1088.870 CPU sec, 60.830 real sec
[M::process] read 722854 sequences (180000162 bp)...
[M::mem_process_seqs] Processed 722442 reads in 1093.855 CPU sec, 61.093 real sec
[M::process] read 722660 sequences (180000036 bp)...
[M::mem_process_seqs] Processed 722854 reads in 1096.802 CPU sec, 61.392 real sec
[M::process] read 722600 sequences (180000022 bp)...
[M::mem_process_seqs] Processed 722660 reads in 1096.560 CPU sec, 61.373 real sec
[M::process] read 722656 sequences (180000050 bp)...
[M::mem_process_seqs] Processed 722600 reads in 1097.764 CPU sec, 61.352 real sec
[M::process] read 722896 sequences (180000331 bp)...
[M::mem_process_seqs] Processed 722656 reads in 1085.746 CPU sec, 60.661 real sec
[M::process] read 722738 sequences (180000261 bp)...
[M::mem_process_seqs] Processed 722896 reads in 1089.497 CPU sec, 60.905 real sec
[M::process] read 722652 sequences (180000069 bp)...
[M::mem_process_seqs] Processed 722738 reads in 1089.689 CPU sec, 60.877 real sec
[M::process] read 722596 sequences (180000156 bp)...
[M::mem_process_seqs] Processed 722652 reads in 1086.680 CPU sec, 60.708 real sec
[M::process] read 722888 sequences (180000525 bp)...
[M::mem_process_seqs] Processed 722596 reads in 1090.395 CPU sec, 60.887 real sec
[M::process] read 722372 sequences (180000406 bp)...
[M::mem_process_seqs] Processed 722888 reads in 1100.332 CPU sec, 61.464 real sec
[M::process] read 722552 sequences (180000489 bp)...
[M::mem_process_seqs] Processed 722372 reads in 1090.249 CPU sec, 60.882 real sec
[M::process] read 722880 sequences (180000405 bp)...
[M::mem_process_seqs] Processed 722552 reads in 1084.346 CPU sec, 60.572 real sec
[M::process] read 722518 sequences (180000307 bp)...
[M::mem_process_seqs] Processed 722880 reads in 1097.457 CPU sec, 61.308 real sec
[M::process] read 722454 sequences (180000143 bp)...
[M::mem_process_seqs] Processed 722518 reads in 1098.097 CPU sec, 61.340 real sec
[M::process] read 722606 sequences (180000143 bp)...
[M::mem_process_seqs] Processed 722454 reads in 1081.804 CPU sec, 60.473 real sec
[M::process] read 722944 sequences (180000440 bp)...
[M::mem_process_seqs] Processed 722606 reads in 1089.464 CPU sec, 60.852 real sec
[M::process] read 722426 sequences (180000346 bp)...
[M::mem_process_seqs] Processed 722944 reads in 1095.108 CPU sec, 61.176 real sec
[M::mem_process_seqs] Processed 722426 reads in 1089.401 CPU sec, 65.979 real sec
[M::process] read 722440 sequences (180000125 bp)...
[M::process] read 722854 sequences (180000224 bp)...
[M::mem_process_seqs] Processed 722440 reads in 1077.925 CPU sec, 60.394 real sec
[M::process] read 722580 sequences (180000206 bp)...
[M::mem_process_seqs] Processed 722854 reads in 1098.822 CPU sec, 61.441 real sec
[M::process] read 722696 sequences (180000018 bp)...
[M::mem_process_seqs] Processed 722580 reads in 1091.250 CPU sec, 61.001 real sec
[M::process] read 722656 sequences (180000275 bp)...
[M::mem_process_seqs] Processed 722696 reads in 1087.833 CPU sec, 60.803 real sec
[M::process] read 722914 sequences (180000328 bp)...
[M::mem_process_seqs] Processed 722656 reads in 1092.692 CPU sec, 61.024 real sec
[M::process] read 722776 sequences (180000061 bp)...
[M::mem_process_seqs] Processed 722914 reads in 1092.455 CPU sec, 61.016 real sec
[M::process] read 722756 sequences (180000373 bp)...
[M::mem_process_seqs] Processed 722776 reads in 1083.202 CPU sec, 60.511 real sec
[M::process] read 723020 sequences (180000414 bp)...
[M::mem_process_seqs] Processed 722756 reads in 1080.226 CPU sec, 60.383 real sec
[M::process] read 722764 sequences (180000300 bp)...
[M::mem_process_seqs] Processed 723020 reads in 1097.519 CPU sec, 61.292 real sec
[M::process] read 722564 sequences (180000418 bp)...
[M::mem_process_seqs] Processed 722764 reads in 1090.791 CPU sec, 60.916 real sec
[M::process] read 722892 sequences (180000210 bp)...
[M::mem_process_seqs] Processed 722564 reads in 1074.572 CPU sec, 60.004 real sec
[M::process] read 722414 sequences (180000338 bp)...
[M::mem_process_seqs] Processed 722892 reads in 1080.527 CPU sec, 60.353 real sec
[M::process] read 722694 sequences (180000372 bp)...
[M::mem_process_seqs] Processed 722414 reads in 1088.598 CPU sec, 60.769 real sec
[M::process] read 722916 sequences (180000334 bp)...
[M::mem_process_seqs] Processed 722694 reads in 1081.942 CPU sec, 60.418 real sec
[M::process] read 722704 sequences (180000286 bp)...
[M::mem_process_seqs] Processed 722916 reads in 1084.494 CPU sec, 60.561 real sec
[M::process] read 722700 sequences (180000058 bp)...
[M::mem_process_seqs] Processed 722704 reads in 1093.836 CPU sec, 61.078 real sec
[M::process] read 722970 sequences (180000255 bp)...
[M::mem_process_seqs] Processed 722700 reads in 1080.458 CPU sec, 60.344 real sec
[M::process] read 723010 sequences (180000514 bp)...
[M::mem_process_seqs] Processed 722970 reads in 1079.331 CPU sec, 60.275 real sec
[M::process] read 722514 sequences (180000297 bp)...
[M::mem_process_seqs] Processed 723010 reads in 1102.855 CPU sec, 61.587 real sec
[M::process] read 722784 sequences (180000383 bp)...
[M::mem_process_seqs] Processed 722514 reads in 1087.966 CPU sec, 60.778 real sec
[M::process] read 722964 sequences (180000266 bp)...
[M::mem_process_seqs] Processed 722784 reads in 1081.370 CPU sec, 60.454 real sec
[M::process] read 722318 sequences (180000279 bp)...
[M::mem_process_seqs] Processed 722964 reads in 1094.433 CPU sec, 61.143 real sec
[M::process] read 722512 sequences (180000288 bp)...
[M::mem_process_seqs] Processed 722318 reads in 1091.804 CPU sec, 61.095 real sec
[M::process] read 723058 sequences (180000420 bp)...
[M::mem_process_seqs] Processed 722512 reads in 1084.919 CPU sec, 60.606 real sec
[M::process] read 722800 sequences (180000131 bp)...
[M::mem_process_seqs] Processed 723058 reads in 1085.480 CPU sec, 60.639 real sec
[M::process] read 722582 sequences (180000050 bp)...
[M::mem_process_seqs] Processed 722800 reads in 1094.047 CPU sec, 61.136 real sec
[M::process] read 722414 sequences (180000434 bp)...
[M::mem_process_seqs] Processed 722582 reads in 1085.291 CPU sec, 60.641 real sec
[M::process] read 722952 sequences (180000205 bp)...
[M::mem_process_seqs] Processed 722414 reads in 1079.292 CPU sec, 60.320 real sec
[M::process] read 722532 sequences (180000409 bp)...
[M::mem_process_seqs] Processed 722952 reads in 1098.837 CPU sec, 61.406 real sec
[M::process] read 722706 sequences (180000196 bp)...
[M::mem_process_seqs] Processed 722532 reads in 1083.354 CPU sec, 60.514 real sec
[M::process] read 723116 sequences (180000466 bp)...
[M::mem_process_seqs] Processed 722706 reads in 1086.911 CPU sec, 60.704 real sec
[M::process] read 722628 sequences (180000305 bp)...
[M::mem_process_seqs] Processed 723116 reads in 1090.951 CPU sec, 60.938 real sec
[M::process] read 722414 sequences (180000032 bp)...
[M::mem_process_seqs] Processed 722628 reads in 1087.768 CPU sec, 60.786 real sec
[M::mem_process_seqs] Processed 722414 reads in 1080.878 CPU sec, 67.225 real sec
[M::process] read 722896 sequences (180000494 bp)...
[M::process] read 722464 sequences (180000146 bp)...
[M::mem_process_seqs] Processed 722896 reads in 1086.466 CPU sec, 60.701 real sec
[M::process] read 722398 sequences (180000157 bp)...
[M::mem_process_seqs] Processed 722464 reads in 1102.738 CPU sec, 61.623 real sec
[M::process] read 722724 sequences (180000146 bp)...
[M::mem_process_seqs] Processed 722398 reads in 1081.681 CPU sec, 60.441 real sec
[M::process] read 723106 sequences (180000286 bp)...
[M::mem_process_seqs] Processed 722724 reads in 1082.917 CPU sec, 60.520 real sec
[M::process] read 722624 sequences (180000055 bp)...
[M::mem_process_seqs] Processed 723106 reads in 1107.358 CPU sec, 61.859 real sec
[M::process] read 722560 sequences (180000197 bp)...
[M::mem_process_seqs] Processed 722624 reads in 1083.208 CPU sec, 60.516 real sec
[M::process] read 723212 sequences (180000277 bp)...
[M::mem_process_seqs] Processed 722560 reads in 1072.362 CPU sec, 59.930 real sec
[M::process] read 722354 sequences (180000058 bp)...
[M::mem_process_seqs] Processed 723212 reads in 1091.120 CPU sec, 60.964 real sec
[M::process] read 722526 sequences (180000072 bp)...
[M::mem_process_seqs] Processed 722354 reads in 1082.608 CPU sec, 60.503 real sec
[M::process] read 723186 sequences (180000075 bp)...
[M::mem_process_seqs] Processed 722526 reads in 1078.739 CPU sec, 60.297 real sec
[M::process] read 722700 sequences (180000401 bp)...
[M::mem_process_seqs] Processed 723186 reads in 1090.360 CPU sec, 60.946 real sec
[M::process] read 722470 sequences (180000553 bp)...
[M::mem_process_seqs] Processed 722700 reads in 1082.258 CPU sec, 60.536 real sec
[M::process] read 722822 sequences (180000441 bp)...
[M::mem_process_seqs] Processed 722470 reads in 1079.129 CPU sec, 60.342 real sec
[M::process] read 723174 sequences (180000123 bp)...
[M::mem_process_seqs] Processed 722822 reads in 1083.496 CPU sec, 60.571 real sec
[M::process] read 722420 sequences (180000180 bp)...
[M::mem_process_seqs] Processed 723174 reads in 1104.655 CPU sec, 61.736 real sec
[M::process] read 722468 sequences (180000129 bp)...
[M::mem_process_seqs] Processed 722420 reads in 1084.511 CPU sec, 60.611 real sec
[M::process] read 723160 sequences (180000383 bp)...
[M::mem_process_seqs] Processed 722468 reads in 1084.709 CPU sec, 60.703 real sec
[M::process] read 722732 sequences (180000142 bp)...
[M::mem_process_seqs] Processed 723160 reads in 1086.672 CPU sec, 60.811 real sec
[M::process] read 722444 sequences (180000477 bp)...
[M::mem_process_seqs] Processed 722732 reads in 1086.828 CPU sec, 60.792 real sec
[M::process] read 722754 sequences (180000438 bp)...
[M::mem_process_seqs] Processed 722444 reads in 1085.566 CPU sec, 60.717 real sec
[M::process] read 722748 sequences (180000186 bp)...
[M::mem_process_seqs] Processed 722754 reads in 1079.364 CPU sec, 60.353 real sec
[M::process] read 722424 sequences (180000253 bp)...
[M::mem_process_seqs] Processed 722748 reads in 1092.936 CPU sec, 61.119 real sec
[M::process] read 722524 sequences (180000028 bp)...
[M::mem_process_seqs] Processed 722424 reads in 1077.760 CPU sec, 60.263 real sec
[M::process] read 722860 sequences (180000408 bp)...
[M::mem_process_seqs] Processed 722524 reads in 1078.651 CPU sec, 60.339 real sec
[M::process] read 722478 sequences (180000084 bp)...
[M::mem_process_seqs] Processed 722860 reads in 1099.795 CPU sec, 61.561 real sec
[M::process] read 722360 sequences (180000081 bp)...
[M::mem_process_seqs] Processed 722478 reads in 1080.543 CPU sec, 60.412 real sec
[M::process] read 722814 sequences (180000451 bp)...
[M::mem_process_seqs] Processed 722360 reads in 1093.166 CPU sec, 61.121 real sec
[M::process] read 722414 sequences (180000236 bp)...
[M::mem_process_seqs] Processed 722814 reads in 1097.195 CPU sec, 61.334 real sec
[M::process] read 722498 sequences (180000058 bp)...
[M::mem_process_seqs] Processed 722414 reads in 1089.994 CPU sec, 60.968 real sec
[M::process] read 722598 sequences (180000311 bp)...
[M::mem_process_seqs] Processed 722498 reads in 1080.099 CPU sec, 60.392 real sec
[M::process] read 722802 sequences (180000409 bp)...
[M::mem_process_seqs] Processed 722598 reads in 1080.385 CPU sec, 60.407 real sec
[M::process] read 722288 sequences (180000226 bp)...
[M::mem_process_seqs] Processed 722802 reads in 1097.668 CPU sec, 61.447 real sec
[M::process] read 722336 sequences (180000528 bp)...
[M::mem_process_seqs] Processed 722288 reads in 1081.633 CPU sec, 60.451 real sec
[M::mem_process_seqs] Processed 722336 reads in 1091.512 CPU sec, 67.964 real sec
[M::process] read 723048 sequences (180000305 bp)...
[M::process] read 722814 sequences (180000394 bp)...
[M::mem_process_seqs] Processed 723048 reads in 1089.177 CPU sec, 60.887 real sec
[M::process] read 722404 sequences (180000530 bp)...
[M::mem_process_seqs] Processed 722814 reads in 1079.834 CPU sec, 60.414 real sec
[M::process] read 722944 sequences (180000129 bp)...
[M::mem_process_seqs] Processed 722404 reads in 1078.531 CPU sec, 60.326 real sec
[M::process] read 722486 sequences (180000334 bp)...
[M::mem_process_seqs] Processed 722944 reads in 1082.075 CPU sec, 60.521 real sec
[M::process] read 722462 sequences (180000344 bp)...
[M::mem_process_seqs] Processed 722486 reads in 1092.384 CPU sec, 61.078 real sec
[M::process] read 722402 sequences (180000107 bp)...
[M::mem_process_seqs] Processed 722462 reads in 1083.582 CPU sec, 60.618 real sec
[M::process] read 722712 sequences (180000344 bp)...
[M::mem_process_seqs] Processed 722402 reads in 1082.615 CPU sec, 60.551 real sec
[M::process] read 722746 sequences (180000102 bp)...
[M::mem_process_seqs] Processed 722712 reads in 1095.806 CPU sec, 61.277 real sec
[M::process] read 722478 sequences (180000176 bp)...
[M::mem_process_seqs] Processed 722746 reads in 1080.498 CPU sec, 60.423 real sec
[M::process] read 722910 sequences (180000317 bp)...
[M::mem_process_seqs] Processed 722478 reads in 1082.470 CPU sec, 60.554 real sec
[M::process] read 722584 sequences (180000191 bp)...
[M::mem_process_seqs] Processed 722910 reads in 1094.658 CPU sec, 61.313 real sec
[M::process] read 722524 sequences (180000568 bp)...
[M::mem_process_seqs] Processed 722584 reads in 1087.482 CPU sec, 60.792 real sec
[M::process] read 722780 sequences (180000063 bp)...
[M::mem_process_seqs] Processed 722524 reads in 1085.970 CPU sec, 60.721 real sec
[M::process] read 722898 sequences (180000374 bp)...
[M::mem_process_seqs] Processed 722780 reads in 1081.657 CPU sec, 60.468 real sec
[M::process] read 722354 sequences (180000130 bp)...
[M::mem_process_seqs] Processed 722898 reads in 1101.288 CPU sec, 61.557 real sec
[M::process] read 722700 sequences (180000323 bp)...
[M::mem_process_seqs] Processed 722354 reads in 1085.741 CPU sec, 60.753 real sec
[M::process] read 723154 sequences (180000112 bp)...
[M::mem_process_seqs] Processed 722700 reads in 1093.160 CPU sec, 61.160 real sec
[M::process] read 722660 sequences (180000154 bp)...
[M::mem_process_seqs] Processed 723154 reads in 1101.283 CPU sec, 61.583 real sec
[M::process] read 722424 sequences (180000055 bp)...
[M::mem_process_seqs] Processed 722660 reads in 1093.788 CPU sec, 61.142 real sec
[M::process] read 723222 sequences (180000100 bp)...
[M::mem_process_seqs] Processed 722424 reads in 1094.813 CPU sec, 61.210 real sec
[M::process] read 722554 sequences (180000164 bp)...
[M::mem_process_seqs] Processed 723222 reads in 1098.748 CPU sec, 61.485 real sec
[M::process] read 722560 sequences (180000031 bp)...
[M::mem_process_seqs] Processed 722554 reads in 1094.273 CPU sec, 61.200 real sec
[M::process] read 722702 sequences (180000056 bp)...
[M::mem_process_seqs] Processed 722560 reads in 1080.522 CPU sec, 60.445 real sec
[M::process] read 723378 sequences (180000239 bp)...
[M::mem_process_seqs] Processed 722702 reads in 1096.097 CPU sec, 61.304 real sec
[M::process] read 722992 sequences (180000075 bp)...
[M::mem_process_seqs] Processed 723378 reads in 1099.841 CPU sec, 61.543 real sec
[M::process] read 722896 sequences (180000517 bp)...
[M::mem_process_seqs] Processed 722992 reads in 1089.797 CPU sec, 60.934 real sec
[M::process] read 723466 sequences (180000212 bp)...
[M::mem_process_seqs] Processed 722896 reads in 1084.676 CPU sec, 60.655 real sec
[M::process] read 722842 sequences (180000157 bp)...
[M::mem_process_seqs] Processed 723466 reads in 1098.502 CPU sec, 61.438 real sec
[M::process] read 722704 sequences (180000401 bp)...
[M::mem_process_seqs] Processed 722842 reads in 1098.340 CPU sec, 61.460 real sec
[M::process] read 722966 sequences (180000485 bp)...
[M::mem_process_seqs] Processed 722704 reads in 1095.876 CPU sec, 61.280 real sec
[M::process] read 722844 sequences (180000327 bp)...
[M::mem_process_seqs] Processed 722966 reads in 1081.991 CPU sec, 60.501 real sec
[M::process] read 722730 sequences (180000089 bp)...
[M::mem_process_seqs] Processed 722844 reads in 1101.537 CPU sec, 61.615 real sec
[M::process] read 722912 sequences (180000375 bp)...
[M::mem_process_seqs] Processed 722730 reads in 1099.563 CPU sec, 68.361 real sec
[M::process] read 722328 sequences (180000213 bp)...
[M::mem_process_seqs] Processed 722912 reads in 1089.713 CPU sec, 60.925 real sec
[M::process] read 721424 sequences (180000045 bp)...
[M::mem_process_seqs] Processed 722328 reads in 1286.906 CPU sec, 71.948 real sec
[M::process] read 722402 sequences (180000045 bp)...
[M::mem_process_seqs] Processed 721424 reads in 1323.250 CPU sec, 73.988 real sec
[M::process] read 619622 sequences (154420508 bp)...
[M::mem_process_seqs] Processed 722402 reads in 1322.282 CPU sec, 73.884 real sec
[M::mem_process_seqs] Processed 619622 reads in 1152.947 CPU sec, 64.453 real sec
[main] Version: 0.7.17-r1188
[main] CMD: bwa mem -t 18 -R @RG\tID:a132\tSM:a132 /home/jilong/spider2/faststorage/social_spiders_2020/people/jilong/chapter1_social/steps/population_vcf/spider/Stegodyphus_mimosarum/mapping/reference/MIM_hifi_hic_scaffolded_trim.fa /dev/fd/63
[main] Real time: 8675.042 sec; CPU: 154230.089 sec
[bam_sort_core] merging from 4 files and 17 in-memory blocks...
