[M::bwa_idx_load_from_disk] read 0 ALT contigs
[M::process] read 725926 sequences (180000237 bp)...
[M::process] read 724580 sequences (180000056 bp)...
[M::mem_process_seqs] Processed 725926 reads in 1094.144 CPU sec, 61.509 real sec
[M::process] read 724678 sequences (180000047 bp)...
[M::mem_process_seqs] Processed 724580 reads in 1085.411 CPU sec, 60.775 real sec
[M::process] read 724444 sequences (180000197 bp)...
[M::mem_process_seqs] Processed 724678 reads in 1085.667 CPU sec, 60.757 real sec
[M::process] read 724490 sequences (180000037 bp)...
[M::mem_process_seqs] Processed 724444 reads in 1086.248 CPU sec, 60.793 real sec
[M::process] read 724678 sequences (180000160 bp)...
[M::mem_process_seqs] Processed 724490 reads in 1092.808 CPU sec, 61.148 real sec
[M::process] read 724246 sequences (180000058 bp)...
[M::mem_process_seqs] Processed 724678 reads in 1079.246 CPU sec, 60.372 real sec
[M::process] read 724506 sequences (180000079 bp)...
[M::mem_process_seqs] Processed 724246 reads in 1092.986 CPU sec, 61.131 real sec
[M::process] read 724674 sequences (180000051 bp)...
[M::mem_process_seqs] Processed 724506 reads in 1088.536 CPU sec, 60.924 real sec
[M::process] read 724096 sequences (180000436 bp)...
[M::mem_process_seqs] Processed 724674 reads in 1085.746 CPU sec, 60.764 real sec
[M::process] read 724320 sequences (180000329 bp)...
[M::mem_process_seqs] Processed 724096 reads in 1097.400 CPU sec, 61.372 real sec
[M::process] read 724864 sequences (180000004 bp)...
[M::mem_process_seqs] Processed 724320 reads in 1099.491 CPU sec, 61.491 real sec
[M::process] read 723892 sequences (180000123 bp)...
[M::mem_process_seqs] Processed 724864 reads in 1095.999 CPU sec, 61.315 real sec
[M::process] read 724410 sequences (180000259 bp)...
[M::mem_process_seqs] Processed 723892 reads in 1083.489 CPU sec, 60.597 real sec
[M::process] read 724500 sequences (180000030 bp)...
[M::mem_process_seqs] Processed 724410 reads in 1080.429 CPU sec, 60.448 real sec
[M::process] read 723966 sequences (180000340 bp)...
[M::mem_process_seqs] Processed 724500 reads in 1095.129 CPU sec, 61.263 real sec
[M::process] read 724356 sequences (180000027 bp)...
[M::mem_process_seqs] Processed 723966 reads in 1097.722 CPU sec, 61.404 real sec
[M::process] read 724398 sequences (180000261 bp)...
[M::mem_process_seqs] Processed 724356 reads in 1091.479 CPU sec, 61.094 real sec
[M::process] read 723866 sequences (180000228 bp)...
[M::mem_process_seqs] Processed 724398 reads in 1083.333 CPU sec, 60.647 real sec
[M::process] read 724330 sequences (180000173 bp)...
[M::mem_process_seqs] Processed 723866 reads in 1094.970 CPU sec, 61.260 real sec
[M::process] read 724266 sequences (180000268 bp)...
[M::mem_process_seqs] Processed 724330 reads in 1090.423 CPU sec, 61.015 real sec
[M::process] read 724028 sequences (180000124 bp)...
[M::mem_process_seqs] Processed 724266 reads in 1087.426 CPU sec, 60.872 real sec
[M::process] read 724284 sequences (180000063 bp)...
[M::mem_process_seqs] Processed 724028 reads in 1093.378 CPU sec, 61.194 real sec
[M::process] read 723982 sequences (180000179 bp)...
[M::mem_process_seqs] Processed 724284 reads in 1093.343 CPU sec, 61.197 real sec
[M::process] read 723970 sequences (180000057 bp)...
[M::mem_process_seqs] Processed 723982 reads in 1090.368 CPU sec, 61.068 real sec
[M::process] read 724118 sequences (180000261 bp)...
[M::mem_process_seqs] Processed 723970 reads in 1089.905 CPU sec, 61.038 real sec
[M::process] read 723816 sequences (180000343 bp)...
[M::mem_process_seqs] Processed 724118 reads in 1089.550 CPU sec, 60.992 real sec
[M::process] read 723998 sequences (180000295 bp)...
[M::mem_process_seqs] Processed 723816 reads in 1089.443 CPU sec, 61.009 real sec
[M::process] read 724224 sequences (180000394 bp)...
[M::mem_process_seqs] Processed 723998 reads in 1091.547 CPU sec, 61.051 real sec
[M::process] read 723810 sequences (180000263 bp)...
[M::mem_process_seqs] Processed 724224 reads in 1093.460 CPU sec, 61.375 real sec
[M::process] read 723836 sequences (180000000 bp)...
[M::mem_process_seqs] Processed 723810 reads in 1082.843 CPU sec, 60.775 real sec
[M::process] read 724066 sequences (180000196 bp)...
[M::mem_process_seqs] Processed 723836 reads in 1089.880 CPU sec, 61.016 real sec
[M::process] read 723696 sequences (180000162 bp)...
[M::mem_process_seqs] Processed 724066 reads in 1087.916 CPU sec, 60.962 real sec
[M::process] read 723934 sequences (180000245 bp)...
[M::mem_process_seqs] Processed 723696 reads in 1097.176 CPU sec, 61.419 real sec
[M::process] read 724220 sequences (180000020 bp)...
[M::mem_process_seqs] Processed 723934 reads in 1094.966 CPU sec, 61.337 real sec
[M::mem_process_seqs] Processed 724220 reads in 1086.554 CPU sec, 68.260 real sec
[M::process] read 723782 sequences (180000023 bp)...
[M::process] read 723728 sequences (180000113 bp)...
[M::mem_process_seqs] Processed 723782 reads in 1089.628 CPU sec, 60.987 real sec
[M::process] read 724160 sequences (180000455 bp)...
[M::mem_process_seqs] Processed 723728 reads in 1092.369 CPU sec, 61.267 real sec
[M::process] read 723706 sequences (180000245 bp)...
[M::mem_process_seqs] Processed 724160 reads in 1080.964 CPU sec, 60.523 real sec
[M::process] read 723882 sequences (180000273 bp)...
[M::mem_process_seqs] Processed 723706 reads in 1091.863 CPU sec, 61.168 real sec
[M::process] read 724216 sequences (180000164 bp)...
[M::mem_process_seqs] Processed 723882 reads in 1099.763 CPU sec, 61.607 real sec
[M::process] read 723900 sequences (180000195 bp)...
[M::mem_process_seqs] Processed 724216 reads in 1090.780 CPU sec, 61.097 real sec
[M::process] read 723936 sequences (180000198 bp)...
[M::mem_process_seqs] Processed 723900 reads in 1088.020 CPU sec, 60.952 real sec
[M::process] read 724056 sequences (180000335 bp)...
[M::mem_process_seqs] Processed 723936 reads in 1088.251 CPU sec, 60.916 real sec
[M::process] read 723756 sequences (180000203 bp)...
[M::mem_process_seqs] Processed 724056 reads in 1086.187 CPU sec, 60.836 real sec
[M::process] read 723966 sequences (180000222 bp)...
[M::mem_process_seqs] Processed 723756 reads in 1099.350 CPU sec, 61.541 real sec
[M::process] read 724082 sequences (180000322 bp)...
[M::mem_process_seqs] Processed 723966 reads in 1098.998 CPU sec, 61.574 real sec
[M::process] read 723768 sequences (180000561 bp)...
[M::mem_process_seqs] Processed 724082 reads in 1087.522 CPU sec, 60.842 real sec
[M::process] read 723954 sequences (180000228 bp)...
[M::mem_process_seqs] Processed 723768 reads in 1093.768 CPU sec, 61.212 real sec
[M::process] read 723754 sequences (180000008 bp)...
[M::mem_process_seqs] Processed 723954 reads in 1086.366 CPU sec, 60.824 real sec
[M::process] read 723750 sequences (180000387 bp)...
[M::mem_process_seqs] Processed 723754 reads in 1087.566 CPU sec, 60.859 real sec
[M::process] read 723974 sequences (180000556 bp)...
[M::mem_process_seqs] Processed 723750 reads in 1093.394 CPU sec, 61.240 real sec
[M::process] read 723742 sequences (180000515 bp)...
[M::mem_process_seqs] Processed 723974 reads in 1088.624 CPU sec, 60.909 real sec
[M::process] read 723840 sequences (180000018 bp)...
[M::mem_process_seqs] Processed 723742 reads in 1091.109 CPU sec, 61.023 real sec
[M::process] read 723896 sequences (180000132 bp)...
[M::mem_process_seqs] Processed 723840 reads in 1088.150 CPU sec, 60.863 real sec
[M::process] read 723522 sequences (180000173 bp)...
[M::mem_process_seqs] Processed 723896 reads in 1088.652 CPU sec, 60.948 real sec
[M::process] read 723828 sequences (180000195 bp)...
[M::mem_process_seqs] Processed 723522 reads in 1091.244 CPU sec, 61.058 real sec
[M::process] read 723812 sequences (180000070 bp)...
[M::mem_process_seqs] Processed 723828 reads in 1094.833 CPU sec, 61.257 real sec
[M::process] read 723706 sequences (180000226 bp)...
[M::mem_process_seqs] Processed 723812 reads in 1087.737 CPU sec, 60.861 real sec
[M::process] read 723584 sequences (180000502 bp)...
[M::mem_process_seqs] Processed 723706 reads in 1096.239 CPU sec, 61.339 real sec
[M::process] read 723486 sequences (180000509 bp)...
[M::mem_process_seqs] Processed 723584 reads in 1092.851 CPU sec, 61.153 real sec
[M::process] read 723772 sequences (180000098 bp)...
[M::mem_process_seqs] Processed 723486 reads in 1090.975 CPU sec, 61.085 real sec
[M::process] read 723508 sequences (180000284 bp)...
[M::mem_process_seqs] Processed 723772 reads in 1095.333 CPU sec, 61.292 real sec
[M::process] read 723838 sequences (180000388 bp)...
[M::mem_process_seqs] Processed 723508 reads in 1094.469 CPU sec, 61.216 real sec
[M::process] read 723512 sequences (180000017 bp)...
[M::mem_process_seqs] Processed 723838 reads in 1088.451 CPU sec, 60.929 real sec
[M::process] read 723878 sequences (180000358 bp)...
[M::mem_process_seqs] Processed 723512 reads in 1088.551 CPU sec, 60.960 real sec
[M::process] read 723892 sequences (180000483 bp)...
[M::mem_process_seqs] Processed 723878 reads in 1099.681 CPU sec, 61.569 real sec
[M::process] read 723432 sequences (180000122 bp)...
[M::mem_process_seqs] Processed 723892 reads in 1089.989 CPU sec, 61.006 real sec
[M::process] read 723776 sequences (180000041 bp)...
[M::mem_process_seqs] Processed 723432 reads in 1110.262 CPU sec, 62.128 real sec
[M::process] read 723906 sequences (180000390 bp)...
[M::mem_process_seqs] Processed 723776 reads in 1100.348 CPU sec, 69.067 real sec
[M::process] read 723614 sequences (180000115 bp)...
[M::mem_process_seqs] Processed 723906 reads in 1097.523 CPU sec, 61.395 real sec
[M::process] read 723816 sequences (180000386 bp)...
[M::mem_process_seqs] Processed 723614 reads in 1094.507 CPU sec, 61.235 real sec
[M::process] read 723732 sequences (180000206 bp)...
[M::mem_process_seqs] Processed 723816 reads in 1088.028 CPU sec, 60.887 real sec
[M::process] read 723476 sequences (180000356 bp)...
[M::mem_process_seqs] Processed 723732 reads in 1098.051 CPU sec, 61.438 real sec
[M::process] read 723622 sequences (180000048 bp)...
[M::mem_process_seqs] Processed 723476 reads in 1095.433 CPU sec, 61.284 real sec
[M::process] read 723778 sequences (180000214 bp)...
[M::mem_process_seqs] Processed 723622 reads in 1097.187 CPU sec, 61.396 real sec
[M::process] read 723666 sequences (180000361 bp)...
[M::mem_process_seqs] Processed 723778 reads in 1095.535 CPU sec, 61.313 real sec
[M::process] read 723908 sequences (180000140 bp)...
[M::mem_process_seqs] Processed 723666 reads in 1100.397 CPU sec, 61.652 real sec
[M::process] read 723838 sequences (180000413 bp)...
[M::mem_process_seqs] Processed 723908 reads in 1101.459 CPU sec, 61.628 real sec
[M::process] read 723824 sequences (180000312 bp)...
[M::mem_process_seqs] Processed 723838 reads in 1090.879 CPU sec, 61.046 real sec
[M::process] read 724030 sequences (180000454 bp)...
[M::mem_process_seqs] Processed 723824 reads in 1098.033 CPU sec, 61.435 real sec
[M::process] read 723974 sequences (180000096 bp)...
[M::mem_process_seqs] Processed 724030 reads in 1095.119 CPU sec, 61.316 real sec
[M::process] read 723882 sequences (180000009 bp)...
[M::mem_process_seqs] Processed 723974 reads in 1090.468 CPU sec, 61.066 real sec
[M::process] read 723838 sequences (180000001 bp)...
[M::mem_process_seqs] Processed 723882 reads in 1100.690 CPU sec, 61.616 real sec
[M::process] read 724356 sequences (180000030 bp)...
[M::mem_process_seqs] Processed 723838 reads in 1092.181 CPU sec, 61.224 real sec
[M::process] read 724034 sequences (180000125 bp)...
[M::mem_process_seqs] Processed 724356 reads in 1096.500 CPU sec, 61.549 real sec
[M::process] read 715804 sequences (180000196 bp)...
[M::mem_process_seqs] Processed 724034 reads in 1093.493 CPU sec, 61.292 real sec
[M::process] read 710722 sequences (180000360 bp)...
[M::mem_process_seqs] Processed 715804 reads in 1428.044 CPU sec, 79.926 real sec
[M::process] read 711204 sequences (180000032 bp)...
[M::mem_process_seqs] Processed 710722 reads in 1585.042 CPU sec, 88.663 real sec
[M::process] read 699017 sequences (176767693 bp)...
[M::mem_process_seqs] Processed 711204 reads in 1586.483 CPU sec, 88.720 real sec
[M::mem_process_seqs] Processed 699017 reads in 1550.704 CPU sec, 86.753 real sec
[main] Version: 0.7.17-r1188
[main] CMD: bwa mem -t 18 -R @RG\tID:a133\tSM:a133 /home/jilong/spider2/faststorage/social_spiders_2020/people/jilong/chapter1_social/steps/population_vcf/spider/Stegodyphus_mimosarum/mapping/reference/MIM_hifi_hic_scaffolded_trim.fa /dev/fd/63
[main] Real time: 5631.953 sec; CPU: 100069.953 sec
[bam_sort_core] merging from 2 files and 17 in-memory blocks...
