[M::bwa_idx_load_from_disk] read 0 ALT contigs
[M::process] read 736994 sequences (180000334 bp)...
[M::process] read 735814 sequences (180000352 bp)...
[M::mem_process_seqs] Processed 736994 reads in 1681.427 CPU sec, 94.028 real sec
[M::process] read 735280 sequences (180000305 bp)...
[M::mem_process_seqs] Processed 735814 reads in 1659.584 CPU sec, 93.582 real sec
[M::process] read 734866 sequences (180000316 bp)...
[M::mem_process_seqs] Processed 735280 reads in 1630.519 CPU sec, 91.910 real sec
[M::process] read 735416 sequences (180000202 bp)...
[M::mem_process_seqs] Processed 734866 reads in 1654.295 CPU sec, 93.430 real sec
[M::process] read 735052 sequences (180000198 bp)...
[M::mem_process_seqs] Processed 735416 reads in 1638.569 CPU sec, 96.556 real sec
[M::process] read 735384 sequences (180000008 bp)...
[M::mem_process_seqs] Processed 735052 reads in 1649.879 CPU sec, 95.574 real sec
[M::process] read 735404 sequences (180000115 bp)...
[M::mem_process_seqs] Processed 735384 reads in 1660.626 CPU sec, 93.656 real sec
[M::process] read 735428 sequences (180000165 bp)...
[M::mem_process_seqs] Processed 735404 reads in 1650.523 CPU sec, 94.965 real sec
[M::process] read 735396 sequences (180000202 bp)...
[M::mem_process_seqs] Processed 735428 reads in 1660.500 CPU sec, 93.359 real sec
[M::process] read 734846 sequences (180000023 bp)...
[M::mem_process_seqs] Processed 735396 reads in 1647.508 CPU sec, 92.873 real sec
[M::process] read 735420 sequences (180000152 bp)...
[M::mem_process_seqs] Processed 734846 reads in 1649.587 CPU sec, 94.863 real sec
[M::process] read 734878 sequences (180000293 bp)...
[M::mem_process_seqs] Processed 735420 reads in 1644.697 CPU sec, 97.029 real sec
[M::process] read 735508 sequences (180000370 bp)...
[M::mem_process_seqs] Processed 734878 reads in 1642.860 CPU sec, 96.512 real sec
[M::process] read 735114 sequences (180000039 bp)...
[M::mem_process_seqs] Processed 735508 reads in 1645.418 CPU sec, 96.407 real sec
[M::process] read 735300 sequences (180000226 bp)...
[M::mem_process_seqs] Processed 735114 reads in 1634.239 CPU sec, 95.810 real sec
[M::process] read 735198 sequences (180000187 bp)...
[M::mem_process_seqs] Processed 735300 reads in 1647.422 CPU sec, 97.173 real sec
[M::process] read 734960 sequences (180000408 bp)...
[M::mem_process_seqs] Processed 735198 reads in 1644.172 CPU sec, 96.632 real sec
[M::process] read 734892 sequences (180000246 bp)...
[M::mem_process_seqs] Processed 734960 reads in 1650.651 CPU sec, 97.271 real sec
[M::process] read 735372 sequences (180000273 bp)...
[M::mem_process_seqs] Processed 734892 reads in 1638.444 CPU sec, 95.703 real sec
[M::process] read 735136 sequences (180000393 bp)...
[M::mem_process_seqs] Processed 735372 reads in 1649.902 CPU sec, 96.930 real sec
[M::process] read 735078 sequences (180000067 bp)...
[M::mem_process_seqs] Processed 735136 reads in 1647.308 CPU sec, 95.217 real sec
[M::process] read 734864 sequences (180000114 bp)...
[M::mem_process_seqs] Processed 735078 reads in 1641.866 CPU sec, 96.203 real sec
[M::process] read 735074 sequences (180000524 bp)...
[M::mem_process_seqs] Processed 734864 reads in 1651.832 CPU sec, 96.665 real sec
[M::process] read 734922 sequences (180000260 bp)...
[M::mem_process_seqs] Processed 735074 reads in 1633.440 CPU sec, 96.733 real sec
[M::process] read 735096 sequences (180000089 bp)...
[M::mem_process_seqs] Processed 734922 reads in 1654.104 CPU sec, 96.191 real sec
[M::process] read 734736 sequences (180000009 bp)...
[M::mem_process_seqs] Processed 735096 reads in 1629.461 CPU sec, 96.170 real sec
[M::process] read 735026 sequences (180000246 bp)...
[M::mem_process_seqs] Processed 734736 reads in 1636.835 CPU sec, 97.028 real sec
[M::process] read 735076 sequences (180000209 bp)...
[M::mem_process_seqs] Processed 735026 reads in 1634.297 CPU sec, 96.459 real sec
[M::process] read 734964 sequences (180000405 bp)...
[M::mem_process_seqs] Processed 735076 reads in 1639.802 CPU sec, 96.476 real sec
[M::process] read 734984 sequences (180000163 bp)...
[M::mem_process_seqs] Processed 734964 reads in 1649.375 CPU sec, 97.631 real sec
[M::process] read 734990 sequences (180000476 bp)...
[M::mem_process_seqs] Processed 734984 reads in 1632.212 CPU sec, 95.606 real sec
[M::process] read 735150 sequences (180000351 bp)...
[M::mem_process_seqs] Processed 734990 reads in 1639.449 CPU sec, 94.178 real sec
[M::process] read 734792 sequences (180000299 bp)...
[M::mem_process_seqs] Processed 735150 reads in 1641.238 CPU sec, 95.472 real sec
[M::process] read 735038 sequences (180000128 bp)...
[M::mem_process_seqs] Processed 734792 reads in 1655.923 CPU sec, 92.583 real sec
[M::process] read 735174 sequences (180000036 bp)...
[M::mem_process_seqs] Processed 735038 reads in 1648.027 CPU sec, 100.522 real sec
[M::process] read 734626 sequences (180000171 bp)...
[M::mem_process_seqs] Processed 735174 reads in 1643.817 CPU sec, 92.853 real sec
[M::process] read 734922 sequences (180000200 bp)...
[M::mem_process_seqs] Processed 734626 reads in 1641.944 CPU sec, 96.313 real sec
[M::process] read 734722 sequences (180000001 bp)...
[M::mem_process_seqs] Processed 734922 reads in 1631.438 CPU sec, 91.458 real sec
[M::process] read 734900 sequences (180000289 bp)...
[M::mem_process_seqs] Processed 734722 reads in 1649.694 CPU sec, 94.244 real sec
[M::process] read 734782 sequences (180000221 bp)...
[M::mem_process_seqs] Processed 734900 reads in 1633.861 CPU sec, 95.461 real sec
[M::process] read 734928 sequences (180000436 bp)...
[M::mem_process_seqs] Processed 734782 reads in 1653.741 CPU sec, 93.292 real sec
[M::process] read 735048 sequences (180000242 bp)...
[M::mem_process_seqs] Processed 734928 reads in 1634.764 CPU sec, 96.247 real sec
[M::process] read 734946 sequences (180000175 bp)...
[M::mem_process_seqs] Processed 735048 reads in 1645.132 CPU sec, 97.413 real sec
[M::process] read 735036 sequences (180000046 bp)...
[M::mem_process_seqs] Processed 734946 reads in 1645.253 CPU sec, 94.403 real sec
[M::process] read 734884 sequences (180000287 bp)...
[M::mem_process_seqs] Processed 735036 reads in 1643.103 CPU sec, 92.195 real sec
[M::process] read 735184 sequences (180000453 bp)...
[M::mem_process_seqs] Processed 734884 reads in 1643.859 CPU sec, 93.285 real sec
[M::process] read 734664 sequences (180000478 bp)...
[M::mem_process_seqs] Processed 735184 reads in 1645.790 CPU sec, 93.215 real sec
[M::process] read 734902 sequences (180000188 bp)...
[M::mem_process_seqs] Processed 734664 reads in 1655.835 CPU sec, 92.966 real sec
[M::process] read 734960 sequences (180000449 bp)...
[M::mem_process_seqs] Processed 734902 reads in 1639.758 CPU sec, 93.395 real sec
[M::process] read 734852 sequences (180000318 bp)...
[M::mem_process_seqs] Processed 734960 reads in 1643.306 CPU sec, 95.464 real sec
[M::process] read 734922 sequences (180000546 bp)...
[M::mem_process_seqs] Processed 734852 reads in 1648.907 CPU sec, 92.537 real sec
[M::process] read 734742 sequences (180000496 bp)...
[M::mem_process_seqs] Processed 734922 reads in 1646.629 CPU sec, 92.111 real sec
[M::process] read 735132 sequences (180000265 bp)...
[M::mem_process_seqs] Processed 734742 reads in 1658.246 CPU sec, 93.683 real sec
[M::process] read 734618 sequences (180000452 bp)...
[M::mem_process_seqs] Processed 735132 reads in 1642.766 CPU sec, 94.457 real sec
[M::process] read 734470 sequences (180000254 bp)...
[M::mem_process_seqs] Processed 734618 reads in 1656.048 CPU sec, 92.941 real sec
[M::process] read 734730 sequences (180000035 bp)...
[M::mem_process_seqs] Processed 734470 reads in 1649.078 CPU sec, 92.635 real sec
[M::process] read 734868 sequences (180000423 bp)...
[M::mem_process_seqs] Processed 734730 reads in 1648.946 CPU sec, 93.632 real sec
[M::process] read 734574 sequences (180000341 bp)...
[M::mem_process_seqs] Processed 734868 reads in 1648.110 CPU sec, 92.197 real sec
[M::process] read 734460 sequences (180000121 bp)...
[M::mem_process_seqs] Processed 734574 reads in 1652.698 CPU sec, 92.452 real sec
[M::process] read 734760 sequences (180000483 bp)...
[M::mem_process_seqs] Processed 734460 reads in 1637.451 CPU sec, 91.636 real sec
[M::process] read 734926 sequences (180000020 bp)...
[M::mem_process_seqs] Processed 734760 reads in 1646.660 CPU sec, 92.338 real sec
[M::process] read 734670 sequences (180000313 bp)...
[M::mem_process_seqs] Processed 734926 reads in 1659.968 CPU sec, 93.073 real sec
[M::process] read 734596 sequences (180000258 bp)...
[M::mem_process_seqs] Processed 734670 reads in 1644.842 CPU sec, 92.106 real sec
[M::process] read 734482 sequences (180000061 bp)...
[M::mem_process_seqs] Processed 734596 reads in 1652.103 CPU sec, 92.442 real sec
[M::process] read 734588 sequences (180000273 bp)...
[M::mem_process_seqs] Processed 734482 reads in 1633.195 CPU sec, 92.572 real sec
[M::process] read 734792 sequences (180000452 bp)...
[M::mem_process_seqs] Processed 734588 reads in 1654.749 CPU sec, 92.570 real sec
[M::process] read 734768 sequences (180000175 bp)...
[M::mem_process_seqs] Processed 734792 reads in 1648.942 CPU sec, 93.238 real sec
[M::process] read 734774 sequences (180000120 bp)...
[M::mem_process_seqs] Processed 734768 reads in 1648.866 CPU sec, 94.296 real sec
[M::process] read 734660 sequences (180000165 bp)...
[M::mem_process_seqs] Processed 734774 reads in 1652.466 CPU sec, 101.581 real sec
[M::process] read 734798 sequences (180000162 bp)...
[M::mem_process_seqs] Processed 734660 reads in 1648.248 CPU sec, 92.221 real sec
[M::process] read 734926 sequences (180000369 bp)...
[M::mem_process_seqs] Processed 734798 reads in 1643.736 CPU sec, 96.941 real sec
[M::process] read 734646 sequences (180000398 bp)...
[M::mem_process_seqs] Processed 734926 reads in 1651.047 CPU sec, 92.443 real sec
[M::process] read 734876 sequences (180000481 bp)...
[M::mem_process_seqs] Processed 734646 reads in 1665.413 CPU sec, 94.609 real sec
[M::process] read 734752 sequences (180000393 bp)...
[M::mem_process_seqs] Processed 734876 reads in 1655.043 CPU sec, 92.568 real sec
[M::process] read 734844 sequences (180000216 bp)...
[M::mem_process_seqs] Processed 734752 reads in 1661.005 CPU sec, 94.451 real sec
[M::process] read 734794 sequences (180000331 bp)...
[M::mem_process_seqs] Processed 734844 reads in 1652.956 CPU sec, 93.383 real sec
[M::process] read 734956 sequences (180000246 bp)...
[M::mem_process_seqs] Processed 734794 reads in 1657.805 CPU sec, 92.858 real sec
[M::process] read 734636 sequences (180000060 bp)...
[M::mem_process_seqs] Processed 734956 reads in 1670.597 CPU sec, 93.521 real sec
[M::process] read 734706 sequences (180000240 bp)...
[M::mem_process_seqs] Processed 734636 reads in 1661.896 CPU sec, 93.534 real sec
[M::process] read 734886 sequences (180000268 bp)...
[M::mem_process_seqs] Processed 734706 reads in 1669.233 CPU sec, 93.368 real sec
[M::process] read 734774 sequences (180000239 bp)...
[M::mem_process_seqs] Processed 734886 reads in 1656.617 CPU sec, 92.721 real sec
[M::process] read 734970 sequences (180000011 bp)...
[M::mem_process_seqs] Processed 734774 reads in 1660.511 CPU sec, 93.097 real sec
[M::process] read 734600 sequences (180000056 bp)...
[M::mem_process_seqs] Processed 734970 reads in 1654.589 CPU sec, 92.556 real sec
[M::process] read 734704 sequences (180000191 bp)...
[M::mem_process_seqs] Processed 734600 reads in 1650.415 CPU sec, 92.411 real sec
[M::process] read 734684 sequences (180000500 bp)...
[M::mem_process_seqs] Processed 734704 reads in 1664.806 CPU sec, 93.304 real sec
[M::process] read 735052 sequences (180000202 bp)...
[M::mem_process_seqs] Processed 734684 reads in 1653.054 CPU sec, 92.957 real sec
[M::process] read 734434 sequences (180000034 bp)...
[M::mem_process_seqs] Processed 735052 reads in 1668.613 CPU sec, 93.407 real sec
[M::process] read 734580 sequences (180000427 bp)...
[M::mem_process_seqs] Processed 734434 reads in 1657.274 CPU sec, 92.844 real sec
[M::process] read 734942 sequences (180000177 bp)...
[M::mem_process_seqs] Processed 734580 reads in 1665.447 CPU sec, 93.177 real sec
[M::process] read 734654 sequences (180000255 bp)...
[M::mem_process_seqs] Processed 734942 reads in 1662.028 CPU sec, 94.247 real sec
[M::process] read 734976 sequences (180000354 bp)...
[M::mem_process_seqs] Processed 734654 reads in 1662.337 CPU sec, 93.380 real sec
[M::process] read 735250 sequences (180000428 bp)...
[M::mem_process_seqs] Processed 734976 reads in 1652.965 CPU sec, 92.515 real sec
[M::process] read 735160 sequences (180000363 bp)...
[M::mem_process_seqs] Processed 735250 reads in 1663.208 CPU sec, 93.020 real sec
[M::process] read 735244 sequences (180000302 bp)...
[M::mem_process_seqs] Processed 735160 reads in 1654.568 CPU sec, 92.604 real sec
[M::process] read 735128 sequences (180000284 bp)...
[M::mem_process_seqs] Processed 735244 reads in 1657.730 CPU sec, 93.100 real sec
[M::process] read 735360 sequences (180000012 bp)...
[M::mem_process_seqs] Processed 735128 reads in 1665.446 CPU sec, 93.198 real sec
[M::process] read 735376 sequences (180000023 bp)...
[M::mem_process_seqs] Processed 735360 reads in 1647.574 CPU sec, 95.038 real sec
[M::process] read 735236 sequences (180000116 bp)...
[M::mem_process_seqs] Processed 735376 reads in 1662.175 CPU sec, 96.913 real sec
[M::process] read 735470 sequences (180000041 bp)...
[M::mem_process_seqs] Processed 735236 reads in 1633.638 CPU sec, 96.752 real sec
[M::process] read 721322 sequences (180000074 bp)...
[M::mem_process_seqs] Processed 735470 reads in 1645.832 CPU sec, 97.447 real sec
[M::process] read 713896 sequences (180000529 bp)...
[M::mem_process_seqs] Processed 721322 reads in 1999.333 CPU sec, 117.604 real sec
[M::process] read 714400 sequences (180000190 bp)...
[M::mem_process_seqs] Processed 713896 reads in 2169.699 CPU sec, 136.035 real sec
[M::process] read 714858 sequences (180000183 bp)...
[M::mem_process_seqs] Processed 714400 reads in 2145.276 CPU sec, 125.895 real sec
[M::process] read 638248 sequences (160685637 bp)...
[M::mem_process_seqs] Processed 714858 reads in 2143.377 CPU sec, 126.698 real sec
[M::mem_process_seqs] Processed 638248 reads in 1915.152 CPU sec, 113.314 real sec
[main] Version: 0.7.17-r1188
[main] CMD: bwa mem -t 18 -R @RG\tID:a134\tSM:a134 /home/jilong/spider2/faststorage/social_spiders_2020/people/jilong/chapter1_social/steps/population_vcf/spider/Stegodyphus_mimosarum/mapping/reference/MIM_hifi_hic_scaffolded_trim.fa /dev/fd/63
[main] Real time: 10071.100 sec; CPU: 175349.206 sec
[bam_sort_core] merging from 3 files and 17 in-memory blocks...
