[M::bwa_idx_load_from_disk] read 0 ALT contigs
[M::process] read 728412 sequences (180000203 bp)...
[M::process] read 728184 sequences (180000160 bp)...
[M::mem_process_seqs] Processed 728412 reads in 1242.385 CPU sec, 71.309 real sec
[M::process] read 728288 sequences (180000386 bp)...
[M::mem_process_seqs] Processed 728184 reads in 1238.474 CPU sec, 71.034 real sec
[M::process] read 728790 sequences (180000049 bp)...
[M::mem_process_seqs] Processed 728288 reads in 1231.095 CPU sec, 69.379 real sec
[M::process] read 728344 sequences (180000547 bp)...
[M::mem_process_seqs] Processed 728790 reads in 1228.012 CPU sec, 68.805 real sec
[M::process] read 728266 sequences (180000485 bp)...
[M::mem_process_seqs] Processed 728344 reads in 1228.780 CPU sec, 68.855 real sec
[M::process] read 728502 sequences (180000552 bp)...
[M::mem_process_seqs] Processed 728266 reads in 1231.958 CPU sec, 70.847 real sec
[M::process] read 728632 sequences (180000412 bp)...
[M::mem_process_seqs] Processed 728502 reads in 1231.044 CPU sec, 69.952 real sec
[M::process] read 728336 sequences (180000258 bp)...
[M::mem_process_seqs] Processed 728632 reads in 1235.434 CPU sec, 71.289 real sec
[M::process] read 728058 sequences (180000229 bp)...
[M::mem_process_seqs] Processed 728336 reads in 1227.141 CPU sec, 76.440 real sec
[M::process] read 727886 sequences (180000259 bp)...
[M::mem_process_seqs] Processed 728058 reads in 1240.771 CPU sec, 71.186 real sec
[M::process] read 728268 sequences (180000247 bp)...
[M::mem_process_seqs] Processed 727886 reads in 1246.395 CPU sec, 70.820 real sec
[M::process] read 727864 sequences (180000297 bp)...
[M::mem_process_seqs] Processed 728268 reads in 1239.451 CPU sec, 71.165 real sec
[M::process] read 728160 sequences (180000437 bp)...
[M::mem_process_seqs] Processed 727864 reads in 1233.589 CPU sec, 69.577 real sec
[M::process] read 728148 sequences (180000388 bp)...
[M::mem_process_seqs] Processed 728160 reads in 1224.570 CPU sec, 69.907 real sec
[M::process] read 728560 sequences (180000145 bp)...
[M::mem_process_seqs] Processed 728148 reads in 1230.883 CPU sec, 69.199 real sec
[M::process] read 728030 sequences (180000540 bp)...
[M::mem_process_seqs] Processed 728560 reads in 1236.483 CPU sec, 69.896 real sec
[M::process] read 727826 sequences (180000049 bp)...
[M::mem_process_seqs] Processed 728030 reads in 1238.712 CPU sec, 69.349 real sec
[M::process] read 728192 sequences (180000066 bp)...
[M::mem_process_seqs] Processed 727826 reads in 1217.430 CPU sec, 69.207 real sec
[M::process] read 728468 sequences (180000159 bp)...
[M::mem_process_seqs] Processed 728192 reads in 1248.744 CPU sec, 70.301 real sec
[M::process] read 727848 sequences (180000403 bp)...
[M::mem_process_seqs] Processed 728468 reads in 1235.152 CPU sec, 70.148 real sec
[M::process] read 728168 sequences (180000199 bp)...
[M::mem_process_seqs] Processed 727848 reads in 1230.977 CPU sec, 70.526 real sec
[M::process] read 728354 sequences (180000213 bp)...
[M::mem_process_seqs] Processed 728168 reads in 1235.899 CPU sec, 69.558 real sec
[M::process] read 728146 sequences (180000030 bp)...
[M::mem_process_seqs] Processed 728354 reads in 1227.592 CPU sec, 69.817 real sec
[M::process] read 728098 sequences (180000079 bp)...
[M::mem_process_seqs] Processed 728146 reads in 1236.526 CPU sec, 69.596 real sec
[M::process] read 728158 sequences (180000312 bp)...
[M::mem_process_seqs] Processed 728098 reads in 1230.266 CPU sec, 69.804 real sec
[M::process] read 728228 sequences (180000204 bp)...
[M::mem_process_seqs] Processed 728158 reads in 1226.588 CPU sec, 68.721 real sec
[M::process] read 728250 sequences (180000264 bp)...
[M::mem_process_seqs] Processed 728228 reads in 1239.545 CPU sec, 70.764 real sec
[M::process] read 727902 sequences (180000383 bp)...
[M::mem_process_seqs] Processed 728250 reads in 1239.357 CPU sec, 71.235 real sec
[M::process] read 728104 sequences (180000404 bp)...
[M::mem_process_seqs] Processed 727902 reads in 1221.019 CPU sec, 69.007 real sec
[M::process] read 728412 sequences (180000145 bp)...
[M::mem_process_seqs] Processed 728104 reads in 1208.589 CPU sec, 111.203 real sec
[M::process] read 728038 sequences (180000478 bp)...
[M::mem_process_seqs] Processed 728412 reads in 1239.424 CPU sec, 72.319 real sec
[M::process] read 727974 sequences (180000418 bp)...
[M::mem_process_seqs] Processed 728038 reads in 1247.414 CPU sec, 70.642 real sec
[M::process] read 728016 sequences (180000116 bp)...
[M::mem_process_seqs] Processed 727974 reads in 1244.786 CPU sec, 71.615 real sec
[M::process] read 728636 sequences (180000426 bp)...
[M::mem_process_seqs] Processed 728016 reads in 1241.494 CPU sec, 71.258 real sec
[M::process] read 728068 sequences (180000322 bp)...
[M::mem_process_seqs] Processed 728636 reads in 1244.410 CPU sec, 80.246 real sec
[M::process] read 727870 sequences (180000402 bp)...
[M::mem_process_seqs] Processed 728068 reads in 1235.093 CPU sec, 70.576 real sec
[M::process] read 727878 sequences (180000177 bp)...
[M::mem_process_seqs] Processed 727870 reads in 1232.720 CPU sec, 70.438 real sec
[M::process] read 728352 sequences (180000143 bp)...
[M::mem_process_seqs] Processed 727878 reads in 1244.453 CPU sec, 69.717 real sec
[M::process] read 727918 sequences (180000014 bp)...
[M::mem_process_seqs] Processed 728352 reads in 1245.845 CPU sec, 70.159 real sec
[M::process] read 728138 sequences (180000330 bp)...
[M::mem_process_seqs] Processed 727918 reads in 1233.976 CPU sec, 69.073 real sec
[M::process] read 728060 sequences (180000291 bp)...
[M::mem_process_seqs] Processed 728138 reads in 1235.767 CPU sec, 69.131 real sec
[M::process] read 728452 sequences (180000013 bp)...
[M::mem_process_seqs] Processed 728060 reads in 1239.214 CPU sec, 69.531 real sec
[M::process] read 728000 sequences (180000210 bp)...
[M::mem_process_seqs] Processed 728452 reads in 1245.610 CPU sec, 69.752 real sec
[M::process] read 728052 sequences (180000356 bp)...
[M::mem_process_seqs] Processed 728000 reads in 1245.110 CPU sec, 69.761 real sec
[M::process] read 728436 sequences (180000257 bp)...
[M::mem_process_seqs] Processed 728052 reads in 1228.215 CPU sec, 68.775 real sec
[M::process] read 728224 sequences (180000255 bp)...
[M::mem_process_seqs] Processed 728436 reads in 1249.276 CPU sec, 70.633 real sec
[M::process] read 727912 sequences (180000298 bp)...
[M::mem_process_seqs] Processed 728224 reads in 1249.942 CPU sec, 70.221 real sec
[M::process] read 728204 sequences (180000050 bp)...
[M::mem_process_seqs] Processed 727912 reads in 1239.190 CPU sec, 69.581 real sec
[M::process] read 728434 sequences (180000201 bp)...
[M::mem_process_seqs] Processed 728204 reads in 1241.554 CPU sec, 69.574 real sec
[M::process] read 727922 sequences (180000359 bp)...
[M::mem_process_seqs] Processed 728434 reads in 1240.416 CPU sec, 69.443 real sec
[M::process] read 728342 sequences (180000070 bp)...
[M::mem_process_seqs] Processed 727922 reads in 1255.634 CPU sec, 70.249 real sec
[M::process] read 728098 sequences (180000215 bp)...
[M::mem_process_seqs] Processed 728342 reads in 1243.038 CPU sec, 70.343 real sec
[M::process] read 728510 sequences (180000170 bp)...
[M::mem_process_seqs] Processed 728098 reads in 1227.075 CPU sec, 68.653 real sec
[M::process] read 727856 sequences (180000193 bp)...
[M::mem_process_seqs] Processed 728510 reads in 1244.480 CPU sec, 69.860 real sec
[M::process] read 728104 sequences (180000505 bp)...
[M::mem_process_seqs] Processed 727856 reads in 1238.942 CPU sec, 69.583 real sec
[M::process] read 728134 sequences (180000105 bp)...
[M::mem_process_seqs] Processed 728104 reads in 1235.378 CPU sec, 69.766 real sec
[M::process] read 728548 sequences (180000056 bp)...
[M::mem_process_seqs] Processed 728134 reads in 1241.093 CPU sec, 69.720 real sec
[M::process] read 727754 sequences (180000032 bp)...
[M::mem_process_seqs] Processed 728548 reads in 1248.288 CPU sec, 71.066 real sec
[M::process] read 728038 sequences (180000244 bp)...
[M::mem_process_seqs] Processed 727754 reads in 1238.772 CPU sec, 69.773 real sec
[M::process] read 728646 sequences (180000279 bp)...
[M::mem_process_seqs] Processed 728038 reads in 1228.342 CPU sec, 70.436 real sec
[M::process] read 728276 sequences (180000485 bp)...
[M::mem_process_seqs] Processed 728646 reads in 1226.153 CPU sec, 68.773 real sec
[M::process] read 728014 sequences (180000196 bp)...
[M::mem_process_seqs] Processed 728276 reads in 1242.738 CPU sec, 69.786 real sec
[M::process] read 728072 sequences (180000162 bp)...
[M::mem_process_seqs] Processed 728014 reads in 1224.818 CPU sec, 69.084 real sec
[M::process] read 728470 sequences (180000018 bp)...
[M::mem_process_seqs] Processed 728072 reads in 1220.754 CPU sec, 69.917 real sec
[M::process] read 727790 sequences (180000387 bp)...
[M::mem_process_seqs] Processed 728470 reads in 1185.639 CPU sec, 106.417 real sec
[M::process] read 728046 sequences (180000246 bp)...
[M::mem_process_seqs] Processed 727790 reads in 1202.287 CPU sec, 99.842 real sec
[M::process] read 727908 sequences (180000356 bp)...
[M::mem_process_seqs] Processed 728046 reads in 1189.590 CPU sec, 101.011 real sec
[M::process] read 728592 sequences (180000329 bp)...
[M::mem_process_seqs] Processed 727908 reads in 1183.892 CPU sec, 113.049 real sec
[M::process] read 728004 sequences (180000384 bp)...
[M::mem_process_seqs] Processed 728592 reads in 1230.334 CPU sec, 84.313 real sec
[M::process] read 728052 sequences (180000397 bp)...
[M::mem_process_seqs] Processed 728004 reads in 1162.107 CPU sec, 126.579 real sec
[M::process] read 728172 sequences (180000179 bp)...
[M::mem_process_seqs] Processed 728052 reads in 1224.008 CPU sec, 71.392 real sec
[M::process] read 728664 sequences (180000535 bp)...
[M::mem_process_seqs] Processed 728172 reads in 1230.778 CPU sec, 73.025 real sec
[M::process] read 727784 sequences (180000141 bp)...
[M::mem_process_seqs] Processed 728664 reads in 1236.989 CPU sec, 82.264 real sec
[M::process] read 728052 sequences (180000277 bp)...
[M::mem_process_seqs] Processed 727784 reads in 1230.453 CPU sec, 71.847 real sec
[M::process] read 728408 sequences (180000207 bp)...
[M::mem_process_seqs] Processed 728052 reads in 1220.777 CPU sec, 74.568 real sec
[M::process] read 728742 sequences (180000403 bp)...
[M::mem_process_seqs] Processed 728408 reads in 1235.285 CPU sec, 70.367 real sec
[M::process] read 727836 sequences (180000284 bp)...
[M::mem_process_seqs] Processed 728742 reads in 1257.317 CPU sec, 71.976 real sec
[M::process] read 728262 sequences (180000010 bp)...
[M::mem_process_seqs] Processed 727836 reads in 1222.574 CPU sec, 68.781 real sec
[M::process] read 728848 sequences (180000525 bp)...
[M::mem_process_seqs] Processed 728262 reads in 1232.432 CPU sec, 69.145 real sec
[M::process] read 728228 sequences (180000022 bp)...
[M::mem_process_seqs] Processed 728848 reads in 1245.465 CPU sec, 71.387 real sec
[M::process] read 727842 sequences (180000064 bp)...
[M::mem_process_seqs] Processed 728228 reads in 1247.117 CPU sec, 71.196 real sec
[M::process] read 727924 sequences (180000054 bp)...
[M::mem_process_seqs] Processed 727842 reads in 1228.181 CPU sec, 69.954 real sec
[M::process] read 728876 sequences (180000409 bp)...
[M::mem_process_seqs] Processed 727924 reads in 1206.999 CPU sec, 103.814 real sec
[M::process] read 727822 sequences (180000394 bp)...
[M::mem_process_seqs] Processed 728876 reads in 1243.638 CPU sec, 75.460 real sec
[M::process] read 728018 sequences (180000402 bp)...
[M::mem_process_seqs] Processed 727822 reads in 1230.517 CPU sec, 71.118 real sec
[M::process] read 728202 sequences (180000087 bp)...
[M::mem_process_seqs] Processed 728018 reads in 1232.137 CPU sec, 70.095 real sec
[M::process] read 728658 sequences (180000129 bp)...
[M::mem_process_seqs] Processed 728202 reads in 1232.318 CPU sec, 70.662 real sec
[M::process] read 728102 sequences (180000326 bp)...
[M::mem_process_seqs] Processed 728658 reads in 1245.260 CPU sec, 79.140 real sec
[M::process] read 728060 sequences (180000369 bp)...
[M::mem_process_seqs] Processed 728102 reads in 1220.104 CPU sec, 80.527 real sec
[M::process] read 728566 sequences (180000203 bp)...
[M::mem_process_seqs] Processed 728060 reads in 1232.151 CPU sec, 69.631 real sec
[M::process] read 728308 sequences (180000107 bp)...
[M::mem_process_seqs] Processed 728566 reads in 1238.553 CPU sec, 69.700 real sec
[M::process] read 727776 sequences (180000346 bp)...
[M::mem_process_seqs] Processed 728308 reads in 1255.392 CPU sec, 71.183 real sec
[M::process] read 727824 sequences (180000384 bp)...
[M::mem_process_seqs] Processed 727776 reads in 1230.432 CPU sec, 69.420 real sec
[M::process] read 728796 sequences (180000431 bp)...
[M::mem_process_seqs] Processed 727824 reads in 1231.987 CPU sec, 71.273 real sec
[M::process] read 727726 sequences (180000034 bp)...
[M::mem_process_seqs] Processed 728796 reads in 1252.012 CPU sec, 70.153 real sec
[M::process] read 728046 sequences (180000356 bp)...
[M::mem_process_seqs] Processed 727726 reads in 1249.604 CPU sec, 71.237 real sec
[M::process] read 728156 sequences (180000127 bp)...
[M::mem_process_seqs] Processed 728046 reads in 1233.262 CPU sec, 69.389 real sec
[M::process] read 728872 sequences (180000435 bp)...
[M::mem_process_seqs] Processed 728156 reads in 1239.183 CPU sec, 69.814 real sec
[M::process] read 727746 sequences (180000101 bp)...
[M::mem_process_seqs] Processed 728872 reads in 1241.534 CPU sec, 70.694 real sec
[M::process] read 728014 sequences (180000410 bp)...
[M::mem_process_seqs] Processed 727746 reads in 1248.329 CPU sec, 69.910 real sec
[M::process] read 727726 sequences (180000132 bp)...
[M::mem_process_seqs] Processed 728014 reads in 1243.059 CPU sec, 70.392 real sec
[M::process] read 728508 sequences (180000250 bp)...
[M::mem_process_seqs] Processed 727726 reads in 1234.331 CPU sec, 70.666 real sec
[M::process] read 728180 sequences (180000322 bp)...
[M::mem_process_seqs] Processed 728508 reads in 1244.609 CPU sec, 77.736 real sec
[M::process] read 727662 sequences (180000153 bp)...
[M::mem_process_seqs] Processed 728180 reads in 1239.966 CPU sec, 69.820 real sec
[M::process] read 727844 sequences (180000016 bp)...
[M::mem_process_seqs] Processed 727662 reads in 1236.388 CPU sec, 69.268 real sec
[M::process] read 728282 sequences (180000295 bp)...
[M::mem_process_seqs] Processed 727844 reads in 1233.678 CPU sec, 70.473 real sec
[M::process] read 727958 sequences (180000231 bp)...
[M::mem_process_seqs] Processed 728282 reads in 1250.190 CPU sec, 70.533 real sec
[M::process] read 727838 sequences (180000036 bp)...
[M::mem_process_seqs] Processed 727958 reads in 1243.767 CPU sec, 69.873 real sec
[M::process] read 728122 sequences (180000004 bp)...
[M::mem_process_seqs] Processed 727838 reads in 1226.803 CPU sec, 72.715 real sec
[M::process] read 728122 sequences (180000120 bp)...
[M::mem_process_seqs] Processed 728122 reads in 1224.707 CPU sec, 68.988 real sec
[M::process] read 727956 sequences (180000473 bp)...
[M::mem_process_seqs] Processed 728122 reads in 1258.240 CPU sec, 70.642 real sec
[M::process] read 727966 sequences (180000103 bp)...
[M::mem_process_seqs] Processed 727956 reads in 1234.817 CPU sec, 69.166 real sec
[M::process] read 728448 sequences (180000139 bp)...
[M::mem_process_seqs] Processed 727966 reads in 1235.472 CPU sec, 69.636 real sec
[M::process] read 728046 sequences (180000020 bp)...
[M::mem_process_seqs] Processed 728448 reads in 1233.565 CPU sec, 69.458 real sec
[M::process] read 728062 sequences (180000170 bp)...
[M::mem_process_seqs] Processed 728046 reads in 1246.855 CPU sec, 70.378 real sec
[M::process] read 727890 sequences (180000009 bp)...
[M::mem_process_seqs] Processed 728062 reads in 1227.557 CPU sec, 70.435 real sec
[M::process] read 728330 sequences (180000305 bp)...
[M::mem_process_seqs] Processed 727890 reads in 1238.354 CPU sec, 69.362 real sec
[M::process] read 728340 sequences (180000078 bp)...
[M::mem_process_seqs] Processed 728330 reads in 1241.825 CPU sec, 70.090 real sec
[M::process] read 727670 sequences (180000094 bp)...
[M::mem_process_seqs] Processed 728340 reads in 1240.062 CPU sec, 69.379 real sec
[M::process] read 727942 sequences (180000336 bp)...
[M::mem_process_seqs] Processed 727670 reads in 1227.814 CPU sec, 69.587 real sec
[M::process] read 728474 sequences (180000200 bp)...
[M::mem_process_seqs] Processed 727942 reads in 1224.059 CPU sec, 71.178 real sec
[M::process] read 727930 sequences (180000202 bp)...
[M::mem_process_seqs] Processed 728474 reads in 1245.844 CPU sec, 73.426 real sec
[M::process] read 727860 sequences (180000054 bp)...
[M::mem_process_seqs] Processed 727930 reads in 1246.003 CPU sec, 73.121 real sec
[M::process] read 727936 sequences (180000301 bp)...
[M::mem_process_seqs] Processed 727860 reads in 1217.934 CPU sec, 87.958 real sec
[M::process] read 728372 sequences (180000390 bp)...
[M::mem_process_seqs] Processed 727936 reads in 1230.208 CPU sec, 70.293 real sec
[M::process] read 728054 sequences (180000041 bp)...
[M::mem_process_seqs] Processed 728372 reads in 1241.665 CPU sec, 69.587 real sec
[M::process] read 728186 sequences (180000112 bp)...
[M::mem_process_seqs] Processed 728054 reads in 1236.405 CPU sec, 69.888 real sec
[M::process] read 728032 sequences (180000340 bp)...
[M::mem_process_seqs] Processed 728186 reads in 1227.733 CPU sec, 69.421 real sec
[M::process] read 728536 sequences (180000462 bp)...
[M::mem_process_seqs] Processed 728032 reads in 1227.469 CPU sec, 68.818 real sec
[M::process] read 727822 sequences (180000057 bp)...
[M::mem_process_seqs] Processed 728536 reads in 1238.754 CPU sec, 73.412 real sec
[M::process] read 728150 sequences (180000427 bp)...
[M::mem_process_seqs] Processed 727822 reads in 1231.487 CPU sec, 69.030 real sec
[M::process] read 728224 sequences (180000294 bp)...
[M::mem_process_seqs] Processed 728150 reads in 1232.793 CPU sec, 69.519 real sec
[M::process] read 728556 sequences (180000513 bp)...
[M::mem_process_seqs] Processed 728224 reads in 1238.922 CPU sec, 70.726 real sec
[M::process] read 727896 sequences (180000230 bp)...
[M::mem_process_seqs] Processed 728556 reads in 1247.467 CPU sec, 69.840 real sec
[M::process] read 727930 sequences (180000103 bp)...
[M::mem_process_seqs] Processed 727896 reads in 1237.921 CPU sec, 69.922 real sec
[M::process] read 728420 sequences (180000450 bp)...
[M::mem_process_seqs] Processed 727930 reads in 1239.138 CPU sec, 69.845 real sec
[M::mem_process_seqs] Processed 728420 reads in 1244.555 CPU sec, 77.470 real sec
[M::process] read 728204 sequences (180000388 bp)...
[M::process] read 728104 sequences (180000282 bp)...
[M::mem_process_seqs] Processed 728204 reads in 1243.438 CPU sec, 71.672 real sec
[M::process] read 727840 sequences (180000025 bp)...
[M::mem_process_seqs] Processed 728104 reads in 1234.256 CPU sec, 69.252 real sec
[M::process] read 728278 sequences (180000145 bp)...
[M::mem_process_seqs] Processed 727840 reads in 1240.126 CPU sec, 69.491 real sec
[M::process] read 727948 sequences (180000088 bp)...
[M::mem_process_seqs] Processed 728278 reads in 1235.622 CPU sec, 69.701 real sec
[M::process] read 727858 sequences (180000020 bp)...
[M::mem_process_seqs] Processed 727948 reads in 1256.049 CPU sec, 70.508 real sec
[M::process] read 727948 sequences (180000324 bp)...
[M::mem_process_seqs] Processed 727858 reads in 1241.443 CPU sec, 69.925 real sec
[M::process] read 728690 sequences (180000359 bp)...
[M::mem_process_seqs] Processed 727948 reads in 1235.600 CPU sec, 69.096 real sec
[M::process] read 728302 sequences (180000171 bp)...
[M::mem_process_seqs] Processed 728690 reads in 1244.955 CPU sec, 69.634 real sec
[M::process] read 728114 sequences (180000005 bp)...
[M::mem_process_seqs] Processed 728302 reads in 1242.506 CPU sec, 70.807 real sec
[M::process] read 727928 sequences (180000349 bp)...
[M::mem_process_seqs] Processed 728114 reads in 1237.707 CPU sec, 69.518 real sec
[M::process] read 728504 sequences (180000500 bp)...
[M::mem_process_seqs] Processed 727928 reads in 1241.499 CPU sec, 69.519 real sec
[M::process] read 728272 sequences (180000157 bp)...
[M::mem_process_seqs] Processed 728504 reads in 1254.549 CPU sec, 71.330 real sec
[M::process] read 728294 sequences (180000010 bp)...
[M::mem_process_seqs] Processed 728272 reads in 1248.810 CPU sec, 70.981 real sec
[M::process] read 728104 sequences (180000075 bp)...
[M::mem_process_seqs] Processed 728294 reads in 1246.152 CPU sec, 69.771 real sec
[M::process] read 728552 sequences (180000070 bp)...
[M::mem_process_seqs] Processed 728104 reads in 1243.193 CPU sec, 69.688 real sec
[M::process] read 728180 sequences (180000133 bp)...
[M::mem_process_seqs] Processed 728552 reads in 1251.143 CPU sec, 70.099 real sec
[M::process] read 727918 sequences (180000409 bp)...
[M::mem_process_seqs] Processed 728180 reads in 1243.848 CPU sec, 70.220 real sec
[M::process] read 728148 sequences (180000003 bp)...
[M::mem_process_seqs] Processed 727918 reads in 1240.048 CPU sec, 69.681 real sec
[M::process] read 725216 sequences (180000003 bp)...
[M::mem_process_seqs] Processed 728148 reads in 1242.365 CPU sec, 69.536 real sec
[M::process] read 724634 sequences (180000346 bp)...
[M::mem_process_seqs] Processed 725216 reads in 1442.609 CPU sec, 80.932 real sec
[M::process] read 725158 sequences (180000153 bp)...
[M::mem_process_seqs] Processed 724634 reads in 1454.809 CPU sec, 82.300 real sec
[M::process] read 686261 sequences (170412582 bp)...
[M::mem_process_seqs] Processed 725158 reads in 1458.797 CPU sec, 82.935 real sec
[M::mem_process_seqs] Processed 686261 reads in 1387.719 CPU sec, 78.976 real sec
[main] Version: 0.7.17-r1188
[main] CMD: bwa mem -t 18 -R @RG\tID:a135\tSM:a135 /home/jilong/spider2/faststorage/social_spiders_2020/people/jilong/chapter1_social/steps/population_vcf/spider/Stegodyphus_mimosarum/mapping/reference/MIM_hifi_hic_scaffolded_trim.fa /dev/fd/63
[main] Real time: 11667.702 sec; CPU: 198491.950 sec
[bam_sort_core] merging from 4 files and 17 in-memory blocks...
