[M::bwa_idx_load_from_disk] read 0 ALT contigs
[M::process] read 737916 sequences (180000458 bp)...
[M::process] read 736996 sequences (180000309 bp)...
[M::mem_process_seqs] Processed 737916 reads in 1137.492 CPU sec, 64.333 real sec
[M::process] read 737156 sequences (180000100 bp)...
[M::mem_process_seqs] Processed 736996 reads in 1108.015 CPU sec, 62.474 real sec
[M::process] read 736274 sequences (180000367 bp)...
[M::mem_process_seqs] Processed 737156 reads in 1093.241 CPU sec, 61.428 real sec
[M::process] read 736264 sequences (180000345 bp)...
[M::mem_process_seqs] Processed 736274 reads in 1108.804 CPU sec, 62.804 real sec
[M::process] read 736748 sequences (180000444 bp)...
[M::mem_process_seqs] Processed 736264 reads in 1106.566 CPU sec, 61.966 real sec
[M::process] read 736310 sequences (180000368 bp)...
[M::mem_process_seqs] Processed 736748 reads in 1096.700 CPU sec, 61.503 real sec
[M::process] read 735694 sequences (180000153 bp)...
[M::mem_process_seqs] Processed 736310 reads in 1101.268 CPU sec, 62.039 real sec
[M::process] read 736570 sequences (180000013 bp)...
[M::mem_process_seqs] Processed 735694 reads in 1109.280 CPU sec, 62.162 real sec
[M::process] read 736434 sequences (180000288 bp)...
[M::mem_process_seqs] Processed 736570 reads in 1108.430 CPU sec, 62.103 real sec
[M::process] read 736250 sequences (180000382 bp)...
[M::mem_process_seqs] Processed 736434 reads in 1093.707 CPU sec, 61.361 real sec
[M::process] read 736250 sequences (180000150 bp)...
[M::mem_process_seqs] Processed 736250 reads in 1101.027 CPU sec, 61.718 real sec
[M::process] read 736134 sequences (180000252 bp)...
[M::mem_process_seqs] Processed 736250 reads in 1113.233 CPU sec, 62.875 real sec
[M::process] read 736632 sequences (180000424 bp)...
[M::mem_process_seqs] Processed 736134 reads in 1104.421 CPU sec, 62.072 real sec
[M::process] read 736288 sequences (180000489 bp)...
[M::mem_process_seqs] Processed 736632 reads in 1094.880 CPU sec, 62.030 real sec
[M::process] read 736044 sequences (180000466 bp)...
[M::mem_process_seqs] Processed 736288 reads in 1102.495 CPU sec, 62.228 real sec
[M::process] read 736430 sequences (180000151 bp)...
[M::mem_process_seqs] Processed 736044 reads in 1103.449 CPU sec, 62.602 real sec
[M::process] read 736886 sequences (180000313 bp)...
[M::mem_process_seqs] Processed 736430 reads in 1087.280 CPU sec, 61.083 real sec
[M::process] read 736026 sequences (180000235 bp)...
[M::mem_process_seqs] Processed 736886 reads in 1086.030 CPU sec, 61.678 real sec
[M::process] read 736132 sequences (180000086 bp)...
[M::mem_process_seqs] Processed 736026 reads in 1111.045 CPU sec, 62.713 real sec
[M::process] read 736450 sequences (180000403 bp)...
[M::mem_process_seqs] Processed 736132 reads in 1096.084 CPU sec, 61.906 real sec
[M::process] read 736578 sequences (180000265 bp)...
[M::mem_process_seqs] Processed 736450 reads in 1095.036 CPU sec, 61.306 real sec
[M::process] read 735858 sequences (180000356 bp)...
[M::mem_process_seqs] Processed 736578 reads in 1103.520 CPU sec, 62.335 real sec
[M::process] read 736258 sequences (180000196 bp)...
[M::mem_process_seqs] Processed 735858 reads in 1103.074 CPU sec, 61.799 real sec
[M::process] read 736462 sequences (180000382 bp)...
[M::mem_process_seqs] Processed 736258 reads in 1100.582 CPU sec, 61.707 real sec
[M::process] read 736186 sequences (180000127 bp)...
[M::mem_process_seqs] Processed 736462 reads in 1099.436 CPU sec, 61.694 real sec
[M::process] read 735972 sequences (180000360 bp)...
[M::mem_process_seqs] Processed 736186 reads in 1102.178 CPU sec, 61.958 real sec
[M::process] read 736388 sequences (180000468 bp)...
[M::mem_process_seqs] Processed 735972 reads in 1109.058 CPU sec, 62.244 real sec
[M::process] read 736492 sequences (180000105 bp)...
[M::mem_process_seqs] Processed 736388 reads in 1095.573 CPU sec, 61.517 real sec
[M::process] read 736254 sequences (180000019 bp)...
[M::mem_process_seqs] Processed 736492 reads in 1095.482 CPU sec, 61.798 real sec
[M::process] read 736320 sequences (180000298 bp)...
[M::mem_process_seqs] Processed 736254 reads in 1112.798 CPU sec, 63.679 real sec
[M::process] read 736490 sequences (180000138 bp)...
[M::mem_process_seqs] Processed 736320 reads in 1107.793 CPU sec, 62.545 real sec
[M::process] read 736324 sequences (180000115 bp)...
[M::mem_process_seqs] Processed 736490 reads in 1091.584 CPU sec, 61.533 real sec
[M::process] read 735946 sequences (180000054 bp)...
[M::mem_process_seqs] Processed 736324 reads in 1094.455 CPU sec, 61.339 real sec
[M::process] read 736038 sequences (180000320 bp)...
[M::mem_process_seqs] Processed 735946 reads in 1118.442 CPU sec, 62.803 real sec
[M::process] read 736570 sequences (180000124 bp)...
[M::mem_process_seqs] Processed 736038 reads in 1111.460 CPU sec, 62.263 real sec
[M::process] read 736018 sequences (180000301 bp)...
[M::mem_process_seqs] Processed 736570 reads in 1110.504 CPU sec, 70.837 real sec
[M::process] read 735912 sequences (180000007 bp)...
[M::mem_process_seqs] Processed 736018 reads in 1101.424 CPU sec, 62.156 real sec
[M::process] read 736078 sequences (180000328 bp)...
[M::mem_process_seqs] Processed 735912 reads in 1115.411 CPU sec, 62.873 real sec
[M::process] read 736234 sequences (180000428 bp)...
[M::mem_process_seqs] Processed 736078 reads in 1102.651 CPU sec, 61.895 real sec
[M::process] read 736210 sequences (180000325 bp)...
[M::mem_process_seqs] Processed 736234 reads in 1096.326 CPU sec, 61.554 real sec
[M::process] read 735990 sequences (180000463 bp)...
[M::mem_process_seqs] Processed 736210 reads in 1113.319 CPU sec, 62.339 real sec
[M::process] read 736334 sequences (180000239 bp)...
[M::mem_process_seqs] Processed 735990 reads in 1118.920 CPU sec, 63.199 real sec
[M::process] read 736150 sequences (180000059 bp)...
[M::mem_process_seqs] Processed 736334 reads in 1113.191 CPU sec, 62.838 real sec
[M::process] read 736082 sequences (180000444 bp)...
[M::mem_process_seqs] Processed 736150 reads in 1104.107 CPU sec, 62.109 real sec
[M::process] read 736108 sequences (180000130 bp)...
[M::mem_process_seqs] Processed 736082 reads in 1105.849 CPU sec, 63.095 real sec
[M::process] read 736382 sequences (180000113 bp)...
[M::mem_process_seqs] Processed 736108 reads in 1108.003 CPU sec, 62.232 real sec
[M::process] read 736318 sequences (180000009 bp)...
[M::mem_process_seqs] Processed 736382 reads in 1101.067 CPU sec, 66.721 real sec
[M::process] read 736108 sequences (180000437 bp)...
[M::mem_process_seqs] Processed 736318 reads in 1114.514 CPU sec, 62.776 real sec
[M::process] read 736150 sequences (180000141 bp)...
[M::mem_process_seqs] Processed 736108 reads in 1123.201 CPU sec, 63.309 real sec
[M::process] read 736326 sequences (180000464 bp)...
[M::mem_process_seqs] Processed 736150 reads in 1104.954 CPU sec, 61.985 real sec
[M::process] read 736228 sequences (180000391 bp)...
[M::mem_process_seqs] Processed 736326 reads in 1093.626 CPU sec, 61.277 real sec
[M::process] read 735968 sequences (180000313 bp)...
[M::mem_process_seqs] Processed 736228 reads in 1103.243 CPU sec, 61.958 real sec
[M::process] read 736074 sequences (180000390 bp)...
[M::mem_process_seqs] Processed 735968 reads in 1115.949 CPU sec, 62.471 real sec
[M::process] read 736352 sequences (180000421 bp)...
[M::mem_process_seqs] Processed 736074 reads in 1104.995 CPU sec, 62.088 real sec
[M::process] read 736184 sequences (180000339 bp)...
[M::mem_process_seqs] Processed 736352 reads in 1105.774 CPU sec, 62.022 real sec
[M::process] read 736028 sequences (180000310 bp)...
[M::mem_process_seqs] Processed 736184 reads in 1103.044 CPU sec, 62.843 real sec
[M::process] read 736124 sequences (180000093 bp)...
[M::mem_process_seqs] Processed 736028 reads in 1111.345 CPU sec, 62.660 real sec
[M::process] read 736182 sequences (180000387 bp)...
[M::mem_process_seqs] Processed 736124 reads in 1095.950 CPU sec, 61.632 real sec
[M::process] read 735808 sequences (180000033 bp)...
[M::mem_process_seqs] Processed 736182 reads in 1108.829 CPU sec, 62.280 real sec
[M::process] read 736120 sequences (180000180 bp)...
[M::mem_process_seqs] Processed 735808 reads in 1109.860 CPU sec, 62.562 real sec
[M::process] read 735996 sequences (180000275 bp)...
[M::mem_process_seqs] Processed 736120 reads in 1107.275 CPU sec, 62.021 real sec
[M::process] read 736158 sequences (180000363 bp)...
[M::mem_process_seqs] Processed 735996 reads in 1100.461 CPU sec, 61.670 real sec
[M::process] read 735988 sequences (180000127 bp)...
[M::mem_process_seqs] Processed 736158 reads in 1102.881 CPU sec, 61.822 real sec
[M::process] read 736406 sequences (180000161 bp)...
[M::mem_process_seqs] Processed 735988 reads in 1112.407 CPU sec, 62.310 real sec
[M::process] read 736324 sequences (180000253 bp)...
[M::mem_process_seqs] Processed 736406 reads in 1104.148 CPU sec, 61.956 real sec
[M::process] read 735914 sequences (180000398 bp)...
[M::mem_process_seqs] Processed 736324 reads in 1096.409 CPU sec, 61.433 real sec
[M::process] read 736062 sequences (180000504 bp)...
[M::mem_process_seqs] Processed 735914 reads in 1108.984 CPU sec, 64.676 real sec
[M::process] read 736108 sequences (180000267 bp)...
[M::mem_process_seqs] Processed 736062 reads in 1113.079 CPU sec, 62.350 real sec
[M::process] read 736164 sequences (180000232 bp)...
[M::mem_process_seqs] Processed 736108 reads in 1107.125 CPU sec, 62.155 real sec
[M::process] read 735802 sequences (180000254 bp)...
[M::mem_process_seqs] Processed 736164 reads in 1095.979 CPU sec, 70.053 real sec
[M::process] read 736078 sequences (180000072 bp)...
[M::mem_process_seqs] Processed 735802 reads in 1109.652 CPU sec, 62.759 real sec
[M::process] read 736196 sequences (180000063 bp)...
[M::mem_process_seqs] Processed 736078 reads in 1102.486 CPU sec, 62.075 real sec
[M::process] read 736206 sequences (180000012 bp)...
[M::mem_process_seqs] Processed 736196 reads in 1097.867 CPU sec, 62.188 real sec
[M::process] read 736002 sequences (180000065 bp)...
[M::mem_process_seqs] Processed 736206 reads in 1098.937 CPU sec, 62.030 real sec
[M::process] read 736152 sequences (180000037 bp)...
[M::mem_process_seqs] Processed 736002 reads in 1110.726 CPU sec, 62.676 real sec
[M::process] read 736052 sequences (180000022 bp)...
[M::mem_process_seqs] Processed 736152 reads in 1118.917 CPU sec, 62.913 real sec
[M::process] read 736114 sequences (180000054 bp)...
[M::mem_process_seqs] Processed 736052 reads in 1101.560 CPU sec, 61.757 real sec
[M::process] read 735884 sequences (180000207 bp)...
[M::mem_process_seqs] Processed 736114 reads in 1105.363 CPU sec, 61.907 real sec
[M::process] read 736054 sequences (180000414 bp)...
[M::mem_process_seqs] Processed 735884 reads in 1117.916 CPU sec, 62.810 real sec
[M::process] read 736200 sequences (180000361 bp)...
[M::mem_process_seqs] Processed 736054 reads in 1097.166 CPU sec, 62.387 real sec
[M::process] read 735948 sequences (180000007 bp)...
[M::mem_process_seqs] Processed 736200 reads in 1095.354 CPU sec, 61.815 real sec
[M::process] read 735962 sequences (180000331 bp)...
[M::mem_process_seqs] Processed 735948 reads in 1107.852 CPU sec, 62.099 real sec
[M::process] read 736056 sequences (180000392 bp)...
[M::mem_process_seqs] Processed 735962 reads in 1104.531 CPU sec, 61.948 real sec
[M::process] read 736156 sequences (180000071 bp)...
[M::mem_process_seqs] Processed 736056 reads in 1097.212 CPU sec, 61.612 real sec
[M::process] read 735948 sequences (180000230 bp)...
[M::mem_process_seqs] Processed 736156 reads in 1098.552 CPU sec, 61.780 real sec
[M::process] read 735718 sequences (180000251 bp)...
[M::mem_process_seqs] Processed 735948 reads in 1117.707 CPU sec, 62.688 real sec
[M::process] read 736048 sequences (180000326 bp)...
[M::mem_process_seqs] Processed 735718 reads in 1115.125 CPU sec, 62.471 real sec
[M::process] read 736156 sequences (180000486 bp)...
[M::mem_process_seqs] Processed 736048 reads in 1099.747 CPU sec, 62.529 real sec
[M::process] read 735768 sequences (180000126 bp)...
[M::mem_process_seqs] Processed 736156 reads in 1095.285 CPU sec, 61.691 real sec
[M::process] read 736072 sequences (180000226 bp)...
[M::mem_process_seqs] Processed 735768 reads in 1109.631 CPU sec, 62.578 real sec
[M::process] read 735842 sequences (180000449 bp)...
[M::mem_process_seqs] Processed 736072 reads in 1105.286 CPU sec, 61.971 real sec
[M::process] read 735978 sequences (180000095 bp)...
[M::mem_process_seqs] Processed 735842 reads in 1098.997 CPU sec, 61.615 real sec
[M::process] read 735936 sequences (180000043 bp)...
[M::mem_process_seqs] Processed 735978 reads in 1109.823 CPU sec, 62.470 real sec
[M::process] read 735920 sequences (180000500 bp)...
[M::mem_process_seqs] Processed 735936 reads in 1127.137 CPU sec, 63.387 real sec
[M::process] read 736272 sequences (180000352 bp)...
[M::mem_process_seqs] Processed 735920 reads in 1114.686 CPU sec, 62.806 real sec
[M::process] read 736064 sequences (180000440 bp)...
[M::mem_process_seqs] Processed 736272 reads in 1104.089 CPU sec, 62.137 real sec
[M::process] read 735788 sequences (180000227 bp)...
[M::mem_process_seqs] Processed 736064 reads in 1107.213 CPU sec, 62.200 real sec
[M::process] read 735844 sequences (180000550 bp)...
[M::mem_process_seqs] Processed 735788 reads in 1113.544 CPU sec, 62.492 real sec
[M::process] read 736172 sequences (180000036 bp)...
[M::mem_process_seqs] Processed 735844 reads in 1108.556 CPU sec, 62.148 real sec
[M::process] read 735918 sequences (180000231 bp)...
[M::mem_process_seqs] Processed 736172 reads in 1098.311 CPU sec, 61.744 real sec
[M::process] read 735914 sequences (180000275 bp)...
[M::mem_process_seqs] Processed 735918 reads in 1107.633 CPU sec, 62.560 real sec
[M::process] read 735860 sequences (180000156 bp)...
[M::mem_process_seqs] Processed 735914 reads in 1112.608 CPU sec, 62.467 real sec
[M::process] read 736002 sequences (180000061 bp)...
[M::mem_process_seqs] Processed 735860 reads in 1099.539 CPU sec, 61.708 real sec
[M::mem_process_seqs] Processed 736002 reads in 1100.239 CPU sec, 69.512 real sec
[M::process] read 736024 sequences (180000268 bp)...
[M::process] read 736084 sequences (180000108 bp)...
[M::mem_process_seqs] Processed 736024 reads in 1107.425 CPU sec, 62.531 real sec
[M::process] read 736148 sequences (180000059 bp)...
[M::mem_process_seqs] Processed 736084 reads in 1107.680 CPU sec, 62.563 real sec
[M::process] read 736020 sequences (180000011 bp)...
[M::mem_process_seqs] Processed 736148 reads in 1100.281 CPU sec, 61.831 real sec
[M::process] read 735748 sequences (180000342 bp)...
[M::mem_process_seqs] Processed 736020 reads in 1102.549 CPU sec, 62.133 real sec
[M::process] read 735832 sequences (180000233 bp)...
[M::mem_process_seqs] Processed 735748 reads in 1107.994 CPU sec, 62.227 real sec
[M::process] read 736012 sequences (180000562 bp)...
[M::mem_process_seqs] Processed 735832 reads in 1104.580 CPU sec, 62.811 real sec
[M::process] read 736096 sequences (180000454 bp)...
[M::mem_process_seqs] Processed 736012 reads in 1092.368 CPU sec, 62.152 real sec
[M::process] read 735700 sequences (180000525 bp)...
[M::mem_process_seqs] Processed 736096 reads in 1101.492 CPU sec, 61.758 real sec
[M::process] read 735910 sequences (180000386 bp)...
[M::mem_process_seqs] Processed 735700 reads in 1105.349 CPU sec, 63.190 real sec
[M::process] read 735904 sequences (180000033 bp)...
[M::mem_process_seqs] Processed 735910 reads in 1099.849 CPU sec, 69.096 real sec
[M::process] read 736122 sequences (180000333 bp)...
[M::mem_process_seqs] Processed 735904 reads in 1081.545 CPU sec, 71.769 real sec
[M::process] read 735920 sequences (180000344 bp)...
[M::mem_process_seqs] Processed 736122 reads in 1104.589 CPU sec, 62.259 real sec
[M::process] read 735890 sequences (180000041 bp)...
[M::mem_process_seqs] Processed 735920 reads in 1105.125 CPU sec, 63.470 real sec
[M::process] read 736132 sequences (180000430 bp)...
[M::mem_process_seqs] Processed 735890 reads in 1110.532 CPU sec, 62.391 real sec
[M::process] read 736082 sequences (180000005 bp)...
[M::mem_process_seqs] Processed 736132 reads in 1100.084 CPU sec, 62.413 real sec
[M::process] read 735950 sequences (180000435 bp)...
[M::mem_process_seqs] Processed 736082 reads in 1107.996 CPU sec, 62.079 real sec
[M::process] read 736038 sequences (180000193 bp)...
[M::mem_process_seqs] Processed 735950 reads in 1102.320 CPU sec, 62.671 real sec
[M::process] read 736054 sequences (180000087 bp)...
[M::mem_process_seqs] Processed 736038 reads in 1100.471 CPU sec, 61.788 real sec
[M::process] read 735940 sequences (180000392 bp)...
[M::mem_process_seqs] Processed 736054 reads in 1093.780 CPU sec, 61.701 real sec
[M::process] read 735920 sequences (180000189 bp)...
[M::mem_process_seqs] Processed 735940 reads in 1103.868 CPU sec, 61.886 real sec
[M::process] read 736070 sequences (180000342 bp)...
[M::mem_process_seqs] Processed 735920 reads in 1100.842 CPU sec, 61.768 real sec
[M::process] read 735920 sequences (180000350 bp)...
[M::mem_process_seqs] Processed 736070 reads in 1104.426 CPU sec, 62.068 real sec
[M::process] read 735716 sequences (180000057 bp)...
[M::mem_process_seqs] Processed 735920 reads in 1100.552 CPU sec, 61.749 real sec
[M::process] read 735936 sequences (180000330 bp)...
[M::mem_process_seqs] Processed 735716 reads in 1111.117 CPU sec, 62.379 real sec
[M::process] read 736034 sequences (180000228 bp)...
[M::mem_process_seqs] Processed 735936 reads in 1103.106 CPU sec, 62.246 real sec
[M::process] read 736050 sequences (180000381 bp)...
[M::mem_process_seqs] Processed 736034 reads in 1099.236 CPU sec, 63.642 real sec
[M::process] read 735928 sequences (180000379 bp)...
[M::mem_process_seqs] Processed 736050 reads in 1099.650 CPU sec, 62.118 real sec
[M::process] read 735944 sequences (180000372 bp)...
[M::mem_process_seqs] Processed 735928 reads in 1113.325 CPU sec, 62.371 real sec
[M::process] read 736062 sequences (180000152 bp)...
[M::mem_process_seqs] Processed 735944 reads in 1096.047 CPU sec, 63.052 real sec
[M::process] read 735786 sequences (180000382 bp)...
[M::mem_process_seqs] Processed 736062 reads in 1096.795 CPU sec, 61.615 real sec
[M::process] read 735612 sequences (180000024 bp)...
[M::mem_process_seqs] Processed 735786 reads in 1105.443 CPU sec, 63.266 real sec
[M::process] read 735908 sequences (180000195 bp)...
[M::mem_process_seqs] Processed 735612 reads in 1107.492 CPU sec, 62.070 real sec
[M::process] read 735892 sequences (180000335 bp)...
[M::mem_process_seqs] Processed 735908 reads in 1107.354 CPU sec, 62.468 real sec
[M::mem_process_seqs] Processed 735892 reads in 1104.977 CPU sec, 69.861 real sec
[M::process] read 735756 sequences (180000315 bp)...
[M::process] read 735858 sequences (180000481 bp)...
[M::mem_process_seqs] Processed 735756 reads in 1118.565 CPU sec, 64.599 real sec
[M::process] read 735806 sequences (180000448 bp)...
[M::mem_process_seqs] Processed 735858 reads in 1099.567 CPU sec, 61.687 real sec
[M::process] read 735778 sequences (180000227 bp)...
[M::mem_process_seqs] Processed 735806 reads in 1103.064 CPU sec, 62.264 real sec
[M::process] read 735768 sequences (180000087 bp)...
[M::mem_process_seqs] Processed 735778 reads in 1103.797 CPU sec, 61.819 real sec
[M::process] read 735856 sequences (180000468 bp)...
[M::mem_process_seqs] Processed 735768 reads in 1110.519 CPU sec, 62.855 real sec
[M::process] read 735792 sequences (180000048 bp)...
[M::mem_process_seqs] Processed 735856 reads in 1097.426 CPU sec, 61.687 real sec
[M::process] read 735920 sequences (180000188 bp)...
[M::mem_process_seqs] Processed 735792 reads in 1103.102 CPU sec, 62.037 real sec
[M::process] read 735792 sequences (180000123 bp)...
[M::mem_process_seqs] Processed 735920 reads in 1109.348 CPU sec, 62.238 real sec
[M::process] read 735920 sequences (180000306 bp)...
[M::mem_process_seqs] Processed 735792 reads in 1114.079 CPU sec, 63.146 real sec
[M::process] read 735798 sequences (180000459 bp)...
[M::mem_process_seqs] Processed 735920 reads in 1106.619 CPU sec, 62.105 real sec
[M::process] read 735966 sequences (180000294 bp)...
[M::mem_process_seqs] Processed 735798 reads in 1094.735 CPU sec, 62.163 real sec
[M::process] read 735768 sequences (180000212 bp)...
[M::mem_process_seqs] Processed 735966 reads in 1111.804 CPU sec, 62.382 real sec
[M::process] read 735810 sequences (180000353 bp)...
[M::mem_process_seqs] Processed 735768 reads in 1116.860 CPU sec, 62.784 real sec
[M::process] read 735702 sequences (180000275 bp)...
[M::mem_process_seqs] Processed 735810 reads in 1109.881 CPU sec, 62.250 real sec
[M::process] read 735986 sequences (180000074 bp)...
[M::mem_process_seqs] Processed 735702 reads in 1096.223 CPU sec, 61.518 real sec
[M::process] read 735988 sequences (180000301 bp)...
[M::mem_process_seqs] Processed 735986 reads in 1118.571 CPU sec, 62.907 real sec
[M::process] read 735682 sequences (180000355 bp)...
[M::mem_process_seqs] Processed 735988 reads in 1106.161 CPU sec, 62.139 real sec
[M::process] read 735950 sequences (180000360 bp)...
[M::mem_process_seqs] Processed 735682 reads in 1101.160 CPU sec, 61.825 real sec
[M::process] read 735786 sequences (180000177 bp)...
[M::mem_process_seqs] Processed 735950 reads in 1102.925 CPU sec, 61.872 real sec
[M::process] read 735936 sequences (180000032 bp)...
[M::mem_process_seqs] Processed 735786 reads in 1113.511 CPU sec, 62.360 real sec
[M::process] read 736064 sequences (180000228 bp)...
[M::mem_process_seqs] Processed 735936 reads in 1112.344 CPU sec, 62.386 real sec
[M::process] read 736086 sequences (180000322 bp)...
[M::mem_process_seqs] Processed 736064 reads in 1101.334 CPU sec, 62.046 real sec
[M::process] read 735892 sequences (180000043 bp)...
[M::mem_process_seqs] Processed 736086 reads in 1107.478 CPU sec, 62.316 real sec
[M::process] read 735938 sequences (180000290 bp)...
[M::mem_process_seqs] Processed 735892 reads in 1108.303 CPU sec, 62.111 real sec
[M::process] read 735594 sequences (180000014 bp)...
[M::mem_process_seqs] Processed 735938 reads in 1098.471 CPU sec, 61.856 real sec
[M::process] read 735768 sequences (180000105 bp)...
[M::mem_process_seqs] Processed 735594 reads in 1101.700 CPU sec, 62.623 real sec
[M::process] read 735772 sequences (180000191 bp)...
[M::mem_process_seqs] Processed 735768 reads in 1112.571 CPU sec, 63.025 real sec
[M::process] read 735802 sequences (180000151 bp)...
[M::mem_process_seqs] Processed 735772 reads in 1115.070 CPU sec, 64.094 real sec
[M::process] read 735878 sequences (180000027 bp)...
[M::mem_process_seqs] Processed 735802 reads in 1103.862 CPU sec, 62.813 real sec
[M::process] read 736068 sequences (180000187 bp)...
[M::mem_process_seqs] Processed 735878 reads in 1108.407 CPU sec, 65.095 real sec
[M::process] read 735850 sequences (180000481 bp)...
[M::mem_process_seqs] Processed 736068 reads in 1115.008 CPU sec, 63.419 real sec
[M::process] read 735916 sequences (180000428 bp)...
[M::mem_process_seqs] Processed 735850 reads in 1105.653 CPU sec, 61.965 real sec
[M::process] read 736150 sequences (180000100 bp)...
[M::mem_process_seqs] Processed 735916 reads in 1109.793 CPU sec, 62.321 real sec
[M::process] read 736032 sequences (180000120 bp)...
[M::mem_process_seqs] Processed 736150 reads in 1100.193 CPU sec, 61.908 real sec
[M::process] read 735990 sequences (180000065 bp)...
[M::mem_process_seqs] Processed 736032 reads in 1116.412 CPU sec, 71.317 real sec
[M::process] read 736082 sequences (180000325 bp)...
[M::mem_process_seqs] Processed 735990 reads in 1106.198 CPU sec, 63.454 real sec
[M::process] read 736388 sequences (180000260 bp)...
[M::mem_process_seqs] Processed 736082 reads in 1107.171 CPU sec, 62.680 real sec
[M::process] read 736120 sequences (180000140 bp)...
[M::mem_process_seqs] Processed 736388 reads in 1102.403 CPU sec, 67.095 real sec
[M::process] read 735866 sequences (180000369 bp)...
[M::mem_process_seqs] Processed 736120 reads in 1114.297 CPU sec, 63.518 real sec
[M::process] read 735912 sequences (180000035 bp)...
[M::mem_process_seqs] Processed 735866 reads in 1111.432 CPU sec, 63.225 real sec
[M::process] read 736368 sequences (180000443 bp)...
[M::mem_process_seqs] Processed 735912 reads in 1101.616 CPU sec, 62.626 real sec
[M::process] read 735822 sequences (180000284 bp)...
[M::mem_process_seqs] Processed 736368 reads in 1092.899 CPU sec, 74.962 real sec
[M::process] read 735604 sequences (180000114 bp)...
[M::mem_process_seqs] Processed 735822 reads in 1113.883 CPU sec, 63.569 real sec
[M::process] read 735762 sequences (180000463 bp)...
[M::mem_process_seqs] Processed 735604 reads in 1108.150 CPU sec, 63.685 real sec
[M::process] read 736074 sequences (180000007 bp)...
[M::mem_process_seqs] Processed 735762 reads in 1105.633 CPU sec, 62.926 real sec
[M::process] read 735874 sequences (180000356 bp)...
[M::mem_process_seqs] Processed 736074 reads in 1107.179 CPU sec, 63.339 real sec
[M::process] read 735738 sequences (180000073 bp)...
[M::mem_process_seqs] Processed 735874 reads in 1103.746 CPU sec, 62.148 real sec
[M::process] read 736146 sequences (180000059 bp)...
[M::mem_process_seqs] Processed 735738 reads in 1104.539 CPU sec, 62.382 real sec
[M::process] read 736012 sequences (180000229 bp)...
[M::mem_process_seqs] Processed 736146 reads in 1102.951 CPU sec, 62.799 real sec
[M::process] read 735694 sequences (180000372 bp)...
[M::mem_process_seqs] Processed 736012 reads in 1114.909 CPU sec, 62.636 real sec
[M::process] read 735872 sequences (180000244 bp)...
[M::mem_process_seqs] Processed 735694 reads in 1109.690 CPU sec, 62.320 real sec
[M::process] read 735950 sequences (180000440 bp)...
[M::mem_process_seqs] Processed 735872 reads in 1104.977 CPU sec, 61.990 real sec
[M::process] read 736014 sequences (180000399 bp)...
[M::mem_process_seqs] Processed 735950 reads in 1101.786 CPU sec, 64.183 real sec
[M::process] read 735782 sequences (180000465 bp)...
[M::mem_process_seqs] Processed 736014 reads in 1120.471 CPU sec, 65.101 real sec
[M::process] read 735896 sequences (180000328 bp)...
[M::mem_process_seqs] Processed 735782 reads in 1110.287 CPU sec, 62.241 real sec
[M::process] read 736180 sequences (180000291 bp)...
[M::mem_process_seqs] Processed 735896 reads in 1100.642 CPU sec, 61.778 real sec
[M::process] read 735858 sequences (180000128 bp)...
[M::mem_process_seqs] Processed 736180 reads in 1100.472 CPU sec, 61.584 real sec
[M::process] read 735958 sequences (180000472 bp)...
[M::mem_process_seqs] Processed 735858 reads in 1105.616 CPU sec, 62.177 real sec
[M::process] read 735928 sequences (180000222 bp)...
[M::mem_process_seqs] Processed 735958 reads in 1099.205 CPU sec, 61.704 real sec
[M::process] read 736392 sequences (180000112 bp)...
[M::mem_process_seqs] Processed 735928 reads in 1100.338 CPU sec, 61.885 real sec
[M::process] read 736212 sequences (180000262 bp)...
[M::mem_process_seqs] Processed 736392 reads in 1110.821 CPU sec, 63.653 real sec
[M::process] read 736098 sequences (180000210 bp)...
[M::mem_process_seqs] Processed 736212 reads in 1106.548 CPU sec, 62.210 real sec
[M::process] read 736366 sequences (180000218 bp)...
[M::mem_process_seqs] Processed 736098 reads in 1093.748 CPU sec, 61.498 real sec
[M::process] read 736098 sequences (180000078 bp)...
[M::mem_process_seqs] Processed 736366 reads in 1098.124 CPU sec, 61.683 real sec
[M::process] read 736214 sequences (180000050 bp)...
[M::mem_process_seqs] Processed 736098 reads in 1112.383 CPU sec, 62.681 real sec
[M::process] read 736274 sequences (180000246 bp)...
[M::mem_process_seqs] Processed 736214 reads in 1104.008 CPU sec, 61.884 real sec
[M::process] read 736378 sequences (180000163 bp)...
[M::mem_process_seqs] Processed 736274 reads in 1101.489 CPU sec, 61.640 real sec
[M::process] read 735722 sequences (180000193 bp)...
[M::mem_process_seqs] Processed 736378 reads in 1108.452 CPU sec, 62.269 real sec
[M::mem_process_seqs] Processed 735722 reads in 1116.901 CPU sec, 70.736 real sec
[M::process] read 735996 sequences (180000314 bp)...
[M::process] read 736076 sequences (180000213 bp)...
[M::mem_process_seqs] Processed 735996 reads in 1096.890 CPU sec, 62.116 real sec
[M::process] read 736244 sequences (180000475 bp)...
[M::mem_process_seqs] Processed 736076 reads in 1105.336 CPU sec, 62.470 real sec
[M::process] read 736086 sequences (180000302 bp)...
[M::mem_process_seqs] Processed 736244 reads in 1108.817 CPU sec, 62.482 real sec
[M::process] read 735932 sequences (180000145 bp)...
[M::mem_process_seqs] Processed 736086 reads in 1098.245 CPU sec, 62.178 real sec
[M::process] read 737558 sequences (180000158 bp)...
[M::mem_process_seqs] Processed 735932 reads in 1098.674 CPU sec, 61.618 real sec
[M::process] read 719592 sequences (180000303 bp)...
[M::mem_process_seqs] Processed 737558 reads in 1117.324 CPU sec, 62.639 real sec
[M::process] read 718176 sequences (180000059 bp)...
[M::mem_process_seqs] Processed 719592 reads in 1527.744 CPU sec, 85.722 real sec
[M::process] read 718728 sequences (180000112 bp)...
[M::mem_process_seqs] Processed 718176 reads in 1560.534 CPU sec, 87.424 real sec
[M::process] read 718864 sequences (180000422 bp)...
[M::mem_process_seqs] Processed 718728 reads in 1560.717 CPU sec, 88.979 real sec
[M::process] read 719018 sequences (180000392 bp)...
[M::mem_process_seqs] Processed 718864 reads in 1554.298 CPU sec, 87.761 real sec
[M::process] read 719580 sequences (180000313 bp)...
[M::mem_process_seqs] Processed 719018 reads in 1559.834 CPU sec, 87.569 real sec
[M::process] read 719306 sequences (180000141 bp)...
[M::mem_process_seqs] Processed 719580 reads in 1563.657 CPU sec, 87.498 real sec
[M::process] read 332691 sequences (83160245 bp)...
[M::mem_process_seqs] Processed 719306 reads in 1554.721 CPU sec, 88.283 real sec
[M::mem_process_seqs] Processed 332691 reads in 720.725 CPU sec, 40.743 real sec
[main] Version: 0.7.17-r1188
[main] CMD: bwa mem -t 18 -R @RG\tID:a136\tSM:a136 /home/jilong/spider2/faststorage/social_spiders_2020/people/jilong/chapter1_social/steps/population_vcf/spider/Stegodyphus_mimosarum/mapping/reference/MIM_hifi_hic_scaffolded_trim.fa /dev/fd/63
[main] Real time: 14045.396 sec; CPU: 247028.767 sec
[bam_sort_core] merging from 6 files and 17 in-memory blocks...
