[M::bwa_idx_load_from_disk] read 0 ALT contigs
[M::process] read 725098 sequences (180000099 bp)...
[M::process] read 724514 sequences (180000069 bp)...
[M::mem_process_seqs] Processed 725098 reads in 1147.773 CPU sec, 64.386 real sec
[M::process] read 723846 sequences (180000034 bp)...
[M::mem_process_seqs] Processed 724514 reads in 1123.217 CPU sec, 62.928 real sec
[M::process] read 723770 sequences (180000141 bp)...
[M::mem_process_seqs] Processed 723846 reads in 1113.892 CPU sec, 62.360 real sec
[M::process] read 724294 sequences (180000496 bp)...
[M::mem_process_seqs] Processed 723770 reads in 1127.770 CPU sec, 63.205 real sec
[M::process] read 723910 sequences (180000052 bp)...
[M::mem_process_seqs] Processed 724294 reads in 1111.893 CPU sec, 62.231 real sec
[M::process] read 724054 sequences (180000306 bp)...
[M::mem_process_seqs] Processed 723910 reads in 1127.436 CPU sec, 63.104 real sec
[M::process] read 723824 sequences (180000225 bp)...
[M::mem_process_seqs] Processed 724054 reads in 1119.906 CPU sec, 62.636 real sec
[M::process] read 723644 sequences (180000125 bp)...
[M::mem_process_seqs] Processed 723824 reads in 1112.401 CPU sec, 62.310 real sec
[M::process] read 723892 sequences (180000073 bp)...
[M::mem_process_seqs] Processed 723644 reads in 1132.830 CPU sec, 63.515 real sec
[M::process] read 723912 sequences (180000149 bp)...
[M::mem_process_seqs] Processed 723892 reads in 1120.260 CPU sec, 62.791 real sec
[M::process] read 723796 sequences (180000298 bp)...
[M::mem_process_seqs] Processed 723912 reads in 1118.995 CPU sec, 62.684 real sec
[M::process] read 724030 sequences (180000032 bp)...
[M::mem_process_seqs] Processed 723796 reads in 1135.964 CPU sec, 63.650 real sec
[M::process] read 724340 sequences (180000355 bp)...
[M::mem_process_seqs] Processed 724030 reads in 1120.795 CPU sec, 62.782 real sec
[M::process] read 723660 sequences (180000046 bp)...
[M::mem_process_seqs] Processed 724340 reads in 1120.933 CPU sec, 62.744 real sec
[M::process] read 723736 sequences (180000340 bp)...
[M::mem_process_seqs] Processed 723660 reads in 1127.298 CPU sec, 63.135 real sec
[M::process] read 724236 sequences (180000012 bp)...
[M::mem_process_seqs] Processed 723736 reads in 1117.980 CPU sec, 62.595 real sec
[M::process] read 723602 sequences (180000429 bp)...
[M::mem_process_seqs] Processed 724236 reads in 1123.123 CPU sec, 62.880 real sec
[M::process] read 723754 sequences (180000440 bp)...
[M::mem_process_seqs] Processed 723602 reads in 1126.652 CPU sec, 63.143 real sec
[M::process] read 724044 sequences (180000403 bp)...
[M::mem_process_seqs] Processed 723754 reads in 1116.026 CPU sec, 62.513 real sec
[M::process] read 723596 sequences (180000290 bp)...
[M::mem_process_seqs] Processed 724044 reads in 1119.867 CPU sec, 62.647 real sec
[M::process] read 724002 sequences (180000107 bp)...
[M::mem_process_seqs] Processed 723596 reads in 1117.373 CPU sec, 62.596 real sec
[M::process] read 723968 sequences (180000213 bp)...
[M::mem_process_seqs] Processed 724002 reads in 1116.976 CPU sec, 62.674 real sec
[M::process] read 723780 sequences (180000219 bp)...
[M::mem_process_seqs] Processed 723968 reads in 1128.548 CPU sec, 63.218 real sec
[M::process] read 724010 sequences (180000166 bp)...
[M::mem_process_seqs] Processed 723780 reads in 1115.417 CPU sec, 62.538 real sec
[M::process] read 723968 sequences (180000345 bp)...
[M::mem_process_seqs] Processed 724010 reads in 1115.227 CPU sec, 62.440 real sec
[M::process] read 723824 sequences (180000410 bp)...
[M::mem_process_seqs] Processed 723968 reads in 1131.186 CPU sec, 63.316 real sec
[M::process] read 723764 sequences (180000104 bp)...
[M::mem_process_seqs] Processed 723824 reads in 1116.271 CPU sec, 62.715 real sec
[M::process] read 723686 sequences (180000327 bp)...
[M::mem_process_seqs] Processed 723764 reads in 1122.961 CPU sec, 62.917 real sec
[M::process] read 723820 sequences (180000497 bp)...
[M::mem_process_seqs] Processed 723686 reads in 1126.801 CPU sec, 63.088 real sec
[M::process] read 723860 sequences (180000166 bp)...
[M::mem_process_seqs] Processed 723820 reads in 1117.493 CPU sec, 62.612 real sec
[M::process] read 723602 sequences (180000351 bp)...
[M::mem_process_seqs] Processed 723860 reads in 1115.097 CPU sec, 62.475 real sec
[M::process] read 723762 sequences (180000166 bp)...
[M::mem_process_seqs] Processed 723602 reads in 1119.635 CPU sec, 62.714 real sec
[M::process] read 723812 sequences (180000425 bp)...
[M::mem_process_seqs] Processed 723762 reads in 1114.644 CPU sec, 62.386 real sec
[M::process] read 723928 sequences (180000016 bp)...
[M::mem_process_seqs] Processed 723812 reads in 1122.214 CPU sec, 62.847 real sec
[M::process] read 723772 sequences (180000168 bp)...
[M::mem_process_seqs] Processed 723928 reads in 1120.460 CPU sec, 62.722 real sec
[M::process] read 723690 sequences (180000021 bp)...
[M::mem_process_seqs] Processed 723772 reads in 1122.494 CPU sec, 70.577 real sec
[M::process] read 723724 sequences (180000332 bp)...
[M::mem_process_seqs] Processed 723690 reads in 1129.764 CPU sec, 63.238 real sec
[M::process] read 723916 sequences (180000241 bp)...
[M::mem_process_seqs] Processed 723724 reads in 1116.409 CPU sec, 62.623 real sec
[M::process] read 723908 sequences (180000094 bp)...
[M::mem_process_seqs] Processed 723916 reads in 1114.749 CPU sec, 62.484 real sec
[M::process] read 723720 sequences (180000495 bp)...
[M::mem_process_seqs] Processed 723908 reads in 1128.505 CPU sec, 63.165 real sec
[M::process] read 724012 sequences (180000227 bp)...
[M::mem_process_seqs] Processed 723720 reads in 1120.573 CPU sec, 62.802 real sec
[M::process] read 723764 sequences (180000315 bp)...
[M::mem_process_seqs] Processed 724012 reads in 1111.554 CPU sec, 62.687 real sec
[M::process] read 723510 sequences (180000340 bp)...
[M::mem_process_seqs] Processed 723764 reads in 1127.107 CPU sec, 63.169 real sec
[M::process] read 723948 sequences (180000006 bp)...
[M::mem_process_seqs] Processed 723510 reads in 1114.111 CPU sec, 62.345 real sec
[M::process] read 723692 sequences (180000347 bp)...
[M::mem_process_seqs] Processed 723948 reads in 1114.815 CPU sec, 62.497 real sec
[M::process] read 723554 sequences (180000439 bp)...
[M::mem_process_seqs] Processed 723692 reads in 1128.280 CPU sec, 63.158 real sec
[M::process] read 723714 sequences (180000343 bp)...
[M::mem_process_seqs] Processed 723554 reads in 1110.272 CPU sec, 62.237 real sec
[M::process] read 723724 sequences (180000366 bp)...
[M::mem_process_seqs] Processed 723714 reads in 1114.208 CPU sec, 62.644 real sec
[M::process] read 723564 sequences (180000394 bp)...
[M::mem_process_seqs] Processed 723724 reads in 1122.718 CPU sec, 62.991 real sec
[M::process] read 723800 sequences (180000054 bp)...
[M::mem_process_seqs] Processed 723564 reads in 1120.095 CPU sec, 62.734 real sec
[M::process] read 723830 sequences (180000236 bp)...
[M::mem_process_seqs] Processed 723800 reads in 1120.668 CPU sec, 62.748 real sec
[M::process] read 723762 sequences (180000097 bp)...
[M::mem_process_seqs] Processed 723830 reads in 1124.557 CPU sec, 62.985 real sec
[M::process] read 723636 sequences (180000506 bp)...
[M::mem_process_seqs] Processed 723762 reads in 1114.025 CPU sec, 62.347 real sec
[M::process] read 723604 sequences (180000435 bp)...
[M::mem_process_seqs] Processed 723636 reads in 1121.277 CPU sec, 62.727 real sec
[M::process] read 723750 sequences (180000324 bp)...
[M::mem_process_seqs] Processed 723604 reads in 1113.493 CPU sec, 62.381 real sec
[M::process] read 723726 sequences (180000423 bp)...
[M::mem_process_seqs] Processed 723750 reads in 1113.723 CPU sec, 62.340 real sec
[M::process] read 723680 sequences (180000295 bp)...
[M::mem_process_seqs] Processed 723726 reads in 1124.319 CPU sec, 63.022 real sec
[M::process] read 723718 sequences (180000408 bp)...
[M::mem_process_seqs] Processed 723680 reads in 1122.466 CPU sec, 62.801 real sec
[M::process] read 723698 sequences (180000373 bp)...
[M::mem_process_seqs] Processed 723718 reads in 1120.676 CPU sec, 62.739 real sec
[M::process] read 723734 sequences (180000038 bp)...
[M::mem_process_seqs] Processed 723698 reads in 1132.328 CPU sec, 63.366 real sec
[M::process] read 723742 sequences (180000497 bp)...
[M::mem_process_seqs] Processed 723734 reads in 1124.345 CPU sec, 62.929 real sec
[M::process] read 723696 sequences (180000292 bp)...
[M::mem_process_seqs] Processed 723742 reads in 1114.624 CPU sec, 62.399 real sec
[M::process] read 723620 sequences (180000291 bp)...
[M::mem_process_seqs] Processed 723696 reads in 1141.972 CPU sec, 64.102 real sec
[M::process] read 723718 sequences (180000341 bp)...
[M::mem_process_seqs] Processed 723620 reads in 1122.875 CPU sec, 62.982 real sec
[M::process] read 723616 sequences (180000276 bp)...
[M::mem_process_seqs] Processed 723718 reads in 1116.509 CPU sec, 62.518 real sec
[M::process] read 723804 sequences (180000176 bp)...
[M::mem_process_seqs] Processed 723616 reads in 1134.465 CPU sec, 63.797 real sec
[M::process] read 723674 sequences (180000455 bp)...
[M::mem_process_seqs] Processed 723804 reads in 1123.391 CPU sec, 63.005 real sec
[M::process] read 723678 sequences (180000323 bp)...
[M::mem_process_seqs] Processed 723674 reads in 1122.278 CPU sec, 62.835 real sec
[M::process] read 724066 sequences (180000148 bp)...
[M::mem_process_seqs] Processed 723678 reads in 1113.891 CPU sec, 62.462 real sec
[M::process] read 723838 sequences (180000178 bp)...
[M::mem_process_seqs] Processed 724066 reads in 1122.335 CPU sec, 70.851 real sec
[M::process] read 723616 sequences (180000092 bp)...
[M::mem_process_seqs] Processed 723838 reads in 1124.635 CPU sec, 63.075 real sec
[M::process] read 723722 sequences (180000055 bp)...
[M::mem_process_seqs] Processed 723616 reads in 1127.307 CPU sec, 63.287 real sec
[M::process] read 723514 sequences (180000462 bp)...
[M::mem_process_seqs] Processed 723722 reads in 1118.820 CPU sec, 62.627 real sec
[M::process] read 723490 sequences (180000474 bp)...
[M::mem_process_seqs] Processed 723514 reads in 1118.350 CPU sec, 62.627 real sec
[M::process] read 723832 sequences (180000129 bp)...
[M::mem_process_seqs] Processed 723490 reads in 1124.819 CPU sec, 62.994 real sec
[M::process] read 723678 sequences (180000209 bp)...
[M::mem_process_seqs] Processed 723832 reads in 1117.683 CPU sec, 62.661 real sec
[M::process] read 723872 sequences (180000094 bp)...
[M::mem_process_seqs] Processed 723678 reads in 1132.351 CPU sec, 63.429 real sec
[M::process] read 723920 sequences (180000125 bp)...
[M::mem_process_seqs] Processed 723872 reads in 1120.240 CPU sec, 62.850 real sec
[M::process] read 723912 sequences (180000255 bp)...
[M::mem_process_seqs] Processed 723920 reads in 1118.129 CPU sec, 62.863 real sec
[M::process] read 723702 sequences (180000412 bp)...
[M::mem_process_seqs] Processed 723912 reads in 1128.034 CPU sec, 63.215 real sec
[M::process] read 723668 sequences (180000333 bp)...
[M::mem_process_seqs] Processed 723702 reads in 1120.351 CPU sec, 62.766 real sec
[M::process] read 723820 sequences (180000429 bp)...
[M::mem_process_seqs] Processed 723668 reads in 1116.594 CPU sec, 62.573 real sec
[M::process] read 723644 sequences (180000376 bp)...
[M::mem_process_seqs] Processed 723820 reads in 1126.273 CPU sec, 63.182 real sec
[M::process] read 723798 sequences (180000244 bp)...
[M::mem_process_seqs] Processed 723644 reads in 1124.596 CPU sec, 62.997 real sec
[M::process] read 723774 sequences (180000463 bp)...
[M::mem_process_seqs] Processed 723798 reads in 1124.586 CPU sec, 63.056 real sec
[M::process] read 723762 sequences (180000139 bp)...
[M::mem_process_seqs] Processed 723774 reads in 1136.991 CPU sec, 63.887 real sec
[M::process] read 723600 sequences (180000174 bp)...
[M::mem_process_seqs] Processed 723762 reads in 1122.696 CPU sec, 63.129 real sec
[M::process] read 723910 sequences (180000324 bp)...
[M::mem_process_seqs] Processed 723600 reads in 1119.211 CPU sec, 62.672 real sec
[M::process] read 723594 sequences (180000047 bp)...
[M::mem_process_seqs] Processed 723910 reads in 1121.690 CPU sec, 62.816 real sec
[M::process] read 723836 sequences (180000227 bp)...
[M::mem_process_seqs] Processed 723594 reads in 1112.380 CPU sec, 62.215 real sec
[M::process] read 723812 sequences (180000511 bp)...
[M::mem_process_seqs] Processed 723836 reads in 1116.605 CPU sec, 62.524 real sec
[M::process] read 723550 sequences (180000463 bp)...
[M::mem_process_seqs] Processed 723812 reads in 1120.640 CPU sec, 62.776 real sec
[M::process] read 723800 sequences (180000003 bp)...
[M::mem_process_seqs] Processed 723550 reads in 1124.991 CPU sec, 63.015 real sec
[M::process] read 723444 sequences (180000394 bp)...
[M::mem_process_seqs] Processed 723800 reads in 1124.926 CPU sec, 63.111 real sec
[M::process] read 723606 sequences (180000187 bp)...
[M::mem_process_seqs] Processed 723444 reads in 1109.430 CPU sec, 62.126 real sec
[M::process] read 723326 sequences (180000164 bp)...
[M::mem_process_seqs] Processed 723606 reads in 1104.145 CPU sec, 61.890 real sec
[M::process] read 723658 sequences (180000266 bp)...
[M::mem_process_seqs] Processed 723326 reads in 1124.273 CPU sec, 63.111 real sec
[M::process] read 723672 sequences (180000107 bp)...
[M::mem_process_seqs] Processed 723658 reads in 1120.197 CPU sec, 62.701 real sec
[M::process] read 723482 sequences (180000037 bp)...
[M::mem_process_seqs] Processed 723672 reads in 1117.291 CPU sec, 62.557 real sec
[M::process] read 723942 sequences (180000348 bp)...
[M::mem_process_seqs] Processed 723482 reads in 1126.849 CPU sec, 63.025 real sec
[M::process] read 723668 sequences (180000260 bp)...
[M::mem_process_seqs] Processed 723942 reads in 1117.478 CPU sec, 62.607 real sec
[M::process] read 723552 sequences (180000118 bp)...
[M::mem_process_seqs] Processed 723668 reads in 1112.122 CPU sec, 62.392 real sec
[M::process] read 723326 sequences (180000269 bp)...
[M::mem_process_seqs] Processed 723552 reads in 1120.162 CPU sec, 62.955 real sec
[M::mem_process_seqs] Processed 723326 reads in 1110.998 CPU sec, 69.922 real sec
[M::process] read 723632 sequences (180000246 bp)...
[M::process] read 723638 sequences (180000101 bp)...
[M::mem_process_seqs] Processed 723632 reads in 1115.202 CPU sec, 62.626 real sec
[M::process] read 723712 sequences (180000214 bp)...
[M::mem_process_seqs] Processed 723638 reads in 1117.815 CPU sec, 62.865 real sec
[M::process] read 723716 sequences (180000484 bp)...
[M::mem_process_seqs] Processed 723712 reads in 1114.428 CPU sec, 62.437 real sec
[M::process] read 723626 sequences (180000116 bp)...
[M::mem_process_seqs] Processed 723716 reads in 1121.792 CPU sec, 62.863 real sec
[M::process] read 723612 sequences (180000336 bp)...
[M::mem_process_seqs] Processed 723626 reads in 1123.383 CPU sec, 63.044 real sec
[M::process] read 723768 sequences (180000187 bp)...
[M::mem_process_seqs] Processed 723612 reads in 1117.080 CPU sec, 62.773 real sec
[M::process] read 723632 sequences (180000115 bp)...
[M::mem_process_seqs] Processed 723768 reads in 1120.046 CPU sec, 62.927 real sec
[M::process] read 723562 sequences (180000096 bp)...
[M::mem_process_seqs] Processed 723632 reads in 1124.959 CPU sec, 63.233 real sec
[M::process] read 723752 sequences (180000268 bp)...
[M::mem_process_seqs] Processed 723562 reads in 1122.018 CPU sec, 62.937 real sec
[M::process] read 723494 sequences (180000167 bp)...
[M::mem_process_seqs] Processed 723752 reads in 1119.136 CPU sec, 62.688 real sec
[M::process] read 723798 sequences (180000349 bp)...
[M::mem_process_seqs] Processed 723494 reads in 1118.939 CPU sec, 62.842 real sec
[M::process] read 723566 sequences (180000470 bp)...
[M::mem_process_seqs] Processed 723798 reads in 1114.417 CPU sec, 62.567 real sec
[M::process] read 723560 sequences (180000178 bp)...
[M::mem_process_seqs] Processed 723566 reads in 1122.381 CPU sec, 63.423 real sec
[M::process] read 723846 sequences (180000443 bp)...
[M::mem_process_seqs] Processed 723560 reads in 1118.547 CPU sec, 63.011 real sec
[M::process] read 723824 sequences (180000059 bp)...
[M::mem_process_seqs] Processed 723846 reads in 1114.774 CPU sec, 62.471 real sec
[M::process] read 723256 sequences (180000066 bp)...
[M::mem_process_seqs] Processed 723824 reads in 1115.806 CPU sec, 62.710 real sec
[M::process] read 723622 sequences (180000359 bp)...
[M::mem_process_seqs] Processed 723256 reads in 1113.000 CPU sec, 62.506 real sec
[M::process] read 723486 sequences (180000335 bp)...
[M::mem_process_seqs] Processed 723622 reads in 1108.778 CPU sec, 62.174 real sec
[M::process] read 723552 sequences (180000467 bp)...
[M::mem_process_seqs] Processed 723486 reads in 1123.211 CPU sec, 62.912 real sec
[M::process] read 723842 sequences (180000259 bp)...
[M::mem_process_seqs] Processed 723552 reads in 1119.401 CPU sec, 62.743 real sec
[M::process] read 723658 sequences (180000066 bp)...
[M::mem_process_seqs] Processed 723842 reads in 1120.941 CPU sec, 63.126 real sec
[M::process] read 723466 sequences (180000197 bp)...
[M::mem_process_seqs] Processed 723658 reads in 1127.462 CPU sec, 63.414 real sec
[M::process] read 723630 sequences (180000342 bp)...
[M::mem_process_seqs] Processed 723466 reads in 1123.625 CPU sec, 63.380 real sec
[M::process] read 723664 sequences (180000268 bp)...
[M::mem_process_seqs] Processed 723630 reads in 1115.080 CPU sec, 62.881 real sec
[M::process] read 723694 sequences (180000193 bp)...
[M::mem_process_seqs] Processed 723664 reads in 1123.796 CPU sec, 62.910 real sec
[M::process] read 723754 sequences (180000451 bp)...
[M::mem_process_seqs] Processed 723694 reads in 1116.778 CPU sec, 62.622 real sec
[M::process] read 723434 sequences (180000227 bp)...
[M::mem_process_seqs] Processed 723754 reads in 1117.189 CPU sec, 62.655 real sec
[M::process] read 723600 sequences (180000119 bp)...
[M::mem_process_seqs] Processed 723434 reads in 1118.080 CPU sec, 62.957 real sec
[M::process] read 723848 sequences (180000061 bp)...
[M::mem_process_seqs] Processed 723600 reads in 1121.589 CPU sec, 63.019 real sec
[M::process] read 723408 sequences (180000154 bp)...
[M::mem_process_seqs] Processed 723848 reads in 1120.649 CPU sec, 62.888 real sec
[M::process] read 723444 sequences (180000342 bp)...
[M::mem_process_seqs] Processed 723408 reads in 1124.075 CPU sec, 62.929 real sec
[M::process] read 723632 sequences (180000440 bp)...
[M::mem_process_seqs] Processed 723444 reads in 1114.038 CPU sec, 62.466 real sec
[M::process] read 723436 sequences (180000512 bp)...
[M::mem_process_seqs] Processed 723632 reads in 1128.673 CPU sec, 63.277 real sec
[M::mem_process_seqs] Processed 723436 reads in 1126.664 CPU sec, 70.668 real sec
[M::process] read 723424 sequences (180000474 bp)...
[M::process] read 723756 sequences (180000202 bp)...
[M::mem_process_seqs] Processed 723424 reads in 1124.316 CPU sec, 63.465 real sec
[M::process] read 723440 sequences (180000387 bp)...
[M::mem_process_seqs] Processed 723756 reads in 1120.702 CPU sec, 62.913 real sec
[M::process] read 723546 sequences (180000277 bp)...
[M::mem_process_seqs] Processed 723440 reads in 1116.335 CPU sec, 62.594 real sec
[M::process] read 723534 sequences (180000119 bp)...
[M::mem_process_seqs] Processed 723546 reads in 1116.859 CPU sec, 62.598 real sec
[M::process] read 723532 sequences (180000182 bp)...
[M::mem_process_seqs] Processed 723534 reads in 1121.667 CPU sec, 62.878 real sec
[M::process] read 723712 sequences (180000109 bp)...
[M::mem_process_seqs] Processed 723532 reads in 1111.151 CPU sec, 62.250 real sec
[M::process] read 723722 sequences (180000191 bp)...
[M::mem_process_seqs] Processed 723712 reads in 1119.734 CPU sec, 62.663 real sec
[M::process] read 723502 sequences (180000264 bp)...
[M::mem_process_seqs] Processed 723722 reads in 1125.941 CPU sec, 63.379 real sec
[M::process] read 723684 sequences (180000293 bp)...
[M::mem_process_seqs] Processed 723502 reads in 1120.559 CPU sec, 63.242 real sec
[M::process] read 723504 sequences (180000110 bp)...
[M::mem_process_seqs] Processed 723684 reads in 1110.282 CPU sec, 62.287 real sec
[M::process] read 723620 sequences (180000037 bp)...
[M::mem_process_seqs] Processed 723504 reads in 1121.508 CPU sec, 62.781 real sec
[M::process] read 723410 sequences (180000122 bp)...
[M::mem_process_seqs] Processed 723620 reads in 1109.090 CPU sec, 62.216 real sec
[M::process] read 723644 sequences (180000305 bp)...
[M::mem_process_seqs] Processed 723410 reads in 1123.410 CPU sec, 63.863 real sec
[M::process] read 723448 sequences (180000254 bp)...
[M::mem_process_seqs] Processed 723644 reads in 1127.635 CPU sec, 63.308 real sec
[M::process] read 723836 sequences (180000111 bp)...
[M::mem_process_seqs] Processed 723448 reads in 1113.729 CPU sec, 62.560 real sec
[M::process] read 723554 sequences (180000178 bp)...
[M::mem_process_seqs] Processed 723836 reads in 1121.413 CPU sec, 63.076 real sec
[M::process] read 723704 sequences (180000046 bp)...
[M::mem_process_seqs] Processed 723554 reads in 1123.788 CPU sec, 63.135 real sec
[M::process] read 723894 sequences (180000055 bp)...
[M::mem_process_seqs] Processed 723704 reads in 1124.458 CPU sec, 62.940 real sec
[M::process] read 723708 sequences (180000062 bp)...
[M::mem_process_seqs] Processed 723894 reads in 1136.029 CPU sec, 63.692 real sec
[M::process] read 723744 sequences (180000381 bp)...
[M::mem_process_seqs] Processed 723708 reads in 1128.792 CPU sec, 63.525 real sec
[M::process] read 723672 sequences (180000291 bp)...
[M::mem_process_seqs] Processed 723744 reads in 1118.853 CPU sec, 62.791 real sec
[M::process] read 723836 sequences (180000069 bp)...
[M::mem_process_seqs] Processed 723672 reads in 1136.294 CPU sec, 64.020 real sec
[M::process] read 723444 sequences (180000037 bp)...
[M::mem_process_seqs] Processed 723836 reads in 1120.368 CPU sec, 62.953 real sec
[M::process] read 711528 sequences (180000262 bp)...
[M::mem_process_seqs] Processed 723444 reads in 1206.785 CPU sec, 68.015 real sec
[M::process] read 711634 sequences (180000207 bp)...
[M::mem_process_seqs] Processed 711528 reads in 1579.963 CPU sec, 88.725 real sec
[M::process] read 712342 sequences (180000283 bp)...
[M::mem_process_seqs] Processed 711634 reads in 1569.101 CPU sec, 88.508 real sec
[M::process] read 712356 sequences (180000200 bp)...
[M::mem_process_seqs] Processed 712342 reads in 1560.796 CPU sec, 87.591 real sec
[M::process] read 712238 sequences (180000293 bp)...
[M::mem_process_seqs] Processed 712356 reads in 1560.121 CPU sec, 87.644 real sec
[M::process] read 585220 sequences (147831454 bp)...
[M::mem_process_seqs] Processed 712238 reads in 1569.506 CPU sec, 88.025 real sec
[M::mem_process_seqs] Processed 585220 reads in 1286.793 CPU sec, 72.715 real sec
[main] Version: 0.7.17-r1188
[main] CMD: bwa mem -t 18 -R @RG\tID:a137\tSM:a137 /home/jilong/spider2/faststorage/social_spiders_2020/people/jilong/chapter1_social/steps/population_vcf/spider/Stegodyphus_mimosarum/mapping/reference/MIM_hifi_hic_scaffolded_trim.fa /dev/fd/63
[main] Real time: 10743.974 sec; CPU: 190804.070 sec
[bam_sort_core] merging from 4 files and 17 in-memory blocks...
