[M::bwa_idx_load_from_disk] read 0 ALT contigs
[M::process] read 741668 sequences (180000340 bp)...
[M::process] read 741262 sequences (180000244 bp)...
[M::mem_process_seqs] Processed 741668 reads in 1124.793 CPU sec, 64.178 real sec
[M::process] read 741418 sequences (180000255 bp)...
[M::mem_process_seqs] Processed 741262 reads in 1074.696 CPU sec, 60.595 real sec
[M::process] read 742116 sequences (180000198 bp)...
[M::mem_process_seqs] Processed 741418 reads in 1071.266 CPU sec, 60.796 real sec
[M::process] read 741626 sequences (180000351 bp)...
[M::mem_process_seqs] Processed 742116 reads in 1078.418 CPU sec, 64.219 real sec
[M::process] read 741222 sequences (180000399 bp)...
[M::mem_process_seqs] Processed 741626 reads in 1066.417 CPU sec, 59.954 real sec
[M::process] read 741324 sequences (180000488 bp)...
[M::mem_process_seqs] Processed 741222 reads in 1069.804 CPU sec, 60.187 real sec
[M::process] read 741752 sequences (180000200 bp)...
[M::mem_process_seqs] Processed 741324 reads in 1067.956 CPU sec, 60.567 real sec
[M::process] read 741984 sequences (180000298 bp)...
[M::mem_process_seqs] Processed 741752 reads in 1087.105 CPU sec, 60.979 real sec
[M::process] read 741316 sequences (180000464 bp)...
[M::mem_process_seqs] Processed 741984 reads in 1077.470 CPU sec, 60.493 real sec
[M::process] read 741514 sequences (180000180 bp)...
[M::mem_process_seqs] Processed 741316 reads in 1071.334 CPU sec, 61.510 real sec
[M::process] read 741694 sequences (180000245 bp)...
[M::mem_process_seqs] Processed 741514 reads in 1053.103 CPU sec, 64.110 real sec
[M::process] read 741876 sequences (180000142 bp)...
[M::mem_process_seqs] Processed 741694 reads in 1078.204 CPU sec, 61.264 real sec
[M::process] read 741136 sequences (180000332 bp)...
[M::mem_process_seqs] Processed 741876 reads in 1061.233 CPU sec, 62.146 real sec
[M::process] read 741524 sequences (180000327 bp)...
[M::mem_process_seqs] Processed 741136 reads in 1070.966 CPU sec, 60.213 real sec
[M::process] read 741446 sequences (180000118 bp)...
[M::mem_process_seqs] Processed 741524 reads in 1054.357 CPU sec, 61.051 real sec
[M::process] read 741654 sequences (180000312 bp)...
[M::mem_process_seqs] Processed 741446 reads in 1067.565 CPU sec, 59.935 real sec
[M::process] read 740924 sequences (180000005 bp)...
[M::mem_process_seqs] Processed 741654 reads in 1075.548 CPU sec, 60.840 real sec
[M::process] read 741334 sequences (180000381 bp)...
[M::mem_process_seqs] Processed 740924 reads in 1065.931 CPU sec, 59.820 real sec
[M::process] read 741436 sequences (180000113 bp)...
[M::mem_process_seqs] Processed 741334 reads in 1069.541 CPU sec, 61.132 real sec
[M::process] read 741630 sequences (180000213 bp)...
[M::mem_process_seqs] Processed 741436 reads in 1084.560 CPU sec, 60.809 real sec
[M::process] read 741284 sequences (180000531 bp)...
[M::mem_process_seqs] Processed 741630 reads in 1071.112 CPU sec, 61.924 real sec
[M::process] read 741154 sequences (180000372 bp)...
[M::mem_process_seqs] Processed 741284 reads in 1066.045 CPU sec, 62.294 real sec
[M::process] read 741496 sequences (180000070 bp)...
[M::mem_process_seqs] Processed 741154 reads in 1070.816 CPU sec, 60.071 real sec
[M::process] read 741668 sequences (180000253 bp)...
[M::mem_process_seqs] Processed 741496 reads in 1068.585 CPU sec, 60.438 real sec
[M::process] read 740908 sequences (180000067 bp)...
[M::mem_process_seqs] Processed 741668 reads in 1078.309 CPU sec, 60.462 real sec
[M::process] read 741194 sequences (180000233 bp)...
[M::mem_process_seqs] Processed 740908 reads in 1077.593 CPU sec, 60.465 real sec
[M::process] read 741440 sequences (180000090 bp)...
[M::mem_process_seqs] Processed 741194 reads in 1070.291 CPU sec, 60.082 real sec
[M::process] read 741680 sequences (180000115 bp)...
[M::mem_process_seqs] Processed 741440 reads in 1073.045 CPU sec, 60.179 real sec
[M::process] read 741140 sequences (180000037 bp)...
[M::mem_process_seqs] Processed 741680 reads in 1081.625 CPU sec, 60.903 real sec
[M::process] read 741340 sequences (180000292 bp)...
[M::mem_process_seqs] Processed 741140 reads in 1079.593 CPU sec, 60.575 real sec
[M::process] read 741296 sequences (180000032 bp)...
[M::mem_process_seqs] Processed 741340 reads in 1073.752 CPU sec, 60.246 real sec
[M::process] read 741574 sequences (180000162 bp)...
[M::mem_process_seqs] Processed 741296 reads in 1072.986 CPU sec, 60.290 real sec
[M::process] read 741202 sequences (180000102 bp)...
[M::mem_process_seqs] Processed 741574 reads in 1079.317 CPU sec, 60.572 real sec
[M::process] read 741146 sequences (180000168 bp)...
[M::mem_process_seqs] Processed 741202 reads in 1076.646 CPU sec, 60.349 real sec
[M::mem_process_seqs] Processed 741146 reads in 1072.332 CPU sec, 67.929 real sec
[M::process] read 741018 sequences (180000005 bp)...
[M::process] read 741588 sequences (180000197 bp)...
[M::mem_process_seqs] Processed 741018 reads in 1068.428 CPU sec, 59.973 real sec
[M::process] read 741372 sequences (180000314 bp)...
[M::mem_process_seqs] Processed 741588 reads in 1086.022 CPU sec, 60.873 real sec
[M::process] read 741308 sequences (180000445 bp)...
[M::mem_process_seqs] Processed 741372 reads in 1072.566 CPU sec, 60.150 real sec
[M::process] read 741108 sequences (180000508 bp)...
[M::mem_process_seqs] Processed 741308 reads in 1070.773 CPU sec, 60.023 real sec
[M::process] read 741254 sequences (180000210 bp)...
[M::mem_process_seqs] Processed 741108 reads in 1079.521 CPU sec, 60.483 real sec
[M::process] read 741456 sequences (180000295 bp)...
[M::mem_process_seqs] Processed 741254 reads in 1091.214 CPU sec, 61.394 real sec
[M::process] read 741182 sequences (180000328 bp)...
[M::mem_process_seqs] Processed 741456 reads in 1078.708 CPU sec, 60.604 real sec
[M::process] read 741042 sequences (180000335 bp)...
[M::mem_process_seqs] Processed 741182 reads in 1073.205 CPU sec, 60.218 real sec
[M::process] read 741124 sequences (180000391 bp)...
[M::mem_process_seqs] Processed 741042 reads in 1078.240 CPU sec, 60.676 real sec
[M::process] read 741796 sequences (180000439 bp)...
[M::mem_process_seqs] Processed 741124 reads in 1082.280 CPU sec, 60.721 real sec
[M::process] read 741226 sequences (180000215 bp)...
[M::mem_process_seqs] Processed 741796 reads in 1078.672 CPU sec, 60.535 real sec
[M::process] read 741152 sequences (180000412 bp)...
[M::mem_process_seqs] Processed 741226 reads in 1064.787 CPU sec, 59.838 real sec
[M::process] read 741076 sequences (180000529 bp)...
[M::mem_process_seqs] Processed 741152 reads in 1073.503 CPU sec, 60.356 real sec
[M::process] read 741824 sequences (180000031 bp)...
[M::mem_process_seqs] Processed 741076 reads in 1074.645 CPU sec, 60.266 real sec
[M::process] read 741236 sequences (180000329 bp)...
[M::mem_process_seqs] Processed 741824 reads in 1077.518 CPU sec, 60.528 real sec
[M::process] read 741150 sequences (180000083 bp)...
[M::mem_process_seqs] Processed 741236 reads in 1071.821 CPU sec, 60.399 real sec
[M::process] read 741222 sequences (180000213 bp)...
[M::mem_process_seqs] Processed 741150 reads in 1081.950 CPU sec, 60.753 real sec
[M::process] read 741782 sequences (180000494 bp)...
[M::mem_process_seqs] Processed 741222 reads in 1078.043 CPU sec, 60.487 real sec
[M::process] read 741396 sequences (180000076 bp)...
[M::mem_process_seqs] Processed 741782 reads in 1075.865 CPU sec, 60.560 real sec
[M::process] read 741020 sequences (180000348 bp)...
[M::mem_process_seqs] Processed 741396 reads in 1069.995 CPU sec, 60.199 real sec
[M::process] read 741294 sequences (180000237 bp)...
[M::mem_process_seqs] Processed 741020 reads in 1076.070 CPU sec, 60.526 real sec
[M::process] read 741886 sequences (180000149 bp)...
[M::mem_process_seqs] Processed 741294 reads in 1062.214 CPU sec, 59.735 real sec
[M::process] read 741024 sequences (180000367 bp)...
[M::mem_process_seqs] Processed 741886 reads in 1076.946 CPU sec, 60.673 real sec
[M::process] read 741098 sequences (180000043 bp)...
[M::mem_process_seqs] Processed 741024 reads in 1068.500 CPU sec, 60.531 real sec
[M::process] read 741148 sequences (180000428 bp)...
[M::mem_process_seqs] Processed 741098 reads in 1065.664 CPU sec, 59.891 real sec
[M::process] read 741968 sequences (180000129 bp)...
[M::mem_process_seqs] Processed 741148 reads in 1074.085 CPU sec, 60.207 real sec
[M::process] read 741112 sequences (180000193 bp)...
[M::mem_process_seqs] Processed 741968 reads in 1066.234 CPU sec, 61.189 real sec
[M::process] read 741352 sequences (180000092 bp)...
[M::mem_process_seqs] Processed 741112 reads in 1066.181 CPU sec, 59.801 real sec
[M::process] read 741168 sequences (180000132 bp)...
[M::mem_process_seqs] Processed 741352 reads in 1055.113 CPU sec, 59.296 real sec
[M::process] read 741938 sequences (180000094 bp)...
[M::mem_process_seqs] Processed 741168 reads in 1052.994 CPU sec, 59.075 real sec
[M::process] read 741352 sequences (180000157 bp)...
[M::mem_process_seqs] Processed 741938 reads in 1075.095 CPU sec, 60.315 real sec
[M::process] read 741272 sequences (180000275 bp)...
[M::mem_process_seqs] Processed 741352 reads in 1078.310 CPU sec, 60.631 real sec
[M::process] read 741346 sequences (180000246 bp)...
[M::mem_process_seqs] Processed 741272 reads in 1074.295 CPU sec, 60.347 real sec
[M::mem_process_seqs] Processed 741346 reads in 1052.553 CPU sec, 65.058 real sec
[M::process] read 742168 sequences (180000421 bp)...
[M::process] read 741076 sequences (180000395 bp)...
[M::mem_process_seqs] Processed 742168 reads in 1077.302 CPU sec, 60.558 real sec
[M::process] read 741206 sequences (180000217 bp)...
[M::mem_process_seqs] Processed 741076 reads in 1065.620 CPU sec, 59.698 real sec
[M::process] read 741198 sequences (180000208 bp)...
[M::mem_process_seqs] Processed 741206 reads in 1060.798 CPU sec, 61.310 real sec
[M::process] read 742194 sequences (180000053 bp)...
[M::mem_process_seqs] Processed 741198 reads in 1060.300 CPU sec, 59.528 real sec
[M::process] read 741172 sequences (180000471 bp)...
[M::mem_process_seqs] Processed 742194 reads in 1071.680 CPU sec, 60.096 real sec
[M::process] read 741000 sequences (180000085 bp)...
[M::mem_process_seqs] Processed 741172 reads in 1074.164 CPU sec, 60.444 real sec
[M::process] read 741122 sequences (180000334 bp)...
[M::mem_process_seqs] Processed 741000 reads in 1058.753 CPU sec, 59.578 real sec
[M::process] read 742054 sequences (180000036 bp)...
[M::mem_process_seqs] Processed 741122 reads in 1064.864 CPU sec, 59.733 real sec
[M::process] read 741186 sequences (180000273 bp)...
[M::mem_process_seqs] Processed 742054 reads in 1062.437 CPU sec, 60.149 real sec
[M::process] read 740926 sequences (180000340 bp)...
[M::mem_process_seqs] Processed 741186 reads in 1070.600 CPU sec, 60.554 real sec
[M::process] read 741132 sequences (180000132 bp)...
[M::mem_process_seqs] Processed 740926 reads in 1062.320 CPU sec, 59.916 real sec
[M::process] read 742300 sequences (180000018 bp)...
[M::mem_process_seqs] Processed 741132 reads in 1068.824 CPU sec, 61.293 real sec
[M::process] read 741486 sequences (180000183 bp)...
[M::mem_process_seqs] Processed 742300 reads in 1093.743 CPU sec, 61.495 real sec
[M::process] read 741174 sequences (180000158 bp)...
[M::mem_process_seqs] Processed 741486 reads in 1091.095 CPU sec, 62.181 real sec
[M::process] read 740926 sequences (180000401 bp)...
[M::mem_process_seqs] Processed 741174 reads in 1077.484 CPU sec, 60.602 real sec
[M::process] read 742230 sequences (180000011 bp)...
[M::mem_process_seqs] Processed 740926 reads in 1074.396 CPU sec, 60.196 real sec
[M::process] read 740900 sequences (180000029 bp)...
[M::mem_process_seqs] Processed 742230 reads in 1083.852 CPU sec, 60.775 real sec
[M::process] read 741016 sequences (180000218 bp)...
[M::mem_process_seqs] Processed 740900 reads in 1086.156 CPU sec, 60.867 real sec
[M::process] read 741342 sequences (180000369 bp)...
[M::mem_process_seqs] Processed 741016 reads in 1085.050 CPU sec, 61.306 real sec
[M::process] read 741978 sequences (180000446 bp)...
[M::mem_process_seqs] Processed 741342 reads in 1063.653 CPU sec, 66.205 real sec
[M::process] read 741188 sequences (180000168 bp)...
[M::mem_process_seqs] Processed 741978 reads in 1095.412 CPU sec, 62.153 real sec
[M::process] read 740816 sequences (180000001 bp)...
[M::mem_process_seqs] Processed 741188 reads in 1076.947 CPU sec, 65.457 real sec
[M::process] read 741168 sequences (180000147 bp)...
[M::mem_process_seqs] Processed 740816 reads in 1061.252 CPU sec, 62.948 real sec
[M::process] read 742404 sequences (180000073 bp)...
[M::mem_process_seqs] Processed 741168 reads in 1070.788 CPU sec, 63.286 real sec
[M::process] read 741382 sequences (180000282 bp)...
[M::mem_process_seqs] Processed 742404 reads in 1086.522 CPU sec, 61.586 real sec
[M::process] read 741152 sequences (180000086 bp)...
[M::mem_process_seqs] Processed 741382 reads in 1078.608 CPU sec, 63.053 real sec
[M::process] read 740934 sequences (180000318 bp)...
[M::mem_process_seqs] Processed 741152 reads in 1066.160 CPU sec, 59.980 real sec
[M::process] read 742222 sequences (180000046 bp)...
[M::mem_process_seqs] Processed 740934 reads in 1060.885 CPU sec, 61.789 real sec
[M::process] read 741142 sequences (180000266 bp)...
[M::mem_process_seqs] Processed 742222 reads in 1074.808 CPU sec, 61.057 real sec
[M::process] read 741302 sequences (180000320 bp)...
[M::mem_process_seqs] Processed 741142 reads in 1067.543 CPU sec, 60.087 real sec
[M::process] read 741098 sequences (180000018 bp)...
[M::mem_process_seqs] Processed 741302 reads in 1061.188 CPU sec, 59.653 real sec
[M::process] read 742440 sequences (180000123 bp)...
[M::mem_process_seqs] Processed 741098 reads in 1065.187 CPU sec, 59.721 real sec
[M::process] read 741414 sequences (180000262 bp)...
[M::mem_process_seqs] Processed 742440 reads in 1079.102 CPU sec, 60.656 real sec
[M::mem_process_seqs] Processed 741414 reads in 1067.393 CPU sec, 66.667 real sec
[M::process] read 741166 sequences (180000553 bp)...
[M::process] read 740980 sequences (180000076 bp)...
[M::mem_process_seqs] Processed 741166 reads in 1059.736 CPU sec, 59.545 real sec
[M::process] read 741970 sequences (180000018 bp)...
[M::mem_process_seqs] Processed 740980 reads in 1074.502 CPU sec, 60.612 real sec
[M::process] read 741340 sequences (180000085 bp)...
[M::mem_process_seqs] Processed 741970 reads in 1074.317 CPU sec, 60.655 real sec
[M::process] read 741106 sequences (180000453 bp)...
[M::mem_process_seqs] Processed 741340 reads in 1076.198 CPU sec, 60.473 real sec
[M::process] read 740830 sequences (180000247 bp)...
[M::mem_process_seqs] Processed 741106 reads in 1060.493 CPU sec, 59.607 real sec
[M::process] read 741450 sequences (180000448 bp)...
[M::mem_process_seqs] Processed 740830 reads in 1064.218 CPU sec, 60.274 real sec
[M::process] read 741692 sequences (180000099 bp)...
[M::mem_process_seqs] Processed 741450 reads in 1070.437 CPU sec, 60.012 real sec
[M::process] read 741310 sequences (180000253 bp)...
[M::mem_process_seqs] Processed 741692 reads in 1080.648 CPU sec, 60.702 real sec
[M::process] read 741032 sequences (180000362 bp)...
[M::mem_process_seqs] Processed 741310 reads in 1068.533 CPU sec, 60.063 real sec
[M::process] read 741276 sequences (180000382 bp)...
[M::mem_process_seqs] Processed 741032 reads in 1073.872 CPU sec, 60.621 real sec
[M::process] read 741804 sequences (180000252 bp)...
[M::mem_process_seqs] Processed 741276 reads in 1073.834 CPU sec, 60.595 real sec
[M::process] read 741186 sequences (180000381 bp)...
[M::mem_process_seqs] Processed 741804 reads in 1085.530 CPU sec, 61.072 real sec
[M::process] read 740800 sequences (180000266 bp)...
[M::mem_process_seqs] Processed 741186 reads in 1078.052 CPU sec, 60.647 real sec
[M::process] read 741198 sequences (180000168 bp)...
[M::mem_process_seqs] Processed 740800 reads in 1068.415 CPU sec, 60.147 real sec
[M::process] read 741844 sequences (180000534 bp)...
[M::mem_process_seqs] Processed 741198 reads in 1071.907 CPU sec, 60.253 real sec
[M::process] read 740892 sequences (180000408 bp)...
[M::mem_process_seqs] Processed 741844 reads in 1084.976 CPU sec, 61.156 real sec
[M::process] read 741072 sequences (180000271 bp)...
[M::mem_process_seqs] Processed 740892 reads in 1067.797 CPU sec, 59.953 real sec
[M::process] read 740910 sequences (180000098 bp)...
[M::mem_process_seqs] Processed 741072 reads in 1067.173 CPU sec, 61.147 real sec
[M::process] read 741972 sequences (180000359 bp)...
[M::mem_process_seqs] Processed 740910 reads in 1070.334 CPU sec, 60.222 real sec
[M::process] read 741114 sequences (180000233 bp)...
[M::mem_process_seqs] Processed 741972 reads in 1080.323 CPU sec, 60.903 real sec
[M::process] read 741030 sequences (180000456 bp)...
[M::mem_process_seqs] Processed 741114 reads in 1074.787 CPU sec, 60.566 real sec
[M::process] read 740964 sequences (180000490 bp)...
[M::mem_process_seqs] Processed 741030 reads in 1071.415 CPU sec, 60.185 real sec
[M::process] read 741666 sequences (180000329 bp)...
[M::mem_process_seqs] Processed 740964 reads in 1069.606 CPU sec, 60.062 real sec
[M::process] read 741376 sequences (180000319 bp)...
[M::mem_process_seqs] Processed 741666 reads in 1080.166 CPU sec, 60.709 real sec
[M::process] read 740796 sequences (180000343 bp)...
[M::mem_process_seqs] Processed 741376 reads in 1070.898 CPU sec, 60.088 real sec
[M::process] read 740702 sequences (180000061 bp)...
[M::mem_process_seqs] Processed 740796 reads in 1069.245 CPU sec, 60.329 real sec
[M::process] read 742044 sequences (180000171 bp)...
[M::mem_process_seqs] Processed 740702 reads in 1064.926 CPU sec, 60.069 real sec
[M::process] read 741310 sequences (180000488 bp)...
[M::mem_process_seqs] Processed 742044 reads in 1075.013 CPU sec, 61.252 real sec
[M::process] read 740832 sequences (180000389 bp)...
[M::mem_process_seqs] Processed 741310 reads in 1068.881 CPU sec, 60.011 real sec
[M::process] read 740976 sequences (180000294 bp)...
[M::mem_process_seqs] Processed 740832 reads in 1069.665 CPU sec, 60.230 real sec
[M::process] read 741628 sequences (180000004 bp)...
[M::mem_process_seqs] Processed 740976 reads in 1072.723 CPU sec, 60.255 real sec
[M::process] read 741348 sequences (180000494 bp)...
[M::mem_process_seqs] Processed 741628 reads in 1067.415 CPU sec, 59.973 real sec
[M::mem_process_seqs] Processed 741348 reads in 1068.275 CPU sec, 66.939 real sec
[M::process] read 741030 sequences (180000097 bp)...
[M::process] read 740802 sequences (180000069 bp)...
[M::mem_process_seqs] Processed 741030 reads in 1071.722 CPU sec, 61.312 real sec
[M::process] read 741546 sequences (180000191 bp)...
[M::mem_process_seqs] Processed 740802 reads in 1075.974 CPU sec, 60.640 real sec
[M::process] read 741392 sequences (180000208 bp)...
[M::mem_process_seqs] Processed 741546 reads in 1073.740 CPU sec, 60.236 real sec
[M::process] read 741348 sequences (180000316 bp)...
[M::mem_process_seqs] Processed 741392 reads in 1079.436 CPU sec, 60.509 real sec
[M::process] read 740846 sequences (180000423 bp)...
[M::mem_process_seqs] Processed 741348 reads in 1073.758 CPU sec, 60.246 real sec
[M::process] read 741190 sequences (180000094 bp)...
[M::mem_process_seqs] Processed 740846 reads in 1069.425 CPU sec, 60.051 real sec
[M::process] read 742152 sequences (180000354 bp)...
[M::mem_process_seqs] Processed 741190 reads in 1072.583 CPU sec, 60.122 real sec
[M::process] read 741430 sequences (180000022 bp)...
[M::mem_process_seqs] Processed 742152 reads in 1078.544 CPU sec, 60.764 real sec
[M::process] read 740968 sequences (180000246 bp)...
[M::mem_process_seqs] Processed 741430 reads in 1076.173 CPU sec, 60.816 real sec
[M::process] read 741196 sequences (180000279 bp)...
[M::mem_process_seqs] Processed 740968 reads in 1065.465 CPU sec, 59.957 real sec
[M::process] read 742028 sequences (180000349 bp)...
[M::mem_process_seqs] Processed 741196 reads in 1071.346 CPU sec, 60.160 real sec
[M::process] read 741600 sequences (180000050 bp)...
[M::mem_process_seqs] Processed 742028 reads in 1087.606 CPU sec, 61.239 real sec
[M::process] read 741020 sequences (180000081 bp)...
[M::mem_process_seqs] Processed 741600 reads in 1077.642 CPU sec, 60.675 real sec
[M::process] read 741290 sequences (180000458 bp)...
[M::mem_process_seqs] Processed 741020 reads in 1073.699 CPU sec, 60.342 real sec
[M::process] read 742122 sequences (180000488 bp)...
[M::mem_process_seqs] Processed 741290 reads in 1076.483 CPU sec, 60.731 real sec
[M::process] read 741258 sequences (180000003 bp)...
[M::mem_process_seqs] Processed 742122 reads in 1073.043 CPU sec, 60.225 real sec
[M::process] read 741250 sequences (180000165 bp)...
[M::mem_process_seqs] Processed 741258 reads in 1079.279 CPU sec, 60.685 real sec
[M::process] read 741418 sequences (180000262 bp)...
[M::mem_process_seqs] Processed 741250 reads in 1076.524 CPU sec, 60.472 real sec
[M::process] read 742214 sequences (180000468 bp)...
[M::mem_process_seqs] Processed 741418 reads in 1074.201 CPU sec, 60.422 real sec
[M::process] read 741704 sequences (180000122 bp)...
[M::mem_process_seqs] Processed 742214 reads in 1074.399 CPU sec, 60.452 real sec
[M::process] read 741308 sequences (180000090 bp)...
[M::mem_process_seqs] Processed 741704 reads in 1083.349 CPU sec, 60.916 real sec
[M::process] read 741554 sequences (180000283 bp)...
[M::mem_process_seqs] Processed 741308 reads in 1075.032 CPU sec, 60.426 real sec
[M::process] read 741870 sequences (180000354 bp)...
[M::mem_process_seqs] Processed 741554 reads in 1076.669 CPU sec, 60.380 real sec
[M::process] read 741952 sequences (180000198 bp)...
[M::mem_process_seqs] Processed 741870 reads in 1085.577 CPU sec, 60.883 real sec
[M::process] read 741646 sequences (180000082 bp)...
[M::mem_process_seqs] Processed 741952 reads in 1077.674 CPU sec, 60.539 real sec
[M::process] read 741216 sequences (180000107 bp)...
[M::mem_process_seqs] Processed 741646 reads in 1072.067 CPU sec, 60.152 real sec
[M::process] read 741838 sequences (180000117 bp)...
[M::mem_process_seqs] Processed 741216 reads in 1068.505 CPU sec, 60.551 real sec
[M::process] read 742146 sequences (180000136 bp)...
[M::mem_process_seqs] Processed 741838 reads in 1072.870 CPU sec, 60.229 real sec
[M::process] read 741580 sequences (180000249 bp)...
[M::mem_process_seqs] Processed 742146 reads in 1081.347 CPU sec, 60.811 real sec
[M::process] read 741360 sequences (180000391 bp)...
[M::mem_process_seqs] Processed 741580 reads in 1075.228 CPU sec, 60.398 real sec
[M::process] read 741450 sequences (180000192 bp)...
[M::mem_process_seqs] Processed 741360 reads in 1083.507 CPU sec, 61.042 real sec
[M::process] read 736922 sequences (180000509 bp)...
[M::mem_process_seqs] Processed 741450 reads in 1070.472 CPU sec, 60.467 real sec
[M::process] read 733404 sequences (180000163 bp)...
[M::mem_process_seqs] Processed 736922 reads in 1199.492 CPU sec, 67.274 real sec
[M::process] read 733702 sequences (180000009 bp)...
[M::mem_process_seqs] Processed 733404 reads in 1228.062 CPU sec, 76.852 real sec
[M::process] read 734212 sequences (180000098 bp)...
[M::mem_process_seqs] Processed 733702 reads in 1244.901 CPU sec, 69.947 real sec
[M::process] read 624233 sequences (153168263 bp)...
[M::mem_process_seqs] Processed 734212 reads in 1244.756 CPU sec, 70.045 real sec
[M::mem_process_seqs] Processed 624233 reads in 1049.410 CPU sec, 58.909 real sec
[main] Version: 0.7.17-r1188
[main] CMD: bwa mem -t 18 -R @RG\tID:a138\tSM:a138 /home/jilong/spider2/faststorage/social_spiders_2020/people/jilong/chapter1_social/steps/population_vcf/spider/Stegodyphus_mimosarum/mapping/reference/MIM_hifi_hic_scaffolded_trim.fa /dev/fd/63
[main] Real time: 10593.096 sec; CPU: 186290.426 sec
[bam_sort_core] merging from 5 files and 17 in-memory blocks...
