[M::bwa_idx_load_from_disk] read 0 ALT contigs
[M::process] read 756766 sequences (180000161 bp)...
[M::process] read 756614 sequences (180000436 bp)...
[M::mem_process_seqs] Processed 756766 reads in 1037.657 CPU sec, 59.668 real sec
[M::process] read 756640 sequences (180000182 bp)...
[M::mem_process_seqs] Processed 756614 reads in 991.207 CPU sec, 56.796 real sec
[M::process] read 756574 sequences (180000518 bp)...
[M::mem_process_seqs] Processed 756640 reads in 989.646 CPU sec, 55.985 real sec
[M::process] read 756384 sequences (180000181 bp)...
[M::mem_process_seqs] Processed 756574 reads in 1006.503 CPU sec, 57.732 real sec
[M::process] read 756334 sequences (180000254 bp)...
[M::mem_process_seqs] Processed 756384 reads in 993.897 CPU sec, 55.659 real sec
[M::process] read 756522 sequences (180000035 bp)...
[M::mem_process_seqs] Processed 756334 reads in 985.836 CPU sec, 56.638 real sec
[M::process] read 756404 sequences (180000292 bp)...
[M::mem_process_seqs] Processed 756522 reads in 978.471 CPU sec, 57.896 real sec
[M::process] read 756252 sequences (180000430 bp)...
[M::mem_process_seqs] Processed 756404 reads in 983.471 CPU sec, 58.212 real sec
[M::process] read 756296 sequences (180000139 bp)...
[M::mem_process_seqs] Processed 756252 reads in 979.027 CPU sec, 57.804 real sec
[M::process] read 756464 sequences (180000184 bp)...
[M::mem_process_seqs] Processed 756296 reads in 979.650 CPU sec, 57.604 real sec
[M::process] read 756250 sequences (180000034 bp)...
[M::mem_process_seqs] Processed 756464 reads in 984.014 CPU sec, 58.320 real sec
[M::process] read 756424 sequences (180000197 bp)...
[M::mem_process_seqs] Processed 756250 reads in 978.304 CPU sec, 57.372 real sec
[M::process] read 756230 sequences (180000165 bp)...
[M::mem_process_seqs] Processed 756424 reads in 978.498 CPU sec, 57.975 real sec
[M::process] read 756184 sequences (180000043 bp)...
[M::mem_process_seqs] Processed 756230 reads in 974.407 CPU sec, 57.702 real sec
[M::process] read 756470 sequences (180000448 bp)...
[M::mem_process_seqs] Processed 756184 reads in 979.137 CPU sec, 57.420 real sec
[M::process] read 756384 sequences (180000420 bp)...
[M::mem_process_seqs] Processed 756470 reads in 989.450 CPU sec, 57.933 real sec
[M::process] read 756220 sequences (180000370 bp)...
[M::mem_process_seqs] Processed 756384 reads in 974.958 CPU sec, 57.638 real sec
[M::process] read 756262 sequences (180000078 bp)...
[M::mem_process_seqs] Processed 756220 reads in 977.629 CPU sec, 57.138 real sec
[M::process] read 756602 sequences (180000293 bp)...
[M::mem_process_seqs] Processed 756262 reads in 980.353 CPU sec, 58.111 real sec
[M::process] read 756384 sequences (180000351 bp)...
[M::mem_process_seqs] Processed 756602 reads in 974.434 CPU sec, 57.298 real sec
[M::process] read 756496 sequences (180000171 bp)...
[M::mem_process_seqs] Processed 756384 reads in 989.249 CPU sec, 56.700 real sec
[M::process] read 756340 sequences (180000047 bp)...
[M::mem_process_seqs] Processed 756496 reads in 975.017 CPU sec, 57.134 real sec
[M::process] read 756674 sequences (180000376 bp)...
[M::mem_process_seqs] Processed 756340 reads in 990.702 CPU sec, 56.570 real sec
[M::process] read 756258 sequences (180000365 bp)...
[M::mem_process_seqs] Processed 756674 reads in 1008.373 CPU sec, 57.365 real sec
[M::process] read 756538 sequences (180000269 bp)...
[M::mem_process_seqs] Processed 756258 reads in 986.883 CPU sec, 55.263 real sec
[M::process] read 756456 sequences (180000424 bp)...
[M::mem_process_seqs] Processed 756538 reads in 989.427 CPU sec, 56.806 real sec
[M::process] read 756384 sequences (180000202 bp)...
[M::mem_process_seqs] Processed 756456 reads in 985.743 CPU sec, 57.102 real sec
[M::process] read 756122 sequences (180000128 bp)...
[M::mem_process_seqs] Processed 756384 reads in 981.399 CPU sec, 56.719 real sec
[M::process] read 756320 sequences (180000281 bp)...
[M::mem_process_seqs] Processed 756122 reads in 985.014 CPU sec, 57.921 real sec
[M::process] read 756290 sequences (180000414 bp)...
[M::mem_process_seqs] Processed 756320 reads in 975.941 CPU sec, 57.564 real sec
[M::process] read 756208 sequences (180000374 bp)...
[M::mem_process_seqs] Processed 756290 reads in 997.830 CPU sec, 56.810 real sec
[M::process] read 756624 sequences (180000183 bp)...
[M::mem_process_seqs] Processed 756208 reads in 988.255 CPU sec, 58.229 real sec
[M::process] read 756570 sequences (180000155 bp)...
[M::mem_process_seqs] Processed 756624 reads in 993.145 CPU sec, 57.967 real sec
[M::process] read 756600 sequences (180000378 bp)...
[M::mem_process_seqs] Processed 756570 reads in 985.094 CPU sec, 55.367 real sec
[M::mem_process_seqs] Processed 756600 reads in 997.465 CPU sec, 64.739 real sec
[M::process] read 756782 sequences (180000224 bp)...
[M::process] read 756638 sequences (180000117 bp)...
[M::mem_process_seqs] Processed 756782 reads in 1001.321 CPU sec, 57.142 real sec
[M::process] read 756332 sequences (180000006 bp)...
[M::mem_process_seqs] Processed 756638 reads in 990.043 CPU sec, 58.327 real sec
[M::process] read 756492 sequences (180000441 bp)...
[M::mem_process_seqs] Processed 756332 reads in 986.800 CPU sec, 56.579 real sec
[M::process] read 756454 sequences (180000416 bp)...
[M::mem_process_seqs] Processed 756492 reads in 982.486 CPU sec, 57.676 real sec
[M::process] read 756352 sequences (180000029 bp)...
[M::mem_process_seqs] Processed 756454 reads in 984.345 CPU sec, 57.350 real sec
[M::process] read 756618 sequences (180000320 bp)...
[M::mem_process_seqs] Processed 756352 reads in 989.139 CPU sec, 56.739 real sec
[M::process] read 756800 sequences (180000363 bp)...
[M::mem_process_seqs] Processed 756618 reads in 987.189 CPU sec, 58.006 real sec
[M::process] read 756578 sequences (180000238 bp)...
[M::mem_process_seqs] Processed 756800 reads in 991.743 CPU sec, 55.920 real sec
[M::process] read 756498 sequences (180000298 bp)...
[M::mem_process_seqs] Processed 756578 reads in 995.800 CPU sec, 56.635 real sec
[M::process] read 756540 sequences (180000126 bp)...
[M::mem_process_seqs] Processed 756498 reads in 984.836 CPU sec, 57.715 real sec
[M::process] read 756662 sequences (180000049 bp)...
[M::mem_process_seqs] Processed 756540 reads in 999.963 CPU sec, 56.729 real sec
[M::process] read 756894 sequences (180000236 bp)...
[M::mem_process_seqs] Processed 756662 reads in 995.353 CPU sec, 58.079 real sec
[M::process] read 757984 sequences (180000434 bp)...
[M::mem_process_seqs] Processed 756894 reads in 1007.945 CPU sec, 56.564 real sec
[M::process] read 758188 sequences (180000283 bp)...
[M::mem_process_seqs] Processed 757984 reads in 1052.075 CPU sec, 59.172 real sec
[M::process] read 756878 sequences (180000296 bp)...
[M::mem_process_seqs] Processed 758188 reads in 994.442 CPU sec, 55.668 real sec
[M::process] read 756596 sequences (180000370 bp)...
[M::mem_process_seqs] Processed 756878 reads in 839.368 CPU sec, 48.416 real sec
[M::process] read 756690 sequences (180000427 bp)...
[M::mem_process_seqs] Processed 756596 reads in 843.510 CPU sec, 48.458 real sec
[M::process] read 756676 sequences (180000412 bp)...
[M::mem_process_seqs] Processed 756690 reads in 846.291 CPU sec, 48.761 real sec
[M::process] read 756396 sequences (180000137 bp)...
[M::mem_process_seqs] Processed 756676 reads in 845.544 CPU sec, 48.279 real sec
[M::process] read 756606 sequences (180000452 bp)...
[M::mem_process_seqs] Processed 756396 reads in 841.419 CPU sec, 47.924 real sec
[M::process] read 756374 sequences (180000482 bp)...
[M::mem_process_seqs] Processed 756606 reads in 844.233 CPU sec, 47.993 real sec
[M::process] read 756594 sequences (180000266 bp)...
[M::mem_process_seqs] Processed 756374 reads in 846.348 CPU sec, 47.347 real sec
[M::process] read 756678 sequences (180000137 bp)...
[M::mem_process_seqs] Processed 756594 reads in 845.264 CPU sec, 47.658 real sec
[M::process] read 756964 sequences (180000214 bp)...
[M::mem_process_seqs] Processed 756678 reads in 842.229 CPU sec, 48.273 real sec
[M::process] read 756626 sequences (180000307 bp)...
[M::mem_process_seqs] Processed 756964 reads in 850.840 CPU sec, 48.640 real sec
[M::process] read 756780 sequences (180000124 bp)...
[M::mem_process_seqs] Processed 756626 reads in 833.581 CPU sec, 47.909 real sec
[M::process] read 756860 sequences (180000136 bp)...
[M::mem_process_seqs] Processed 756780 reads in 863.289 CPU sec, 49.145 real sec
[M::process] read 756524 sequences (180000264 bp)...
[M::mem_process_seqs] Processed 756860 reads in 856.588 CPU sec, 50.037 real sec
[M::process] read 756446 sequences (180000157 bp)...
[M::mem_process_seqs] Processed 756524 reads in 844.335 CPU sec, 49.233 real sec
[M::process] read 756646 sequences (180000037 bp)...
[M::mem_process_seqs] Processed 756446 reads in 868.138 CPU sec, 48.749 real sec
[M::process] read 756648 sequences (180000060 bp)...
[M::mem_process_seqs] Processed 756646 reads in 854.237 CPU sec, 48.027 real sec
[M::process] read 756822 sequences (180000034 bp)...
[M::mem_process_seqs] Processed 756648 reads in 864.255 CPU sec, 48.475 real sec
[M::process] read 756590 sequences (180000315 bp)...
[M::mem_process_seqs] Processed 756822 reads in 868.942 CPU sec, 49.053 real sec
[M::mem_process_seqs] Processed 756590 reads in 843.160 CPU sec, 54.691 real sec
[M::process] read 756450 sequences (180000290 bp)...
[M::process] read 756836 sequences (180000424 bp)...
[M::mem_process_seqs] Processed 756450 reads in 858.118 CPU sec, 48.527 real sec
[M::process] read 756578 sequences (180000201 bp)...
[M::mem_process_seqs] Processed 756836 reads in 852.579 CPU sec, 47.756 real sec
[M::process] read 756766 sequences (180000495 bp)...
[M::mem_process_seqs] Processed 756578 reads in 844.347 CPU sec, 47.506 real sec
[M::process] read 756776 sequences (180000522 bp)...
[M::mem_process_seqs] Processed 756766 reads in 871.326 CPU sec, 48.985 real sec
[M::process] read 756836 sequences (180000419 bp)...
[M::mem_process_seqs] Processed 756776 reads in 850.589 CPU sec, 47.802 real sec
[M::process] read 757000 sequences (180000373 bp)...
[M::mem_process_seqs] Processed 756836 reads in 858.896 CPU sec, 48.168 real sec
[M::process] read 756492 sequences (180000393 bp)...
[M::mem_process_seqs] Processed 757000 reads in 862.561 CPU sec, 48.489 real sec
[M::process] read 756892 sequences (180000084 bp)...
[M::mem_process_seqs] Processed 756492 reads in 844.779 CPU sec, 48.231 real sec
[M::process] read 756732 sequences (180000468 bp)...
[M::mem_process_seqs] Processed 756892 reads in 858.726 CPU sec, 48.242 real sec
[M::process] read 756620 sequences (180000277 bp)...
[M::mem_process_seqs] Processed 756732 reads in 843.646 CPU sec, 49.662 real sec
[M::process] read 757148 sequences (180000399 bp)...
[M::mem_process_seqs] Processed 756620 reads in 847.666 CPU sec, 49.005 real sec
[M::process] read 756462 sequences (180000301 bp)...
[M::mem_process_seqs] Processed 757148 reads in 866.658 CPU sec, 50.005 real sec
[M::process] read 756936 sequences (180000099 bp)...
[M::mem_process_seqs] Processed 756462 reads in 842.317 CPU sec, 47.171 real sec
[M::process] read 756756 sequences (180000109 bp)...
[M::mem_process_seqs] Processed 756936 reads in 865.459 CPU sec, 50.043 real sec
[M::process] read 756728 sequences (180000092 bp)...
[M::mem_process_seqs] Processed 756756 reads in 849.150 CPU sec, 47.719 real sec
[M::process] read 757018 sequences (180000143 bp)...
[M::mem_process_seqs] Processed 756728 reads in 855.760 CPU sec, 48.014 real sec
[M::process] read 756258 sequences (180000021 bp)...
[M::mem_process_seqs] Processed 757018 reads in 870.080 CPU sec, 50.176 real sec
[M::process] read 756642 sequences (180000160 bp)...
[M::mem_process_seqs] Processed 756258 reads in 844.757 CPU sec, 47.849 real sec
[M::process] read 756592 sequences (180000233 bp)...
[M::mem_process_seqs] Processed 756642 reads in 860.061 CPU sec, 49.092 real sec
[M::process] read 756650 sequences (180000456 bp)...
[M::mem_process_seqs] Processed 756592 reads in 846.034 CPU sec, 50.146 real sec
[M::process] read 756402 sequences (180000112 bp)...
[M::mem_process_seqs] Processed 756650 reads in 842.287 CPU sec, 49.920 real sec
[M::process] read 756024 sequences (180000332 bp)...
[M::mem_process_seqs] Processed 756402 reads in 853.251 CPU sec, 50.632 real sec
[M::process] read 756380 sequences (180000320 bp)...
[M::mem_process_seqs] Processed 756024 reads in 836.683 CPU sec, 46.898 real sec
[M::process] read 756140 sequences (180000067 bp)...
[M::mem_process_seqs] Processed 756380 reads in 851.836 CPU sec, 49.961 real sec
[M::process] read 756248 sequences (180000149 bp)...
[M::mem_process_seqs] Processed 756140 reads in 853.303 CPU sec, 47.794 real sec
[M::process] read 756464 sequences (180000184 bp)...
[M::mem_process_seqs] Processed 756248 reads in 842.248 CPU sec, 48.780 real sec
[M::process] read 756192 sequences (180000273 bp)...
[M::mem_process_seqs] Processed 756464 reads in 854.025 CPU sec, 49.965 real sec
[M::process] read 756260 sequences (180000479 bp)...
[M::mem_process_seqs] Processed 756192 reads in 836.340 CPU sec, 49.771 real sec
[M::process] read 756414 sequences (180000320 bp)...
[M::mem_process_seqs] Processed 756260 reads in 845.070 CPU sec, 47.273 real sec
[M::process] read 756198 sequences (180000249 bp)...
[M::mem_process_seqs] Processed 756414 reads in 847.503 CPU sec, 49.280 real sec
[M::process] read 756406 sequences (180000134 bp)...
[M::mem_process_seqs] Processed 756198 reads in 838.736 CPU sec, 47.930 real sec
[M::process] read 756258 sequences (180000141 bp)...
[M::mem_process_seqs] Processed 756406 reads in 845.628 CPU sec, 49.301 real sec
[M::process] read 756366 sequences (180000253 bp)...
[M::mem_process_seqs] Processed 756258 reads in 830.277 CPU sec, 49.265 real sec
[M::mem_process_seqs] Processed 756366 reads in 831.262 CPU sec, 53.925 real sec
[M::process] read 756206 sequences (180000394 bp)...
[M::process] read 756196 sequences (180000306 bp)...
[M::mem_process_seqs] Processed 756206 reads in 851.190 CPU sec, 47.757 real sec
[M::process] read 756378 sequences (180000398 bp)...
[M::mem_process_seqs] Processed 756196 reads in 838.701 CPU sec, 47.138 real sec
[M::process] read 756262 sequences (180000170 bp)...
[M::mem_process_seqs] Processed 756378 reads in 846.726 CPU sec, 47.555 real sec
[M::process] read 756418 sequences (180000427 bp)...
[M::mem_process_seqs] Processed 756262 reads in 837.025 CPU sec, 47.405 real sec
[M::process] read 756412 sequences (180000290 bp)...
[M::mem_process_seqs] Processed 756418 reads in 838.722 CPU sec, 47.314 real sec
[M::process] read 756348 sequences (180000394 bp)...
[M::mem_process_seqs] Processed 756412 reads in 846.464 CPU sec, 47.496 real sec
[M::process] read 756810 sequences (180000466 bp)...
[M::mem_process_seqs] Processed 756348 reads in 838.912 CPU sec, 47.314 real sec
[M::process] read 756422 sequences (180000435 bp)...
[M::mem_process_seqs] Processed 756810 reads in 846.635 CPU sec, 47.677 real sec
[M::process] read 756738 sequences (180000472 bp)...
[M::mem_process_seqs] Processed 756422 reads in 848.099 CPU sec, 47.647 real sec
[M::process] read 756556 sequences (180000154 bp)...
[M::mem_process_seqs] Processed 756738 reads in 838.548 CPU sec, 47.031 real sec
[M::process] read 758032 sequences (180000472 bp)...
[M::mem_process_seqs] Processed 756556 reads in 846.166 CPU sec, 47.767 real sec
[M::process] read 767014 sequences (180000214 bp)...
[M::mem_process_seqs] Processed 758032 reads in 1054.206 CPU sec, 59.202 real sec
[M::process] read 767072 sequences (180000095 bp)...
[M::mem_process_seqs] Processed 767014 reads in 2066.561 CPU sec, 115.626 real sec
[M::process] read 770278 sequences (180000108 bp)...
[M::mem_process_seqs] Processed 767072 reads in 1960.829 CPU sec, 110.096 real sec
[M::process] read 388060 sequences (90572936 bp)...
[M::mem_process_seqs] Processed 770278 reads in 1714.386 CPU sec, 96.186 real sec
[M::mem_process_seqs] Processed 388060 reads in 858.028 CPU sec, 48.486 real sec
[main] Version: 0.7.17-r1188
[main] CMD: bwa mem -t 18 -R @RG\tID:b145\tSM:b145 /home/jilong/spider2/faststorage/social_spiders_2020/people/jilong/chapter1_social/steps/population_vcf/spider/Stegodyphus_mimosarum/mapping/reference/MIM_hifi_hic_scaffolded_trim.fa /dev/fd/63
[main] Real time: 6442.783 sec; CPU: 111470.269 sec
[bam_sort_core] merging from 3 files and 17 in-memory blocks...
