[M::bwa_idx_load_from_disk] read 0 ALT contigs
[M::process] read 742462 sequences (180000344 bp)...
[M::process] read 742806 sequences (180000436 bp)...
[M::mem_process_seqs] Processed 742462 reads in 1010.559 CPU sec, 56.741 real sec
[M::process] read 742744 sequences (180000277 bp)...
[M::mem_process_seqs] Processed 742806 reads in 1006.468 CPU sec, 56.370 real sec
[M::process] read 742506 sequences (180000558 bp)...
[M::mem_process_seqs] Processed 742744 reads in 1019.778 CPU sec, 57.112 real sec
[M::process] read 742498 sequences (180000284 bp)...
[M::mem_process_seqs] Processed 742506 reads in 1005.268 CPU sec, 56.348 real sec
[M::process] read 742072 sequences (180000131 bp)...
[M::mem_process_seqs] Processed 742498 reads in 1014.689 CPU sec, 56.779 real sec
[M::process] read 742652 sequences (180000021 bp)...
[M::mem_process_seqs] Processed 742072 reads in 1012.730 CPU sec, 56.665 real sec
[M::process] read 742428 sequences (180000068 bp)...
[M::mem_process_seqs] Processed 742652 reads in 1010.862 CPU sec, 56.584 real sec
[M::process] read 742382 sequences (180000163 bp)...
[M::mem_process_seqs] Processed 742428 reads in 1019.707 CPU sec, 57.087 real sec
[M::process] read 742468 sequences (180000350 bp)...
[M::mem_process_seqs] Processed 742382 reads in 1004.648 CPU sec, 56.242 real sec
[M::process] read 742376 sequences (180000014 bp)...
[M::mem_process_seqs] Processed 742468 reads in 1017.049 CPU sec, 56.934 real sec
[M::process] read 742370 sequences (180000348 bp)...
[M::mem_process_seqs] Processed 742376 reads in 1020.140 CPU sec, 57.099 real sec
[M::process] read 742738 sequences (180000022 bp)...
[M::mem_process_seqs] Processed 742370 reads in 999.232 CPU sec, 55.954 real sec
[M::process] read 742264 sequences (180000166 bp)...
[M::mem_process_seqs] Processed 742738 reads in 1028.283 CPU sec, 57.559 real sec
[M::process] read 742690 sequences (180000177 bp)...
[M::mem_process_seqs] Processed 742264 reads in 1010.842 CPU sec, 56.586 real sec
[M::process] read 742082 sequences (180000078 bp)...
[M::mem_process_seqs] Processed 742690 reads in 1012.940 CPU sec, 56.677 real sec
[M::process] read 742192 sequences (180000216 bp)...
[M::mem_process_seqs] Processed 742082 reads in 1034.813 CPU sec, 57.906 real sec
[M::process] read 742666 sequences (180000128 bp)...
[M::mem_process_seqs] Processed 742192 reads in 1019.187 CPU sec, 57.042 real sec
[M::process] read 742346 sequences (180000215 bp)...
[M::mem_process_seqs] Processed 742666 reads in 1036.862 CPU sec, 58.047 real sec
[M::process] read 742446 sequences (180000177 bp)...
[M::mem_process_seqs] Processed 742346 reads in 1017.060 CPU sec, 57.022 real sec
[M::process] read 742596 sequences (180000009 bp)...
[M::mem_process_seqs] Processed 742446 reads in 1016.196 CPU sec, 56.852 real sec
[M::process] read 742164 sequences (180000244 bp)...
[M::mem_process_seqs] Processed 742596 reads in 1042.480 CPU sec, 58.387 real sec
[M::process] read 742690 sequences (180000186 bp)...
[M::mem_process_seqs] Processed 742164 reads in 1020.122 CPU sec, 57.082 real sec
[M::process] read 742544 sequences (180000419 bp)...
[M::mem_process_seqs] Processed 742690 reads in 1046.319 CPU sec, 58.581 real sec
[M::process] read 742450 sequences (180000165 bp)...
[M::mem_process_seqs] Processed 742544 reads in 1021.402 CPU sec, 57.201 real sec
[M::process] read 742316 sequences (180000498 bp)...
[M::mem_process_seqs] Processed 742450 reads in 1012.590 CPU sec, 56.647 real sec
[M::process] read 742464 sequences (180000277 bp)...
[M::mem_process_seqs] Processed 742316 reads in 1055.709 CPU sec, 59.085 real sec
[M::process] read 742572 sequences (180000219 bp)...
[M::mem_process_seqs] Processed 742464 reads in 1007.395 CPU sec, 56.359 real sec
[M::process] read 742446 sequences (180000256 bp)...
[M::mem_process_seqs] Processed 742572 reads in 1021.378 CPU sec, 57.193 real sec
[M::process] read 742622 sequences (180000065 bp)...
[M::mem_process_seqs] Processed 742446 reads in 1039.928 CPU sec, 58.237 real sec
[M::process] read 742764 sequences (180000137 bp)...
[M::mem_process_seqs] Processed 742622 reads in 1012.849 CPU sec, 56.708 real sec
[M::process] read 742148 sequences (180000154 bp)...
[M::mem_process_seqs] Processed 742764 reads in 1057.622 CPU sec, 59.194 real sec
[M::process] read 742314 sequences (180000340 bp)...
[M::mem_process_seqs] Processed 742148 reads in 1011.572 CPU sec, 56.618 real sec
[M::process] read 742306 sequences (180000217 bp)...
[M::mem_process_seqs] Processed 742314 reads in 1018.949 CPU sec, 57.115 real sec
[M::process] read 742218 sequences (180000150 bp)...
[M::mem_process_seqs] Processed 742306 reads in 1042.281 CPU sec, 58.375 real sec
[M::process] read 742424 sequences (180000268 bp)...
[M::mem_process_seqs] Processed 742218 reads in 1009.560 CPU sec, 63.693 real sec
[M::process] read 742310 sequences (180000099 bp)...
[M::mem_process_seqs] Processed 742424 reads in 1029.738 CPU sec, 57.649 real sec
[M::process] read 742766 sequences (180000015 bp)...
[M::mem_process_seqs] Processed 742310 reads in 1030.441 CPU sec, 57.723 real sec
[M::process] read 742808 sequences (180000277 bp)...
[M::mem_process_seqs] Processed 742766 reads in 1004.694 CPU sec, 56.315 real sec
[M::process] read 742184 sequences (180000015 bp)...
[M::mem_process_seqs] Processed 742808 reads in 1054.005 CPU sec, 59.070 real sec
[M::process] read 742700 sequences (180000319 bp)...
[M::mem_process_seqs] Processed 742184 reads in 1016.223 CPU sec, 56.928 real sec
[M::process] read 742456 sequences (180000220 bp)...
[M::mem_process_seqs] Processed 742700 reads in 1022.900 CPU sec, 57.244 real sec
[M::process] read 742478 sequences (180000183 bp)...
[M::mem_process_seqs] Processed 742456 reads in 1050.536 CPU sec, 58.894 real sec
[M::process] read 742996 sequences (180000029 bp)...
[M::mem_process_seqs] Processed 742478 reads in 1013.069 CPU sec, 56.808 real sec
[M::process] read 742198 sequences (180000315 bp)...
[M::mem_process_seqs] Processed 742996 reads in 1054.899 CPU sec, 59.093 real sec
[M::process] read 742478 sequences (180000357 bp)...
[M::mem_process_seqs] Processed 742198 reads in 1005.436 CPU sec, 56.281 real sec
[M::process] read 742590 sequences (180000101 bp)...
[M::mem_process_seqs] Processed 742478 reads in 1018.955 CPU sec, 57.118 real sec
[M::process] read 742386 sequences (180000358 bp)...
[M::mem_process_seqs] Processed 742590 reads in 1040.470 CPU sec, 58.336 real sec
[M::process] read 742552 sequences (180000100 bp)...
[M::mem_process_seqs] Processed 742386 reads in 1007.855 CPU sec, 56.387 real sec
[M::process] read 742470 sequences (180000206 bp)...
[M::mem_process_seqs] Processed 742552 reads in 1031.290 CPU sec, 57.747 real sec
[M::process] read 742444 sequences (180000396 bp)...
[M::mem_process_seqs] Processed 742470 reads in 1024.861 CPU sec, 57.469 real sec
[M::process] read 742942 sequences (180000213 bp)...
[M::mem_process_seqs] Processed 742444 reads in 1000.611 CPU sec, 56.028 real sec
[M::process] read 742260 sequences (180000407 bp)...
[M::mem_process_seqs] Processed 742942 reads in 1067.093 CPU sec, 59.719 real sec
[M::process] read 742854 sequences (180000088 bp)...
[M::mem_process_seqs] Processed 742260 reads in 1001.437 CPU sec, 56.137 real sec
[M::process] read 742414 sequences (180000096 bp)...
[M::mem_process_seqs] Processed 742854 reads in 1032.856 CPU sec, 57.770 real sec
[M::process] read 742360 sequences (180000187 bp)...
[M::mem_process_seqs] Processed 742414 reads in 1047.371 CPU sec, 58.626 real sec
[M::process] read 742830 sequences (180000102 bp)...
[M::mem_process_seqs] Processed 742360 reads in 1016.211 CPU sec, 56.973 real sec
[M::process] read 742324 sequences (180000110 bp)...
[M::mem_process_seqs] Processed 742830 reads in 1057.771 CPU sec, 59.197 real sec
[M::process] read 742330 sequences (180000260 bp)...
[M::mem_process_seqs] Processed 742324 reads in 996.635 CPU sec, 55.846 real sec
[M::process] read 742564 sequences (180000274 bp)...
[M::mem_process_seqs] Processed 742330 reads in 1015.189 CPU sec, 56.781 real sec
[M::process] read 742508 sequences (180000426 bp)...
[M::mem_process_seqs] Processed 742564 reads in 1049.462 CPU sec, 58.858 real sec
[M::process] read 742712 sequences (180000472 bp)...
[M::mem_process_seqs] Processed 742508 reads in 1006.543 CPU sec, 56.347 real sec
[M::process] read 742418 sequences (180000410 bp)...
[M::mem_process_seqs] Processed 742712 reads in 1031.468 CPU sec, 57.814 real sec
[M::process] read 742090 sequences (180000407 bp)...
[M::mem_process_seqs] Processed 742418 reads in 1026.683 CPU sec, 57.710 real sec
[M::process] read 742732 sequences (180000012 bp)...
[M::mem_process_seqs] Processed 742090 reads in 1010.343 CPU sec, 56.533 real sec
[M::process] read 742558 sequences (180000074 bp)...
[M::mem_process_seqs] Processed 742732 reads in 1054.551 CPU sec, 59.082 real sec
[M::process] read 742546 sequences (180000184 bp)...
[M::mem_process_seqs] Processed 742558 reads in 1009.749 CPU sec, 56.647 real sec
[M::process] read 742756 sequences (180000129 bp)...
[M::mem_process_seqs] Processed 742546 reads in 1010.187 CPU sec, 56.744 real sec
[M::process] read 742662 sequences (180000095 bp)...
[M::mem_process_seqs] Processed 742756 reads in 1019.051 CPU sec, 57.295 real sec
[M::process] read 742894 sequences (180000068 bp)...
[M::mem_process_seqs] Processed 742662 reads in 1014.988 CPU sec, 64.150 real sec
[M::process] read 742138 sequences (180000221 bp)...
[M::mem_process_seqs] Processed 742894 reads in 1035.127 CPU sec, 58.045 real sec
[M::process] read 742200 sequences (180000276 bp)...
[M::mem_process_seqs] Processed 742138 reads in 1007.433 CPU sec, 56.482 real sec
[M::process] read 742642 sequences (180000457 bp)...
[M::mem_process_seqs] Processed 742200 reads in 1009.602 CPU sec, 56.716 real sec
[M::process] read 742220 sequences (180000210 bp)...
[M::mem_process_seqs] Processed 742642 reads in 1021.190 CPU sec, 57.136 real sec
[M::process] read 742252 sequences (180000266 bp)...
[M::mem_process_seqs] Processed 742220 reads in 1000.144 CPU sec, 56.048 real sec
[M::process] read 742220 sequences (180000468 bp)...
[M::mem_process_seqs] Processed 742252 reads in 1015.966 CPU sec, 56.942 real sec
[M::process] read 742408 sequences (180000081 bp)...
[M::mem_process_seqs] Processed 742220 reads in 1019.743 CPU sec, 57.127 real sec
[M::process] read 742704 sequences (180000352 bp)...
[M::mem_process_seqs] Processed 742408 reads in 1003.995 CPU sec, 56.177 real sec
[M::process] read 742442 sequences (180000194 bp)...
[M::mem_process_seqs] Processed 742704 reads in 1008.015 CPU sec, 56.576 real sec
[M::process] read 742198 sequences (180000015 bp)...
[M::mem_process_seqs] Processed 742442 reads in 1002.866 CPU sec, 56.174 real sec
[M::process] read 742366 sequences (180000267 bp)...
[M::mem_process_seqs] Processed 742198 reads in 1007.851 CPU sec, 56.501 real sec
[M::process] read 742268 sequences (180000131 bp)...
[M::mem_process_seqs] Processed 742366 reads in 1031.870 CPU sec, 57.791 real sec
[M::process] read 742556 sequences (180000029 bp)...
[M::mem_process_seqs] Processed 742268 reads in 1009.263 CPU sec, 56.492 real sec
[M::process] read 742246 sequences (180000153 bp)...
[M::mem_process_seqs] Processed 742556 reads in 1022.445 CPU sec, 57.295 real sec
[M::process] read 741946 sequences (180000034 bp)...
[M::mem_process_seqs] Processed 742246 reads in 1031.846 CPU sec, 57.733 real sec
[M::process] read 742038 sequences (180000049 bp)...
[M::mem_process_seqs] Processed 741946 reads in 1022.812 CPU sec, 57.274 real sec
[M::process] read 742430 sequences (180000237 bp)...
[M::mem_process_seqs] Processed 742038 reads in 1034.200 CPU sec, 57.878 real sec
[M::process] read 742634 sequences (180000152 bp)...
[M::mem_process_seqs] Processed 742430 reads in 1019.733 CPU sec, 57.139 real sec
[M::process] read 742116 sequences (180000071 bp)...
[M::mem_process_seqs] Processed 742634 reads in 1023.850 CPU sec, 57.283 real sec
[M::process] read 742152 sequences (180000023 bp)...
[M::mem_process_seqs] Processed 742116 reads in 1029.054 CPU sec, 57.582 real sec
[M::process] read 742338 sequences (180000179 bp)...
[M::mem_process_seqs] Processed 742152 reads in 1028.210 CPU sec, 57.738 real sec
[M::process] read 742270 sequences (180000368 bp)...
[M::mem_process_seqs] Processed 742338 reads in 1035.633 CPU sec, 57.971 real sec
[M::process] read 742464 sequences (180000109 bp)...
[M::mem_process_seqs] Processed 742270 reads in 1023.648 CPU sec, 57.298 real sec
[M::process] read 742272 sequences (180000157 bp)...
[M::mem_process_seqs] Processed 742464 reads in 1022.552 CPU sec, 57.199 real sec
[M::process] read 742226 sequences (180000217 bp)...
[M::mem_process_seqs] Processed 742272 reads in 1021.480 CPU sec, 57.154 real sec
[M::process] read 742468 sequences (180000280 bp)...
[M::mem_process_seqs] Processed 742226 reads in 1019.554 CPU sec, 57.088 real sec
[M::process] read 742012 sequences (180000443 bp)...
[M::mem_process_seqs] Processed 742468 reads in 1020.242 CPU sec, 57.188 real sec
[M::process] read 742030 sequences (180000369 bp)...
[M::mem_process_seqs] Processed 742012 reads in 1022.155 CPU sec, 57.300 real sec
[M::process] read 742462 sequences (180000084 bp)...
[M::mem_process_seqs] Processed 742030 reads in 1019.878 CPU sec, 57.080 real sec
[M::process] read 742218 sequences (180000111 bp)...
[M::mem_process_seqs] Processed 742462 reads in 1025.782 CPU sec, 57.385 real sec
[M::process] read 742486 sequences (180000156 bp)...
[M::mem_process_seqs] Processed 742218 reads in 1016.559 CPU sec, 56.822 real sec
[M::process] read 742240 sequences (180000319 bp)...
[M::mem_process_seqs] Processed 742486 reads in 1034.063 CPU sec, 57.856 real sec
[M::process] read 741976 sequences (180000269 bp)...
[M::mem_process_seqs] Processed 742240 reads in 1030.424 CPU sec, 65.006 real sec
[M::process] read 742572 sequences (180000109 bp)...
[M::mem_process_seqs] Processed 741976 reads in 1025.336 CPU sec, 57.356 real sec
[M::process] read 742102 sequences (180000437 bp)...
[M::mem_process_seqs] Processed 742572 reads in 1023.196 CPU sec, 57.357 real sec
[M::process] read 742196 sequences (180000374 bp)...
[M::mem_process_seqs] Processed 742102 reads in 1018.762 CPU sec, 57.013 real sec
[M::process] read 771910 sequences (180000244 bp)...
[M::mem_process_seqs] Processed 742196 reads in 1018.299 CPU sec, 57.160 real sec
[M::process] read 784964 sequences (180000087 bp)...
[M::mem_process_seqs] Processed 771910 reads in 1648.485 CPU sec, 92.274 real sec
[M::process] read 787474 sequences (180000235 bp)...
[M::mem_process_seqs] Processed 784964 reads in 1953.180 CPU sec, 109.255 real sec
[M::process] read 109102 sequences (25008365 bp)...
[M::mem_process_seqs] Processed 787474 reads in 1952.708 CPU sec, 109.223 real sec
[M::mem_process_seqs] Processed 109102 reads in 268.371 CPU sec, 15.098 real sec
[main] Version: 0.7.17-r1188
[main] CMD: bwa mem -t 18 -R @RG\tID:b146\tSM:b146 /home/jilong/spider2/faststorage/social_spiders_2020/people/jilong/chapter1_social/steps/population_vcf/spider/Stegodyphus_mimosarum/mapping/reference/MIM_hifi_hic_scaffolded_trim.fa /dev/fd/63
[main] Real time: 6422.876 sec; CPU: 114198.810 sec
[bam_sort_core] merging from 3 files and 17 in-memory blocks...
