[M::bwa_idx_load_from_disk] read 0 ALT contigs
[M::process] read 740196 sequences (180000066 bp)...
[M::process] read 740364 sequences (180000124 bp)...
[M::mem_process_seqs] Processed 740196 reads in 817.425 CPU sec, 46.038 real sec
[M::process] read 740844 sequences (180000489 bp)...
[M::mem_process_seqs] Processed 740364 reads in 802.366 CPU sec, 45.259 real sec
[M::process] read 740304 sequences (180000144 bp)...
[M::mem_process_seqs] Processed 740844 reads in 816.636 CPU sec, 45.821 real sec
[M::process] read 740298 sequences (180000106 bp)...
[M::mem_process_seqs] Processed 740304 reads in 817.960 CPU sec, 45.875 real sec
[M::process] read 740490 sequences (180000367 bp)...
[M::mem_process_seqs] Processed 740298 reads in 815.276 CPU sec, 45.753 real sec
[M::process] read 740238 sequences (180000038 bp)...
[M::mem_process_seqs] Processed 740490 reads in 819.740 CPU sec, 46.757 real sec
[M::process] read 740496 sequences (180000051 bp)...
[M::mem_process_seqs] Processed 740238 reads in 816.531 CPU sec, 45.845 real sec
[M::process] read 740288 sequences (180000006 bp)...
[M::mem_process_seqs] Processed 740496 reads in 804.372 CPU sec, 45.365 real sec
[M::process] read 739954 sequences (180000146 bp)...
[M::mem_process_seqs] Processed 740288 reads in 818.367 CPU sec, 46.022 real sec
[M::process] read 740418 sequences (180000137 bp)...
[M::mem_process_seqs] Processed 739954 reads in 803.585 CPU sec, 46.073 real sec
[M::process] read 740240 sequences (180000489 bp)...
[M::mem_process_seqs] Processed 740418 reads in 814.675 CPU sec, 45.717 real sec
[M::process] read 740158 sequences (180000326 bp)...
[M::mem_process_seqs] Processed 740240 reads in 821.842 CPU sec, 46.729 real sec
[M::process] read 740226 sequences (180000189 bp)...
[M::mem_process_seqs] Processed 740158 reads in 804.464 CPU sec, 45.495 real sec
[M::process] read 739992 sequences (180000033 bp)...
[M::mem_process_seqs] Processed 740226 reads in 816.353 CPU sec, 46.042 real sec
[M::process] read 740246 sequences (180000435 bp)...
[M::mem_process_seqs] Processed 739992 reads in 824.015 CPU sec, 46.394 real sec
[M::process] read 740524 sequences (180000180 bp)...
[M::mem_process_seqs] Processed 740246 reads in 813.695 CPU sec, 45.696 real sec
[M::process] read 739950 sequences (180000028 bp)...
[M::mem_process_seqs] Processed 740524 reads in 828.807 CPU sec, 46.462 real sec
[M::process] read 740384 sequences (180000227 bp)...
[M::mem_process_seqs] Processed 739950 reads in 824.611 CPU sec, 46.148 real sec
[M::process] read 740644 sequences (180000056 bp)...
[M::mem_process_seqs] Processed 740384 reads in 823.270 CPU sec, 46.165 real sec
[M::process] read 739842 sequences (180000361 bp)...
[M::mem_process_seqs] Processed 740644 reads in 831.130 CPU sec, 48.388 real sec
[M::process] read 740328 sequences (180000418 bp)...
[M::mem_process_seqs] Processed 739842 reads in 806.969 CPU sec, 45.557 real sec
[M::process] read 740342 sequences (180000337 bp)...
[M::mem_process_seqs] Processed 740328 reads in 811.683 CPU sec, 46.207 real sec
[M::process] read 740006 sequences (180000199 bp)...
[M::mem_process_seqs] Processed 740342 reads in 841.277 CPU sec, 49.460 real sec
[M::process] read 740700 sequences (180000358 bp)...
[M::mem_process_seqs] Processed 740006 reads in 792.651 CPU sec, 47.471 real sec
[M::process] read 740358 sequences (180000190 bp)...
[M::mem_process_seqs] Processed 740700 reads in 819.824 CPU sec, 46.845 real sec
[M::process] read 740198 sequences (180000146 bp)...
[M::mem_process_seqs] Processed 740358 reads in 842.398 CPU sec, 47.457 real sec
[M::process] read 740366 sequences (180000405 bp)...
[M::mem_process_seqs] Processed 740198 reads in 814.952 CPU sec, 46.114 real sec
[M::process] read 740358 sequences (180000169 bp)...
[M::mem_process_seqs] Processed 740366 reads in 834.244 CPU sec, 47.317 real sec
[M::process] read 740358 sequences (180000006 bp)...
[M::mem_process_seqs] Processed 740358 reads in 836.478 CPU sec, 46.864 real sec
[M::process] read 740660 sequences (180000126 bp)...
[M::mem_process_seqs] Processed 740358 reads in 809.254 CPU sec, 45.586 real sec
[M::process] read 740410 sequences (180000447 bp)...
[M::mem_process_seqs] Processed 740660 reads in 825.792 CPU sec, 48.418 real sec
[M::process] read 740256 sequences (180000405 bp)...
[M::mem_process_seqs] Processed 740410 reads in 833.223 CPU sec, 47.628 real sec
[M::process] read 740402 sequences (180000183 bp)...
[M::mem_process_seqs] Processed 740256 reads in 805.945 CPU sec, 46.158 real sec
[M::process] read 740368 sequences (180000442 bp)...
[M::mem_process_seqs] Processed 740402 reads in 833.073 CPU sec, 47.005 real sec
[M::process] read 740508 sequences (180000306 bp)...
[M::mem_process_seqs] Processed 740368 reads in 819.134 CPU sec, 46.399 real sec
[M::mem_process_seqs] Processed 740508 reads in 802.835 CPU sec, 52.416 real sec
[M::process] read 740420 sequences (180000521 bp)...
[M::process] read 740046 sequences (180000189 bp)...
[M::mem_process_seqs] Processed 740420 reads in 820.911 CPU sec, 46.157 real sec
[M::process] read 740230 sequences (180000087 bp)...
[M::mem_process_seqs] Processed 740046 reads in 816.631 CPU sec, 45.942 real sec
[M::process] read 740682 sequences (180000286 bp)...
[M::mem_process_seqs] Processed 740230 reads in 798.495 CPU sec, 45.051 real sec
[M::process] read 739928 sequences (180000542 bp)...
[M::mem_process_seqs] Processed 740682 reads in 834.948 CPU sec, 46.896 real sec
[M::process] read 740640 sequences (180000162 bp)...
[M::mem_process_seqs] Processed 739928 reads in 805.595 CPU sec, 45.178 real sec
[M::process] read 740600 sequences (180000068 bp)...
[M::mem_process_seqs] Processed 740640 reads in 803.570 CPU sec, 45.146 real sec
[M::process] read 740166 sequences (180000235 bp)...
[M::mem_process_seqs] Processed 740600 reads in 837.598 CPU sec, 47.122 real sec
[M::process] read 740658 sequences (180000072 bp)...
[M::mem_process_seqs] Processed 740166 reads in 806.731 CPU sec, 45.390 real sec
[M::process] read 740714 sequences (180000146 bp)...
[M::mem_process_seqs] Processed 740658 reads in 807.240 CPU sec, 45.337 real sec
[M::process] read 740314 sequences (180000164 bp)...
[M::mem_process_seqs] Processed 740714 reads in 842.526 CPU sec, 47.199 real sec
[M::process] read 740568 sequences (180000327 bp)...
[M::mem_process_seqs] Processed 740314 reads in 802.101 CPU sec, 45.535 real sec
[M::process] read 740250 sequences (180000032 bp)...
[M::mem_process_seqs] Processed 740568 reads in 819.723 CPU sec, 47.226 real sec
[M::process] read 740280 sequences (180000189 bp)...
[M::mem_process_seqs] Processed 740250 reads in 829.868 CPU sec, 46.644 real sec
[M::process] read 740358 sequences (180000090 bp)...
[M::mem_process_seqs] Processed 740280 reads in 802.722 CPU sec, 45.059 real sec
[M::process] read 740470 sequences (180000297 bp)...
[M::mem_process_seqs] Processed 740358 reads in 810.367 CPU sec, 45.570 real sec
[M::process] read 740250 sequences (180000191 bp)...
[M::mem_process_seqs] Processed 740470 reads in 821.967 CPU sec, 46.102 real sec
[M::process] read 740444 sequences (180000030 bp)...
[M::mem_process_seqs] Processed 740250 reads in 799.098 CPU sec, 45.130 real sec
[M::process] read 740262 sequences (180000452 bp)...
[M::mem_process_seqs] Processed 740444 reads in 820.864 CPU sec, 46.224 real sec
[M::process] read 740292 sequences (180000115 bp)...
[M::mem_process_seqs] Processed 740262 reads in 819.515 CPU sec, 46.006 real sec
[M::process] read 740784 sequences (180000187 bp)...
[M::mem_process_seqs] Processed 740292 reads in 799.612 CPU sec, 45.350 real sec
[M::process] read 739944 sequences (180000121 bp)...
[M::mem_process_seqs] Processed 740784 reads in 849.352 CPU sec, 47.909 real sec
[M::process] read 740386 sequences (180000435 bp)...
[M::mem_process_seqs] Processed 739944 reads in 802.707 CPU sec, 44.947 real sec
[M::process] read 740980 sequences (180000442 bp)...
[M::mem_process_seqs] Processed 740386 reads in 802.200 CPU sec, 45.003 real sec
[M::process] read 740426 sequences (180000150 bp)...
[M::mem_process_seqs] Processed 740980 reads in 850.959 CPU sec, 48.067 real sec
[M::process] read 740566 sequences (180000411 bp)...
[M::mem_process_seqs] Processed 740426 reads in 800.030 CPU sec, 44.980 real sec
[M::process] read 740996 sequences (180000147 bp)...
[M::mem_process_seqs] Processed 740566 reads in 807.488 CPU sec, 45.444 real sec
[M::process] read 739940 sequences (180000322 bp)...
[M::mem_process_seqs] Processed 740996 reads in 838.319 CPU sec, 47.046 real sec
[M::process] read 740216 sequences (180000133 bp)...
[M::mem_process_seqs] Processed 739940 reads in 798.693 CPU sec, 44.964 real sec
[M::process] read 740534 sequences (180000144 bp)...
[M::mem_process_seqs] Processed 740216 reads in 819.331 CPU sec, 46.012 real sec
[M::process] read 740372 sequences (180000205 bp)...
[M::mem_process_seqs] Processed 740534 reads in 835.742 CPU sec, 47.065 real sec
[M::process] read 740490 sequences (180000519 bp)...
[M::mem_process_seqs] Processed 740372 reads in 810.249 CPU sec, 45.475 real sec
[M::process] read 740592 sequences (180000440 bp)...
[M::mem_process_seqs] Processed 740490 reads in 806.029 CPU sec, 45.622 real sec
[M::process] read 740268 sequences (180000222 bp)...
[M::mem_process_seqs] Processed 740592 reads in 833.785 CPU sec, 47.077 real sec
[M::mem_process_seqs] Processed 740268 reads in 783.941 CPU sec, 50.120 real sec
[M::process] read 740500 sequences (180000104 bp)...
[M::process] read 740690 sequences (180000047 bp)...
[M::mem_process_seqs] Processed 740500 reads in 813.947 CPU sec, 46.185 real sec
[M::process] read 740200 sequences (180000492 bp)...
[M::mem_process_seqs] Processed 740690 reads in 817.282 CPU sec, 47.813 real sec
[M::process] read 740584 sequences (180000062 bp)...
[M::mem_process_seqs] Processed 740200 reads in 798.710 CPU sec, 46.121 real sec
[M::process] read 740068 sequences (180000138 bp)...
[M::mem_process_seqs] Processed 740584 reads in 817.860 CPU sec, 46.129 real sec
[M::process] read 740412 sequences (180000383 bp)...
[M::mem_process_seqs] Processed 740068 reads in 818.812 CPU sec, 47.445 real sec
[M::process] read 740382 sequences (180000411 bp)...
[M::mem_process_seqs] Processed 740412 reads in 791.384 CPU sec, 48.106 real sec
[M::process] read 740126 sequences (180000174 bp)...
[M::mem_process_seqs] Processed 740382 reads in 821.847 CPU sec, 46.560 real sec
[M::process] read 740178 sequences (180000293 bp)...
[M::mem_process_seqs] Processed 740126 reads in 800.890 CPU sec, 46.683 real sec
[M::process] read 740132 sequences (180000489 bp)...
[M::mem_process_seqs] Processed 740178 reads in 796.727 CPU sec, 45.119 real sec
[M::process] read 740350 sequences (180000199 bp)...
[M::mem_process_seqs] Processed 740132 reads in 823.017 CPU sec, 46.283 real sec
[M::process] read 740362 sequences (180000065 bp)...
[M::mem_process_seqs] Processed 740350 reads in 792.001 CPU sec, 44.788 real sec
[M::process] read 740402 sequences (180000462 bp)...
[M::mem_process_seqs] Processed 740362 reads in 797.180 CPU sec, 45.506 real sec
[M::process] read 740226 sequences (180000434 bp)...
[M::mem_process_seqs] Processed 740402 reads in 823.849 CPU sec, 46.538 real sec
[M::process] read 740286 sequences (180000425 bp)...
[M::mem_process_seqs] Processed 740226 reads in 793.802 CPU sec, 45.691 real sec
[M::process] read 740236 sequences (180000353 bp)...
[M::mem_process_seqs] Processed 740286 reads in 799.141 CPU sec, 45.388 real sec
[M::process] read 740414 sequences (180000039 bp)...
[M::mem_process_seqs] Processed 740236 reads in 816.769 CPU sec, 46.640 real sec
[M::process] read 740362 sequences (180000380 bp)...
[M::mem_process_seqs] Processed 740414 reads in 788.461 CPU sec, 45.710 real sec
[M::process] read 740418 sequences (180000144 bp)...
[M::mem_process_seqs] Processed 740362 reads in 806.084 CPU sec, 47.553 real sec
[M::process] read 740190 sequences (180000013 bp)...
[M::mem_process_seqs] Processed 740418 reads in 817.216 CPU sec, 46.127 real sec
[M::process] read 740250 sequences (180000305 bp)...
[M::mem_process_seqs] Processed 740190 reads in 796.377 CPU sec, 44.973 real sec
[M::process] read 740374 sequences (180000182 bp)...
[M::mem_process_seqs] Processed 740250 reads in 800.824 CPU sec, 45.411 real sec
[M::process] read 740372 sequences (180000054 bp)...
[M::mem_process_seqs] Processed 740374 reads in 816.565 CPU sec, 46.098 real sec
[M::process] read 740428 sequences (180000336 bp)...
[M::mem_process_seqs] Processed 740372 reads in 804.538 CPU sec, 45.218 real sec
[M::process] read 740224 sequences (180000004 bp)...
[M::mem_process_seqs] Processed 740428 reads in 794.971 CPU sec, 48.776 real sec
[M::process] read 739942 sequences (180000526 bp)...
[M::mem_process_seqs] Processed 740224 reads in 808.803 CPU sec, 46.665 real sec
[M::process] read 740254 sequences (180000099 bp)...
[M::mem_process_seqs] Processed 739942 reads in 797.466 CPU sec, 45.718 real sec
[M::process] read 740098 sequences (180000280 bp)...
[M::mem_process_seqs] Processed 740254 reads in 792.376 CPU sec, 50.057 real sec
[M::process] read 739980 sequences (180000412 bp)...
[M::mem_process_seqs] Processed 740098 reads in 793.757 CPU sec, 46.698 real sec
[M::process] read 740246 sequences (180000296 bp)...
[M::mem_process_seqs] Processed 739980 reads in 781.942 CPU sec, 52.280 real sec
[M::process] read 740218 sequences (180000036 bp)...
[M::mem_process_seqs] Processed 740246 reads in 805.755 CPU sec, 45.856 real sec
[M::process] read 740190 sequences (180000324 bp)...
[M::mem_process_seqs] Processed 740218 reads in 814.445 CPU sec, 46.178 real sec
[M::process] read 740348 sequences (180000340 bp)...
[M::mem_process_seqs] Processed 740190 reads in 798.860 CPU sec, 46.060 real sec
[M::process] read 740084 sequences (180000242 bp)...
[M::mem_process_seqs] Processed 740348 reads in 804.978 CPU sec, 47.588 real sec
[M::mem_process_seqs] Processed 740084 reads in 792.552 CPU sec, 52.726 real sec
[M::process] read 740308 sequences (180000375 bp)...
[M::process] read 740668 sequences (180000388 bp)...
[M::mem_process_seqs] Processed 740308 reads in 762.333 CPU sec, 60.371 real sec
[M::process] read 740012 sequences (180000480 bp)...
[M::mem_process_seqs] Processed 740668 reads in 815.704 CPU sec, 46.509 real sec
[M::process] read 740214 sequences (180000400 bp)...
[M::mem_process_seqs] Processed 740012 reads in 803.274 CPU sec, 45.753 real sec
[M::process] read 740606 sequences (180000116 bp)...
[M::mem_process_seqs] Processed 740214 reads in 783.331 CPU sec, 58.439 real sec
[M::process] read 740128 sequences (180000426 bp)...
[M::mem_process_seqs] Processed 740606 reads in 804.937 CPU sec, 45.414 real sec
[M::process] read 740174 sequences (180000254 bp)...
[M::mem_process_seqs] Processed 740128 reads in 795.268 CPU sec, 48.147 real sec
[M::process] read 740346 sequences (180000367 bp)...
[M::mem_process_seqs] Processed 740174 reads in 793.222 CPU sec, 52.259 real sec
[M::process] read 740348 sequences (180000324 bp)...
[M::mem_process_seqs] Processed 740346 reads in 793.870 CPU sec, 50.842 real sec
[M::process] read 740398 sequences (180000256 bp)...
[M::mem_process_seqs] Processed 740348 reads in 783.834 CPU sec, 53.021 real sec
[M::process] read 740436 sequences (180000307 bp)...
[M::mem_process_seqs] Processed 740398 reads in 779.937 CPU sec, 56.633 real sec
[M::process] read 740030 sequences (180000142 bp)...
[M::mem_process_seqs] Processed 740436 reads in 765.983 CPU sec, 57.306 real sec
[M::process] read 740436 sequences (180000245 bp)...
[M::mem_process_seqs] Processed 740030 reads in 785.818 CPU sec, 54.623 real sec
[M::process] read 761338 sequences (180000142 bp)...
[M::mem_process_seqs] Processed 740436 reads in 785.813 CPU sec, 52.939 real sec
[M::process] read 762378 sequences (180000448 bp)...
[M::mem_process_seqs] Processed 761338 reads in 1417.603 CPU sec, 79.579 real sec
[M::process] read 764164 sequences (180000293 bp)...
[M::mem_process_seqs] Processed 762378 reads in 1462.281 CPU sec, 82.304 real sec
[M::process] read 112123 sequences (26455680 bp)...
[M::mem_process_seqs] Processed 764164 reads in 1457.859 CPU sec, 85.339 real sec
[M::mem_process_seqs] Processed 112123 reads in 217.962 CPU sec, 13.561 real sec
[main] Version: 0.7.17-r1188
[main] CMD: bwa mem -t 18 -R @RG\tID:b147\tSM:b147 /home/jilong/spider2/faststorage/social_spiders_2020/people/jilong/chapter1_social/steps/population_vcf/spider/Stegodyphus_mimosarum/mapping/reference/MIM_hifi_hic_scaffolded_trim.fa /dev/fd/63
[main] Real time: 5810.520 sec; CPU: 99358.411 sec
[bam_sort_core] merging from 3 files and 17 in-memory blocks...
