[M::bwa_idx_load_from_disk] read 0 ALT contigs
[M::process] read 737358 sequences (180000230 bp)...
[M::process] read 737740 sequences (180000213 bp)...
[M::mem_process_seqs] Processed 737358 reads in 788.181 CPU sec, 44.097 real sec
[M::process] read 737768 sequences (180000077 bp)...
[M::mem_process_seqs] Processed 737740 reads in 793.446 CPU sec, 44.390 real sec
[M::process] read 737380 sequences (180000309 bp)...
[M::mem_process_seqs] Processed 737768 reads in 798.712 CPU sec, 44.693 real sec
[M::process] read 738054 sequences (180000149 bp)...
[M::mem_process_seqs] Processed 737380 reads in 787.399 CPU sec, 44.104 real sec
[M::process] read 737764 sequences (180000444 bp)...
[M::mem_process_seqs] Processed 738054 reads in 794.283 CPU sec, 44.578 real sec
[M::process] read 737720 sequences (180000354 bp)...
[M::mem_process_seqs] Processed 737764 reads in 802.388 CPU sec, 44.911 real sec
[M::process] read 737624 sequences (180000450 bp)...
[M::mem_process_seqs] Processed 737720 reads in 794.981 CPU sec, 44.460 real sec
[M::process] read 737518 sequences (180000120 bp)...
[M::mem_process_seqs] Processed 737624 reads in 801.756 CPU sec, 44.872 real sec
[M::process] read 737724 sequences (180000139 bp)...
[M::mem_process_seqs] Processed 737518 reads in 789.196 CPU sec, 44.218 real sec
[M::process] read 737504 sequences (180000299 bp)...
[M::mem_process_seqs] Processed 737724 reads in 803.271 CPU sec, 44.963 real sec
[M::process] read 737806 sequences (180000244 bp)...
[M::mem_process_seqs] Processed 737504 reads in 799.870 CPU sec, 44.779 real sec
[M::process] read 737752 sequences (180000030 bp)...
[M::mem_process_seqs] Processed 737806 reads in 801.317 CPU sec, 44.841 real sec
[M::process] read 737594 sequences (180000239 bp)...
[M::mem_process_seqs] Processed 737752 reads in 808.703 CPU sec, 45.259 real sec
[M::process] read 737696 sequences (180000231 bp)...
[M::mem_process_seqs] Processed 737594 reads in 795.405 CPU sec, 44.560 real sec
[M::process] read 737510 sequences (180000300 bp)...
[M::mem_process_seqs] Processed 737696 reads in 812.777 CPU sec, 45.481 real sec
[M::process] read 737692 sequences (180000092 bp)...
[M::mem_process_seqs] Processed 737510 reads in 799.903 CPU sec, 44.886 real sec
[M::process] read 737666 sequences (180000018 bp)...
[M::mem_process_seqs] Processed 737692 reads in 802.004 CPU sec, 44.901 real sec
[M::process] read 737508 sequences (180000453 bp)...
[M::mem_process_seqs] Processed 737666 reads in 817.459 CPU sec, 45.757 real sec
[M::process] read 737670 sequences (180000259 bp)...
[M::mem_process_seqs] Processed 737508 reads in 792.604 CPU sec, 44.386 real sec
[M::process] read 737518 sequences (180000047 bp)...
[M::mem_process_seqs] Processed 737670 reads in 821.493 CPU sec, 45.967 real sec
[M::process] read 737676 sequences (180000345 bp)...
[M::mem_process_seqs] Processed 737518 reads in 806.619 CPU sec, 45.136 real sec
[M::process] read 737806 sequences (180000031 bp)...
[M::mem_process_seqs] Processed 737676 reads in 797.215 CPU sec, 44.607 real sec
[M::process] read 737350 sequences (180000157 bp)...
[M::mem_process_seqs] Processed 737806 reads in 830.987 CPU sec, 46.475 real sec
[M::process] read 737526 sequences (180000401 bp)...
[M::mem_process_seqs] Processed 737350 reads in 789.513 CPU sec, 44.233 real sec
[M::process] read 737814 sequences (180000131 bp)...
[M::mem_process_seqs] Processed 737526 reads in 814.001 CPU sec, 45.544 real sec
[M::process] read 737382 sequences (180000529 bp)...
[M::mem_process_seqs] Processed 737814 reads in 809.133 CPU sec, 45.365 real sec
[M::process] read 737826 sequences (180000388 bp)...
[M::mem_process_seqs] Processed 737382 reads in 797.081 CPU sec, 44.876 real sec
[M::process] read 737454 sequences (180000400 bp)...
[M::mem_process_seqs] Processed 737826 reads in 823.668 CPU sec, 46.081 real sec
[M::process] read 737562 sequences (180000283 bp)...
[M::mem_process_seqs] Processed 737454 reads in 802.331 CPU sec, 44.912 real sec
[M::process] read 737702 sequences (180000162 bp)...
[M::mem_process_seqs] Processed 737562 reads in 798.367 CPU sec, 44.670 real sec
[M::process] read 737740 sequences (180000143 bp)...
[M::mem_process_seqs] Processed 737702 reads in 827.293 CPU sec, 46.291 real sec
[M::process] read 737880 sequences (180000119 bp)...
[M::mem_process_seqs] Processed 737740 reads in 785.387 CPU sec, 43.972 real sec
[M::process] read 737678 sequences (180000238 bp)...
[M::mem_process_seqs] Processed 737880 reads in 812.488 CPU sec, 45.513 real sec
[M::process] read 737574 sequences (180000370 bp)...
[M::mem_process_seqs] Processed 737678 reads in 795.324 CPU sec, 44.530 real sec
[M::process] read 737646 sequences (180000216 bp)...
[M::mem_process_seqs] Processed 737574 reads in 784.011 CPU sec, 43.896 real sec
[M::mem_process_seqs] Processed 737646 reads in 829.031 CPU sec, 52.606 real sec
[M::process] read 737444 sequences (180000162 bp)...
[M::process] read 737966 sequences (180000105 bp)...
[M::mem_process_seqs] Processed 737444 reads in 788.518 CPU sec, 44.121 real sec
[M::process] read 737600 sequences (180000362 bp)...
[M::mem_process_seqs] Processed 737966 reads in 815.317 CPU sec, 45.637 real sec
[M::process] read 737556 sequences (180000177 bp)...
[M::mem_process_seqs] Processed 737600 reads in 818.023 CPU sec, 45.781 real sec
[M::process] read 737556 sequences (180000009 bp)...
[M::mem_process_seqs] Processed 737556 reads in 795.119 CPU sec, 44.499 real sec
[M::process] read 737220 sequences (180000159 bp)...
[M::mem_process_seqs] Processed 737556 reads in 829.821 CPU sec, 46.420 real sec
[M::process] read 737848 sequences (180000239 bp)...
[M::mem_process_seqs] Processed 737220 reads in 790.353 CPU sec, 44.217 real sec
[M::process] read 737882 sequences (180000057 bp)...
[M::mem_process_seqs] Processed 737848 reads in 807.347 CPU sec, 45.177 real sec
[M::process] read 737508 sequences (180000198 bp)...
[M::mem_process_seqs] Processed 737882 reads in 827.308 CPU sec, 46.285 real sec
[M::process] read 737920 sequences (180000237 bp)...
[M::mem_process_seqs] Processed 737508 reads in 788.226 CPU sec, 44.108 real sec
[M::process] read 737652 sequences (180000254 bp)...
[M::mem_process_seqs] Processed 737920 reads in 807.706 CPU sec, 45.203 real sec
[M::process] read 737586 sequences (180000311 bp)...
[M::mem_process_seqs] Processed 737652 reads in 793.191 CPU sec, 44.372 real sec
[M::process] read 737886 sequences (180000397 bp)...
[M::mem_process_seqs] Processed 737586 reads in 797.778 CPU sec, 44.656 real sec
[M::process] read 737690 sequences (180000131 bp)...
[M::mem_process_seqs] Processed 737886 reads in 825.050 CPU sec, 46.150 real sec
[M::process] read 737904 sequences (180000360 bp)...
[M::mem_process_seqs] Processed 737690 reads in 782.880 CPU sec, 44.397 real sec
[M::process] read 737782 sequences (180000128 bp)...
[M::mem_process_seqs] Processed 737904 reads in 801.303 CPU sec, 44.924 real sec
[M::process] read 737634 sequences (180000242 bp)...
[M::mem_process_seqs] Processed 737782 reads in 823.448 CPU sec, 46.073 real sec
[M::process] read 737828 sequences (180000306 bp)...
[M::mem_process_seqs] Processed 737634 reads in 795.018 CPU sec, 44.555 real sec
[M::process] read 737478 sequences (180000047 bp)...
[M::mem_process_seqs] Processed 737828 reads in 830.535 CPU sec, 46.492 real sec
[M::process] read 737702 sequences (180000209 bp)...
[M::mem_process_seqs] Processed 737478 reads in 786.449 CPU sec, 43.991 real sec
[M::process] read 737822 sequences (180000384 bp)...
[M::mem_process_seqs] Processed 737702 reads in 802.363 CPU sec, 44.919 real sec
[M::process] read 737512 sequences (180000477 bp)...
[M::mem_process_seqs] Processed 737822 reads in 826.518 CPU sec, 46.235 real sec
[M::process] read 737942 sequences (180000151 bp)...
[M::mem_process_seqs] Processed 737512 reads in 793.061 CPU sec, 44.485 real sec
[M::process] read 737574 sequences (180000045 bp)...
[M::mem_process_seqs] Processed 737942 reads in 822.753 CPU sec, 46.042 real sec
[M::process] read 737712 sequences (180000245 bp)...
[M::mem_process_seqs] Processed 737574 reads in 797.096 CPU sec, 44.608 real sec
[M::process] read 738174 sequences (180000481 bp)...
[M::mem_process_seqs] Processed 737712 reads in 787.289 CPU sec, 44.115 real sec
[M::process] read 737356 sequences (180000420 bp)...
[M::mem_process_seqs] Processed 738174 reads in 825.280 CPU sec, 46.264 real sec
[M::process] read 737522 sequences (180000069 bp)...
[M::mem_process_seqs] Processed 737356 reads in 786.110 CPU sec, 44.038 real sec
[M::process] read 737458 sequences (180000327 bp)...
[M::mem_process_seqs] Processed 737522 reads in 807.909 CPU sec, 45.196 real sec
[M::process] read 737594 sequences (180000080 bp)...
[M::mem_process_seqs] Processed 737458 reads in 812.313 CPU sec, 45.465 real sec
[M::process] read 737790 sequences (180000081 bp)...
[M::mem_process_seqs] Processed 737594 reads in 788.589 CPU sec, 44.152 real sec
[M::process] read 737484 sequences (180000080 bp)...
[M::mem_process_seqs] Processed 737790 reads in 820.385 CPU sec, 45.894 real sec
[M::process] read 737658 sequences (180000170 bp)...
[M::mem_process_seqs] Processed 737484 reads in 794.753 CPU sec, 44.538 real sec
[M::process] read 737900 sequences (180000061 bp)...
[M::mem_process_seqs] Processed 737658 reads in 793.899 CPU sec, 44.424 real sec
[M::mem_process_seqs] Processed 737900 reads in 814.300 CPU sec, 52.103 real sec
[M::process] read 737596 sequences (180000400 bp)...
[M::process] read 737636 sequences (180000144 bp)...
[M::mem_process_seqs] Processed 737596 reads in 787.077 CPU sec, 44.016 real sec
[M::process] read 737348 sequences (180000274 bp)...
[M::mem_process_seqs] Processed 737636 reads in 796.723 CPU sec, 44.581 real sec
[M::process] read 737728 sequences (180000079 bp)...
[M::mem_process_seqs] Processed 737348 reads in 791.445 CPU sec, 44.265 real sec
[M::process] read 737746 sequences (180000046 bp)...
[M::mem_process_seqs] Processed 737728 reads in 793.909 CPU sec, 44.430 real sec
[M::process] read 737434 sequences (180000234 bp)...
[M::mem_process_seqs] Processed 737746 reads in 814.067 CPU sec, 45.547 real sec
[M::process] read 737384 sequences (180000185 bp)...
[M::mem_process_seqs] Processed 737434 reads in 790.878 CPU sec, 44.276 real sec
[M::process] read 737520 sequences (180000025 bp)...
[M::mem_process_seqs] Processed 737384 reads in 792.830 CPU sec, 44.362 real sec
[M::process] read 737486 sequences (180000462 bp)...
[M::mem_process_seqs] Processed 737520 reads in 802.644 CPU sec, 44.894 real sec
[M::process] read 737860 sequences (180000342 bp)...
[M::mem_process_seqs] Processed 737486 reads in 799.999 CPU sec, 44.769 real sec
[M::process] read 737650 sequences (180000485 bp)...
[M::mem_process_seqs] Processed 737860 reads in 803.219 CPU sec, 44.960 real sec
[M::process] read 737250 sequences (180000287 bp)...
[M::mem_process_seqs] Processed 737650 reads in 799.406 CPU sec, 44.722 real sec
[M::process] read 737630 sequences (180000279 bp)...
[M::mem_process_seqs] Processed 737250 reads in 795.541 CPU sec, 44.523 real sec
[M::process] read 737614 sequences (180000216 bp)...
[M::mem_process_seqs] Processed 737630 reads in 810.165 CPU sec, 45.325 real sec
[M::process] read 737512 sequences (180000054 bp)...
[M::mem_process_seqs] Processed 737614 reads in 796.627 CPU sec, 44.585 real sec
[M::process] read 737522 sequences (180000293 bp)...
[M::mem_process_seqs] Processed 737512 reads in 800.215 CPU sec, 44.814 real sec
[M::process] read 737402 sequences (180000216 bp)...
[M::mem_process_seqs] Processed 737522 reads in 800.722 CPU sec, 44.800 real sec
[M::process] read 737398 sequences (180000355 bp)...
[M::mem_process_seqs] Processed 737402 reads in 790.628 CPU sec, 44.277 real sec
[M::process] read 737594 sequences (180000373 bp)...
[M::mem_process_seqs] Processed 737398 reads in 807.185 CPU sec, 45.165 real sec
[M::process] read 737320 sequences (180000371 bp)...
[M::mem_process_seqs] Processed 737594 reads in 793.017 CPU sec, 44.400 real sec
[M::process] read 737586 sequences (180000198 bp)...
[M::mem_process_seqs] Processed 737320 reads in 799.378 CPU sec, 44.726 real sec
[M::process] read 737202 sequences (180000307 bp)...
[M::mem_process_seqs] Processed 737586 reads in 799.768 CPU sec, 44.735 real sec
[M::process] read 737502 sequences (180000023 bp)...
[M::mem_process_seqs] Processed 737202 reads in 787.079 CPU sec, 44.015 real sec
[M::process] read 737680 sequences (180000351 bp)...
[M::mem_process_seqs] Processed 737502 reads in 802.480 CPU sec, 44.890 real sec
[M::process] read 737398 sequences (180000450 bp)...
[M::mem_process_seqs] Processed 737680 reads in 794.889 CPU sec, 44.443 real sec
[M::process] read 737710 sequences (180000515 bp)...
[M::mem_process_seqs] Processed 737398 reads in 794.780 CPU sec, 44.441 real sec
[M::process] read 737442 sequences (180000376 bp)...
[M::mem_process_seqs] Processed 737710 reads in 801.799 CPU sec, 44.867 real sec
[M::process] read 737320 sequences (180000097 bp)...
[M::mem_process_seqs] Processed 737442 reads in 793.340 CPU sec, 44.423 real sec
[M::process] read 737640 sequences (180000234 bp)...
[M::mem_process_seqs] Processed 737320 reads in 797.472 CPU sec, 44.609 real sec
[M::process] read 737606 sequences (180000045 bp)...
[M::mem_process_seqs] Processed 737640 reads in 789.679 CPU sec, 44.235 real sec
[M::process] read 738004 sequences (180000050 bp)...
[M::mem_process_seqs] Processed 737606 reads in 788.280 CPU sec, 44.106 real sec
[M::process] read 737412 sequences (180000249 bp)...
[M::mem_process_seqs] Processed 738004 reads in 800.256 CPU sec, 44.730 real sec
[M::process] read 737654 sequences (180000260 bp)...
[M::mem_process_seqs] Processed 737412 reads in 793.631 CPU sec, 44.370 real sec
[M::process] read 737866 sequences (180000421 bp)...
[M::mem_process_seqs] Processed 737654 reads in 806.976 CPU sec, 45.142 real sec
[M::mem_process_seqs] Processed 737866 reads in 788.102 CPU sec, 50.302 real sec
[M::process] read 737656 sequences (180000414 bp)...
[M::process] read 748640 sequences (180000357 bp)...
[M::mem_process_seqs] Processed 737656 reads in 786.777 CPU sec, 44.032 real sec
[M::process] read 766858 sequences (180000050 bp)...
[M::mem_process_seqs] Processed 748640 reads in 1007.499 CPU sec, 56.352 real sec
[M::process] read 768540 sequences (180000251 bp)...
[M::mem_process_seqs] Processed 766858 reads in 1370.801 CPU sec, 76.651 real sec
[M::process] read 349159 sequences (81977087 bp)...
[M::mem_process_seqs] Processed 768540 reads in 1379.243 CPU sec, 77.143 real sec
[M::mem_process_seqs] Processed 349159 reads in 613.902 CPU sec, 34.681 real sec
[main] Version: 0.7.17-r1188
[main] CMD: bwa mem -t 18 -R @RG\tID:b148\tSM:b148 /home/jilong/spider2/faststorage/social_spiders_2020/people/jilong/chapter1_social/steps/population_vcf/spider/Stegodyphus_mimosarum/mapping/reference/MIM_hifi_hic_scaffolded_trim.fa /dev/fd/63
[main] Real time: 4997.445 sec; CPU: 88551.661 sec
[bam_sort_core] merging from 3 files and 17 in-memory blocks...
