[M::bwa_idx_load_from_disk] read 0 ALT contigs
[M::process] read 742580 sequences (180000295 bp)...
[M::process] read 742324 sequences (180000417 bp)...
[M::mem_process_seqs] Processed 742580 reads in 897.342 CPU sec, 50.544 real sec
[M::process] read 742444 sequences (180000152 bp)...
[M::mem_process_seqs] Processed 742324 reads in 877.661 CPU sec, 49.332 real sec
[M::process] read 742710 sequences (180000060 bp)...
[M::mem_process_seqs] Processed 742444 reads in 872.548 CPU sec, 49.030 real sec
[M::process] read 742202 sequences (180000283 bp)...
[M::mem_process_seqs] Processed 742710 reads in 876.881 CPU sec, 49.851 real sec
[M::process] read 742474 sequences (180000214 bp)...
[M::mem_process_seqs] Processed 742202 reads in 890.346 CPU sec, 50.286 real sec
[M::process] read 742276 sequences (180000311 bp)...
[M::mem_process_seqs] Processed 742474 reads in 886.062 CPU sec, 49.798 real sec
[M::process] read 742578 sequences (180000524 bp)...
[M::mem_process_seqs] Processed 742276 reads in 877.440 CPU sec, 49.208 real sec
[M::process] read 742428 sequences (180000346 bp)...
[M::mem_process_seqs] Processed 742578 reads in 889.698 CPU sec, 49.947 real sec
[M::process] read 742366 sequences (180000216 bp)...
[M::mem_process_seqs] Processed 742428 reads in 884.985 CPU sec, 49.713 real sec
[M::process] read 742614 sequences (180000181 bp)...
[M::mem_process_seqs] Processed 742366 reads in 876.714 CPU sec, 49.193 real sec
[M::process] read 742548 sequences (180000292 bp)...
[M::mem_process_seqs] Processed 742614 reads in 891.988 CPU sec, 50.747 real sec
[M::process] read 742406 sequences (180000340 bp)...
[M::mem_process_seqs] Processed 742548 reads in 884.656 CPU sec, 49.972 real sec
[M::process] read 742562 sequences (180000176 bp)...
[M::mem_process_seqs] Processed 742406 reads in 882.982 CPU sec, 50.038 real sec
[M::process] read 742480 sequences (180000329 bp)...
[M::mem_process_seqs] Processed 742562 reads in 879.235 CPU sec, 49.892 real sec
[M::process] read 742502 sequences (180000077 bp)...
[M::mem_process_seqs] Processed 742480 reads in 896.830 CPU sec, 50.822 real sec
[M::process] read 742430 sequences (180000036 bp)...
[M::mem_process_seqs] Processed 742502 reads in 880.763 CPU sec, 49.762 real sec
[M::process] read 742382 sequences (180000214 bp)...
[M::mem_process_seqs] Processed 742430 reads in 876.880 CPU sec, 49.958 real sec
[M::process] read 742638 sequences (180000424 bp)...
[M::mem_process_seqs] Processed 742382 reads in 883.801 CPU sec, 50.191 real sec
[M::process] read 742420 sequences (180000387 bp)...
[M::mem_process_seqs] Processed 742638 reads in 893.213 CPU sec, 50.817 real sec
[M::process] read 742544 sequences (180000315 bp)...
[M::mem_process_seqs] Processed 742420 reads in 882.145 CPU sec, 50.091 real sec
[M::process] read 742318 sequences (180000374 bp)...
[M::mem_process_seqs] Processed 742544 reads in 891.418 CPU sec, 50.184 real sec
[M::process] read 742636 sequences (180000014 bp)...
[M::mem_process_seqs] Processed 742318 reads in 892.770 CPU sec, 50.021 real sec
[M::process] read 741910 sequences (180000451 bp)...
[M::mem_process_seqs] Processed 742636 reads in 896.564 CPU sec, 50.658 real sec
[M::process] read 742206 sequences (180000165 bp)...
[M::mem_process_seqs] Processed 741910 reads in 876.358 CPU sec, 50.164 real sec
[M::process] read 742658 sequences (180000241 bp)...
[M::mem_process_seqs] Processed 742206 reads in 877.733 CPU sec, 49.624 real sec
[M::process] read 742624 sequences (180000094 bp)...
[M::mem_process_seqs] Processed 742658 reads in 904.461 CPU sec, 51.043 real sec
[M::process] read 742344 sequences (180000471 bp)...
[M::mem_process_seqs] Processed 742624 reads in 904.697 CPU sec, 50.759 real sec
[M::process] read 742546 sequences (180000070 bp)...
[M::mem_process_seqs] Processed 742344 reads in 873.092 CPU sec, 48.990 real sec
[M::process] read 742466 sequences (180000009 bp)...
[M::mem_process_seqs] Processed 742546 reads in 884.028 CPU sec, 50.189 real sec
[M::process] read 742650 sequences (180000370 bp)...
[M::mem_process_seqs] Processed 742466 reads in 923.121 CPU sec, 52.209 real sec
[M::process] read 742572 sequences (180000120 bp)...
[M::mem_process_seqs] Processed 742650 reads in 887.591 CPU sec, 50.058 real sec
[M::process] read 742266 sequences (180000087 bp)...
[M::mem_process_seqs] Processed 742572 reads in 878.070 CPU sec, 49.367 real sec
[M::process] read 742548 sequences (180000327 bp)...
[M::mem_process_seqs] Processed 742266 reads in 895.256 CPU sec, 50.557 real sec
[M::process] read 742246 sequences (180000068 bp)...
[M::mem_process_seqs] Processed 742548 reads in 924.528 CPU sec, 52.495 real sec
[M::process] read 742126 sequences (180000043 bp)...
[M::mem_process_seqs] Processed 742246 reads in 887.679 CPU sec, 49.973 real sec
[M::mem_process_seqs] Processed 742126 reads in 873.191 CPU sec, 56.669 real sec
[M::process] read 742472 sequences (180000068 bp)...
[M::process] read 742556 sequences (180000032 bp)...
[M::mem_process_seqs] Processed 742472 reads in 892.880 CPU sec, 50.547 real sec
[M::process] read 742224 sequences (180000241 bp)...
[M::mem_process_seqs] Processed 742556 reads in 918.711 CPU sec, 51.997 real sec
[M::process] read 742216 sequences (180000157 bp)...
[M::mem_process_seqs] Processed 742224 reads in 887.004 CPU sec, 50.342 real sec
[M::process] read 742312 sequences (180000130 bp)...
[M::mem_process_seqs] Processed 742216 reads in 886.682 CPU sec, 50.079 real sec
[M::process] read 742702 sequences (180000067 bp)...
[M::mem_process_seqs] Processed 742312 reads in 898.755 CPU sec, 50.722 real sec
[M::process] read 742262 sequences (180000231 bp)...
[M::mem_process_seqs] Processed 742702 reads in 924.310 CPU sec, 51.863 real sec
[M::process] read 742470 sequences (180000489 bp)...
[M::mem_process_seqs] Processed 742262 reads in 879.453 CPU sec, 49.371 real sec
[M::process] read 742316 sequences (180000036 bp)...
[M::mem_process_seqs] Processed 742470 reads in 884.834 CPU sec, 49.878 real sec
[M::process] read 742576 sequences (180000328 bp)...
[M::mem_process_seqs] Processed 742316 reads in 924.509 CPU sec, 51.853 real sec
[M::process] read 742510 sequences (180000276 bp)...
[M::mem_process_seqs] Processed 742576 reads in 902.927 CPU sec, 50.990 real sec
[M::process] read 742360 sequences (180000220 bp)...
[M::mem_process_seqs] Processed 742510 reads in 877.782 CPU sec, 49.675 real sec
[M::process] read 742494 sequences (180000292 bp)...
[M::mem_process_seqs] Processed 742360 reads in 892.629 CPU sec, 51.262 real sec
[M::process] read 742354 sequences (180000162 bp)...
[M::mem_process_seqs] Processed 742494 reads in 920.031 CPU sec, 51.711 real sec
[M::process] read 742490 sequences (180000406 bp)...
[M::mem_process_seqs] Processed 742354 reads in 865.967 CPU sec, 48.628 real sec
[M::process] read 742450 sequences (180000168 bp)...
[M::mem_process_seqs] Processed 742490 reads in 875.475 CPU sec, 49.388 real sec
[M::process] read 742636 sequences (180000135 bp)...
[M::mem_process_seqs] Processed 742450 reads in 895.146 CPU sec, 50.466 real sec
[M::process] read 742290 sequences (180000090 bp)...
[M::mem_process_seqs] Processed 742636 reads in 932.873 CPU sec, 52.360 real sec
[M::process] read 742282 sequences (180000386 bp)...
[M::mem_process_seqs] Processed 742290 reads in 875.389 CPU sec, 50.120 real sec
[M::process] read 742430 sequences (180000112 bp)...
[M::mem_process_seqs] Processed 742282 reads in 874.887 CPU sec, 49.188 real sec
[M::process] read 742502 sequences (180000009 bp)...
[M::mem_process_seqs] Processed 742430 reads in 906.072 CPU sec, 51.735 real sec
[M::process] read 742400 sequences (180000447 bp)...
[M::mem_process_seqs] Processed 742502 reads in 918.503 CPU sec, 51.804 real sec
[M::process] read 742476 sequences (180000141 bp)...
[M::mem_process_seqs] Processed 742400 reads in 883.200 CPU sec, 49.718 real sec
[M::process] read 742998 sequences (180000059 bp)...
[M::mem_process_seqs] Processed 742476 reads in 890.551 CPU sec, 50.181 real sec
[M::process] read 742378 sequences (180000495 bp)...
[M::mem_process_seqs] Processed 742998 reads in 931.161 CPU sec, 52.562 real sec
[M::process] read 742488 sequences (180000301 bp)...
[M::mem_process_seqs] Processed 742378 reads in 881.875 CPU sec, 49.495 real sec
[M::process] read 742302 sequences (180000005 bp)...
[M::mem_process_seqs] Processed 742488 reads in 874.481 CPU sec, 50.255 real sec
[M::process] read 742768 sequences (180000325 bp)...
[M::mem_process_seqs] Processed 742302 reads in 893.688 CPU sec, 50.527 real sec
[M::process] read 742288 sequences (180000205 bp)...
[M::mem_process_seqs] Processed 742768 reads in 940.649 CPU sec, 53.555 real sec
[M::process] read 742314 sequences (180000307 bp)...
[M::mem_process_seqs] Processed 742288 reads in 873.666 CPU sec, 49.395 real sec
[M::process] read 742436 sequences (180000248 bp)...
[M::mem_process_seqs] Processed 742314 reads in 885.459 CPU sec, 50.361 real sec
[M::process] read 742756 sequences (180000488 bp)...
[M::mem_process_seqs] Processed 742436 reads in 887.204 CPU sec, 51.197 real sec
[M::process] read 742254 sequences (180000359 bp)...
[M::mem_process_seqs] Processed 742756 reads in 920.321 CPU sec, 51.873 real sec
[M::process] read 742182 sequences (180000133 bp)...
[M::mem_process_seqs] Processed 742254 reads in 877.852 CPU sec, 50.195 real sec
[M::mem_process_seqs] Processed 742182 reads in 872.970 CPU sec, 57.564 real sec
[M::process] read 742588 sequences (180000417 bp)...
[M::process] read 742492 sequences (180000447 bp)...
[M::mem_process_seqs] Processed 742588 reads in 908.309 CPU sec, 50.890 real sec
[M::process] read 742444 sequences (180000323 bp)...
[M::mem_process_seqs] Processed 742492 reads in 895.912 CPU sec, 50.852 real sec
[M::process] read 742346 sequences (180000429 bp)...
[M::mem_process_seqs] Processed 742444 reads in 861.703 CPU sec, 48.835 real sec
[M::process] read 742982 sequences (180000039 bp)...
[M::mem_process_seqs] Processed 742346 reads in 873.253 CPU sec, 51.565 real sec
[M::process] read 742244 sequences (180000286 bp)...
[M::mem_process_seqs] Processed 742982 reads in 940.545 CPU sec, 57.655 real sec
[M::process] read 742434 sequences (180000193 bp)...
[M::mem_process_seqs] Processed 742244 reads in 861.933 CPU sec, 50.806 real sec
[M::process] read 742222 sequences (180000268 bp)...
[M::mem_process_seqs] Processed 742434 reads in 848.184 CPU sec, 59.966 real sec
[M::process] read 742980 sequences (180000197 bp)...
[M::mem_process_seqs] Processed 742222 reads in 872.759 CPU sec, 54.613 real sec
[M::process] read 742482 sequences (180000257 bp)...
[M::mem_process_seqs] Processed 742980 reads in 912.735 CPU sec, 55.857 real sec
[M::process] read 742352 sequences (180000199 bp)...
[M::mem_process_seqs] Processed 742482 reads in 874.381 CPU sec, 50.482 real sec
[M::process] read 742754 sequences (180000300 bp)...
[M::mem_process_seqs] Processed 742352 reads in 866.132 CPU sec, 49.676 real sec
[M::process] read 742466 sequences (180000065 bp)...
[M::mem_process_seqs] Processed 742754 reads in 898.804 CPU sec, 57.922 real sec
[M::process] read 742208 sequences (180000493 bp)...
[M::mem_process_seqs] Processed 742466 reads in 901.711 CPU sec, 51.184 real sec
[M::process] read 742456 sequences (180000015 bp)...
[M::mem_process_seqs] Processed 742208 reads in 858.494 CPU sec, 52.137 real sec
[M::process] read 743162 sequences (180000471 bp)...
[M::mem_process_seqs] Processed 742456 reads in 875.738 CPU sec, 53.368 real sec
[M::process] read 742418 sequences (180000135 bp)...
[M::mem_process_seqs] Processed 743162 reads in 909.921 CPU sec, 59.288 real sec
[M::process] read 742064 sequences (180000300 bp)...
[M::mem_process_seqs] Processed 742418 reads in 874.117 CPU sec, 49.090 real sec
[M::process] read 742414 sequences (180000239 bp)...
[M::mem_process_seqs] Processed 742064 reads in 860.660 CPU sec, 54.288 real sec
[M::process] read 743122 sequences (180000409 bp)...
[M::mem_process_seqs] Processed 742414 reads in 861.404 CPU sec, 53.156 real sec
[M::process] read 742216 sequences (180000453 bp)...
[M::mem_process_seqs] Processed 743122 reads in 920.096 CPU sec, 55.187 real sec
[M::process] read 742272 sequences (180000296 bp)...
[M::mem_process_seqs] Processed 742216 reads in 852.267 CPU sec, 52.480 real sec
[M::process] read 742510 sequences (180000040 bp)...
[M::mem_process_seqs] Processed 742272 reads in 863.433 CPU sec, 53.796 real sec
[M::process] read 742574 sequences (180000316 bp)...
[M::mem_process_seqs] Processed 742510 reads in 867.636 CPU sec, 60.252 real sec
[M::process] read 742188 sequences (180000099 bp)...
[M::mem_process_seqs] Processed 742574 reads in 879.735 CPU sec, 61.609 real sec
[M::process] read 741978 sequences (180000210 bp)...
[M::mem_process_seqs] Processed 742188 reads in 849.146 CPU sec, 56.178 real sec
[M::process] read 743010 sequences (180000226 bp)...
[M::mem_process_seqs] Processed 741978 reads in 854.177 CPU sec, 53.292 real sec
[M::process] read 742266 sequences (180000285 bp)...
[M::mem_process_seqs] Processed 743010 reads in 890.435 CPU sec, 56.902 real sec
[M::process] read 742568 sequences (180000062 bp)...
[M::mem_process_seqs] Processed 742266 reads in 867.700 CPU sec, 52.726 real sec
[M::process] read 742156 sequences (180000379 bp)...
[M::mem_process_seqs] Processed 742568 reads in 876.734 CPU sec, 52.811 real sec
[M::process] read 742696 sequences (180000302 bp)...
[M::mem_process_seqs] Processed 742156 reads in 856.945 CPU sec, 55.357 real sec
[M::process] read 742258 sequences (180000137 bp)...
[M::mem_process_seqs] Processed 742696 reads in 894.544 CPU sec, 58.985 real sec
[M::process] read 742002 sequences (180000163 bp)...
[M::mem_process_seqs] Processed 742258 reads in 837.425 CPU sec, 56.965 real sec
[M::process] read 742364 sequences (180000078 bp)...
[M::mem_process_seqs] Processed 742002 reads in 849.657 CPU sec, 54.259 real sec
[M::mem_process_seqs] Processed 742364 reads in 868.542 CPU sec, 58.154 real sec
[M::process] read 742556 sequences (180000170 bp)...
[M::process] read 742308 sequences (180000397 bp)...
[M::mem_process_seqs] Processed 742556 reads in 879.728 CPU sec, 55.568 real sec
[M::process] read 742318 sequences (180000397 bp)...
[M::mem_process_seqs] Processed 742308 reads in 858.032 CPU sec, 49.587 real sec
[M::process] read 742528 sequences (180000398 bp)...
[M::mem_process_seqs] Processed 742318 reads in 833.097 CPU sec, 58.476 real sec
[M::process] read 742292 sequences (180000236 bp)...
[M::mem_process_seqs] Processed 742528 reads in 865.274 CPU sec, 55.316 real sec
[M::process] read 742162 sequences (180000185 bp)...
[M::mem_process_seqs] Processed 742292 reads in 854.163 CPU sec, 59.900 real sec
[M::process] read 742028 sequences (180000289 bp)...
[M::mem_process_seqs] Processed 742162 reads in 829.037 CPU sec, 58.834 real sec
[M::process] read 742838 sequences (180000468 bp)...
[M::mem_process_seqs] Processed 742028 reads in 836.654 CPU sec, 59.739 real sec
[M::process] read 742142 sequences (180000323 bp)...
[M::mem_process_seqs] Processed 742838 reads in 853.936 CPU sec, 61.452 real sec
[M::process] read 742004 sequences (180000088 bp)...
[M::mem_process_seqs] Processed 742142 reads in 833.068 CPU sec, 59.547 real sec
[M::process] read 742206 sequences (180000414 bp)...
[M::mem_process_seqs] Processed 742004 reads in 843.005 CPU sec, 57.683 real sec
[M::process] read 742362 sequences (180000341 bp)...
[M::mem_process_seqs] Processed 742206 reads in 869.925 CPU sec, 51.725 real sec
[M::process] read 742376 sequences (180000211 bp)...
[M::mem_process_seqs] Processed 742362 reads in 872.281 CPU sec, 57.167 real sec
[M::process] read 742270 sequences (180000268 bp)...
[M::mem_process_seqs] Processed 742376 reads in 856.703 CPU sec, 61.133 real sec
[M::process] read 742370 sequences (180000303 bp)...
[M::mem_process_seqs] Processed 742270 reads in 849.592 CPU sec, 55.456 real sec
[M::process] read 742484 sequences (180000207 bp)...
[M::mem_process_seqs] Processed 742370 reads in 839.140 CPU sec, 59.039 real sec
[M::process] read 742048 sequences (180000334 bp)...
[M::mem_process_seqs] Processed 742484 reads in 856.453 CPU sec, 59.529 real sec
[M::process] read 742192 sequences (180000208 bp)...
[M::mem_process_seqs] Processed 742048 reads in 835.415 CPU sec, 59.612 real sec
[M::process] read 742288 sequences (180000358 bp)...
[M::mem_process_seqs] Processed 742192 reads in 833.779 CPU sec, 59.895 real sec
[M::process] read 742248 sequences (180000161 bp)...
[M::mem_process_seqs] Processed 742288 reads in 842.117 CPU sec, 57.519 real sec
[M::process] read 742268 sequences (180000012 bp)...
[M::mem_process_seqs] Processed 742248 reads in 844.728 CPU sec, 59.803 real sec
[M::process] read 742158 sequences (180000130 bp)...
[M::mem_process_seqs] Processed 742268 reads in 827.736 CPU sec, 59.525 real sec
[M::process] read 742624 sequences (180000314 bp)...
[M::mem_process_seqs] Processed 742158 reads in 843.344 CPU sec, 59.920 real sec
[M::process] read 742114 sequences (180000413 bp)...
[M::mem_process_seqs] Processed 742624 reads in 857.961 CPU sec, 57.729 real sec
[M::process] read 742194 sequences (180000008 bp)...
[M::mem_process_seqs] Processed 742114 reads in 842.595 CPU sec, 54.405 real sec
[M::process] read 742230 sequences (180000263 bp)...
[M::mem_process_seqs] Processed 742194 reads in 865.780 CPU sec, 51.921 real sec
[M::process] read 742718 sequences (180000215 bp)...
[M::mem_process_seqs] Processed 742230 reads in 855.810 CPU sec, 51.028 real sec
[M::process] read 742484 sequences (180000267 bp)...
[M::mem_process_seqs] Processed 742718 reads in 872.271 CPU sec, 52.622 real sec
[M::process] read 742226 sequences (180000112 bp)...
[M::mem_process_seqs] Processed 742484 reads in 842.490 CPU sec, 55.931 real sec
[M::process] read 742400 sequences (180000316 bp)...
[M::mem_process_seqs] Processed 742226 reads in 852.814 CPU sec, 56.728 real sec
[M::process] read 742738 sequences (180000267 bp)...
[M::mem_process_seqs] Processed 742400 reads in 853.672 CPU sec, 53.580 real sec
[M::process] read 742294 sequences (180000187 bp)...
[M::mem_process_seqs] Processed 742738 reads in 864.819 CPU sec, 56.061 real sec
[M::process] read 742012 sequences (180000079 bp)...
[M::mem_process_seqs] Processed 742294 reads in 862.286 CPU sec, 51.386 real sec
[M::process] read 742278 sequences (180000208 bp)...
[M::mem_process_seqs] Processed 742012 reads in 864.450 CPU sec, 52.326 real sec
[M::process] read 742696 sequences (180000140 bp)...
[M::mem_process_seqs] Processed 742278 reads in 862.431 CPU sec, 51.561 real sec
[M::mem_process_seqs] Processed 742696 reads in 877.865 CPU sec, 58.925 real sec
[M::process] read 742338 sequences (180000065 bp)...
[M::process] read 742568 sequences (180000467 bp)...
[M::mem_process_seqs] Processed 742338 reads in 859.980 CPU sec, 49.670 real sec
[M::process] read 742572 sequences (180000130 bp)...
[M::mem_process_seqs] Processed 742568 reads in 848.184 CPU sec, 56.563 real sec
[M::process] read 742396 sequences (180000066 bp)...
[M::mem_process_seqs] Processed 742572 reads in 862.604 CPU sec, 52.664 real sec
[M::process] read 742506 sequences (180000177 bp)...
[M::mem_process_seqs] Processed 742396 reads in 845.236 CPU sec, 58.142 real sec
[M::process] read 742634 sequences (180000281 bp)...
[M::mem_process_seqs] Processed 742506 reads in 861.424 CPU sec, 49.408 real sec
[M::process] read 742638 sequences (180000395 bp)...
[M::mem_process_seqs] Processed 742634 reads in 864.176 CPU sec, 53.154 real sec
[M::process] read 742546 sequences (180000369 bp)...
[M::mem_process_seqs] Processed 742638 reads in 886.679 CPU sec, 50.855 real sec
[M::process] read 742500 sequences (180000174 bp)...
[M::mem_process_seqs] Processed 742546 reads in 861.242 CPU sec, 54.586 real sec
[M::process] read 742466 sequences (180000380 bp)...
[M::mem_process_seqs] Processed 742500 reads in 862.705 CPU sec, 51.542 real sec
[M::process] read 742770 sequences (180000239 bp)...
[M::mem_process_seqs] Processed 742466 reads in 876.791 CPU sec, 53.242 real sec
[M::process] read 742164 sequences (180000083 bp)...
[M::mem_process_seqs] Processed 742770 reads in 855.546 CPU sec, 58.108 real sec
[M::process] read 742206 sequences (180000361 bp)...
[M::mem_process_seqs] Processed 742164 reads in 843.413 CPU sec, 58.102 real sec
[M::process] read 742496 sequences (180000191 bp)...
[M::mem_process_seqs] Processed 742206 reads in 834.961 CPU sec, 59.756 real sec
[M::process] read 767710 sequences (180000398 bp)...
[M::mem_process_seqs] Processed 742496 reads in 851.357 CPU sec, 53.353 real sec
[M::process] read 777078 sequences (180000431 bp)...
[M::mem_process_seqs] Processed 767710 reads in 1358.315 CPU sec, 76.465 real sec
[M::process] read 779118 sequences (180000380 bp)...
[M::mem_process_seqs] Processed 777078 reads in 1531.086 CPU sec, 89.781 real sec
[M::process] read 779204 sequences (180000287 bp)...
[M::mem_process_seqs] Processed 779118 reads in 1547.249 CPU sec, 92.349 real sec
[M::process] read 925 sequences (217696 bp)...
[M::mem_process_seqs] Processed 779204 reads in 1564.817 CPU sec, 88.138 real sec
[M::mem_process_seqs] Processed 925 reads in 2.004 CPU sec, 0.263 real sec
[main] Version: 0.7.17-r1188
[main] CMD: bwa mem -t 18 -R @RG\tID:b149\tSM:b149 /home/jilong/spider2/faststorage/social_spiders_2020/people/jilong/chapter1_social/steps/population_vcf/spider/Stegodyphus_mimosarum/mapping/reference/MIM_hifi_hic_scaffolded_trim.fa /dev/fd/63
[main] Real time: 8516.999 sec; CPU: 140044.034 sec
[bam_sort_core] merging from 4 files and 17 in-memory blocks...
