[M::bwa_idx_load_from_disk] read 0 ALT contigs
[M::process] read 744940 sequences (180000206 bp)...
[M::process] read 745022 sequences (180000167 bp)...
[M::mem_process_seqs] Processed 744940 reads in 1134.212 CPU sec, 63.502 real sec
[M::process] read 744910 sequences (180000051 bp)...
[M::mem_process_seqs] Processed 745022 reads in 1131.442 CPU sec, 63.436 real sec
[M::process] read 744910 sequences (180000022 bp)...
[M::mem_process_seqs] Processed 744910 reads in 1149.813 CPU sec, 64.366 real sec
[M::process] read 744900 sequences (180000267 bp)...
[M::mem_process_seqs] Processed 744910 reads in 1137.713 CPU sec, 63.676 real sec
[M::process] read 744756 sequences (180000265 bp)...
[M::mem_process_seqs] Processed 744900 reads in 1144.494 CPU sec, 63.965 real sec
[M::process] read 744640 sequences (180000075 bp)...
[M::mem_process_seqs] Processed 744756 reads in 1140.351 CPU sec, 63.729 real sec
[M::process] read 744420 sequences (180000308 bp)...
[M::mem_process_seqs] Processed 744640 reads in 1136.538 CPU sec, 63.533 real sec
[M::process] read 744666 sequences (180000463 bp)...
[M::mem_process_seqs] Processed 744420 reads in 1134.223 CPU sec, 63.374 real sec
[M::process] read 744256 sequences (180000338 bp)...
[M::mem_process_seqs] Processed 744666 reads in 1133.498 CPU sec, 63.348 real sec
[M::process] read 744494 sequences (180000156 bp)...
[M::mem_process_seqs] Processed 744256 reads in 1144.385 CPU sec, 64.079 real sec
[M::process] read 744006 sequences (180000116 bp)...
[M::mem_process_seqs] Processed 744494 reads in 1144.365 CPU sec, 63.975 real sec
[M::process] read 744346 sequences (180000212 bp)...
[M::mem_process_seqs] Processed 744006 reads in 1138.544 CPU sec, 63.710 real sec
[M::process] read 744328 sequences (180000134 bp)...
[M::mem_process_seqs] Processed 744346 reads in 1135.707 CPU sec, 63.531 real sec
[M::process] read 744152 sequences (180000478 bp)...
[M::mem_process_seqs] Processed 744328 reads in 1133.022 CPU sec, 63.401 real sec
[M::process] read 744410 sequences (180000292 bp)...
[M::mem_process_seqs] Processed 744152 reads in 1143.459 CPU sec, 64.098 real sec
[M::process] read 744142 sequences (180000084 bp)...
[M::mem_process_seqs] Processed 744410 reads in 1156.777 CPU sec, 64.763 real sec
[M::process] read 744386 sequences (180000225 bp)...
[M::mem_process_seqs] Processed 744142 reads in 1135.381 CPU sec, 63.536 real sec
[M::process] read 744336 sequences (180000161 bp)...
[M::mem_process_seqs] Processed 744386 reads in 1132.320 CPU sec, 63.300 real sec
[M::process] read 744024 sequences (180000373 bp)...
[M::mem_process_seqs] Processed 744336 reads in 1125.793 CPU sec, 62.978 real sec
[M::process] read 744200 sequences (180000205 bp)...
[M::mem_process_seqs] Processed 744024 reads in 1132.515 CPU sec, 63.353 real sec
[M::process] read 744222 sequences (180000283 bp)...
[M::mem_process_seqs] Processed 744200 reads in 1136.132 CPU sec, 63.574 real sec
[M::process] read 744104 sequences (180000456 bp)...
[M::mem_process_seqs] Processed 744222 reads in 1136.020 CPU sec, 63.607 real sec
[M::process] read 743984 sequences (180000356 bp)...
[M::mem_process_seqs] Processed 744104 reads in 1145.955 CPU sec, 64.147 real sec
[M::process] read 744186 sequences (180000141 bp)...
[M::mem_process_seqs] Processed 743984 reads in 1133.607 CPU sec, 63.353 real sec
[M::process] read 744254 sequences (180000223 bp)...
[M::mem_process_seqs] Processed 744186 reads in 1141.678 CPU sec, 63.852 real sec
[M::process] read 743992 sequences (180000075 bp)...
[M::mem_process_seqs] Processed 744254 reads in 1146.862 CPU sec, 64.125 real sec
[M::process] read 744094 sequences (180000010 bp)...
[M::mem_process_seqs] Processed 743992 reads in 1130.841 CPU sec, 63.262 real sec
[M::process] read 744520 sequences (180000428 bp)...
[M::mem_process_seqs] Processed 744094 reads in 1149.933 CPU sec, 64.313 real sec
[M::process] read 744280 sequences (180000175 bp)...
[M::mem_process_seqs] Processed 744520 reads in 1138.505 CPU sec, 63.706 real sec
[M::process] read 744626 sequences (180000082 bp)...
[M::mem_process_seqs] Processed 744280 reads in 1144.639 CPU sec, 64.058 real sec
[M::process] read 744362 sequences (180000378 bp)...
[M::mem_process_seqs] Processed 744626 reads in 1143.300 CPU sec, 63.972 real sec
[M::process] read 744984 sequences (180000219 bp)...
[M::mem_process_seqs] Processed 744362 reads in 1147.285 CPU sec, 64.214 real sec
[M::process] read 744938 sequences (180000116 bp)...
[M::mem_process_seqs] Processed 744984 reads in 1162.979 CPU sec, 65.096 real sec
[M::process] read 746228 sequences (180000266 bp)...
[M::mem_process_seqs] Processed 744938 reads in 1152.407 CPU sec, 64.518 real sec
[M::process] read 747500 sequences (180000090 bp)...
[M::mem_process_seqs] Processed 746228 reads in 1211.091 CPU sec, 67.741 real sec
[M::process] read 747002 sequences (180000140 bp)...
[M::mem_process_seqs] Processed 747500 reads in 1169.967 CPU sec, 73.437 real sec
[M::process] read 747410 sequences (180000286 bp)...
[M::mem_process_seqs] Processed 747002 reads in 1199.163 CPU sec, 67.083 real sec
[M::process] read 747064 sequences (180000040 bp)...
[M::mem_process_seqs] Processed 747410 reads in 1213.231 CPU sec, 67.821 real sec
[M::process] read 747212 sequences (180000415 bp)...
[M::mem_process_seqs] Processed 747064 reads in 1215.664 CPU sec, 67.990 real sec
[M::process] read 747268 sequences (180000139 bp)...
[M::mem_process_seqs] Processed 747212 reads in 1216.172 CPU sec, 67.992 real sec
[M::process] read 747180 sequences (180000256 bp)...
[M::mem_process_seqs] Processed 747268 reads in 1220.245 CPU sec, 68.256 real sec
[M::process] read 747028 sequences (180000387 bp)...
[M::mem_process_seqs] Processed 747180 reads in 1206.300 CPU sec, 67.456 real sec
[M::process] read 747152 sequences (180000231 bp)...
[M::mem_process_seqs] Processed 747028 reads in 1193.710 CPU sec, 66.707 real sec
[M::process] read 746882 sequences (180000334 bp)...
[M::mem_process_seqs] Processed 747152 reads in 1196.896 CPU sec, 66.888 real sec
[M::process] read 747014 sequences (180000142 bp)...
[M::mem_process_seqs] Processed 746882 reads in 1206.168 CPU sec, 67.399 real sec
[M::process] read 747036 sequences (180000242 bp)...
[M::mem_process_seqs] Processed 747014 reads in 1192.663 CPU sec, 66.673 real sec
[M::process] read 747308 sequences (180000154 bp)...
[M::mem_process_seqs] Processed 747036 reads in 1185.977 CPU sec, 66.377 real sec
[M::process] read 746946 sequences (180000487 bp)...
[M::mem_process_seqs] Processed 747308 reads in 1187.592 CPU sec, 66.397 real sec
[M::process] read 746724 sequences (180000192 bp)...
[M::mem_process_seqs] Processed 746946 reads in 1193.112 CPU sec, 66.865 real sec
[M::process] read 746948 sequences (180000018 bp)...
[M::mem_process_seqs] Processed 746724 reads in 1194.578 CPU sec, 66.810 real sec
[M::process] read 746716 sequences (180000553 bp)...
[M::mem_process_seqs] Processed 746948 reads in 1187.254 CPU sec, 66.401 real sec
[M::process] read 746988 sequences (180000225 bp)...
[M::mem_process_seqs] Processed 746716 reads in 1195.445 CPU sec, 66.872 real sec
[M::process] read 747104 sequences (180000144 bp)...
[M::mem_process_seqs] Processed 746988 reads in 1181.661 CPU sec, 66.119 real sec
[M::process] read 747218 sequences (180000126 bp)...
[M::mem_process_seqs] Processed 747104 reads in 1199.867 CPU sec, 67.138 real sec
[M::process] read 747294 sequences (180000049 bp)...
[M::mem_process_seqs] Processed 747218 reads in 1201.276 CPU sec, 67.173 real sec
[M::process] read 746914 sequences (180000044 bp)...
[M::mem_process_seqs] Processed 747294 reads in 1210.964 CPU sec, 67.742 real sec
[M::process] read 747170 sequences (180000130 bp)...
[M::mem_process_seqs] Processed 746914 reads in 1204.993 CPU sec, 67.447 real sec
[M::process] read 746736 sequences (180000220 bp)...
[M::mem_process_seqs] Processed 747170 reads in 1214.808 CPU sec, 67.974 real sec
[M::process] read 746940 sequences (180000424 bp)...
[M::mem_process_seqs] Processed 746736 reads in 1199.908 CPU sec, 67.077 real sec
[M::process] read 747088 sequences (180000447 bp)...
[M::mem_process_seqs] Processed 746940 reads in 1210.926 CPU sec, 67.753 real sec
[M::process] read 747018 sequences (180000436 bp)...
[M::mem_process_seqs] Processed 747088 reads in 1196.923 CPU sec, 66.919 real sec
[M::process] read 747150 sequences (180000232 bp)...
[M::mem_process_seqs] Processed 747018 reads in 1186.329 CPU sec, 66.429 real sec
[M::process] read 746812 sequences (180000192 bp)...
[M::mem_process_seqs] Processed 747150 reads in 1217.410 CPU sec, 68.063 real sec
[M::process] read 746816 sequences (180000332 bp)...
[M::mem_process_seqs] Processed 746812 reads in 1199.885 CPU sec, 67.109 real sec
[M::process] read 746864 sequences (180000101 bp)...
[M::mem_process_seqs] Processed 746816 reads in 1198.676 CPU sec, 67.078 real sec
[M::process] read 746846 sequences (180000241 bp)...
[M::mem_process_seqs] Processed 746864 reads in 1194.386 CPU sec, 66.857 real sec
[M::process] read 746974 sequences (180000416 bp)...
[M::mem_process_seqs] Processed 746846 reads in 1199.076 CPU sec, 67.116 real sec
[M::process] read 747148 sequences (180000182 bp)...
[M::mem_process_seqs] Processed 746974 reads in 1195.171 CPU sec, 66.786 real sec
[M::process] read 747606 sequences (180000014 bp)...
[M::mem_process_seqs] Processed 747148 reads in 1223.771 CPU sec, 68.400 real sec
[M::process] read 747170 sequences (180000437 bp)...
[M::mem_process_seqs] Processed 747606 reads in 1239.147 CPU sec, 77.476 real sec
[M::process] read 747592 sequences (180000325 bp)...
[M::mem_process_seqs] Processed 747170 reads in 1236.216 CPU sec, 69.111 real sec
[M::process] read 747532 sequences (180000100 bp)...
[M::mem_process_seqs] Processed 747592 reads in 1231.186 CPU sec, 68.807 real sec
[M::process] read 747624 sequences (180000221 bp)...
[M::mem_process_seqs] Processed 747532 reads in 1245.480 CPU sec, 69.618 real sec
[M::process] read 747306 sequences (180000410 bp)...
[M::mem_process_seqs] Processed 747624 reads in 1254.841 CPU sec, 70.240 real sec
[M::process] read 747438 sequences (180000058 bp)...
[M::mem_process_seqs] Processed 747306 reads in 1236.033 CPU sec, 69.100 real sec
[M::process] read 747326 sequences (180000219 bp)...
[M::mem_process_seqs] Processed 747438 reads in 1243.709 CPU sec, 69.593 real sec
[M::process] read 747524 sequences (180000350 bp)...
[M::mem_process_seqs] Processed 747326 reads in 1204.487 CPU sec, 67.326 real sec
[M::process] read 747224 sequences (180000336 bp)...
[M::mem_process_seqs] Processed 747524 reads in 1220.370 CPU sec, 68.297 real sec
[M::process] read 747342 sequences (180000004 bp)...
[M::mem_process_seqs] Processed 747224 reads in 1231.039 CPU sec, 68.823 real sec
[M::process] read 747496 sequences (180000282 bp)...
[M::mem_process_seqs] Processed 747342 reads in 1225.008 CPU sec, 68.425 real sec
[M::process] read 747406 sequences (180000418 bp)...
[M::mem_process_seqs] Processed 747496 reads in 1229.828 CPU sec, 68.786 real sec
[M::process] read 747356 sequences (180000012 bp)...
[M::mem_process_seqs] Processed 747406 reads in 1218.760 CPU sec, 68.190 real sec
[M::process] read 747346 sequences (180000328 bp)...
[M::mem_process_seqs] Processed 747356 reads in 1214.036 CPU sec, 67.960 real sec
[M::process] read 747046 sequences (180000275 bp)...
[M::mem_process_seqs] Processed 747346 reads in 1208.753 CPU sec, 67.601 real sec
[M::process] read 747256 sequences (180000419 bp)...
[M::mem_process_seqs] Processed 747046 reads in 1209.768 CPU sec, 67.685 real sec
[M::process] read 747142 sequences (180000192 bp)...
[M::mem_process_seqs] Processed 747256 reads in 1197.783 CPU sec, 67.008 real sec
[M::process] read 747232 sequences (180000267 bp)...
[M::mem_process_seqs] Processed 747142 reads in 1215.096 CPU sec, 67.939 real sec
[M::process] read 747350 sequences (180000237 bp)...
[M::mem_process_seqs] Processed 747232 reads in 1218.884 CPU sec, 68.209 real sec
[M::process] read 747568 sequences (180000313 bp)...
[M::mem_process_seqs] Processed 747350 reads in 1215.556 CPU sec, 68.071 real sec
[M::process] read 747342 sequences (180000484 bp)...
[M::mem_process_seqs] Processed 747568 reads in 1207.477 CPU sec, 67.464 real sec
[M::process] read 747264 sequences (180000230 bp)...
[M::mem_process_seqs] Processed 747342 reads in 1207.616 CPU sec, 67.487 real sec
[M::process] read 747682 sequences (180000004 bp)...
[M::mem_process_seqs] Processed 747264 reads in 1198.833 CPU sec, 66.997 real sec
[M::process] read 747194 sequences (180000056 bp)...
[M::mem_process_seqs] Processed 747682 reads in 1205.848 CPU sec, 67.451 real sec
[M::process] read 747522 sequences (180000017 bp)...
[M::mem_process_seqs] Processed 747194 reads in 1216.403 CPU sec, 68.286 real sec
[M::process] read 747552 sequences (180000253 bp)...
[M::mem_process_seqs] Processed 747522 reads in 1225.861 CPU sec, 68.673 real sec
[M::process] read 747344 sequences (180000449 bp)...
[M::mem_process_seqs] Processed 747552 reads in 1207.487 CPU sec, 67.473 real sec
[M::process] read 747614 sequences (180000553 bp)...
[M::mem_process_seqs] Processed 747344 reads in 1202.514 CPU sec, 67.226 real sec
[M::process] read 747674 sequences (180000558 bp)...
[M::mem_process_seqs] Processed 747614 reads in 1217.395 CPU sec, 68.167 real sec
[M::process] read 747316 sequences (180000308 bp)...
[M::mem_process_seqs] Processed 747674 reads in 1227.308 CPU sec, 68.689 real sec
[M::process] read 743140 sequences (180000484 bp)...
[M::mem_process_seqs] Processed 747316 reads in 1693.357 CPU sec, 94.722 real sec
[M::process] read 742124 sequences (180000398 bp)...
[M::mem_process_seqs] Processed 743140 reads in 2706.761 CPU sec, 151.220 real sec
[M::process] read 735926 sequences (180000274 bp)...
[M::mem_process_seqs] Processed 742124 reads in 2571.339 CPU sec, 143.571 real sec
[M::process] read 735718 sequences (180000039 bp)...
[M::mem_process_seqs] Processed 735926 reads in 1981.801 CPU sec, 110.749 real sec
[M::process] read 736272 sequences (180000000 bp)...
[M::mem_process_seqs] Processed 735718 reads in 2003.860 CPU sec, 120.384 real sec
[M::process] read 736348 sequences (180000274 bp)...
[M::mem_process_seqs] Processed 736272 reads in 1999.049 CPU sec, 111.705 real sec
[M::process] read 736922 sequences (180000144 bp)...
[M::mem_process_seqs] Processed 736348 reads in 1992.620 CPU sec, 111.323 real sec
[M::process] read 738094 sequences (180000401 bp)...
[M::mem_process_seqs] Processed 736922 reads in 2018.891 CPU sec, 112.916 real sec
[M::process] read 737550 sequences (180000168 bp)...
[M::mem_process_seqs] Processed 738094 reads in 2069.741 CPU sec, 115.719 real sec
[M::process] read 736910 sequences (180000094 bp)...
[M::mem_process_seqs] Processed 737550 reads in 2009.719 CPU sec, 112.382 real sec
[M::process] read 614012 sequences (149962386 bp)...
[M::mem_process_seqs] Processed 736910 reads in 2008.655 CPU sec, 112.376 real sec
[M::mem_process_seqs] Processed 614012 reads in 1678.784 CPU sec, 93.958 real sec
[main] Version: 0.7.17-r1188
[main] CMD: bwa mem -t 18 -R @RG\tID:b151\tSM:b151 /home/jilong/spider2/faststorage/social_spiders_2020/people/jilong/chapter1_social/steps/population_vcf/spider/Stegodyphus_mimosarum/mapping/reference/MIM_hifi_hic_scaffolded_trim.fa /dev/fd/63
[main] Real time: 7983.227 sec; CPU: 142146.352 sec
[bam_sort_core] merging from 3 files and 17 in-memory blocks...
