[M::bwa_idx_load_from_disk] read 0 ALT contigs
[M::process] read 748166 sequences (180000423 bp)...
[M::process] read 748032 sequences (180000326 bp)...
[M::mem_process_seqs] Processed 748166 reads in 999.805 CPU sec, 55.878 real sec
[M::process] read 747952 sequences (180000391 bp)...
[M::mem_process_seqs] Processed 748032 reads in 990.369 CPU sec, 55.397 real sec
[M::process] read 747528 sequences (180000160 bp)...
[M::mem_process_seqs] Processed 747952 reads in 989.132 CPU sec, 55.364 real sec
[M::process] read 747848 sequences (180000261 bp)...
[M::mem_process_seqs] Processed 747528 reads in 985.444 CPU sec, 55.058 real sec
[M::process] read 747660 sequences (180000244 bp)...
[M::mem_process_seqs] Processed 747848 reads in 987.689 CPU sec, 55.203 real sec
[M::process] read 747700 sequences (180000313 bp)...
[M::mem_process_seqs] Processed 747660 reads in 993.872 CPU sec, 55.557 real sec
[M::process] read 747410 sequences (180000445 bp)...
[M::mem_process_seqs] Processed 747700 reads in 992.704 CPU sec, 55.479 real sec
[M::process] read 747982 sequences (180000077 bp)...
[M::mem_process_seqs] Processed 747410 reads in 980.559 CPU sec, 54.857 real sec
[M::process] read 747712 sequences (180000217 bp)...
[M::mem_process_seqs] Processed 747982 reads in 982.564 CPU sec, 54.930 real sec
[M::process] read 747716 sequences (180000190 bp)...
[M::mem_process_seqs] Processed 747712 reads in 992.099 CPU sec, 55.473 real sec
[M::process] read 747474 sequences (180000160 bp)...
[M::mem_process_seqs] Processed 747716 reads in 985.499 CPU sec, 55.125 real sec
[M::process] read 747656 sequences (180000340 bp)...
[M::mem_process_seqs] Processed 747474 reads in 985.000 CPU sec, 55.115 real sec
[M::process] read 747810 sequences (180000023 bp)...
[M::mem_process_seqs] Processed 747656 reads in 990.743 CPU sec, 55.410 real sec
[M::process] read 747678 sequences (180000460 bp)...
[M::mem_process_seqs] Processed 747810 reads in 976.961 CPU sec, 54.643 real sec
[M::process] read 747792 sequences (180000041 bp)...
[M::mem_process_seqs] Processed 747678 reads in 981.908 CPU sec, 54.941 real sec
[M::process] read 747684 sequences (180000389 bp)...
[M::mem_process_seqs] Processed 747792 reads in 982.574 CPU sec, 54.905 real sec
[M::process] read 747756 sequences (180000063 bp)...
[M::mem_process_seqs] Processed 747684 reads in 975.125 CPU sec, 54.573 real sec
[M::process] read 747590 sequences (180000244 bp)...
[M::mem_process_seqs] Processed 747756 reads in 980.431 CPU sec, 54.830 real sec
[M::process] read 747852 sequences (180000363 bp)...
[M::mem_process_seqs] Processed 747590 reads in 982.530 CPU sec, 55.081 real sec
[M::process] read 747598 sequences (180000371 bp)...
[M::mem_process_seqs] Processed 747852 reads in 969.981 CPU sec, 54.200 real sec
[M::process] read 747706 sequences (180000032 bp)...
[M::mem_process_seqs] Processed 747598 reads in 979.157 CPU sec, 54.751 real sec
[M::process] read 747642 sequences (180000075 bp)...
[M::mem_process_seqs] Processed 747706 reads in 974.437 CPU sec, 54.523 real sec
[M::process] read 747428 sequences (180000467 bp)...
[M::mem_process_seqs] Processed 747642 reads in 980.738 CPU sec, 54.825 real sec
[M::process] read 747594 sequences (180000325 bp)...
[M::mem_process_seqs] Processed 747428 reads in 978.974 CPU sec, 54.746 real sec
[M::process] read 747512 sequences (180000266 bp)...
[M::mem_process_seqs] Processed 747594 reads in 983.156 CPU sec, 55.010 real sec
[M::process] read 747354 sequences (180000471 bp)...
[M::mem_process_seqs] Processed 747512 reads in 976.047 CPU sec, 54.615 real sec
[M::process] read 747358 sequences (180000009 bp)...
[M::mem_process_seqs] Processed 747354 reads in 970.987 CPU sec, 54.246 real sec
[M::process] read 747368 sequences (180000226 bp)...
[M::mem_process_seqs] Processed 747358 reads in 978.890 CPU sec, 54.705 real sec
[M::process] read 747580 sequences (180000233 bp)...
[M::mem_process_seqs] Processed 747368 reads in 988.960 CPU sec, 55.403 real sec
[M::process] read 747108 sequences (180000233 bp)...
[M::mem_process_seqs] Processed 747580 reads in 985.244 CPU sec, 55.123 real sec
[M::process] read 747356 sequences (180000209 bp)...
[M::mem_process_seqs] Processed 747108 reads in 978.682 CPU sec, 54.670 real sec
[M::process] read 747472 sequences (180000221 bp)...
[M::mem_process_seqs] Processed 747356 reads in 980.325 CPU sec, 54.847 real sec
[M::process] read 747428 sequences (180000241 bp)...
[M::mem_process_seqs] Processed 747472 reads in 972.423 CPU sec, 54.373 real sec
[M::process] read 747616 sequences (180000202 bp)...
[M::mem_process_seqs] Processed 747428 reads in 983.329 CPU sec, 54.957 real sec
[M::process] read 747434 sequences (180000180 bp)...
[M::mem_process_seqs] Processed 747616 reads in 967.343 CPU sec, 54.091 real sec
[M::process] read 747444 sequences (180000040 bp)...
[M::mem_process_seqs] Processed 747434 reads in 993.400 CPU sec, 63.007 real sec
[M::process] read 747620 sequences (180000441 bp)...
[M::mem_process_seqs] Processed 747444 reads in 986.497 CPU sec, 55.122 real sec
[M::process] read 747216 sequences (180000000 bp)...
[M::mem_process_seqs] Processed 747620 reads in 985.324 CPU sec, 55.065 real sec
[M::process] read 747766 sequences (180000122 bp)...
[M::mem_process_seqs] Processed 747216 reads in 979.076 CPU sec, 54.773 real sec
[M::process] read 747558 sequences (180000103 bp)...
[M::mem_process_seqs] Processed 747766 reads in 984.556 CPU sec, 55.041 real sec
[M::process] read 747532 sequences (180000363 bp)...
[M::mem_process_seqs] Processed 747558 reads in 972.123 CPU sec, 54.307 real sec
[M::process] read 747594 sequences (180000046 bp)...
[M::mem_process_seqs] Processed 747532 reads in 975.203 CPU sec, 54.487 real sec
[M::process] read 747698 sequences (180000019 bp)...
[M::mem_process_seqs] Processed 747594 reads in 979.206 CPU sec, 54.752 real sec
[M::process] read 747920 sequences (180000061 bp)...
[M::mem_process_seqs] Processed 747698 reads in 978.390 CPU sec, 54.680 real sec
[M::process] read 747724 sequences (180000292 bp)...
[M::mem_process_seqs] Processed 747920 reads in 979.184 CPU sec, 54.741 real sec
[M::process] read 747650 sequences (180000004 bp)...
[M::mem_process_seqs] Processed 747724 reads in 980.441 CPU sec, 54.760 real sec
[M::process] read 747486 sequences (180000274 bp)...
[M::mem_process_seqs] Processed 747650 reads in 976.725 CPU sec, 54.665 real sec
[M::process] read 747564 sequences (180000081 bp)...
[M::mem_process_seqs] Processed 747486 reads in 985.691 CPU sec, 55.059 real sec
[M::process] read 747472 sequences (180000385 bp)...
[M::mem_process_seqs] Processed 747564 reads in 975.814 CPU sec, 54.480 real sec
[M::process] read 747390 sequences (180000257 bp)...
[M::mem_process_seqs] Processed 747472 reads in 979.338 CPU sec, 54.797 real sec
[M::process] read 747504 sequences (180000433 bp)...
[M::mem_process_seqs] Processed 747390 reads in 975.214 CPU sec, 54.471 real sec
[M::process] read 747860 sequences (180000455 bp)...
[M::mem_process_seqs] Processed 747504 reads in 986.590 CPU sec, 55.129 real sec
[M::process] read 747674 sequences (180000361 bp)...
[M::mem_process_seqs] Processed 747860 reads in 980.374 CPU sec, 54.842 real sec
[M::process] read 747750 sequences (180000314 bp)...
[M::mem_process_seqs] Processed 747674 reads in 976.354 CPU sec, 54.571 real sec
[M::process] read 747448 sequences (180000399 bp)...
[M::mem_process_seqs] Processed 747750 reads in 979.539 CPU sec, 54.880 real sec
[M::process] read 747466 sequences (180000185 bp)...
[M::mem_process_seqs] Processed 747448 reads in 976.977 CPU sec, 54.590 real sec
[M::process] read 747518 sequences (180000121 bp)...
[M::mem_process_seqs] Processed 747466 reads in 975.234 CPU sec, 54.512 real sec
[M::process] read 747748 sequences (180000345 bp)...
[M::mem_process_seqs] Processed 747518 reads in 975.358 CPU sec, 54.483 real sec
[M::process] read 747874 sequences (180000293 bp)...
[M::mem_process_seqs] Processed 747748 reads in 977.015 CPU sec, 54.655 real sec
[M::process] read 747584 sequences (180000443 bp)...
[M::mem_process_seqs] Processed 747874 reads in 968.906 CPU sec, 54.226 real sec
[M::process] read 747678 sequences (180000343 bp)...
[M::mem_process_seqs] Processed 747584 reads in 982.155 CPU sec, 54.869 real sec
[M::process] read 747624 sequences (180000446 bp)...
[M::mem_process_seqs] Processed 747678 reads in 970.813 CPU sec, 54.362 real sec
[M::process] read 748068 sequences (180000113 bp)...
[M::mem_process_seqs] Processed 747624 reads in 982.811 CPU sec, 54.951 real sec
[M::process] read 748176 sequences (180000038 bp)...
[M::mem_process_seqs] Processed 748068 reads in 983.002 CPU sec, 54.934 real sec
[M::process] read 748256 sequences (180000314 bp)...
[M::mem_process_seqs] Processed 748176 reads in 983.029 CPU sec, 54.957 real sec
[M::process] read 749208 sequences (180000128 bp)...
[M::mem_process_seqs] Processed 748256 reads in 993.889 CPU sec, 55.544 real sec
[M::process] read 752256 sequences (180000157 bp)...
[M::mem_process_seqs] Processed 749208 reads in 1041.363 CPU sec, 58.330 real sec
[M::process] read 751988 sequences (180000160 bp)...
[M::mem_process_seqs] Processed 752256 reads in 1172.008 CPU sec, 65.513 real sec
[M::process] read 752120 sequences (180000497 bp)...
[M::mem_process_seqs] Processed 751988 reads in 1200.415 CPU sec, 67.034 real sec
[M::process] read 752214 sequences (180000211 bp)...
[M::mem_process_seqs] Processed 752120 reads in 1229.146 CPU sec, 76.181 real sec
[M::process] read 751970 sequences (180000447 bp)...
[M::mem_process_seqs] Processed 752214 reads in 1198.216 CPU sec, 66.908 real sec
[M::process] read 752178 sequences (180000352 bp)...
[M::mem_process_seqs] Processed 751970 reads in 1195.651 CPU sec, 66.795 real sec
[M::process] read 751894 sequences (180000087 bp)...
[M::mem_process_seqs] Processed 752178 reads in 1198.021 CPU sec, 67.023 real sec
[M::process] read 751796 sequences (180000324 bp)...
[M::mem_process_seqs] Processed 751894 reads in 1195.075 CPU sec, 66.791 real sec
[M::process] read 752236 sequences (180000339 bp)...
[M::mem_process_seqs] Processed 751796 reads in 1190.027 CPU sec, 66.468 real sec
[M::process] read 751686 sequences (180000320 bp)...
[M::mem_process_seqs] Processed 752236 reads in 1186.558 CPU sec, 66.462 real sec
[M::process] read 751808 sequences (180000352 bp)...
[M::mem_process_seqs] Processed 751686 reads in 1196.474 CPU sec, 66.885 real sec
[M::process] read 751862 sequences (180000191 bp)...
[M::mem_process_seqs] Processed 751808 reads in 1170.750 CPU sec, 65.422 real sec
[M::process] read 751998 sequences (180000183 bp)...
[M::mem_process_seqs] Processed 751862 reads in 1173.945 CPU sec, 65.628 real sec
[M::process] read 751876 sequences (180000136 bp)...
[M::mem_process_seqs] Processed 751998 reads in 1186.717 CPU sec, 66.382 real sec
[M::process] read 751642 sequences (180000463 bp)...
[M::mem_process_seqs] Processed 751876 reads in 1180.098 CPU sec, 65.961 real sec
[M::process] read 751664 sequences (180000129 bp)...
[M::mem_process_seqs] Processed 751642 reads in 1180.479 CPU sec, 66.020 real sec
[M::process] read 752064 sequences (180000309 bp)...
[M::mem_process_seqs] Processed 751664 reads in 1180.596 CPU sec, 65.951 real sec
[M::process] read 751800 sequences (180000504 bp)...
[M::mem_process_seqs] Processed 752064 reads in 1189.054 CPU sec, 66.479 real sec
[M::process] read 751736 sequences (180000420 bp)...
[M::mem_process_seqs] Processed 751800 reads in 1184.925 CPU sec, 66.214 real sec
[M::process] read 751834 sequences (180000006 bp)...
[M::mem_process_seqs] Processed 751736 reads in 1192.662 CPU sec, 66.666 real sec
[M::process] read 751788 sequences (180000381 bp)...
[M::mem_process_seqs] Processed 751834 reads in 1177.295 CPU sec, 65.790 real sec
[M::process] read 751612 sequences (180000169 bp)...
[M::mem_process_seqs] Processed 751788 reads in 1176.359 CPU sec, 65.741 real sec
[M::process] read 752278 sequences (180000080 bp)...
[M::mem_process_seqs] Processed 751612 reads in 1171.879 CPU sec, 65.510 real sec
[M::process] read 752088 sequences (180000326 bp)...
[M::mem_process_seqs] Processed 752278 reads in 1213.083 CPU sec, 67.794 real sec
[M::process] read 752124 sequences (180000052 bp)...
[M::mem_process_seqs] Processed 752088 reads in 1204.554 CPU sec, 67.302 real sec
[M::process] read 752218 sequences (180000215 bp)...
[M::mem_process_seqs] Processed 752124 reads in 1206.512 CPU sec, 67.492 real sec
[M::process] read 752064 sequences (180000329 bp)...
[M::mem_process_seqs] Processed 752218 reads in 1231.909 CPU sec, 68.842 real sec
[M::process] read 752320 sequences (180000171 bp)...
[M::mem_process_seqs] Processed 752064 reads in 1222.079 CPU sec, 68.267 real sec
[M::process] read 752562 sequences (180000106 bp)...
[M::mem_process_seqs] Processed 752320 reads in 1217.733 CPU sec, 68.011 real sec
[M::process] read 752318 sequences (180000367 bp)...
[M::mem_process_seqs] Processed 752562 reads in 1229.064 CPU sec, 68.674 real sec
[M::process] read 752196 sequences (180000387 bp)...
[M::mem_process_seqs] Processed 752318 reads in 1192.168 CPU sec, 66.640 real sec
[M::process] read 752476 sequences (180000307 bp)...
[M::mem_process_seqs] Processed 752196 reads in 1192.379 CPU sec, 66.640 real sec
[M::process] read 752158 sequences (180000196 bp)...
[M::mem_process_seqs] Processed 752476 reads in 1199.753 CPU sec, 67.051 real sec
[M::process] read 752272 sequences (180000523 bp)...
[M::mem_process_seqs] Processed 752158 reads in 1189.884 CPU sec, 66.627 real sec
[M::process] read 752188 sequences (180000018 bp)...
[M::mem_process_seqs] Processed 752272 reads in 1199.949 CPU sec, 67.107 real sec
[M::process] read 752240 sequences (180000237 bp)...
[M::mem_process_seqs] Processed 752188 reads in 1179.231 CPU sec, 65.983 real sec
[M::process] read 752100 sequences (180000310 bp)...
[M::mem_process_seqs] Processed 752240 reads in 1197.563 CPU sec, 66.918 real sec
[M::process] read 752064 sequences (180000089 bp)...
[M::mem_process_seqs] Processed 752100 reads in 1193.523 CPU sec, 74.629 real sec
[M::process] read 752136 sequences (180000185 bp)...
[M::mem_process_seqs] Processed 752064 reads in 1189.939 CPU sec, 66.592 real sec
[M::process] read 752354 sequences (180000047 bp)...
[M::mem_process_seqs] Processed 752136 reads in 1196.843 CPU sec, 66.886 real sec
[M::process] read 752272 sequences (180000251 bp)...
[M::mem_process_seqs] Processed 752354 reads in 1201.903 CPU sec, 67.209 real sec
[M::process] read 752108 sequences (180000315 bp)...
[M::mem_process_seqs] Processed 752272 reads in 1193.392 CPU sec, 66.822 real sec
[M::process] read 752398 sequences (180000461 bp)...
[M::mem_process_seqs] Processed 752108 reads in 1187.565 CPU sec, 66.414 real sec
[M::process] read 759986 sequences (180000463 bp)...
[M::mem_process_seqs] Processed 752398 reads in 1204.255 CPU sec, 67.307 real sec
[M::process] read 764594 sequences (180000205 bp)...
[M::mem_process_seqs] Processed 759986 reads in 1902.147 CPU sec, 106.253 real sec
[M::process] read 758856 sequences (180000331 bp)...
[M::mem_process_seqs] Processed 764594 reads in 2233.393 CPU sec, 124.709 real sec
[M::process] read 740154 sequences (180000226 bp)...
[M::mem_process_seqs] Processed 758856 reads in 2152.499 CPU sec, 120.265 real sec
[M::process] read 740530 sequences (180000394 bp)...
[M::mem_process_seqs] Processed 740154 reads in 1919.068 CPU sec, 107.295 real sec
[M::process] read 741718 sequences (180000397 bp)...
[M::mem_process_seqs] Processed 740530 reads in 1914.576 CPU sec, 106.893 real sec
[M::process] read 742458 sequences (180000273 bp)...
[M::mem_process_seqs] Processed 741718 reads in 1958.912 CPU sec, 109.511 real sec
[M::process] read 741840 sequences (180000294 bp)...
[M::mem_process_seqs] Processed 742458 reads in 1965.175 CPU sec, 109.801 real sec
[M::process] read 146269 sequences (35467779 bp)...
[M::mem_process_seqs] Processed 741840 reads in 1960.958 CPU sec, 109.474 real sec
[M::mem_process_seqs] Processed 146269 reads in 389.786 CPU sec, 21.849 real sec
[main] Version: 0.7.17-r1188
[main] CMD: bwa mem -t 18 -R @RG\tID:b152\tSM:b152 /home/jilong/spider2/faststorage/social_spiders_2020/people/jilong/chapter1_social/steps/population_vcf/spider/Stegodyphus_mimosarum/mapping/reference/MIM_hifi_hic_scaffolded_trim.fa /dev/fd/63
[main] Real time: 7496.490 sec; CPU: 133571.807 sec
[bam_sort_core] merging from 3 files and 17 in-memory blocks...
