[M::bwa_idx_load_from_disk] read 0 ALT contigs
[M::process] read 741542 sequences (180000018 bp)...
[M::process] read 741958 sequences (180000099 bp)...
[M::mem_process_seqs] Processed 741542 reads in 1228.760 CPU sec, 69.143 real sec
[M::process] read 741834 sequences (180000412 bp)...
[M::mem_process_seqs] Processed 741958 reads in 1211.901 CPU sec, 69.755 real sec
[M::process] read 741616 sequences (180000350 bp)...
[M::mem_process_seqs] Processed 741834 reads in 1215.552 CPU sec, 68.135 real sec
[M::process] read 741882 sequences (180000065 bp)...
[M::mem_process_seqs] Processed 741616 reads in 1221.610 CPU sec, 70.658 real sec
[M::process] read 741754 sequences (180000364 bp)...
[M::mem_process_seqs] Processed 741882 reads in 1226.658 CPU sec, 68.711 real sec
[M::process] read 741222 sequences (180000322 bp)...
[M::mem_process_seqs] Processed 741754 reads in 1237.891 CPU sec, 71.755 real sec
[M::process] read 741580 sequences (180000016 bp)...
[M::mem_process_seqs] Processed 741222 reads in 1260.259 CPU sec, 70.637 real sec
[M::process] read 741596 sequences (180000122 bp)...
[M::mem_process_seqs] Processed 741580 reads in 1236.193 CPU sec, 69.876 real sec
[M::process] read 741860 sequences (180000535 bp)...
[M::mem_process_seqs] Processed 741596 reads in 1232.132 CPU sec, 68.994 real sec
[M::process] read 741708 sequences (180000063 bp)...
[M::mem_process_seqs] Processed 741860 reads in 1244.798 CPU sec, 72.131 real sec
[M::process] read 741628 sequences (180000270 bp)...
[M::mem_process_seqs] Processed 741708 reads in 1236.545 CPU sec, 71.661 real sec
[M::process] read 741654 sequences (180000026 bp)...
[M::mem_process_seqs] Processed 741628 reads in 1205.864 CPU sec, 79.009 real sec
[M::process] read 741496 sequences (180000159 bp)...
[M::mem_process_seqs] Processed 741654 reads in 1247.693 CPU sec, 70.542 real sec
[M::process] read 741606 sequences (180000223 bp)...
[M::mem_process_seqs] Processed 741496 reads in 1230.540 CPU sec, 69.226 real sec
[M::process] read 741146 sequences (180000172 bp)...
[M::mem_process_seqs] Processed 741606 reads in 1228.201 CPU sec, 69.183 real sec
[M::process] read 741644 sequences (180000071 bp)...
[M::mem_process_seqs] Processed 741146 reads in 1233.976 CPU sec, 69.185 real sec
[M::process] read 741454 sequences (180000040 bp)...
[M::mem_process_seqs] Processed 741644 reads in 1228.288 CPU sec, 69.129 real sec
[M::process] read 741762 sequences (180000435 bp)...
[M::mem_process_seqs] Processed 741454 reads in 1226.203 CPU sec, 68.799 real sec
[M::process] read 741492 sequences (180000370 bp)...
[M::mem_process_seqs] Processed 741762 reads in 1240.870 CPU sec, 70.338 real sec
[M::process] read 741312 sequences (180000113 bp)...
[M::mem_process_seqs] Processed 741492 reads in 1235.479 CPU sec, 70.079 real sec
[M::process] read 741462 sequences (180000433 bp)...
[M::mem_process_seqs] Processed 741312 reads in 1229.296 CPU sec, 71.119 real sec
[M::process] read 741286 sequences (180000100 bp)...
[M::mem_process_seqs] Processed 741462 reads in 1230.162 CPU sec, 68.916 real sec
[M::process] read 741586 sequences (180000115 bp)...
[M::mem_process_seqs] Processed 741286 reads in 1236.138 CPU sec, 69.846 real sec
[M::process] read 741190 sequences (180000182 bp)...
[M::mem_process_seqs] Processed 741586 reads in 1234.047 CPU sec, 69.952 real sec
[M::process] read 741286 sequences (180000311 bp)...
[M::mem_process_seqs] Processed 741190 reads in 1256.597 CPU sec, 70.383 real sec
[M::process] read 741412 sequences (180000293 bp)...
[M::mem_process_seqs] Processed 741286 reads in 1259.493 CPU sec, 70.523 real sec
[M::process] read 741108 sequences (180000049 bp)...
[M::mem_process_seqs] Processed 741412 reads in 1238.248 CPU sec, 70.033 real sec
[M::process] read 741312 sequences (180000160 bp)...
[M::mem_process_seqs] Processed 741108 reads in 1240.505 CPU sec, 69.557 real sec
[M::process] read 741280 sequences (180000357 bp)...
[M::mem_process_seqs] Processed 741312 reads in 1247.244 CPU sec, 70.153 real sec
[M::process] read 741308 sequences (180000230 bp)...
[M::mem_process_seqs] Processed 741280 reads in 1232.081 CPU sec, 69.293 real sec
[M::process] read 741180 sequences (180000386 bp)...
[M::mem_process_seqs] Processed 741308 reads in 1231.673 CPU sec, 70.183 real sec
[M::process] read 741314 sequences (180000279 bp)...
[M::mem_process_seqs] Processed 741180 reads in 1226.321 CPU sec, 69.845 real sec
[M::process] read 741384 sequences (180000024 bp)...
[M::mem_process_seqs] Processed 741314 reads in 1235.336 CPU sec, 69.908 real sec
[M::process] read 741302 sequences (180000041 bp)...
[M::mem_process_seqs] Processed 741384 reads in 1241.554 CPU sec, 71.606 real sec
[M::process] read 741444 sequences (180000087 bp)...
[M::mem_process_seqs] Processed 741302 reads in 1242.529 CPU sec, 69.806 real sec
[M::process] read 741348 sequences (180000153 bp)...
[M::mem_process_seqs] Processed 741444 reads in 1251.471 CPU sec, 79.652 real sec
[M::process] read 741252 sequences (180000088 bp)...
[M::mem_process_seqs] Processed 741348 reads in 1256.826 CPU sec, 70.377 real sec
[M::process] read 741342 sequences (180000278 bp)...
[M::mem_process_seqs] Processed 741252 reads in 1246.585 CPU sec, 69.748 real sec
[M::process] read 741226 sequences (180000457 bp)...
[M::mem_process_seqs] Processed 741342 reads in 1249.136 CPU sec, 69.968 real sec
[M::process] read 741276 sequences (180000368 bp)...
[M::mem_process_seqs] Processed 741226 reads in 1229.964 CPU sec, 68.867 real sec
[M::process] read 741342 sequences (180000156 bp)...
[M::mem_process_seqs] Processed 741276 reads in 1222.341 CPU sec, 70.651 real sec
[M::process] read 741142 sequences (180000027 bp)...
[M::mem_process_seqs] Processed 741342 reads in 1243.461 CPU sec, 69.733 real sec
[M::process] read 741000 sequences (180000341 bp)...
[M::mem_process_seqs] Processed 741142 reads in 1245.254 CPU sec, 69.825 real sec
[M::process] read 741378 sequences (180000417 bp)...
[M::mem_process_seqs] Processed 741000 reads in 1275.020 CPU sec, 71.410 real sec
[M::process] read 741194 sequences (180000418 bp)...
[M::mem_process_seqs] Processed 741378 reads in 1256.064 CPU sec, 70.550 real sec
[M::process] read 741014 sequences (180000329 bp)...
[M::mem_process_seqs] Processed 741194 reads in 1243.009 CPU sec, 69.848 real sec
[M::process] read 741014 sequences (180000231 bp)...
[M::mem_process_seqs] Processed 741014 reads in 1241.764 CPU sec, 71.858 real sec
[M::process] read 741012 sequences (180000211 bp)...
[M::mem_process_seqs] Processed 741014 reads in 1254.795 CPU sec, 75.020 real sec
[M::process] read 740826 sequences (180000041 bp)...
[M::mem_process_seqs] Processed 741012 reads in 1239.100 CPU sec, 81.902 real sec
[M::process] read 741218 sequences (180000296 bp)...
[M::mem_process_seqs] Processed 740826 reads in 1249.187 CPU sec, 78.450 real sec
[M::process] read 741086 sequences (180000163 bp)...
[M::mem_process_seqs] Processed 741218 reads in 1250.518 CPU sec, 77.362 real sec
[M::process] read 741102 sequences (180000323 bp)...
[M::mem_process_seqs] Processed 741086 reads in 1224.756 CPU sec, 89.516 real sec
[M::process] read 741284 sequences (180000356 bp)...
[M::mem_process_seqs] Processed 741102 reads in 1227.686 CPU sec, 80.351 real sec
[M::process] read 741034 sequences (180000325 bp)...
[M::mem_process_seqs] Processed 741284 reads in 1250.498 CPU sec, 77.218 real sec
[M::process] read 741090 sequences (180000158 bp)...
[M::mem_process_seqs] Processed 741034 reads in 1263.004 CPU sec, 70.769 real sec
[M::process] read 741088 sequences (180000005 bp)...
[M::mem_process_seqs] Processed 741090 reads in 1255.601 CPU sec, 70.996 real sec
[M::process] read 741364 sequences (180000418 bp)...
[M::mem_process_seqs] Processed 741088 reads in 1262.462 CPU sec, 71.248 real sec
[M::process] read 741254 sequences (180000433 bp)...
[M::mem_process_seqs] Processed 741364 reads in 1252.954 CPU sec, 70.174 real sec
[M::process] read 741052 sequences (180000095 bp)...
[M::mem_process_seqs] Processed 741254 reads in 1244.237 CPU sec, 69.817 real sec
[M::process] read 741160 sequences (180000206 bp)...
[M::mem_process_seqs] Processed 741052 reads in 1252.022 CPU sec, 70.246 real sec
[M::process] read 741248 sequences (180000486 bp)...
[M::mem_process_seqs] Processed 741160 reads in 1254.019 CPU sec, 70.238 real sec
[M::process] read 741046 sequences (180000062 bp)...
[M::mem_process_seqs] Processed 741248 reads in 1259.308 CPU sec, 72.806 real sec
[M::process] read 740920 sequences (180000259 bp)...
[M::mem_process_seqs] Processed 741046 reads in 1256.119 CPU sec, 73.733 real sec
[M::process] read 741394 sequences (180000534 bp)...
[M::mem_process_seqs] Processed 740920 reads in 1272.712 CPU sec, 73.649 real sec
[M::process] read 740982 sequences (180000205 bp)...
[M::mem_process_seqs] Processed 741394 reads in 1246.053 CPU sec, 74.374 real sec
[M::process] read 740882 sequences (180000367 bp)...
[M::mem_process_seqs] Processed 740982 reads in 1261.364 CPU sec, 71.180 real sec
[M::process] read 740986 sequences (180000024 bp)...
[M::mem_process_seqs] Processed 740882 reads in 1247.443 CPU sec, 74.133 real sec
[M::process] read 741120 sequences (180000346 bp)...
[M::mem_process_seqs] Processed 740986 reads in 1266.730 CPU sec, 74.406 real sec
[M::process] read 741214 sequences (180000184 bp)...
[M::mem_process_seqs] Processed 741120 reads in 1259.298 CPU sec, 72.625 real sec
[M::process] read 741326 sequences (180000067 bp)...
[M::mem_process_seqs] Processed 741214 reads in 1260.091 CPU sec, 79.196 real sec
[M::process] read 741288 sequences (180000232 bp)...
[M::mem_process_seqs] Processed 741326 reads in 1246.402 CPU sec, 76.426 real sec
[M::process] read 741304 sequences (180000180 bp)...
[M::mem_process_seqs] Processed 741288 reads in 1235.078 CPU sec, 83.087 real sec
[M::process] read 741314 sequences (180000250 bp)...
[M::mem_process_seqs] Processed 741304 reads in 1231.249 CPU sec, 91.169 real sec
[M::process] read 741604 sequences (180000253 bp)...
[M::mem_process_seqs] Processed 741314 reads in 1257.876 CPU sec, 71.293 real sec
[M::process] read 741718 sequences (180000059 bp)...
[M::mem_process_seqs] Processed 741604 reads in 1266.875 CPU sec, 72.954 real sec
[M::process] read 741570 sequences (180000034 bp)...
[M::mem_process_seqs] Processed 741718 reads in 1268.558 CPU sec, 71.234 real sec
[M::process] read 741502 sequences (180000161 bp)...
[M::mem_process_seqs] Processed 741570 reads in 1259.714 CPU sec, 70.556 real sec
[M::process] read 741876 sequences (180000194 bp)...
[M::mem_process_seqs] Processed 741502 reads in 1272.098 CPU sec, 71.283 real sec
[M::process] read 741458 sequences (180000039 bp)...
[M::mem_process_seqs] Processed 741876 reads in 1265.230 CPU sec, 70.943 real sec
[M::process] read 741784 sequences (180000310 bp)...
[M::mem_process_seqs] Processed 741458 reads in 1267.191 CPU sec, 71.147 real sec
[M::process] read 741556 sequences (180000378 bp)...
[M::mem_process_seqs] Processed 741784 reads in 1277.529 CPU sec, 71.559 real sec
[M::process] read 742388 sequences (180000214 bp)...
[M::mem_process_seqs] Processed 741556 reads in 1272.011 CPU sec, 71.528 real sec
[M::process] read 743530 sequences (180000269 bp)...
[M::mem_process_seqs] Processed 742388 reads in 1305.815 CPU sec, 73.266 real sec
[M::process] read 743878 sequences (180000063 bp)...
[M::mem_process_seqs] Processed 743530 reads in 1365.293 CPU sec, 76.589 real sec
[M::process] read 743764 sequences (180000482 bp)...
[M::mem_process_seqs] Processed 743878 reads in 1314.020 CPU sec, 73.598 real sec
[M::process] read 743792 sequences (180000180 bp)...
[M::mem_process_seqs] Processed 743764 reads in 1359.519 CPU sec, 76.141 real sec
[M::process] read 744108 sequences (180000385 bp)...
[M::mem_process_seqs] Processed 743792 reads in 1358.661 CPU sec, 76.205 real sec
[M::process] read 743702 sequences (180000458 bp)...
[M::mem_process_seqs] Processed 744108 reads in 1376.922 CPU sec, 77.081 real sec
[M::process] read 743604 sequences (180000217 bp)...
[M::mem_process_seqs] Processed 743702 reads in 1369.858 CPU sec, 76.682 real sec
[M::process] read 743626 sequences (180000443 bp)...
[M::mem_process_seqs] Processed 743604 reads in 1351.253 CPU sec, 76.074 real sec
[M::process] read 743710 sequences (180000154 bp)...
[M::mem_process_seqs] Processed 743626 reads in 1353.462 CPU sec, 75.768 real sec
[M::process] read 743478 sequences (180000146 bp)...
[M::mem_process_seqs] Processed 743710 reads in 1329.614 CPU sec, 74.715 real sec
[M::process] read 743580 sequences (180000299 bp)...
[M::mem_process_seqs] Processed 743478 reads in 1329.778 CPU sec, 74.480 real sec
[M::process] read 743498 sequences (180000009 bp)...
[M::mem_process_seqs] Processed 743580 reads in 1324.587 CPU sec, 74.172 real sec
[M::process] read 743704 sequences (180000492 bp)...
[M::mem_process_seqs] Processed 743498 reads in 1341.012 CPU sec, 76.461 real sec
[M::process] read 743752 sequences (180000235 bp)...
[M::mem_process_seqs] Processed 743704 reads in 1327.466 CPU sec, 75.296 real sec
[M::process] read 743762 sequences (180000023 bp)...
[M::mem_process_seqs] Processed 743752 reads in 1359.372 CPU sec, 78.445 real sec
[M::process] read 743508 sequences (180000240 bp)...
[M::mem_process_seqs] Processed 743762 reads in 1345.585 CPU sec, 75.291 real sec
[M::process] read 743846 sequences (180000238 bp)...
[M::mem_process_seqs] Processed 743508 reads in 1329.000 CPU sec, 76.843 real sec
[M::process] read 743822 sequences (180000408 bp)...
[M::mem_process_seqs] Processed 743846 reads in 1335.160 CPU sec, 74.955 real sec
[M::process] read 743898 sequences (180000036 bp)...
[M::mem_process_seqs] Processed 743822 reads in 1329.758 CPU sec, 74.648 real sec
[M::process] read 743830 sequences (180000534 bp)...
[M::mem_process_seqs] Processed 743898 reads in 1338.461 CPU sec, 75.001 real sec
[M::process] read 743766 sequences (180000387 bp)...
[M::mem_process_seqs] Processed 743830 reads in 1329.965 CPU sec, 77.456 real sec
[M::process] read 743746 sequences (180000178 bp)...
[M::mem_process_seqs] Processed 743766 reads in 1338.540 CPU sec, 74.982 real sec
[M::process] read 743638 sequences (180000215 bp)...
[M::mem_process_seqs] Processed 743746 reads in 1373.356 CPU sec, 102.022 real sec
[M::process] read 743672 sequences (180000056 bp)...
[M::mem_process_seqs] Processed 743638 reads in 1328.934 CPU sec, 75.344 real sec
[M::process] read 743936 sequences (180000312 bp)...
[M::mem_process_seqs] Processed 743672 reads in 1348.183 CPU sec, 77.825 real sec
[M::process] read 744150 sequences (180000069 bp)...
[M::mem_process_seqs] Processed 743936 reads in 1346.306 CPU sec, 78.126 real sec
[M::process] read 743930 sequences (180000478 bp)...
[M::mem_process_seqs] Processed 744150 reads in 1370.986 CPU sec, 76.790 real sec
[M::process] read 744048 sequences (180000288 bp)...
[M::mem_process_seqs] Processed 743930 reads in 1387.586 CPU sec, 80.157 real sec
[M::process] read 743824 sequences (180000519 bp)...
[M::mem_process_seqs] Processed 744048 reads in 1377.503 CPU sec, 77.289 real sec
[M::process] read 743902 sequences (180000190 bp)...
[M::mem_process_seqs] Processed 743824 reads in 1371.894 CPU sec, 79.594 real sec
[M::process] read 744460 sequences (180000236 bp)...
[M::mem_process_seqs] Processed 743902 reads in 1363.018 CPU sec, 77.887 real sec
[M::process] read 743922 sequences (180000310 bp)...
[M::mem_process_seqs] Processed 744460 reads in 1406.380 CPU sec, 80.291 real sec
[M::process] read 744072 sequences (180000247 bp)...
[M::mem_process_seqs] Processed 743922 reads in 1362.955 CPU sec, 76.249 real sec
[M::process] read 743970 sequences (180000446 bp)...
[M::mem_process_seqs] Processed 744072 reads in 1362.116 CPU sec, 77.308 real sec
[M::process] read 744186 sequences (180000268 bp)...
[M::mem_process_seqs] Processed 743970 reads in 1352.479 CPU sec, 76.036 real sec
[M::process] read 744040 sequences (180000230 bp)...
[M::mem_process_seqs] Processed 744186 reads in 1344.738 CPU sec, 75.303 real sec
[M::process] read 744020 sequences (180000048 bp)...
[M::mem_process_seqs] Processed 744040 reads in 1352.442 CPU sec, 75.713 real sec
[M::process] read 743440 sequences (180000065 bp)...
[M::mem_process_seqs] Processed 744020 reads in 1351.697 CPU sec, 76.091 real sec
[M::process] read 743666 sequences (180000539 bp)...
[M::mem_process_seqs] Processed 743440 reads in 1350.143 CPU sec, 75.996 real sec
[M::process] read 743788 sequences (180000323 bp)...
[M::mem_process_seqs] Processed 743666 reads in 1344.605 CPU sec, 75.340 real sec
[M::process] read 743902 sequences (180000341 bp)...
[M::mem_process_seqs] Processed 743788 reads in 1327.745 CPU sec, 74.436 real sec
[M::process] read 743956 sequences (180000348 bp)...
[M::mem_process_seqs] Processed 743902 reads in 1330.839 CPU sec, 75.239 real sec
[M::process] read 743866 sequences (180000406 bp)...
[M::mem_process_seqs] Processed 743956 reads in 1372.554 CPU sec, 76.886 real sec
[M::process] read 743844 sequences (180000337 bp)...
[M::mem_process_seqs] Processed 743866 reads in 1341.784 CPU sec, 75.282 real sec
[M::process] read 743770 sequences (180000285 bp)...
[M::mem_process_seqs] Processed 743844 reads in 1339.145 CPU sec, 74.999 real sec
[M::process] read 744040 sequences (180000217 bp)...
[M::mem_process_seqs] Processed 743770 reads in 1333.050 CPU sec, 74.931 real sec
[M::process] read 745992 sequences (180000298 bp)...
[M::mem_process_seqs] Processed 744040 reads in 1356.151 CPU sec, 76.014 real sec
[M::process] read 745814 sequences (180000180 bp)...
[M::mem_process_seqs] Processed 745992 reads in 2301.653 CPU sec, 128.850 real sec
[M::process] read 746696 sequences (180000441 bp)...
[M::mem_process_seqs] Processed 745814 reads in 2581.037 CPU sec, 145.386 real sec
[M::process] read 747048 sequences (180000215 bp)...
[M::mem_process_seqs] Processed 746696 reads in 2605.357 CPU sec, 145.921 real sec
[M::process] read 741796 sequences (180000402 bp)...
[M::mem_process_seqs] Processed 747048 reads in 2604.344 CPU sec, 146.443 real sec
[M::process] read 736068 sequences (180000171 bp)...
[M::mem_process_seqs] Processed 741796 reads in 2333.572 CPU sec, 130.762 real sec
[M::process] read 736600 sequences (180000436 bp)...
[M::mem_process_seqs] Processed 736068 reads in 1996.123 CPU sec, 112.843 real sec
[M::process] read 737112 sequences (180000377 bp)...
[M::mem_process_seqs] Processed 736600 reads in 2006.626 CPU sec, 113.424 real sec
[M::process] read 737748 sequences (180000064 bp)...
[M::mem_process_seqs] Processed 737112 reads in 2036.154 CPU sec, 114.513 real sec
[M::process] read 737494 sequences (180000111 bp)...
[M::mem_process_seqs] Processed 737748 reads in 2082.999 CPU sec, 117.119 real sec
[M::process] read 271294 sequences (66209747 bp)...
[M::mem_process_seqs] Processed 737494 reads in 2056.849 CPU sec, 123.676 real sec
[M::mem_process_seqs] Processed 271294 reads in 751.054 CPU sec, 42.783 real sec
[main] Version: 0.7.17-r1188
[main] CMD: bwa mem -t 18 -R @RG\tID:b153\tSM:b153 /home/jilong/spider2/faststorage/social_spiders_2020/people/jilong/chapter1_social/steps/population_vcf/spider/Stegodyphus_mimosarum/mapping/reference/MIM_hifi_hic_scaffolded_trim.fa /dev/fd/63
[main] Real time: 10857.302 sec; CPU: 188869.539 sec
[bam_sort_core] merging from 4 files and 17 in-memory blocks...
