[M::bwa_idx_load_from_disk] read 0 ALT contigs
[M::process] read 890076 sequences (180000243 bp)...
[M::process] read 890556 sequences (180000264 bp)...
[M::mem_process_seqs] Processed 890076 reads in 1586.832 CPU sec, 88.994 real sec
[M::process] read 890548 sequences (180000069 bp)...
[M::mem_process_seqs] Processed 890556 reads in 1464.210 CPU sec, 82.136 real sec
[M::process] read 890788 sequences (180000027 bp)...
[M::mem_process_seqs] Processed 890548 reads in 1476.733 CPU sec, 82.874 real sec
[M::process] read 890572 sequences (180000267 bp)...
[M::mem_process_seqs] Processed 890788 reads in 1480.687 CPU sec, 83.082 real sec
[M::process] read 890116 sequences (180000225 bp)...
[M::mem_process_seqs] Processed 890572 reads in 1491.537 CPU sec, 83.810 real sec
[M::process] read 889118 sequences (180000309 bp)...
[M::mem_process_seqs] Processed 890116 reads in 1507.804 CPU sec, 84.628 real sec
[M::process] read 890112 sequences (180000112 bp)...
[M::mem_process_seqs] Processed 889118 reads in 1564.198 CPU sec, 87.999 real sec
[M::process] read 888324 sequences (180000071 bp)...
[M::mem_process_seqs] Processed 890112 reads in 1519.240 CPU sec, 85.256 real sec
[M::process] read 882490 sequences (180000369 bp)...
[M::mem_process_seqs] Processed 888324 reads in 1597.154 CPU sec, 91.078 real sec
[M::process] read 867412 sequences (180000174 bp)...
[M::mem_process_seqs] Processed 882490 reads in 1543.653 CPU sec, 86.987 real sec
[M::process] read 867976 sequences (180000187 bp)...
[M::mem_process_seqs] Processed 867412 reads in 1431.775 CPU sec, 82.474 real sec
[M::process] read 866822 sequences (180000113 bp)...
[M::mem_process_seqs] Processed 867976 reads in 1406.686 CPU sec, 78.897 real sec
[M::process] read 867852 sequences (180000401 bp)...
[M::mem_process_seqs] Processed 866822 reads in 1404.180 CPU sec, 88.482 real sec
[M::process] read 866960 sequences (180000171 bp)...
[M::mem_process_seqs] Processed 867852 reads in 1418.396 CPU sec, 86.126 real sec
[M::process] read 866908 sequences (180000134 bp)...
[M::mem_process_seqs] Processed 866960 reads in 1419.218 CPU sec, 87.982 real sec
[M::process] read 867216 sequences (180000139 bp)...
[M::mem_process_seqs] Processed 866908 reads in 1485.820 CPU sec, 91.686 real sec
[M::process] read 867540 sequences (180000245 bp)...
[M::mem_process_seqs] Processed 867216 reads in 1436.158 CPU sec, 90.471 real sec
[M::process] read 879602 sequences (180000097 bp)...
[M::mem_process_seqs] Processed 867540 reads in 1507.468 CPU sec, 90.425 real sec
[M::process] read 881886 sequences (180000172 bp)...
[M::mem_process_seqs] Processed 879602 reads in 1508.257 CPU sec, 92.483 real sec
[M::process] read 881656 sequences (180000149 bp)...
[M::mem_process_seqs] Processed 881886 reads in 1434.635 CPU sec, 88.731 real sec
[M::process] read 881972 sequences (180000012 bp)...
[M::mem_process_seqs] Processed 881656 reads in 1413.883 CPU sec, 85.887 real sec
[M::process] read 881590 sequences (180000082 bp)...
[M::mem_process_seqs] Processed 881972 reads in 1436.953 CPU sec, 84.638 real sec
[M::process] read 882330 sequences (180000347 bp)...
[M::mem_process_seqs] Processed 881590 reads in 1422.660 CPU sec, 89.522 real sec
[M::process] read 881050 sequences (180000082 bp)...
[M::mem_process_seqs] Processed 882330 reads in 1464.649 CPU sec, 89.936 real sec
[M::process] read 881646 sequences (180000326 bp)...
[M::mem_process_seqs] Processed 881050 reads in 1461.426 CPU sec, 89.870 real sec
[M::process] read 880848 sequences (180000138 bp)...
[M::mem_process_seqs] Processed 881646 reads in 1527.391 CPU sec, 88.802 real sec
[M::process] read 881966 sequences (180000258 bp)...
[M::mem_process_seqs] Processed 880848 reads in 1496.502 CPU sec, 91.684 real sec
[M::process] read 913422 sequences (180000201 bp)...
[M::mem_process_seqs] Processed 881966 reads in 1535.843 CPU sec, 94.800 real sec
[M::process] read 922520 sequences (180000118 bp)...
[M::mem_process_seqs] Processed 913422 reads in 1503.614 CPU sec, 92.021 real sec
[M::process] read 923232 sequences (180000082 bp)...
[M::mem_process_seqs] Processed 922520 reads in 1451.028 CPU sec, 84.474 real sec
[M::process] read 922680 sequences (180000547 bp)...
[M::mem_process_seqs] Processed 923232 reads in 1435.146 CPU sec, 88.449 real sec
[M::process] read 921864 sequences (180000229 bp)...
[M::mem_process_seqs] Processed 922680 reads in 1465.094 CPU sec, 92.382 real sec
[M::process] read 921272 sequences (180000338 bp)...
[M::mem_process_seqs] Processed 921864 reads in 1508.143 CPU sec, 95.114 real sec
[M::process] read 880738 sequences (180000221 bp)...
[M::mem_process_seqs] Processed 921272 reads in 1541.688 CPU sec, 97.275 real sec
[M::process] read 870178 sequences (180000217 bp)...
[M::mem_process_seqs] Processed 880738 reads in 1402.128 CPU sec, 79.058 real sec
[M::process] read 868004 sequences (180000369 bp)...
[M::mem_process_seqs] Processed 870178 reads in 1380.900 CPU sec, 80.368 real sec
[M::process] read 868738 sequences (180000406 bp)...
[M::mem_process_seqs] Processed 868004 reads in 1381.720 CPU sec, 79.153 real sec
[M::process] read 868542 sequences (180000073 bp)...
[M::mem_process_seqs] Processed 868738 reads in 1399.672 CPU sec, 80.035 real sec
[M::process] read 869556 sequences (180000503 bp)...
[M::mem_process_seqs] Processed 868542 reads in 1371.515 CPU sec, 78.416 real sec
[M::process] read 868898 sequences (180000179 bp)...
[M::mem_process_seqs] Processed 869556 reads in 1378.762 CPU sec, 78.667 real sec
[M::process] read 869542 sequences (180000012 bp)...
[M::mem_process_seqs] Processed 868898 reads in 1364.913 CPU sec, 76.697 real sec
[M::process] read 871080 sequences (180000469 bp)...
[M::mem_process_seqs] Processed 869542 reads in 1383.780 CPU sec, 78.006 real sec
[M::process] read 868794 sequences (180000495 bp)...
[M::mem_process_seqs] Processed 871080 reads in 1368.624 CPU sec, 76.908 real sec
[M::process] read 848026 sequences (180000152 bp)...
[M::mem_process_seqs] Processed 868794 reads in 1374.001 CPU sec, 77.057 real sec
[M::process] read 847490 sequences (180000376 bp)...
[M::mem_process_seqs] Processed 848026 reads in 1336.626 CPU sec, 74.972 real sec
[M::process] read 846932 sequences (180000284 bp)...
[M::mem_process_seqs] Processed 847490 reads in 1362.989 CPU sec, 76.541 real sec
[M::process] read 846984 sequences (180000253 bp)...
[M::mem_process_seqs] Processed 846932 reads in 1347.549 CPU sec, 75.646 real sec
[M::process] read 847608 sequences (180000041 bp)...
[M::mem_process_seqs] Processed 846984 reads in 1369.454 CPU sec, 76.782 real sec
[M::process] read 847354 sequences (180000091 bp)...
[M::mem_process_seqs] Processed 847608 reads in 1361.076 CPU sec, 76.361 real sec
[M::process] read 848338 sequences (180000162 bp)...
[M::mem_process_seqs] Processed 847354 reads in 1349.758 CPU sec, 75.951 real sec
[M::process] read 849656 sequences (180000201 bp)...
[M::mem_process_seqs] Processed 848338 reads in 1360.991 CPU sec, 76.311 real sec
[M::process] read 856148 sequences (180000181 bp)...
[M::mem_process_seqs] Processed 849656 reads in 1357.834 CPU sec, 76.644 real sec
[M::process] read 861256 sequences (180000505 bp)...
[M::mem_process_seqs] Processed 856148 reads in 1351.729 CPU sec, 75.997 real sec
[M::process] read 859686 sequences (180000450 bp)...
[M::mem_process_seqs] Processed 861256 reads in 1354.894 CPU sec, 78.750 real sec
[M::process] read 859616 sequences (180000264 bp)...
[M::mem_process_seqs] Processed 859686 reads in 1383.834 CPU sec, 80.339 real sec
[M::process] read 859280 sequences (180000240 bp)...
[M::mem_process_seqs] Processed 859616 reads in 1349.798 CPU sec, 76.764 real sec
[M::process] read 861834 sequences (180000217 bp)...
[M::mem_process_seqs] Processed 859280 reads in 1390.022 CPU sec, 80.392 real sec
[M::process] read 859802 sequences (180000115 bp)...
[M::mem_process_seqs] Processed 861834 reads in 1355.328 CPU sec, 85.339 real sec
[M::process] read 860584 sequences (180000196 bp)...
[M::mem_process_seqs] Processed 859802 reads in 1359.645 CPU sec, 77.480 real sec
[M::process] read 861030 sequences (180000343 bp)...
[M::mem_process_seqs] Processed 860584 reads in 1356.246 CPU sec, 81.472 real sec
[M::process] read 864170 sequences (180000394 bp)...
[M::mem_process_seqs] Processed 861030 reads in 1354.460 CPU sec, 80.448 real sec
[M::process] read 885732 sequences (180000108 bp)...
[M::mem_process_seqs] Processed 864170 reads in 1361.655 CPU sec, 85.668 real sec
[M::process] read 907444 sequences (180000277 bp)...
[M::mem_process_seqs] Processed 885732 reads in 1387.039 CPU sec, 77.867 real sec
[M::process] read 907552 sequences (180000388 bp)...
[M::mem_process_seqs] Processed 907444 reads in 1428.787 CPU sec, 80.383 real sec
[M::process] read 908972 sequences (180000323 bp)...
[M::mem_process_seqs] Processed 907552 reads in 1448.954 CPU sec, 81.392 real sec
[M::process] read 908850 sequences (180000039 bp)...
[M::mem_process_seqs] Processed 908972 reads in 1433.025 CPU sec, 80.472 real sec
[M::process] read 909870 sequences (180000234 bp)...
[M::mem_process_seqs] Processed 908850 reads in 1427.319 CPU sec, 89.191 real sec
[M::process] read 872942 sequences (180000441 bp)...
[M::mem_process_seqs] Processed 909870 reads in 1438.679 CPU sec, 82.491 real sec
[M::process] read 745590 sequences (180000353 bp)...
[M::mem_process_seqs] Processed 872942 reads in 1423.584 CPU sec, 84.481 real sec
[M::process] read 745120 sequences (180000047 bp)...
[M::mem_process_seqs] Processed 745590 reads in 1365.794 CPU sec, 76.548 real sec
[M::process] read 744704 sequences (180000141 bp)...
[M::mem_process_seqs] Processed 745120 reads in 1371.421 CPU sec, 77.187 real sec
[M::process] read 746224 sequences (180000086 bp)...
[M::mem_process_seqs] Processed 744704 reads in 1364.821 CPU sec, 76.823 real sec
[M::process] read 746696 sequences (180000539 bp)...
[M::mem_process_seqs] Processed 746224 reads in 1366.709 CPU sec, 76.748 real sec
[M::process] read 745568 sequences (180000282 bp)...
[M::mem_process_seqs] Processed 746696 reads in 1447.575 CPU sec, 81.156 real sec
[M::process] read 747606 sequences (180000109 bp)...
[M::mem_process_seqs] Processed 745568 reads in 1377.567 CPU sec, 77.108 real sec
[M::process] read 745310 sequences (180000030 bp)...
[M::mem_process_seqs] Processed 747606 reads in 1427.326 CPU sec, 79.902 real sec
[M::process] read 746832 sequences (180000017 bp)...
[M::mem_process_seqs] Processed 745310 reads in 1521.603 CPU sec, 85.901 real sec
[M::process] read 747118 sequences (180000152 bp)...
[M::mem_process_seqs] Processed 746832 reads in 1379.088 CPU sec, 77.235 real sec
[M::process] read 745006 sequences (180000129 bp)...
[M::mem_process_seqs] Processed 747118 reads in 1415.118 CPU sec, 79.194 real sec
[M::process] read 746970 sequences (180000429 bp)...
[M::mem_process_seqs] Processed 745006 reads in 1366.984 CPU sec, 76.439 real sec
[M::process] read 744754 sequences (180000437 bp)...
[M::mem_process_seqs] Processed 746970 reads in 1414.656 CPU sec, 82.694 real sec
[M::process] read 745402 sequences (180000365 bp)...
[M::mem_process_seqs] Processed 744754 reads in 1422.033 CPU sec, 80.194 real sec
[M::process] read 745362 sequences (180000080 bp)...
[M::mem_process_seqs] Processed 745402 reads in 1365.699 CPU sec, 76.458 real sec
[M::process] read 745238 sequences (180000325 bp)...
[M::mem_process_seqs] Processed 745362 reads in 1407.772 CPU sec, 78.765 real sec
[M::process] read 746610 sequences (180000421 bp)...
[M::mem_process_seqs] Processed 745238 reads in 1375.535 CPU sec, 77.665 real sec
[M::process] read 745728 sequences (180000049 bp)...
[M::mem_process_seqs] Processed 746610 reads in 1355.475 CPU sec, 75.977 real sec
[M::process] read 745920 sequences (180000488 bp)...
[M::mem_process_seqs] Processed 745728 reads in 1371.136 CPU sec, 77.209 real sec
[M::process] read 747484 sequences (180000526 bp)...
[M::mem_process_seqs] Processed 745920 reads in 1360.358 CPU sec, 76.280 real sec
[M::process] read 747542 sequences (180000142 bp)...
[M::mem_process_seqs] Processed 747484 reads in 1376.954 CPU sec, 77.012 real sec
[M::process] read 746474 sequences (180000064 bp)...
[M::mem_process_seqs] Processed 747542 reads in 1451.374 CPU sec, 81.235 real sec
[M::process] read 748090 sequences (180000116 bp)...
[M::mem_process_seqs] Processed 746474 reads in 1392.513 CPU sec, 77.942 real sec
[M::process] read 748610 sequences (180000361 bp)...
[M::mem_process_seqs] Processed 748090 reads in 1399.367 CPU sec, 78.281 real sec
[M::process] read 747096 sequences (180000476 bp)...
[M::mem_process_seqs] Processed 748610 reads in 1450.447 CPU sec, 81.530 real sec
[M::process] read 748374 sequences (180000208 bp)...
[M::mem_process_seqs] Processed 747096 reads in 1440.715 CPU sec, 80.553 real sec
[M::process] read 748156 sequences (180000178 bp)...
[M::mem_process_seqs] Processed 748374 reads in 1367.368 CPU sec, 77.098 real sec
[M::process] read 746048 sequences (180000387 bp)...
[M::mem_process_seqs] Processed 748156 reads in 1402.802 CPU sec, 78.437 real sec
[M::process] read 747874 sequences (180000181 bp)...
[M::mem_process_seqs] Processed 746048 reads in 1348.530 CPU sec, 75.415 real sec
[M::process] read 746668 sequences (180000351 bp)...
[M::mem_process_seqs] Processed 747874 reads in 1361.729 CPU sec, 76.604 real sec
[M::process] read 745722 sequences (180000092 bp)...
[M::mem_process_seqs] Processed 746668 reads in 1412.890 CPU sec, 79.096 real sec
[M::process] read 746378 sequences (180000216 bp)...
[M::mem_process_seqs] Processed 745722 reads in 1384.182 CPU sec, 77.616 real sec
[M::process] read 746004 sequences (180000172 bp)...
[M::mem_process_seqs] Processed 746378 reads in 1353.977 CPU sec, 83.175 real sec
[M::process] read 837054 sequences (180000277 bp)...
[M::mem_process_seqs] Processed 746004 reads in 1404.215 CPU sec, 78.775 real sec
[M::process] read 833554 sequences (180000102 bp)...
[M::mem_process_seqs] Processed 837054 reads in 2596.679 CPU sec, 145.842 real sec
[M::process] read 851650 sequences (180000011 bp)...
[M::mem_process_seqs] Processed 833554 reads in 2566.766 CPU sec, 144.082 real sec
[M::process] read 821812 sequences (180000511 bp)...
[M::mem_process_seqs] Processed 851650 reads in 2637.796 CPU sec, 147.561 real sec
[M::process] read 817264 sequences (180000334 bp)...
[M::mem_process_seqs] Processed 821812 reads in 2449.600 CPU sec, 136.914 real sec
[M::process] read 820796 sequences (180000427 bp)...
[M::mem_process_seqs] Processed 817264 reads in 2373.593 CPU sec, 133.572 real sec
[M::process] read 765864 sequences (180000214 bp)...
[M::mem_process_seqs] Processed 820796 reads in 2423.692 CPU sec, 135.698 real sec
[M::process] read 657165 sequences (154339210 bp)...
[M::mem_process_seqs] Processed 765864 reads in 2462.326 CPU sec, 137.856 real sec
[M::mem_process_seqs] Processed 657165 reads in 2135.959 CPU sec, 121.063 real sec
[main] Version: 0.7.17-r1188
[main] CMD: bwa mem -t 18 -R @RG\tID:a163\tSM:a163 /home/jilong/spider2/faststorage/social_spiders_2020/people/jilong/chapter1_social/steps/population_vcf/spider/Stegodyphus_dumicola/mapping/reference/DUM_hifi_hic_scaffolded_trim.fa /dev/fd/63
[main] Real time: 9487.619 sec; CPU: 164279.242 sec
[bam_sort_core] merging from 3 files and 17 in-memory blocks...
