[M::bwa_idx_load_from_disk] read 0 ALT contigs
[M::process] read 764472 sequences (180000106 bp)...
[M::process] read 764778 sequences (180000236 bp)...
[M::mem_process_seqs] Processed 764472 reads in 1072.035 CPU sec, 60.864 real sec
[M::process] read 764444 sequences (180000222 bp)...
[M::mem_process_seqs] Processed 764778 reads in 992.322 CPU sec, 56.028 real sec
[M::process] read 765050 sequences (180000406 bp)...
[M::mem_process_seqs] Processed 764444 reads in 1003.858 CPU sec, 57.232 real sec
[M::process] read 764624 sequences (180000256 bp)...
[M::mem_process_seqs] Processed 765050 reads in 998.531 CPU sec, 57.322 real sec
[M::process] read 764990 sequences (180000139 bp)...
[M::mem_process_seqs] Processed 764624 reads in 1019.772 CPU sec, 57.247 real sec
[M::process] read 764648 sequences (180000159 bp)...
[M::mem_process_seqs] Processed 764990 reads in 1016.877 CPU sec, 57.131 real sec
[M::process] read 764150 sequences (180000131 bp)...
[M::mem_process_seqs] Processed 764648 reads in 1086.828 CPU sec, 60.807 real sec
[M::process] read 764132 sequences (180000433 bp)...
[M::mem_process_seqs] Processed 764150 reads in 1037.571 CPU sec, 58.724 real sec
[M::process] read 764442 sequences (180000015 bp)...
[M::mem_process_seqs] Processed 764132 reads in 1111.243 CPU sec, 62.230 real sec
[M::process] read 765320 sequences (180000255 bp)...
[M::mem_process_seqs] Processed 764442 reads in 1074.874 CPU sec, 60.406 real sec
[M::process] read 765692 sequences (180000434 bp)...
[M::mem_process_seqs] Processed 765320 reads in 1078.462 CPU sec, 60.488 real sec
[M::process] read 765334 sequences (180000520 bp)...
[M::mem_process_seqs] Processed 765692 reads in 1006.359 CPU sec, 56.315 real sec
[M::process] read 766374 sequences (180000346 bp)...
[M::mem_process_seqs] Processed 765334 reads in 1019.492 CPU sec, 57.235 real sec
[M::process] read 765148 sequences (180000382 bp)...
[M::mem_process_seqs] Processed 766374 reads in 1019.620 CPU sec, 57.345 real sec
[M::process] read 765968 sequences (180000138 bp)...
[M::mem_process_seqs] Processed 765148 reads in 1020.557 CPU sec, 58.822 real sec
[M::process] read 764638 sequences (180000028 bp)...
[M::mem_process_seqs] Processed 765968 reads in 1050.118 CPU sec, 58.797 real sec
[M::process] read 765882 sequences (180000119 bp)...
[M::mem_process_seqs] Processed 764638 reads in 1046.547 CPU sec, 68.348 real sec
[M::process] read 764070 sequences (180000141 bp)...
[M::mem_process_seqs] Processed 765882 reads in 1112.566 CPU sec, 62.679 real sec
[M::process] read 765074 sequences (180000199 bp)...
[M::mem_process_seqs] Processed 764070 reads in 1049.978 CPU sec, 58.898 real sec
[M::process] read 765474 sequences (180000522 bp)...
[M::mem_process_seqs] Processed 765074 reads in 1126.537 CPU sec, 63.710 real sec
[M::process] read 767392 sequences (180000166 bp)...
[M::mem_process_seqs] Processed 765474 reads in 1064.841 CPU sec, 59.858 real sec
[M::process] read 767406 sequences (180000194 bp)...
[M::mem_process_seqs] Processed 767392 reads in 1036.108 CPU sec, 58.061 real sec
[M::process] read 767404 sequences (180000163 bp)...
[M::mem_process_seqs] Processed 767406 reads in 976.808 CPU sec, 54.873 real sec
[M::process] read 767742 sequences (180000283 bp)...
[M::mem_process_seqs] Processed 767404 reads in 991.125 CPU sec, 56.250 real sec
[M::process] read 767240 sequences (180000408 bp)...
[M::mem_process_seqs] Processed 767742 reads in 990.096 CPU sec, 55.603 real sec
[M::process] read 767932 sequences (180000253 bp)...
[M::mem_process_seqs] Processed 767240 reads in 1000.884 CPU sec, 56.235 real sec
[M::process] read 766338 sequences (180000068 bp)...
[M::mem_process_seqs] Processed 767932 reads in 1018.304 CPU sec, 57.036 real sec
[M::process] read 767682 sequences (180000205 bp)...
[M::mem_process_seqs] Processed 766338 reads in 1035.731 CPU sec, 58.070 real sec
[M::process] read 766378 sequences (180000082 bp)...
[M::mem_process_seqs] Processed 767682 reads in 1059.977 CPU sec, 59.428 real sec
[M::process] read 766894 sequences (180000454 bp)...
[M::mem_process_seqs] Processed 766378 reads in 1050.401 CPU sec, 59.015 real sec
[M::process] read 765698 sequences (180000051 bp)...
[M::mem_process_seqs] Processed 766894 reads in 1088.209 CPU sec, 60.947 real sec
[M::process] read 764724 sequences (180000352 bp)...
[M::mem_process_seqs] Processed 765698 reads in 1068.120 CPU sec, 60.435 real sec
[M::process] read 764062 sequences (180000381 bp)...
[M::mem_process_seqs] Processed 764724 reads in 1017.851 CPU sec, 57.030 real sec
[M::process] read 764990 sequences (180000480 bp)...
[M::mem_process_seqs] Processed 764062 reads in 996.768 CPU sec, 55.982 real sec
[M::process] read 764794 sequences (180000369 bp)...
[M::mem_process_seqs] Processed 764990 reads in 1010.005 CPU sec, 57.614 real sec
[M::mem_process_seqs] Processed 764794 reads in 1003.888 CPU sec, 65.115 real sec
[M::process] read 764694 sequences (180000228 bp)...
[M::process] read 764038 sequences (180000125 bp)...
[M::mem_process_seqs] Processed 764694 reads in 1028.260 CPU sec, 58.925 real sec
[M::process] read 764562 sequences (180000034 bp)...
[M::mem_process_seqs] Processed 764038 reads in 1036.676 CPU sec, 58.441 real sec
[M::process] read 763818 sequences (180000130 bp)...
[M::mem_process_seqs] Processed 764562 reads in 1077.789 CPU sec, 60.948 real sec
[M::process] read 763764 sequences (180000231 bp)...
[M::mem_process_seqs] Processed 763818 reads in 1053.449 CPU sec, 59.064 real sec
[M::process] read 763452 sequences (180000288 bp)...
[M::mem_process_seqs] Processed 763764 reads in 1119.188 CPU sec, 62.787 real sec
[M::process] read 761892 sequences (180000194 bp)...
[M::mem_process_seqs] Processed 763452 reads in 1015.796 CPU sec, 58.395 real sec
[M::process] read 762362 sequences (180000443 bp)...
[M::mem_process_seqs] Processed 761892 reads in 984.205 CPU sec, 55.451 real sec
[M::process] read 762440 sequences (180000311 bp)...
[M::mem_process_seqs] Processed 762362 reads in 1015.206 CPU sec, 56.881 real sec
[M::process] read 762498 sequences (180000228 bp)...
[M::mem_process_seqs] Processed 762440 reads in 995.254 CPU sec, 56.825 real sec
[M::process] read 762510 sequences (180000166 bp)...
[M::mem_process_seqs] Processed 762498 reads in 1039.362 CPU sec, 58.632 real sec
[M::process] read 762166 sequences (180000471 bp)...
[M::mem_process_seqs] Processed 762510 reads in 984.169 CPU sec, 55.170 real sec
[M::process] read 762162 sequences (180000191 bp)...
[M::mem_process_seqs] Processed 762166 reads in 1011.207 CPU sec, 57.146 real sec
[M::process] read 762318 sequences (180000093 bp)...
[M::mem_process_seqs] Processed 762162 reads in 989.215 CPU sec, 56.259 real sec
[M::process] read 762288 sequences (180000396 bp)...
[M::mem_process_seqs] Processed 762318 reads in 1005.760 CPU sec, 56.536 real sec
[M::process] read 762490 sequences (180000398 bp)...
[M::mem_process_seqs] Processed 762288 reads in 982.257 CPU sec, 55.197 real sec
[M::process] read 762764 sequences (180000329 bp)...
[M::mem_process_seqs] Processed 762490 reads in 1018.134 CPU sec, 57.116 real sec
[M::process] read 763046 sequences (180000298 bp)...
[M::mem_process_seqs] Processed 762764 reads in 979.910 CPU sec, 55.000 real sec
[M::process] read 763324 sequences (180000388 bp)...
[M::mem_process_seqs] Processed 763046 reads in 992.968 CPU sec, 55.720 real sec
[M::process] read 763158 sequences (180000004 bp)...
[M::mem_process_seqs] Processed 763324 reads in 1021.775 CPU sec, 57.215 real sec
[M::process] read 763616 sequences (180000350 bp)...
[M::mem_process_seqs] Processed 763158 reads in 984.312 CPU sec, 55.284 real sec
[M::process] read 763306 sequences (180000447 bp)...
[M::mem_process_seqs] Processed 763616 reads in 1023.913 CPU sec, 57.408 real sec
[M::process] read 764000 sequences (180000136 bp)...
[M::mem_process_seqs] Processed 763306 reads in 1009.762 CPU sec, 56.838 real sec
[M::process] read 763346 sequences (180000305 bp)...
[M::mem_process_seqs] Processed 764000 reads in 1004.256 CPU sec, 56.317 real sec
[M::process] read 763226 sequences (180000333 bp)...
[M::mem_process_seqs] Processed 763346 reads in 1006.598 CPU sec, 56.512 real sec
[M::process] read 763346 sequences (180000098 bp)...
[M::mem_process_seqs] Processed 763226 reads in 990.188 CPU sec, 55.858 real sec
[M::process] read 763472 sequences (180000246 bp)...
[M::mem_process_seqs] Processed 763346 reads in 1012.221 CPU sec, 56.670 real sec
[M::process] read 763566 sequences (180000436 bp)...
[M::mem_process_seqs] Processed 763472 reads in 986.051 CPU sec, 55.431 real sec
[M::process] read 763700 sequences (180000140 bp)...
[M::mem_process_seqs] Processed 763566 reads in 1012.736 CPU sec, 56.757 real sec
[M::process] read 762670 sequences (180000004 bp)...
[M::mem_process_seqs] Processed 763700 reads in 995.964 CPU sec, 56.037 real sec
[M::process] read 762418 sequences (180000180 bp)...
[M::mem_process_seqs] Processed 762670 reads in 1000.936 CPU sec, 56.866 real sec
[M::process] read 762668 sequences (180000192 bp)...
[M::mem_process_seqs] Processed 762418 reads in 1007.826 CPU sec, 56.839 real sec
[M::process] read 762690 sequences (180000055 bp)...
[M::mem_process_seqs] Processed 762668 reads in 1037.765 CPU sec, 58.265 real sec
[M::process] read 762590 sequences (180000275 bp)...
[M::mem_process_seqs] Processed 762690 reads in 1040.334 CPU sec, 58.428 real sec
[M::mem_process_seqs] Processed 762590 reads in 1041.775 CPU sec, 67.734 real sec
[M::process] read 762808 sequences (180000046 bp)...
[M::process] read 762534 sequences (180000070 bp)...
[M::mem_process_seqs] Processed 762808 reads in 1032.629 CPU sec, 57.898 real sec
[M::process] read 762568 sequences (180000082 bp)...
[M::mem_process_seqs] Processed 762534 reads in 1016.126 CPU sec, 57.652 real sec
[M::process] read 762620 sequences (180000185 bp)...
[M::mem_process_seqs] Processed 762568 reads in 1029.231 CPU sec, 57.830 real sec
[M::process] read 762980 sequences (180000237 bp)...
[M::mem_process_seqs] Processed 762620 reads in 1018.743 CPU sec, 57.242 real sec
[M::process] read 762872 sequences (180000168 bp)...
[M::mem_process_seqs] Processed 762980 reads in 1027.724 CPU sec, 57.795 real sec
[M::process] read 762526 sequences (180000277 bp)...
[M::mem_process_seqs] Processed 762872 reads in 996.189 CPU sec, 56.736 real sec
[M::process] read 762408 sequences (180000207 bp)...
[M::mem_process_seqs] Processed 762526 reads in 986.592 CPU sec, 55.372 real sec
[M::process] read 762600 sequences (180000098 bp)...
[M::mem_process_seqs] Processed 762408 reads in 1016.821 CPU sec, 57.464 real sec
[M::process] read 762912 sequences (180000439 bp)...
[M::mem_process_seqs] Processed 762600 reads in 993.990 CPU sec, 55.974 real sec
[M::process] read 763056 sequences (180000483 bp)...
[M::mem_process_seqs] Processed 762912 reads in 1040.339 CPU sec, 58.271 real sec
[M::process] read 762826 sequences (180000452 bp)...
[M::mem_process_seqs] Processed 763056 reads in 997.406 CPU sec, 55.910 real sec
[M::process] read 762348 sequences (180000444 bp)...
[M::mem_process_seqs] Processed 762826 reads in 1018.882 CPU sec, 57.442 real sec
[M::process] read 762694 sequences (180000290 bp)...
[M::mem_process_seqs] Processed 762348 reads in 990.880 CPU sec, 55.524 real sec
[M::process] read 762572 sequences (180000200 bp)...
[M::mem_process_seqs] Processed 762694 reads in 1008.311 CPU sec, 56.684 real sec
[M::process] read 763610 sequences (180000383 bp)...
[M::mem_process_seqs] Processed 762572 reads in 990.893 CPU sec, 55.756 real sec
[M::process] read 762588 sequences (180000236 bp)...
[M::mem_process_seqs] Processed 763610 reads in 1027.540 CPU sec, 57.894 real sec
[M::process] read 764170 sequences (180000240 bp)...
[M::mem_process_seqs] Processed 762588 reads in 1423.812 CPU sec, 80.020 real sec
[M::process] read 765566 sequences (180000006 bp)...
[M::mem_process_seqs] Processed 764170 reads in 1780.017 CPU sec, 101.212 real sec
[M::process] read 763854 sequences (180000512 bp)...
[M::mem_process_seqs] Processed 765566 reads in 1775.268 CPU sec, 99.858 real sec
[M::process] read 761680 sequences (180000107 bp)...
[M::mem_process_seqs] Processed 763854 reads in 1771.348 CPU sec, 99.186 real sec
[M::process] read 761886 sequences (180000184 bp)...
[M::mem_process_seqs] Processed 761680 reads in 1811.811 CPU sec, 101.847 real sec
[M::process] read 762936 sequences (180000229 bp)...
[M::mem_process_seqs] Processed 761886 reads in 1796.365 CPU sec, 101.236 real sec
[M::process] read 761202 sequences (180000255 bp)...
[M::mem_process_seqs] Processed 762936 reads in 1801.952 CPU sec, 102.530 real sec
[M::process] read 254216 sequences (60223651 bp)...
[M::mem_process_seqs] Processed 761202 reads in 1793.536 CPU sec, 100.513 real sec
[M::mem_process_seqs] Processed 254216 reads in 595.728 CPU sec, 33.457 real sec
[main] Version: 0.7.17-r1188
[main] CMD: bwa mem -t 18 -R @RG\tID:a166\tSM:a166 /home/jilong/spider2/faststorage/social_spiders_2020/people/jilong/chapter1_social/steps/population_vcf/spider/Stegodyphus_dumicola/mapping/reference/DUM_hifi_hic_scaffolded_trim.fa /dev/fd/63
[main] Real time: 5831.424 sec; CPU: 102605.114 sec
[bam_sort_core] merging from 2 files and 17 in-memory blocks...
