[M::bwa_idx_load_from_disk] read 0 ALT contigs
[M::process] read 805026 sequences (180000318 bp)...
[M::process] read 804668 sequences (180000528 bp)...
[M::mem_process_seqs] Processed 805026 reads in 1127.029 CPU sec, 63.566 real sec
[M::process] read 805826 sequences (180000104 bp)...
[M::mem_process_seqs] Processed 804668 reads in 1070.114 CPU sec, 59.935 real sec
[M::process] read 804888 sequences (180000460 bp)...
[M::mem_process_seqs] Processed 805826 reads in 1076.069 CPU sec, 60.582 real sec
[M::process] read 804800 sequences (180000211 bp)...
[M::mem_process_seqs] Processed 804888 reads in 1096.789 CPU sec, 61.373 real sec
[M::process] read 805086 sequences (180000155 bp)...
[M::mem_process_seqs] Processed 804800 reads in 1097.638 CPU sec, 61.404 real sec
[M::process] read 803972 sequences (180000198 bp)...
[M::mem_process_seqs] Processed 805086 reads in 1152.232 CPU sec, 64.546 real sec
[M::process] read 804568 sequences (180000019 bp)...
[M::mem_process_seqs] Processed 803972 reads in 1148.634 CPU sec, 64.459 real sec
[M::process] read 785472 sequences (180000184 bp)...
[M::mem_process_seqs] Processed 804568 reads in 1130.228 CPU sec, 63.366 real sec
[M::process] read 782680 sequences (180000262 bp)...
[M::mem_process_seqs] Processed 785472 reads in 1182.505 CPU sec, 66.172 real sec
[M::process] read 781818 sequences (180000247 bp)...
[M::mem_process_seqs] Processed 782680 reads in 1113.207 CPU sec, 62.333 real sec
[M::process] read 783360 sequences (180000261 bp)...
[M::mem_process_seqs] Processed 781818 reads in 1100.111 CPU sec, 61.524 real sec
[M::process] read 782254 sequences (180000105 bp)...
[M::mem_process_seqs] Processed 783360 reads in 1105.032 CPU sec, 61.839 real sec
[M::process] read 782994 sequences (180000407 bp)...
[M::mem_process_seqs] Processed 782254 reads in 1118.410 CPU sec, 62.655 real sec
[M::process] read 781562 sequences (180000212 bp)...
[M::mem_process_seqs] Processed 782994 reads in 1145.882 CPU sec, 64.131 real sec
[M::process] read 782494 sequences (180000220 bp)...
[M::mem_process_seqs] Processed 781562 reads in 1162.583 CPU sec, 65.053 real sec
[M::process] read 780538 sequences (180000393 bp)...
[M::mem_process_seqs] Processed 782494 reads in 1176.022 CPU sec, 65.948 real sec
[M::process] read 782362 sequences (180000052 bp)...
[M::mem_process_seqs] Processed 780538 reads in 1213.359 CPU sec, 67.929 real sec
[M::process] read 782736 sequences (180000391 bp)...
[M::mem_process_seqs] Processed 782362 reads in 1173.489 CPU sec, 65.662 real sec
[M::process] read 786904 sequences (180000212 bp)...
[M::mem_process_seqs] Processed 782736 reads in 1206.726 CPU sec, 67.534 real sec
[M::process] read 786812 sequences (180000143 bp)...
[M::mem_process_seqs] Processed 786904 reads in 1140.156 CPU sec, 63.865 real sec
[M::process] read 786222 sequences (180000479 bp)...
[M::mem_process_seqs] Processed 786812 reads in 1069.326 CPU sec, 59.952 real sec
[M::process] read 787624 sequences (180000011 bp)...
[M::mem_process_seqs] Processed 786222 reads in 1079.727 CPU sec, 60.487 real sec
[M::process] read 786240 sequences (180000019 bp)...
[M::mem_process_seqs] Processed 787624 reads in 1080.246 CPU sec, 60.591 real sec
[M::process] read 787150 sequences (180000300 bp)...
[M::mem_process_seqs] Processed 786240 reads in 1090.111 CPU sec, 61.176 real sec
[M::process] read 786088 sequences (180000020 bp)...
[M::mem_process_seqs] Processed 787150 reads in 1121.823 CPU sec, 62.753 real sec
[M::process] read 786858 sequences (180000280 bp)...
[M::mem_process_seqs] Processed 786088 reads in 1106.103 CPU sec, 61.887 real sec
[M::process] read 785770 sequences (180000120 bp)...
[M::mem_process_seqs] Processed 786858 reads in 1183.013 CPU sec, 66.231 real sec
[M::process] read 785616 sequences (180000133 bp)...
[M::mem_process_seqs] Processed 785770 reads in 1110.108 CPU sec, 62.252 real sec
[M::process] read 786976 sequences (180000064 bp)...
[M::mem_process_seqs] Processed 785616 reads in 1209.344 CPU sec, 70.001 real sec
[M::process] read 784998 sequences (180000235 bp)...
[M::mem_process_seqs] Processed 786976 reads in 1138.869 CPU sec, 63.860 real sec
[M::process] read 783494 sequences (180000461 bp)...
[M::mem_process_seqs] Processed 784998 reads in 1227.609 CPU sec, 68.664 real sec
[M::process] read 784266 sequences (180000464 bp)...
[M::mem_process_seqs] Processed 783494 reads in 1172.991 CPU sec, 66.100 real sec
[M::process] read 782782 sequences (180000475 bp)...
[M::mem_process_seqs] Processed 784266 reads in 1098.564 CPU sec, 62.000 real sec
[M::process] read 784188 sequences (180000126 bp)...
[M::mem_process_seqs] Processed 782782 reads in 1098.903 CPU sec, 62.273 real sec
[M::process] read 783524 sequences (180000088 bp)...
[M::mem_process_seqs] Processed 784188 reads in 1115.340 CPU sec, 66.799 real sec
[M::mem_process_seqs] Processed 783524 reads in 1101.749 CPU sec, 71.390 real sec
[M::process] read 783670 sequences (180000135 bp)...
[M::process] read 783678 sequences (180000484 bp)...
[M::mem_process_seqs] Processed 783670 reads in 1132.155 CPU sec, 68.674 real sec
[M::process] read 782574 sequences (180000450 bp)...
[M::mem_process_seqs] Processed 783678 reads in 1125.885 CPU sec, 64.905 real sec
[M::process] read 784152 sequences (180000200 bp)...
[M::mem_process_seqs] Processed 782574 reads in 1205.968 CPU sec, 67.759 real sec
[M::process] read 781968 sequences (180000353 bp)...
[M::mem_process_seqs] Processed 784152 reads in 1173.305 CPU sec, 65.790 real sec
[M::process] read 783746 sequences (180000006 bp)...
[M::mem_process_seqs] Processed 781968 reads in 1182.187 CPU sec, 66.319 real sec
[M::process] read 782992 sequences (180000049 bp)...
[M::mem_process_seqs] Processed 783746 reads in 1228.661 CPU sec, 68.831 real sec
[M::process] read 796708 sequences (180000177 bp)...
[M::mem_process_seqs] Processed 782992 reads in 1162.985 CPU sec, 68.892 real sec
[M::process] read 798882 sequences (180000426 bp)...
[M::mem_process_seqs] Processed 796708 reads in 1065.520 CPU sec, 59.616 real sec
[M::process] read 799398 sequences (180000237 bp)...
[M::mem_process_seqs] Processed 798882 reads in 1068.346 CPU sec, 59.813 real sec
[M::process] read 799012 sequences (180000274 bp)...
[M::mem_process_seqs] Processed 799398 reads in 1034.453 CPU sec, 57.853 real sec
[M::process] read 799806 sequences (180000526 bp)...
[M::mem_process_seqs] Processed 799012 reads in 1074.308 CPU sec, 60.122 real sec
[M::process] read 799274 sequences (180000137 bp)...
[M::mem_process_seqs] Processed 799806 reads in 1052.102 CPU sec, 58.806 real sec
[M::process] read 799322 sequences (180000107 bp)...
[M::mem_process_seqs] Processed 799274 reads in 1037.074 CPU sec, 58.243 real sec
[M::process] read 799696 sequences (180000291 bp)...
[M::mem_process_seqs] Processed 799322 reads in 1056.883 CPU sec, 59.062 real sec
[M::process] read 799546 sequences (180000204 bp)...
[M::mem_process_seqs] Processed 799696 reads in 1050.543 CPU sec, 58.884 real sec
[M::process] read 781450 sequences (180000179 bp)...
[M::mem_process_seqs] Processed 799546 reads in 1037.002 CPU sec, 58.105 real sec
[M::process] read 777984 sequences (180000402 bp)...
[M::mem_process_seqs] Processed 781450 reads in 1060.346 CPU sec, 59.470 real sec
[M::process] read 777688 sequences (180000154 bp)...
[M::mem_process_seqs] Processed 777984 reads in 1078.843 CPU sec, 60.623 real sec
[M::process] read 777952 sequences (180000226 bp)...
[M::mem_process_seqs] Processed 777688 reads in 1106.439 CPU sec, 61.887 real sec
[M::process] read 777780 sequences (180000152 bp)...
[M::mem_process_seqs] Processed 777952 reads in 1081.285 CPU sec, 60.514 real sec
[M::process] read 777856 sequences (180000353 bp)...
[M::mem_process_seqs] Processed 777780 reads in 1125.138 CPU sec, 63.123 real sec
[M::process] read 778290 sequences (180000446 bp)...
[M::mem_process_seqs] Processed 777856 reads in 1082.374 CPU sec, 60.778 real sec
[M::process] read 778054 sequences (180000415 bp)...
[M::mem_process_seqs] Processed 778290 reads in 1096.361 CPU sec, 61.487 real sec
[M::process] read 778456 sequences (180000337 bp)...
[M::mem_process_seqs] Processed 778054 reads in 1089.397 CPU sec, 61.025 real sec
[M::process] read 778208 sequences (180000121 bp)...
[M::mem_process_seqs] Processed 778456 reads in 1095.464 CPU sec, 61.602 real sec
[M::process] read 778448 sequences (180000100 bp)...
[M::mem_process_seqs] Processed 778208 reads in 1065.493 CPU sec, 59.840 real sec
[M::process] read 778708 sequences (180000349 bp)...
[M::mem_process_seqs] Processed 778448 reads in 1098.892 CPU sec, 61.464 real sec
[M::process] read 781392 sequences (180000272 bp)...
[M::mem_process_seqs] Processed 778708 reads in 1074.066 CPU sec, 60.101 real sec
[M::process] read 781820 sequences (180000246 bp)...
[M::mem_process_seqs] Processed 781392 reads in 1061.824 CPU sec, 59.550 real sec
[M::process] read 781640 sequences (180000174 bp)...
[M::mem_process_seqs] Processed 781820 reads in 1062.922 CPU sec, 59.453 real sec
[M::process] read 782176 sequences (180000259 bp)...
[M::mem_process_seqs] Processed 781640 reads in 1087.194 CPU sec, 60.841 real sec
[M::process] read 781808 sequences (180000054 bp)...
[M::mem_process_seqs] Processed 782176 reads in 1068.928 CPU sec, 59.873 real sec
[M::process] read 782026 sequences (180000045 bp)...
[M::mem_process_seqs] Processed 781808 reads in 1110.274 CPU sec, 62.260 real sec
[M::mem_process_seqs] Processed 782026 reads in 1053.243 CPU sec, 66.297 real sec
[M::process] read 782034 sequences (180000130 bp)...
[M::process] read 781910 sequences (180000026 bp)...
[M::mem_process_seqs] Processed 782034 reads in 1093.067 CPU sec, 61.167 real sec
[M::process] read 781990 sequences (180000090 bp)...
[M::mem_process_seqs] Processed 781910 reads in 1061.469 CPU sec, 59.387 real sec
[M::process] read 782282 sequences (180000282 bp)...
[M::mem_process_seqs] Processed 781990 reads in 1077.420 CPU sec, 60.248 real sec
[M::process] read 782304 sequences (180000254 bp)...
[M::mem_process_seqs] Processed 782282 reads in 1058.108 CPU sec, 59.170 real sec
[M::process] read 782832 sequences (180000247 bp)...
[M::mem_process_seqs] Processed 782304 reads in 1072.582 CPU sec, 60.191 real sec
[M::process] read 781568 sequences (180000024 bp)...
[M::mem_process_seqs] Processed 782832 reads in 1064.609 CPU sec, 59.512 real sec
[M::process] read 780500 sequences (180000340 bp)...
[M::mem_process_seqs] Processed 781568 reads in 1074.101 CPU sec, 60.333 real sec
[M::process] read 780732 sequences (180000165 bp)...
[M::mem_process_seqs] Processed 780500 reads in 1075.872 CPU sec, 60.270 real sec
[M::process] read 780600 sequences (180000140 bp)...
[M::mem_process_seqs] Processed 780732 reads in 1091.595 CPU sec, 61.083 real sec
[M::process] read 781326 sequences (180000256 bp)...
[M::mem_process_seqs] Processed 780600 reads in 1100.883 CPU sec, 61.698 real sec
[M::process] read 780892 sequences (180000384 bp)...
[M::mem_process_seqs] Processed 781326 reads in 1074.021 CPU sec, 60.217 real sec
[M::process] read 780570 sequences (180000392 bp)...
[M::mem_process_seqs] Processed 780892 reads in 1136.708 CPU sec, 63.631 real sec
[M::process] read 781166 sequences (180000200 bp)...
[M::mem_process_seqs] Processed 780570 reads in 1076.253 CPU sec, 60.562 real sec
[M::process] read 780850 sequences (180000467 bp)...
[M::mem_process_seqs] Processed 781166 reads in 1106.439 CPU sec, 62.154 real sec
[M::process] read 780664 sequences (180000401 bp)...
[M::mem_process_seqs] Processed 780850 reads in 1077.282 CPU sec, 60.333 real sec
[M::process] read 780476 sequences (180000392 bp)...
[M::mem_process_seqs] Processed 780664 reads in 1085.469 CPU sec, 60.786 real sec
[M::process] read 780848 sequences (180000160 bp)...
[M::mem_process_seqs] Processed 780476 reads in 1099.612 CPU sec, 61.478 real sec
[M::process] read 781668 sequences (180000143 bp)...
[M::mem_process_seqs] Processed 780848 reads in 1078.207 CPU sec, 60.442 real sec
[M::process] read 780582 sequences (180000303 bp)...
[M::mem_process_seqs] Processed 781668 reads in 1120.105 CPU sec, 63.496 real sec
[M::process] read 760232 sequences (180000353 bp)...
[M::mem_process_seqs] Processed 780582 reads in 1070.347 CPU sec, 59.833 real sec
[M::process] read 755038 sequences (180000163 bp)...
[M::mem_process_seqs] Processed 760232 reads in 1202.715 CPU sec, 67.305 real sec
[M::process] read 754432 sequences (180000218 bp)...
[M::mem_process_seqs] Processed 755038 reads in 1218.700 CPU sec, 68.173 real sec
[M::process] read 754340 sequences (180000102 bp)...
[M::mem_process_seqs] Processed 754432 reads in 1234.321 CPU sec, 69.587 real sec
[M::process] read 754276 sequences (180000177 bp)...
[M::mem_process_seqs] Processed 754340 reads in 1235.269 CPU sec, 69.187 real sec
[M::process] read 755096 sequences (180000454 bp)...
[M::mem_process_seqs] Processed 754276 reads in 1230.196 CPU sec, 68.809 real sec
[M::process] read 756096 sequences (180000417 bp)...
[M::mem_process_seqs] Processed 755096 reads in 1198.762 CPU sec, 67.275 real sec
[M::process] read 756288 sequences (180000027 bp)...
[M::mem_process_seqs] Processed 756096 reads in 1234.767 CPU sec, 69.411 real sec
[M::process] read 755424 sequences (180000033 bp)...
[M::mem_process_seqs] Processed 756288 reads in 1294.885 CPU sec, 73.053 real sec
[M::process] read 755226 sequences (180000077 bp)...
[M::mem_process_seqs] Processed 755424 reads in 1290.430 CPU sec, 72.377 real sec
[M::process] read 756528 sequences (180000145 bp)...
[M::mem_process_seqs] Processed 755226 reads in 1206.400 CPU sec, 67.598 real sec
[M::process] read 756832 sequences (180000428 bp)...
[M::mem_process_seqs] Processed 756528 reads in 1244.836 CPU sec, 69.786 real sec
[M::process] read 755540 sequences (180000199 bp)...
[M::mem_process_seqs] Processed 756832 reads in 1315.322 CPU sec, 73.885 real sec
[M::process] read 755082 sequences (180000268 bp)...
[M::mem_process_seqs] Processed 755540 reads in 1283.850 CPU sec, 71.881 real sec
[M::mem_process_seqs] Processed 755082 reads in 1329.344 CPU sec, 82.102 real sec
[M::process] read 756450 sequences (180000268 bp)...
[M::process] read 756836 sequences (180000079 bp)...
[M::mem_process_seqs] Processed 756450 reads in 1223.392 CPU sec, 68.397 real sec
[M::process] read 755600 sequences (180000223 bp)...
[M::mem_process_seqs] Processed 756836 reads in 1256.221 CPU sec, 70.286 real sec
[M::process] read 754654 sequences (180000197 bp)...
[M::mem_process_seqs] Processed 755600 reads in 1265.273 CPU sec, 70.762 real sec
[M::process] read 755744 sequences (180000286 bp)...
[M::mem_process_seqs] Processed 754654 reads in 1200.809 CPU sec, 67.349 real sec
[M::process] read 755878 sequences (180000114 bp)...
[M::mem_process_seqs] Processed 755744 reads in 1216.351 CPU sec, 68.106 real sec
[M::process] read 754832 sequences (180000043 bp)...
[M::mem_process_seqs] Processed 755878 reads in 1279.784 CPU sec, 71.623 real sec
[M::process] read 754494 sequences (180000497 bp)...
[M::mem_process_seqs] Processed 754832 reads in 1273.083 CPU sec, 71.272 real sec
[M::process] read 754406 sequences (180000527 bp)...
[M::mem_process_seqs] Processed 754494 reads in 1256.625 CPU sec, 70.404 real sec
[M::process] read 754748 sequences (180000462 bp)...
[M::mem_process_seqs] Processed 754406 reads in 1217.660 CPU sec, 68.156 real sec
[M::process] read 754252 sequences (180000036 bp)...
[M::mem_process_seqs] Processed 754748 reads in 1222.537 CPU sec, 68.455 real sec
[M::process] read 753820 sequences (180000056 bp)...
[M::mem_process_seqs] Processed 754252 reads in 1289.968 CPU sec, 72.119 real sec
[M::process] read 754262 sequences (180000244 bp)...
[M::mem_process_seqs] Processed 753820 reads in 1239.955 CPU sec, 69.617 real sec
[M::process] read 754332 sequences (180000193 bp)...
[M::mem_process_seqs] Processed 754262 reads in 1219.561 CPU sec, 68.271 real sec
[M::process] read 754084 sequences (180000054 bp)...
[M::mem_process_seqs] Processed 754332 reads in 1226.340 CPU sec, 68.774 real sec
[M::process] read 753866 sequences (180000006 bp)...
[M::mem_process_seqs] Processed 754084 reads in 1247.509 CPU sec, 69.729 real sec
[M::process] read 754984 sequences (180000349 bp)...
[M::mem_process_seqs] Processed 753866 reads in 1204.812 CPU sec, 67.520 real sec
[M::process] read 755082 sequences (180000369 bp)...
[M::mem_process_seqs] Processed 754984 reads in 1231.881 CPU sec, 68.852 real sec
[M::process] read 754266 sequences (180000268 bp)...
[M::mem_process_seqs] Processed 755082 reads in 1257.020 CPU sec, 70.280 real sec
[M::process] read 754196 sequences (180000006 bp)...
[M::mem_process_seqs] Processed 754266 reads in 1307.511 CPU sec, 73.080 real sec
[M::process] read 755772 sequences (180000048 bp)...
[M::mem_process_seqs] Processed 754196 reads in 1210.106 CPU sec, 67.848 real sec
[M::process] read 755352 sequences (180000091 bp)...
[M::mem_process_seqs] Processed 755772 reads in 1250.398 CPU sec, 70.000 real sec
[M::process] read 753784 sequences (180000206 bp)...
[M::mem_process_seqs] Processed 755352 reads in 1344.906 CPU sec, 75.429 real sec
[M::process] read 755308 sequences (180000049 bp)...
[M::mem_process_seqs] Processed 753784 reads in 1334.510 CPU sec, 74.707 real sec
[M::process] read 755510 sequences (180000308 bp)...
[M::mem_process_seqs] Processed 755308 reads in 1230.780 CPU sec, 68.847 real sec
[M::process] read 754306 sequences (180000315 bp)...
[M::mem_process_seqs] Processed 755510 reads in 1247.838 CPU sec, 69.868 real sec
[M::process] read 754140 sequences (180000298 bp)...
[M::mem_process_seqs] Processed 754306 reads in 1269.123 CPU sec, 71.026 real sec
[M::process] read 755048 sequences (180000279 bp)...
[M::mem_process_seqs] Processed 754140 reads in 1208.145 CPU sec, 67.578 real sec
[M::process] read 754576 sequences (180000266 bp)...
[M::mem_process_seqs] Processed 755048 reads in 1220.510 CPU sec, 68.253 real sec
[M::process] read 753556 sequences (180000196 bp)...
[M::mem_process_seqs] Processed 754576 reads in 1266.958 CPU sec, 70.802 real sec
[M::process] read 753878 sequences (180000292 bp)...
[M::mem_process_seqs] Processed 753556 reads in 1303.795 CPU sec, 76.320 real sec
[M::process] read 754276 sequences (180000297 bp)...
[M::mem_process_seqs] Processed 753878 reads in 1211.035 CPU sec, 68.506 real sec
[M::process] read 753404 sequences (180000374 bp)...
[M::mem_process_seqs] Processed 754276 reads in 1231.625 CPU sec, 68.878 real sec
[M::process] read 790684 sequences (180000291 bp)...
[M::mem_process_seqs] Processed 753404 reads in 1290.093 CPU sec, 72.369 real sec
[M::process] read 779850 sequences (180000121 bp)...
[M::mem_process_seqs] Processed 790684 reads in 1859.921 CPU sec, 111.008 real sec
[M::process] read 781822 sequences (180000166 bp)...
[M::mem_process_seqs] Processed 779850 reads in 2009.821 CPU sec, 112.358 real sec
[M::process] read 780460 sequences (180000535 bp)...
[M::mem_process_seqs] Processed 781822 reads in 1934.057 CPU sec, 107.990 real sec
[M::process] read 790172 sequences (180000100 bp)...
[M::mem_process_seqs] Processed 780460 reads in 2017.897 CPU sec, 112.908 real sec
[M::process] read 776188 sequences (180000316 bp)...
[M::mem_process_seqs] Processed 790172 reads in 1940.761 CPU sec, 108.436 real sec
[M::process] read 777846 sequences (180000362 bp)...
[M::mem_process_seqs] Processed 776188 reads in 1973.897 CPU sec, 110.427 real sec
[M::process] read 777338 sequences (180000155 bp)...
[M::mem_process_seqs] Processed 777846 reads in 1893.896 CPU sec, 106.141 real sec
[M::process] read 773240 sequences (180000265 bp)...
[M::mem_process_seqs] Processed 777338 reads in 1991.542 CPU sec, 111.310 real sec
[M::process] read 775704 sequences (180000048 bp)...
[M::mem_process_seqs] Processed 773240 reads in 2156.435 CPU sec, 120.819 real sec
[M::process] read 772126 sequences (180000255 bp)...
[M::mem_process_seqs] Processed 775704 reads in 2250.405 CPU sec, 125.650 real sec
[M::process] read 79691 sequences (18314947 bp)...
[M::mem_process_seqs] Processed 772126 reads in 2271.250 CPU sec, 127.072 real sec
[M::mem_process_seqs] Processed 79691 reads in 247.162 CPU sec, 13.954 real sec
[main] Version: 0.7.17-r1188
[main] CMD: bwa mem -t 18 -R @RG\tID:a169\tSM:a169 /home/jilong/spider2/faststorage/social_spiders_2020/people/jilong/chapter1_social/steps/population_vcf/spider/Stegodyphus_dumicola/mapping/reference/DUM_hifi_hic_scaffolded_trim.fa /dev/fd/63
[main] Real time: 10215.819 sec; CPU: 180948.991 sec
[bam_sort_core] merging from 4 files and 17 in-memory blocks...
