[M::bwa_idx_load_from_disk] read 0 ALT contigs
[M::process] read 726224 sequences (180000015 bp)...
[M::process] read 728018 sequences (180000283 bp)...
[M::mem_process_seqs] Processed 726224 reads in 1644.444 CPU sec, 91.813 real sec
[M::process] read 729040 sequences (180000270 bp)...
[M::mem_process_seqs] Processed 728018 reads in 1600.057 CPU sec, 89.363 real sec
[M::process] read 728200 sequences (180000134 bp)...
[M::mem_process_seqs] Processed 729040 reads in 1557.763 CPU sec, 86.957 real sec
[M::process] read 728456 sequences (180000314 bp)...
[M::mem_process_seqs] Processed 728200 reads in 1568.095 CPU sec, 87.545 real sec
[M::process] read 728746 sequences (180000209 bp)...
[M::mem_process_seqs] Processed 728456 reads in 1583.127 CPU sec, 88.355 real sec
[M::process] read 736414 sequences (180000058 bp)...
[M::mem_process_seqs] Processed 728746 reads in 1593.154 CPU sec, 88.942 real sec
[M::process] read 769620 sequences (180000100 bp)...
[M::mem_process_seqs] Processed 736414 reads in 1489.970 CPU sec, 83.179 real sec
[M::process] read 769868 sequences (180000362 bp)...
[M::mem_process_seqs] Processed 769620 reads in 1082.799 CPU sec, 60.486 real sec
[M::process] read 769402 sequences (180000048 bp)...
[M::mem_process_seqs] Processed 769868 reads in 1062.273 CPU sec, 59.362 real sec
[M::process] read 769130 sequences (180000289 bp)...
[M::mem_process_seqs] Processed 769402 reads in 1089.817 CPU sec, 60.903 real sec
[M::process] read 769048 sequences (180000159 bp)...
[M::mem_process_seqs] Processed 769130 reads in 1134.101 CPU sec, 63.385 real sec
[M::process] read 769416 sequences (180000057 bp)...
[M::mem_process_seqs] Processed 769048 reads in 1117.544 CPU sec, 62.477 real sec
[M::process] read 770056 sequences (180000469 bp)...
[M::mem_process_seqs] Processed 769416 reads in 1031.179 CPU sec, 57.644 real sec
[M::process] read 769852 sequences (180000211 bp)...
[M::mem_process_seqs] Processed 770056 reads in 1010.847 CPU sec, 56.518 real sec
[M::process] read 769450 sequences (180000041 bp)...
[M::mem_process_seqs] Processed 769852 reads in 1040.738 CPU sec, 58.155 real sec
[M::process] read 768722 sequences (180000103 bp)...
[M::mem_process_seqs] Processed 769450 reads in 1074.816 CPU sec, 60.046 real sec
[M::process] read 768974 sequences (180000184 bp)...
[M::mem_process_seqs] Processed 768722 reads in 1101.549 CPU sec, 61.541 real sec
[M::process] read 768424 sequences (180000383 bp)...
[M::mem_process_seqs] Processed 768974 reads in 1067.292 CPU sec, 59.617 real sec
[M::process] read 769614 sequences (180000045 bp)...
[M::mem_process_seqs] Processed 768424 reads in 1025.830 CPU sec, 57.374 real sec
[M::process] read 768930 sequences (180000020 bp)...
[M::mem_process_seqs] Processed 769614 reads in 1028.943 CPU sec, 57.543 real sec
[M::process] read 768570 sequences (180000333 bp)...
[M::mem_process_seqs] Processed 768930 reads in 1059.390 CPU sec, 59.186 real sec
[M::process] read 767880 sequences (180000152 bp)...
[M::mem_process_seqs] Processed 768570 reads in 1095.271 CPU sec, 61.162 real sec
[M::process] read 768844 sequences (180000362 bp)...
[M::mem_process_seqs] Processed 767880 reads in 1091.987 CPU sec, 60.961 real sec
[M::process] read 769554 sequences (180000056 bp)...
[M::mem_process_seqs] Processed 768844 reads in 1126.453 CPU sec, 62.976 real sec
[M::process] read 768388 sequences (180000341 bp)...
[M::mem_process_seqs] Processed 769554 reads in 1045.519 CPU sec, 58.412 real sec
[M::process] read 769896 sequences (180000188 bp)...
[M::mem_process_seqs] Processed 768388 reads in 1013.477 CPU sec, 56.605 real sec
[M::process] read 769310 sequences (180000322 bp)...
[M::mem_process_seqs] Processed 769896 reads in 1021.942 CPU sec, 57.078 real sec
[M::process] read 768638 sequences (180000491 bp)...
[M::mem_process_seqs] Processed 769310 reads in 1037.945 CPU sec, 58.033 real sec
[M::process] read 767698 sequences (180000287 bp)...
[M::mem_process_seqs] Processed 768638 reads in 1085.171 CPU sec, 60.638 real sec
[M::process] read 768368 sequences (180000370 bp)...
[M::mem_process_seqs] Processed 767698 reads in 1072.241 CPU sec, 59.850 real sec
[M::process] read 766634 sequences (180000073 bp)...
[M::mem_process_seqs] Processed 768368 reads in 1076.896 CPU sec, 60.155 real sec
[M::process] read 766760 sequences (180000021 bp)...
[M::mem_process_seqs] Processed 766634 reads in 1047.013 CPU sec, 58.474 real sec
[M::process] read 766484 sequences (180000005 bp)...
[M::mem_process_seqs] Processed 766760 reads in 1058.110 CPU sec, 59.091 real sec
[M::process] read 766602 sequences (180000383 bp)...
[M::mem_process_seqs] Processed 766484 reads in 1040.158 CPU sec, 58.081 real sec
[M::mem_process_seqs] Processed 766602 reads in 1050.605 CPU sec, 65.813 real sec
[M::process] read 766656 sequences (180000325 bp)...
[M::process] read 768162 sequences (180000066 bp)...
[M::mem_process_seqs] Processed 766656 reads in 1039.979 CPU sec, 58.951 real sec
[M::process] read 768804 sequences (180000240 bp)...
[M::mem_process_seqs] Processed 768162 reads in 1012.145 CPU sec, 56.530 real sec
[M::process] read 768864 sequences (180000240 bp)...
[M::mem_process_seqs] Processed 768804 reads in 1010.301 CPU sec, 56.424 real sec
[M::process] read 768310 sequences (180000510 bp)...
[M::mem_process_seqs] Processed 768864 reads in 1027.208 CPU sec, 57.412 real sec
[M::process] read 768178 sequences (180000273 bp)...
[M::mem_process_seqs] Processed 768310 reads in 1012.779 CPU sec, 56.551 real sec
[M::process] read 767902 sequences (180000432 bp)...
[M::mem_process_seqs] Processed 768178 reads in 1010.443 CPU sec, 56.451 real sec
[M::process] read 766462 sequences (180000352 bp)...
[M::mem_process_seqs] Processed 767902 reads in 1021.779 CPU sec, 57.071 real sec
[M::process] read 766802 sequences (180000283 bp)...
[M::mem_process_seqs] Processed 766462 reads in 1030.973 CPU sec, 57.581 real sec
[M::process] read 766552 sequences (180000182 bp)...
[M::mem_process_seqs] Processed 766802 reads in 1021.374 CPU sec, 57.042 real sec
[M::process] read 767000 sequences (180000092 bp)...
[M::mem_process_seqs] Processed 766552 reads in 1052.279 CPU sec, 58.770 real sec
[M::process] read 766450 sequences (180000140 bp)...
[M::mem_process_seqs] Processed 767000 reads in 1038.218 CPU sec, 57.968 real sec
[M::process] read 766650 sequences (180000233 bp)...
[M::mem_process_seqs] Processed 766450 reads in 1017.014 CPU sec, 56.792 real sec
[M::process] read 766954 sequences (180000448 bp)...
[M::mem_process_seqs] Processed 766650 reads in 1032.160 CPU sec, 57.627 real sec
[M::process] read 767036 sequences (180000376 bp)...
[M::mem_process_seqs] Processed 766954 reads in 1035.396 CPU sec, 57.825 real sec
[M::process] read 767554 sequences (180000042 bp)...
[M::mem_process_seqs] Processed 767036 reads in 1011.568 CPU sec, 56.478 real sec
[M::process] read 767822 sequences (180000262 bp)...
[M::mem_process_seqs] Processed 767554 reads in 1031.787 CPU sec, 57.631 real sec
[M::process] read 767832 sequences (180000501 bp)...
[M::mem_process_seqs] Processed 767822 reads in 1026.430 CPU sec, 57.344 real sec
[M::process] read 767732 sequences (180000007 bp)...
[M::mem_process_seqs] Processed 767832 reads in 1036.975 CPU sec, 57.900 real sec
[M::process] read 767236 sequences (180000070 bp)...
[M::mem_process_seqs] Processed 767732 reads in 1032.127 CPU sec, 57.629 real sec
[M::process] read 767486 sequences (180000491 bp)...
[M::mem_process_seqs] Processed 767236 reads in 1029.867 CPU sec, 57.505 real sec
[M::process] read 762156 sequences (180000267 bp)...
[M::mem_process_seqs] Processed 767486 reads in 1016.778 CPU sec, 56.778 real sec
[M::process] read 753302 sequences (180000415 bp)...
[M::mem_process_seqs] Processed 762156 reads in 1223.113 CPU sec, 68.284 real sec
[M::process] read 752948 sequences (180000141 bp)...
[M::mem_process_seqs] Processed 753302 reads in 1463.068 CPU sec, 81.679 real sec
[M::process] read 754028 sequences (180000217 bp)...
[M::mem_process_seqs] Processed 752948 reads in 1464.672 CPU sec, 81.773 real sec
[M::process] read 753976 sequences (180000174 bp)...
[M::mem_process_seqs] Processed 754028 reads in 1448.116 CPU sec, 80.843 real sec
[M::process] read 754386 sequences (180000425 bp)...
[M::mem_process_seqs] Processed 753976 reads in 1511.944 CPU sec, 84.389 real sec
[M::process] read 754464 sequences (180000417 bp)...
[M::mem_process_seqs] Processed 754386 reads in 1460.729 CPU sec, 81.541 real sec
[M::process] read 754266 sequences (180000136 bp)...
[M::mem_process_seqs] Processed 754464 reads in 1569.780 CPU sec, 87.635 real sec
[M::process] read 754170 sequences (180000018 bp)...
[M::mem_process_seqs] Processed 754266 reads in 1454.680 CPU sec, 82.068 real sec
[M::process] read 754644 sequences (180000286 bp)...
[M::mem_process_seqs] Processed 754170 reads in 1473.926 CPU sec, 82.271 real sec
[M::process] read 753420 sequences (180000321 bp)...
[M::mem_process_seqs] Processed 754644 reads in 1452.437 CPU sec, 81.086 real sec
[M::process] read 753496 sequences (180000266 bp)...
[M::mem_process_seqs] Processed 753420 reads in 1520.575 CPU sec, 84.896 real sec
[M::process] read 753520 sequences (180000367 bp)...
[M::mem_process_seqs] Processed 753496 reads in 1466.267 CPU sec, 81.861 real sec
[M::process] read 757686 sequences (180000342 bp)...
[M::mem_process_seqs] Processed 753520 reads in 1507.101 CPU sec, 91.449 real sec
[M::process] read 758306 sequences (180000175 bp)...
[M::mem_process_seqs] Processed 757686 reads in 1433.856 CPU sec, 80.077 real sec
[M::process] read 758672 sequences (180000062 bp)...
[M::mem_process_seqs] Processed 758306 reads in 1415.921 CPU sec, 79.083 real sec
[M::process] read 759682 sequences (180000321 bp)...
[M::mem_process_seqs] Processed 758672 reads in 1449.908 CPU sec, 80.965 real sec
[M::process] read 758910 sequences (180000286 bp)...
[M::mem_process_seqs] Processed 759682 reads in 1480.193 CPU sec, 82.618 real sec
[M::process] read 758728 sequences (180000384 bp)...
[M::mem_process_seqs] Processed 758910 reads in 1431.139 CPU sec, 79.890 real sec
[M::process] read 757996 sequences (180000068 bp)...
[M::mem_process_seqs] Processed 758728 reads in 1454.859 CPU sec, 81.251 real sec
[M::process] read 772760 sequences (180000185 bp)...
[M::mem_process_seqs] Processed 757996 reads in 1514.564 CPU sec, 84.580 real sec
[M::process] read 774982 sequences (180000061 bp)...
[M::mem_process_seqs] Processed 772760 reads in 2434.303 CPU sec, 135.878 real sec
[M::process] read 774184 sequences (180000200 bp)...
[M::mem_process_seqs] Processed 774982 reads in 1895.145 CPU sec, 105.761 real sec
[M::process] read 771746 sequences (180000178 bp)...
[M::mem_process_seqs] Processed 774184 reads in 1886.200 CPU sec, 105.280 real sec
[M::process] read 772724 sequences (180000218 bp)...
[M::mem_process_seqs] Processed 771746 reads in 1878.762 CPU sec, 104.887 real sec
[M::process] read 788076 sequences (180000277 bp)...
[M::mem_process_seqs] Processed 772724 reads in 1906.771 CPU sec, 106.409 real sec
[M::process] read 266442 sequences (60696270 bp)...
[M::mem_process_seqs] Processed 788076 reads in 2617.718 CPU sec, 146.068 real sec
[M::mem_process_seqs] Processed 266442 reads in 878.650 CPU sec, 49.064 real sec
[main] Version: 0.7.17-r1188
[main] CMD: bwa mem -t 18 -R @RG\tID:a178\tSM:a178 /home/jilong/spider2/faststorage/social_spiders_2020/people/jilong/chapter1_social/steps/population_vcf/spider/Stegodyphus_dumicola/mapping/reference/DUM_hifi_hic_scaffolded_trim.fa /dev/fd/63
[main] Real time: 5895.634 sec; CPU: 105071.793 sec
[bam_sort_core] merging from 2 files and 17 in-memory blocks...
