[M::bwa_idx_load_from_disk] read 0 ALT contigs
[M::process] read 723352 sequences (180000195 bp)...
[M::process] read 720100 sequences (180000062 bp)...
[M::mem_process_seqs] Processed 723352 reads in 1559.492 CPU sec, 87.246 real sec
[M::process] read 720632 sequences (180000206 bp)...
[M::mem_process_seqs] Processed 720100 reads in 1227.970 CPU sec, 68.702 real sec
[M::process] read 720268 sequences (180000202 bp)...
[M::mem_process_seqs] Processed 720632 reads in 1245.703 CPU sec, 69.706 real sec
[M::process] read 720492 sequences (180000441 bp)...
[M::mem_process_seqs] Processed 720268 reads in 1271.554 CPU sec, 71.115 real sec
[M::process] read 720298 sequences (180000029 bp)...
[M::mem_process_seqs] Processed 720492 reads in 1244.881 CPU sec, 69.632 real sec
[M::process] read 720842 sequences (180000480 bp)...
[M::mem_process_seqs] Processed 720298 reads in 1264.507 CPU sec, 70.777 real sec
[M::process] read 721064 sequences (180000034 bp)...
[M::mem_process_seqs] Processed 720842 reads in 1389.795 CPU sec, 77.717 real sec
[M::process] read 718930 sequences (180000106 bp)...
[M::mem_process_seqs] Processed 721064 reads in 1444.994 CPU sec, 80.780 real sec
[M::process] read 719424 sequences (180000085 bp)...
[M::mem_process_seqs] Processed 718930 reads in 1249.679 CPU sec, 69.888 real sec
[M::process] read 719454 sequences (180000213 bp)...
[M::mem_process_seqs] Processed 719424 reads in 1273.923 CPU sec, 71.290 real sec
[M::process] read 719368 sequences (180000133 bp)...
[M::mem_process_seqs] Processed 719454 reads in 1267.960 CPU sec, 70.924 real sec
[M::process] read 718864 sequences (180000332 bp)...
[M::mem_process_seqs] Processed 719368 reads in 1246.536 CPU sec, 69.709 real sec
[M::process] read 721232 sequences (180000027 bp)...
[M::mem_process_seqs] Processed 718864 reads in 1256.879 CPU sec, 70.285 real sec
[M::process] read 718682 sequences (180000049 bp)...
[M::mem_process_seqs] Processed 721232 reads in 1547.369 CPU sec, 86.503 real sec
[M::process] read 718802 sequences (180000091 bp)...
[M::mem_process_seqs] Processed 718682 reads in 1242.593 CPU sec, 69.539 real sec
[M::process] read 719122 sequences (180000000 bp)...
[M::mem_process_seqs] Processed 718802 reads in 1241.108 CPU sec, 69.418 real sec
[M::process] read 718872 sequences (180000317 bp)...
[M::mem_process_seqs] Processed 719122 reads in 1267.833 CPU sec, 70.930 real sec
[M::process] read 718726 sequences (180000178 bp)...
[M::mem_process_seqs] Processed 718872 reads in 1240.047 CPU sec, 69.450 real sec
[M::process] read 720480 sequences (180000263 bp)...
[M::mem_process_seqs] Processed 718726 reads in 1257.245 CPU sec, 70.313 real sec
[M::process] read 720710 sequences (180000508 bp)...
[M::mem_process_seqs] Processed 720480 reads in 1453.827 CPU sec, 81.298 real sec
[M::process] read 719068 sequences (180000352 bp)...
[M::mem_process_seqs] Processed 720710 reads in 1377.606 CPU sec, 77.043 real sec
[M::process] read 719328 sequences (180000314 bp)...
[M::mem_process_seqs] Processed 719068 reads in 1256.159 CPU sec, 70.240 real sec
[M::process] read 719808 sequences (180000401 bp)...
[M::mem_process_seqs] Processed 719328 reads in 1265.969 CPU sec, 70.896 real sec
[M::process] read 719636 sequences (180000242 bp)...
[M::mem_process_seqs] Processed 719808 reads in 1269.214 CPU sec, 71.003 real sec
[M::process] read 719112 sequences (180000308 bp)...
[M::mem_process_seqs] Processed 719636 reads in 1248.685 CPU sec, 69.805 real sec
[M::process] read 772712 sequences (180000027 bp)...
[M::mem_process_seqs] Processed 719112 reads in 1248.630 CPU sec, 69.847 real sec
[M::process] read 785496 sequences (180000070 bp)...
[M::mem_process_seqs] Processed 772712 reads in 923.855 CPU sec, 51.664 real sec
[M::process] read 785716 sequences (180000217 bp)...
[M::mem_process_seqs] Processed 785496 reads in 853.831 CPU sec, 47.766 real sec
[M::process] read 785270 sequences (180000084 bp)...
[M::mem_process_seqs] Processed 785716 reads in 812.485 CPU sec, 45.448 real sec
[M::process] read 785292 sequences (180000477 bp)...
[M::mem_process_seqs] Processed 785270 reads in 830.715 CPU sec, 46.487 real sec
[M::process] read 786812 sequences (180000167 bp)...
[M::mem_process_seqs] Processed 785292 reads in 868.035 CPU sec, 48.553 real sec
[M::process] read 785820 sequences (180000467 bp)...
[M::mem_process_seqs] Processed 786812 reads in 825.134 CPU sec, 46.143 real sec
[M::process] read 785966 sequences (180000128 bp)...
[M::mem_process_seqs] Processed 785820 reads in 920.914 CPU sec, 51.522 real sec
[M::process] read 786392 sequences (180000385 bp)...
[M::mem_process_seqs] Processed 785966 reads in 847.030 CPU sec, 47.384 real sec
[M::process] read 784728 sequences (180000285 bp)...
[M::mem_process_seqs] Processed 786392 reads in 868.710 CPU sec, 48.595 real sec
[M::mem_process_seqs] Processed 784728 reads in 822.830 CPU sec, 52.432 real sec
[M::process] read 786428 sequences (180000223 bp)...
[M::process] read 785098 sequences (180000415 bp)...
[M::mem_process_seqs] Processed 786428 reads in 868.164 CPU sec, 48.614 real sec
[M::process] read 785034 sequences (180000201 bp)...
[M::mem_process_seqs] Processed 785098 reads in 852.200 CPU sec, 47.694 real sec
[M::process] read 785728 sequences (180000106 bp)...
[M::mem_process_seqs] Processed 785034 reads in 858.775 CPU sec, 48.122 real sec
[M::process] read 785714 sequences (180000028 bp)...
[M::mem_process_seqs] Processed 785728 reads in 846.176 CPU sec, 47.348 real sec
[M::process] read 785192 sequences (180000040 bp)...
[M::mem_process_seqs] Processed 785714 reads in 873.487 CPU sec, 48.856 real sec
[M::process] read 785138 sequences (180000356 bp)...
[M::mem_process_seqs] Processed 785192 reads in 812.302 CPU sec, 45.434 real sec
[M::process] read 785338 sequences (180000300 bp)...
[M::mem_process_seqs] Processed 785138 reads in 798.805 CPU sec, 44.662 real sec
[M::process] read 785516 sequences (180000365 bp)...
[M::mem_process_seqs] Processed 785338 reads in 914.098 CPU sec, 51.133 real sec
[M::process] read 786198 sequences (180000082 bp)...
[M::mem_process_seqs] Processed 785516 reads in 807.050 CPU sec, 45.144 real sec
[M::process] read 785254 sequences (180000170 bp)...
[M::mem_process_seqs] Processed 786198 reads in 819.745 CPU sec, 45.847 real sec
[M::process] read 785322 sequences (180000434 bp)...
[M::mem_process_seqs] Processed 785254 reads in 937.137 CPU sec, 52.434 real sec
[M::process] read 785814 sequences (180000126 bp)...
[M::mem_process_seqs] Processed 785322 reads in 845.225 CPU sec, 47.279 real sec
[M::process] read 784702 sequences (180000038 bp)...
[M::mem_process_seqs] Processed 785814 reads in 871.738 CPU sec, 48.759 real sec
[M::process] read 785714 sequences (180000093 bp)...
[M::mem_process_seqs] Processed 784702 reads in 815.616 CPU sec, 45.628 real sec
[M::process] read 785816 sequences (180000401 bp)...
[M::mem_process_seqs] Processed 785714 reads in 853.724 CPU sec, 47.778 real sec
[M::process] read 785486 sequences (180000238 bp)...
[M::mem_process_seqs] Processed 785816 reads in 868.216 CPU sec, 48.687 real sec
[M::process] read 785492 sequences (180000072 bp)...
[M::mem_process_seqs] Processed 785486 reads in 845.620 CPU sec, 47.385 real sec
[M::process] read 784278 sequences (180000363 bp)...
[M::mem_process_seqs] Processed 785492 reads in 839.452 CPU sec, 46.950 real sec
[M::process] read 784548 sequences (180000158 bp)...
[M::mem_process_seqs] Processed 784278 reads in 843.795 CPU sec, 47.203 real sec
[M::process] read 784598 sequences (180000148 bp)...
[M::mem_process_seqs] Processed 784548 reads in 854.601 CPU sec, 47.839 real sec
[M::process] read 784636 sequences (180000036 bp)...
[M::mem_process_seqs] Processed 784598 reads in 792.450 CPU sec, 44.335 real sec
[M::process] read 785174 sequences (180000131 bp)...
[M::mem_process_seqs] Processed 784636 reads in 849.961 CPU sec, 47.548 real sec
[M::process] read 786018 sequences (180000447 bp)...
[M::mem_process_seqs] Processed 785174 reads in 841.150 CPU sec, 47.066 real sec
[M::process] read 784838 sequences (180000339 bp)...
[M::mem_process_seqs] Processed 786018 reads in 826.774 CPU sec, 46.252 real sec
[M::process] read 785764 sequences (180000399 bp)...
[M::mem_process_seqs] Processed 784838 reads in 913.526 CPU sec, 51.107 real sec
[M::process] read 784750 sequences (180000352 bp)...
[M::mem_process_seqs] Processed 785764 reads in 852.972 CPU sec, 47.707 real sec
[M::process] read 784710 sequences (180000224 bp)...
[M::mem_process_seqs] Processed 784750 reads in 852.767 CPU sec, 47.720 real sec
[M::process] read 785580 sequences (180000018 bp)...
[M::mem_process_seqs] Processed 784710 reads in 830.088 CPU sec, 46.453 real sec
[M::process] read 783320 sequences (180000391 bp)...
[M::mem_process_seqs] Processed 785580 reads in 866.169 CPU sec, 48.487 real sec
[M::process] read 783862 sequences (180000410 bp)...
[M::mem_process_seqs] Processed 783320 reads in 846.979 CPU sec, 47.373 real sec
[M::process] read 783786 sequences (180000219 bp)...
[M::mem_process_seqs] Processed 783862 reads in 843.988 CPU sec, 47.242 real sec
[M::process] read 783228 sequences (180000278 bp)...
[M::mem_process_seqs] Processed 783786 reads in 836.954 CPU sec, 46.812 real sec
[M::process] read 783778 sequences (180000336 bp)...
[M::mem_process_seqs] Processed 783228 reads in 869.952 CPU sec, 48.666 real sec
[M::process] read 783174 sequences (180000091 bp)...
[M::mem_process_seqs] Processed 783778 reads in 805.783 CPU sec, 50.469 real sec
[M::process] read 783594 sequences (180000315 bp)...
[M::mem_process_seqs] Processed 783174 reads in 820.880 CPU sec, 48.332 real sec
[M::process] read 784078 sequences (180000033 bp)...
[M::mem_process_seqs] Processed 783594 reads in 901.155 CPU sec, 50.412 real sec
[M::process] read 783970 sequences (180000349 bp)...
[M::mem_process_seqs] Processed 784078 reads in 807.952 CPU sec, 45.273 real sec
[M::process] read 783322 sequences (180000190 bp)...
[M::mem_process_seqs] Processed 783970 reads in 844.789 CPU sec, 47.280 real sec
[M::process] read 783924 sequences (180000254 bp)...
[M::mem_process_seqs] Processed 783322 reads in 922.814 CPU sec, 51.622 real sec
[M::process] read 783956 sequences (180000011 bp)...
[M::mem_process_seqs] Processed 783924 reads in 835.872 CPU sec, 46.749 real sec
[M::process] read 783000 sequences (180000104 bp)...
[M::mem_process_seqs] Processed 783956 reads in 871.839 CPU sec, 48.785 real sec
[M::process] read 784078 sequences (180000233 bp)...
[M::mem_process_seqs] Processed 783000 reads in 808.218 CPU sec, 45.205 real sec
[M::process] read 783704 sequences (180000404 bp)...
[M::mem_process_seqs] Processed 784078 reads in 858.097 CPU sec, 48.004 real sec
[M::process] read 784004 sequences (180000344 bp)...
[M::mem_process_seqs] Processed 783704 reads in 863.747 CPU sec, 48.312 real sec
[M::process] read 783892 sequences (180000215 bp)...
[M::mem_process_seqs] Processed 784004 reads in 842.600 CPU sec, 47.135 real sec
[M::process] read 762346 sequences (180000254 bp)...
[M::mem_process_seqs] Processed 783892 reads in 840.548 CPU sec, 47.039 real sec
[M::process] read 742966 sequences (180000462 bp)...
[M::mem_process_seqs] Processed 762346 reads in 1613.289 CPU sec, 90.165 real sec
[M::process] read 754622 sequences (180000411 bp)...
[M::mem_process_seqs] Processed 742966 reads in 2254.307 CPU sec, 125.968 real sec
[M::process] read 768818 sequences (180000244 bp)...
[M::mem_process_seqs] Processed 754622 reads in 1802.377 CPU sec, 100.727 real sec
[M::process] read 769050 sequences (180000033 bp)...
[M::mem_process_seqs] Processed 768818 reads in 1495.425 CPU sec, 83.583 real sec
[M::process] read 769790 sequences (180000249 bp)...
[M::mem_process_seqs] Processed 769050 reads in 1448.793 CPU sec, 80.984 real sec
[M::process] read 768450 sequences (180000360 bp)...
[M::mem_process_seqs] Processed 769790 reads in 1429.328 CPU sec, 79.920 real sec
[M::process] read 740060 sequences (173443111 bp)...
[M::mem_process_seqs] Processed 768450 reads in 1446.147 CPU sec, 80.841 real sec
[M::mem_process_seqs] Processed 740060 reads in 1424.998 CPU sec, 79.679 real sec
[main] Version: 0.7.17-r1188
[main] CMD: bwa mem -t 18 -R @RG\tID:a181\tSM:a181 /home/jilong/spider2/faststorage/social_spiders_2020/people/jilong/chapter1_social/steps/population_vcf/spider/Stegodyphus_dumicola/mapping/reference/DUM_hifi_hic_scaffolded_trim.fa /dev/fd/63
[main] Real time: 5312.661 sec; CPU: 94426.134 sec
[bam_sort_core] merging from 2 files and 17 in-memory blocks...
