[M::bwa_idx_load_from_disk] read 0 ALT contigs
[M::process] read 796384 sequences (180000070 bp)...
[M::process] read 796300 sequences (180000049 bp)...
[M::mem_process_seqs] Processed 796384 reads in 857.558 CPU sec, 48.032 real sec
[M::process] read 796548 sequences (180000026 bp)...
[M::mem_process_seqs] Processed 796300 reads in 910.396 CPU sec, 51.025 real sec
[M::process] read 796658 sequences (180000479 bp)...
[M::mem_process_seqs] Processed 796548 reads in 876.586 CPU sec, 49.112 real sec
[M::process] read 795592 sequences (180000312 bp)...
[M::mem_process_seqs] Processed 796658 reads in 875.359 CPU sec, 49.011 real sec
[M::process] read 796344 sequences (180000134 bp)...
[M::mem_process_seqs] Processed 795592 reads in 897.425 CPU sec, 50.239 real sec
[M::process] read 796836 sequences (180000431 bp)...
[M::mem_process_seqs] Processed 796344 reads in 848.305 CPU sec, 47.559 real sec
[M::process] read 798256 sequences (180000371 bp)...
[M::mem_process_seqs] Processed 796836 reads in 820.854 CPU sec, 45.991 real sec
[M::process] read 797456 sequences (180000139 bp)...
[M::mem_process_seqs] Processed 798256 reads in 848.102 CPU sec, 47.487 real sec
[M::process] read 796326 sequences (180000401 bp)...
[M::mem_process_seqs] Processed 797456 reads in 875.926 CPU sec, 49.174 real sec
[M::process] read 796784 sequences (180000377 bp)...
[M::mem_process_seqs] Processed 796326 reads in 882.823 CPU sec, 49.442 real sec
[M::process] read 797396 sequences (180000197 bp)...
[M::mem_process_seqs] Processed 796784 reads in 822.313 CPU sec, 46.121 real sec
[M::process] read 798472 sequences (180000090 bp)...
[M::mem_process_seqs] Processed 797396 reads in 833.924 CPU sec, 46.695 real sec
[M::process] read 797262 sequences (180000411 bp)...
[M::mem_process_seqs] Processed 798472 reads in 851.337 CPU sec, 47.752 real sec
[M::process] read 795540 sequences (180000021 bp)...
[M::mem_process_seqs] Processed 797262 reads in 864.137 CPU sec, 48.403 real sec
[M::process] read 796384 sequences (180000085 bp)...
[M::mem_process_seqs] Processed 795540 reads in 826.756 CPU sec, 46.294 real sec
[M::process] read 796198 sequences (180000133 bp)...
[M::mem_process_seqs] Processed 796384 reads in 822.749 CPU sec, 46.096 real sec
[M::process] read 796186 sequences (180000304 bp)...
[M::mem_process_seqs] Processed 796198 reads in 820.779 CPU sec, 46.046 real sec
[M::process] read 796198 sequences (180000121 bp)...
[M::mem_process_seqs] Processed 796186 reads in 831.351 CPU sec, 46.566 real sec
[M::process] read 795262 sequences (180000264 bp)...
[M::mem_process_seqs] Processed 796198 reads in 830.642 CPU sec, 46.504 real sec
[M::process] read 795268 sequences (180000078 bp)...
[M::mem_process_seqs] Processed 795262 reads in 843.975 CPU sec, 47.299 real sec
[M::process] read 795332 sequences (180000202 bp)...
[M::mem_process_seqs] Processed 795268 reads in 829.387 CPU sec, 46.532 real sec
[M::process] read 794892 sequences (180000053 bp)...
[M::mem_process_seqs] Processed 795332 reads in 818.873 CPU sec, 45.865 real sec
[M::process] read 795250 sequences (180000170 bp)...
[M::mem_process_seqs] Processed 794892 reads in 823.814 CPU sec, 46.174 real sec
[M::process] read 794702 sequences (180000308 bp)...
[M::mem_process_seqs] Processed 795250 reads in 819.631 CPU sec, 45.935 real sec
[M::process] read 790686 sequences (180000246 bp)...
[M::mem_process_seqs] Processed 794702 reads in 821.275 CPU sec, 45.972 real sec
[M::process] read 790816 sequences (180000374 bp)...
[M::mem_process_seqs] Processed 790686 reads in 837.293 CPU sec, 46.895 real sec
[M::process] read 790326 sequences (180000268 bp)...
[M::mem_process_seqs] Processed 790816 reads in 768.442 CPU sec, 43.050 real sec
[M::process] read 790490 sequences (180000185 bp)...
[M::mem_process_seqs] Processed 790326 reads in 751.290 CPU sec, 42.105 real sec
[M::process] read 790576 sequences (180000265 bp)...
[M::mem_process_seqs] Processed 790490 reads in 757.713 CPU sec, 42.469 real sec
[M::process] read 790418 sequences (180000283 bp)...
[M::mem_process_seqs] Processed 790576 reads in 775.483 CPU sec, 43.451 real sec
[M::process] read 790370 sequences (180000215 bp)...
[M::mem_process_seqs] Processed 790418 reads in 751.173 CPU sec, 42.130 real sec
[M::process] read 790328 sequences (180000203 bp)...
[M::mem_process_seqs] Processed 790370 reads in 741.831 CPU sec, 41.611 real sec
[M::process] read 789946 sequences (180000287 bp)...
[M::mem_process_seqs] Processed 790328 reads in 727.906 CPU sec, 40.782 real sec
[M::process] read 789918 sequences (180000086 bp)...
[M::mem_process_seqs] Processed 789946 reads in 753.369 CPU sec, 42.249 real sec
[M::process] read 789770 sequences (180000273 bp)...
[M::mem_process_seqs] Processed 789918 reads in 737.056 CPU sec, 41.313 real sec
[M::mem_process_seqs] Processed 789770 reads in 797.854 CPU sec, 51.437 real sec
[M::process] read 790526 sequences (180000283 bp)...
[M::process] read 789922 sequences (180000284 bp)...
[M::mem_process_seqs] Processed 790526 reads in 891.240 CPU sec, 49.903 real sec
[M::process] read 790048 sequences (180000296 bp)...
[M::mem_process_seqs] Processed 789922 reads in 776.711 CPU sec, 43.480 real sec
[M::process] read 789556 sequences (180000171 bp)...
[M::mem_process_seqs] Processed 790048 reads in 747.578 CPU sec, 41.839 real sec
[M::process] read 790056 sequences (180000021 bp)...
[M::mem_process_seqs] Processed 789556 reads in 731.104 CPU sec, 40.923 real sec
[M::process] read 790168 sequences (180000407 bp)...
[M::mem_process_seqs] Processed 790056 reads in 736.292 CPU sec, 41.238 real sec
[M::process] read 790380 sequences (180000382 bp)...
[M::mem_process_seqs] Processed 790168 reads in 748.990 CPU sec, 41.977 real sec
[M::process] read 789428 sequences (180000335 bp)...
[M::mem_process_seqs] Processed 790380 reads in 785.638 CPU sec, 44.061 real sec
[M::process] read 789892 sequences (180000451 bp)...
[M::mem_process_seqs] Processed 789428 reads in 728.554 CPU sec, 40.804 real sec
[M::process] read 789724 sequences (180000153 bp)...
[M::mem_process_seqs] Processed 789892 reads in 745.509 CPU sec, 41.724 real sec
[M::process] read 790128 sequences (180000243 bp)...
[M::mem_process_seqs] Processed 789724 reads in 737.904 CPU sec, 41.400 real sec
[M::process] read 790596 sequences (180000032 bp)...
[M::mem_process_seqs] Processed 790128 reads in 749.787 CPU sec, 41.988 real sec
[M::process] read 790488 sequences (180000347 bp)...
[M::mem_process_seqs] Processed 790596 reads in 813.503 CPU sec, 45.558 real sec
[M::process] read 789562 sequences (180000262 bp)...
[M::mem_process_seqs] Processed 790488 reads in 826.898 CPU sec, 46.308 real sec
[M::process] read 790254 sequences (180000318 bp)...
[M::mem_process_seqs] Processed 789562 reads in 731.872 CPU sec, 41.214 real sec
[M::process] read 789296 sequences (180000079 bp)...
[M::mem_process_seqs] Processed 790254 reads in 834.132 CPU sec, 46.835 real sec
[M::process] read 790654 sequences (180000100 bp)...
[M::mem_process_seqs] Processed 789296 reads in 743.771 CPU sec, 41.659 real sec
[M::process] read 787144 sequences (180000295 bp)...
[M::mem_process_seqs] Processed 790654 reads in 752.191 CPU sec, 42.118 real sec
[M::process] read 783494 sequences (180000489 bp)...
[M::mem_process_seqs] Processed 787144 reads in 771.870 CPU sec, 43.209 real sec
[M::process] read 782924 sequences (180000152 bp)...
[M::mem_process_seqs] Processed 783494 reads in 801.773 CPU sec, 45.007 real sec
[M::process] read 783044 sequences (180000039 bp)...
[M::mem_process_seqs] Processed 782924 reads in 732.118 CPU sec, 41.093 real sec
[M::process] read 783118 sequences (180000101 bp)...
[M::mem_process_seqs] Processed 783044 reads in 742.022 CPU sec, 41.529 real sec
[M::process] read 784236 sequences (180000173 bp)...
[M::mem_process_seqs] Processed 783118 reads in 749.571 CPU sec, 41.983 real sec
[M::process] read 783674 sequences (180000300 bp)...
[M::mem_process_seqs] Processed 784236 reads in 767.375 CPU sec, 43.078 real sec
[M::process] read 783930 sequences (180000055 bp)...
[M::mem_process_seqs] Processed 783674 reads in 761.860 CPU sec, 42.703 real sec
[M::process] read 783936 sequences (180000200 bp)...
[M::mem_process_seqs] Processed 783930 reads in 750.046 CPU sec, 42.008 real sec
[M::process] read 783952 sequences (180000162 bp)...
[M::mem_process_seqs] Processed 783936 reads in 738.610 CPU sec, 41.509 real sec
[M::process] read 784052 sequences (180000019 bp)...
[M::mem_process_seqs] Processed 783952 reads in 729.588 CPU sec, 40.859 real sec
[M::process] read 784098 sequences (180000512 bp)...
[M::mem_process_seqs] Processed 784052 reads in 758.535 CPU sec, 42.454 real sec
[M::process] read 784170 sequences (180000154 bp)...
[M::mem_process_seqs] Processed 784098 reads in 799.586 CPU sec, 44.740 real sec
[M::process] read 784206 sequences (180000379 bp)...
[M::mem_process_seqs] Processed 784170 reads in 738.522 CPU sec, 41.345 real sec
[M::process] read 785058 sequences (180000256 bp)...
[M::mem_process_seqs] Processed 784206 reads in 757.585 CPU sec, 42.445 real sec
[M::process] read 784960 sequences (180000081 bp)...
[M::mem_process_seqs] Processed 785058 reads in 750.435 CPU sec, 42.050 real sec
[M::process] read 784974 sequences (180000114 bp)...
[M::mem_process_seqs] Processed 784960 reads in 754.286 CPU sec, 42.269 real sec
[M::mem_process_seqs] Processed 784974 reads in 812.889 CPU sec, 51.332 real sec
[M::process] read 783884 sequences (180000234 bp)...
[M::process] read 784006 sequences (180000262 bp)...
[M::mem_process_seqs] Processed 783884 reads in 742.266 CPU sec, 41.635 real sec
[M::process] read 784624 sequences (180000244 bp)...
[M::mem_process_seqs] Processed 784006 reads in 748.356 CPU sec, 41.910 real sec
[M::process] read 785650 sequences (180000470 bp)...
[M::mem_process_seqs] Processed 784624 reads in 762.423 CPU sec, 42.674 real sec
[M::process] read 785248 sequences (180000350 bp)...
[M::mem_process_seqs] Processed 785650 reads in 764.659 CPU sec, 42.819 real sec
[M::process] read 783780 sequences (180000010 bp)...
[M::mem_process_seqs] Processed 785248 reads in 776.135 CPU sec, 43.505 real sec
[M::process] read 784778 sequences (180000157 bp)...
[M::mem_process_seqs] Processed 783780 reads in 776.602 CPU sec, 43.504 real sec
[M::process] read 784108 sequences (180000353 bp)...
[M::mem_process_seqs] Processed 784778 reads in 756.037 CPU sec, 42.380 real sec
[M::process] read 785356 sequences (180000439 bp)...
[M::mem_process_seqs] Processed 784108 reads in 745.828 CPU sec, 41.767 real sec
[M::process] read 784908 sequences (180000237 bp)...
[M::mem_process_seqs] Processed 785356 reads in 757.220 CPU sec, 42.388 real sec
[M::process] read 784714 sequences (180000227 bp)...
[M::mem_process_seqs] Processed 784908 reads in 766.132 CPU sec, 42.936 real sec
[M::process] read 783870 sequences (180000034 bp)...
[M::mem_process_seqs] Processed 784714 reads in 780.864 CPU sec, 43.752 real sec
[M::process] read 783996 sequences (180000099 bp)...
[M::mem_process_seqs] Processed 783870 reads in 755.017 CPU sec, 42.286 real sec
[M::process] read 784456 sequences (180000309 bp)...
[M::mem_process_seqs] Processed 783996 reads in 809.592 CPU sec, 45.354 real sec
[M::process] read 783840 sequences (180000185 bp)...
[M::mem_process_seqs] Processed 784456 reads in 757.056 CPU sec, 42.376 real sec
[M::process] read 783508 sequences (180000358 bp)...
[M::mem_process_seqs] Processed 783840 reads in 749.681 CPU sec, 41.965 real sec
[M::process] read 783376 sequences (180000258 bp)...
[M::mem_process_seqs] Processed 783508 reads in 761.331 CPU sec, 42.627 real sec
[M::process] read 783966 sequences (180000433 bp)...
[M::mem_process_seqs] Processed 783376 reads in 761.899 CPU sec, 42.695 real sec
[M::process] read 784448 sequences (180000130 bp)...
[M::mem_process_seqs] Processed 783966 reads in 796.860 CPU sec, 44.740 real sec
[M::process] read 784534 sequences (180000363 bp)...
[M::mem_process_seqs] Processed 784448 reads in 833.874 CPU sec, 46.964 real sec
[M::process] read 784326 sequences (180000144 bp)...
[M::mem_process_seqs] Processed 784534 reads in 824.223 CPU sec, 46.175 real sec
[M::process] read 783658 sequences (180000338 bp)...
[M::mem_process_seqs] Processed 784326 reads in 816.995 CPU sec, 45.733 real sec
[M::process] read 783596 sequences (180000022 bp)...
[M::mem_process_seqs] Processed 783658 reads in 849.174 CPU sec, 47.554 real sec
[M::process] read 783858 sequences (180000463 bp)...
[M::mem_process_seqs] Processed 783596 reads in 881.214 CPU sec, 49.317 real sec
[M::process] read 784810 sequences (180000382 bp)...
[M::mem_process_seqs] Processed 783858 reads in 801.969 CPU sec, 44.923 real sec
[M::process] read 785188 sequences (180000153 bp)...
[M::mem_process_seqs] Processed 784810 reads in 738.131 CPU sec, 41.326 real sec
[M::process] read 784204 sequences (180000037 bp)...
[M::mem_process_seqs] Processed 785188 reads in 753.378 CPU sec, 42.184 real sec
[M::process] read 783368 sequences (180000026 bp)...
[M::mem_process_seqs] Processed 784204 reads in 740.491 CPU sec, 41.445 real sec
[M::process] read 784104 sequences (180000302 bp)...
[M::mem_process_seqs] Processed 783368 reads in 753.434 CPU sec, 42.168 real sec
[M::process] read 784938 sequences (180000015 bp)...
[M::mem_process_seqs] Processed 784104 reads in 781.474 CPU sec, 43.742 real sec
[M::process] read 785122 sequences (180000311 bp)...
[M::mem_process_seqs] Processed 784938 reads in 745.215 CPU sec, 41.693 real sec
[M::process] read 784788 sequences (180000450 bp)...
[M::mem_process_seqs] Processed 785122 reads in 744.652 CPU sec, 41.697 real sec
[M::process] read 783618 sequences (180000034 bp)...
[M::mem_process_seqs] Processed 784788 reads in 731.501 CPU sec, 40.929 real sec
[M::process] read 783624 sequences (180000068 bp)...
[M::mem_process_seqs] Processed 783618 reads in 742.977 CPU sec, 41.606 real sec
[M::process] read 783426 sequences (180000294 bp)...
[M::mem_process_seqs] Processed 783624 reads in 792.455 CPU sec, 44.363 real sec
[M::mem_process_seqs] Processed 783426 reads in 776.614 CPU sec, 49.549 real sec
[M::process] read 784202 sequences (180000193 bp)...
[M::process] read 784422 sequences (180000233 bp)...
[M::mem_process_seqs] Processed 784202 reads in 758.653 CPU sec, 42.440 real sec
[M::process] read 784044 sequences (180000412 bp)...
[M::mem_process_seqs] Processed 784422 reads in 777.268 CPU sec, 43.491 real sec
[M::process] read 783996 sequences (180000312 bp)...
[M::mem_process_seqs] Processed 784044 reads in 759.591 CPU sec, 42.508 real sec
[M::process] read 784058 sequences (180000393 bp)...
[M::mem_process_seqs] Processed 783996 reads in 783.985 CPU sec, 43.917 real sec
[M::process] read 784244 sequences (180000213 bp)...
[M::mem_process_seqs] Processed 784058 reads in 833.258 CPU sec, 46.742 real sec
[M::process] read 784640 sequences (180000335 bp)...
[M::mem_process_seqs] Processed 784244 reads in 895.351 CPU sec, 50.125 real sec
[M::process] read 784066 sequences (180000284 bp)...
[M::mem_process_seqs] Processed 784640 reads in 973.454 CPU sec, 54.490 real sec
[M::process] read 784052 sequences (180000466 bp)...
[M::mem_process_seqs] Processed 784066 reads in 934.448 CPU sec, 52.336 real sec
[M::process] read 784762 sequences (180000145 bp)...
[M::mem_process_seqs] Processed 784052 reads in 1015.347 CPU sec, 56.856 real sec
[M::process] read 784722 sequences (180000319 bp)...
[M::mem_process_seqs] Processed 784762 reads in 1062.079 CPU sec, 59.454 real sec
[M::process] read 782794 sequences (180000408 bp)...
[M::mem_process_seqs] Processed 784722 reads in 972.399 CPU sec, 54.599 real sec
[M::process] read 783756 sequences (180000349 bp)...
[M::mem_process_seqs] Processed 782794 reads in 753.298 CPU sec, 42.199 real sec
[M::process] read 783528 sequences (180000456 bp)...
[M::mem_process_seqs] Processed 783756 reads in 764.168 CPU sec, 42.909 real sec
[M::process] read 783558 sequences (180000234 bp)...
[M::mem_process_seqs] Processed 783528 reads in 763.500 CPU sec, 42.771 real sec
[M::process] read 783826 sequences (180000090 bp)...
[M::mem_process_seqs] Processed 783558 reads in 802.964 CPU sec, 45.054 real sec
[M::process] read 784054 sequences (180000058 bp)...
[M::mem_process_seqs] Processed 783826 reads in 775.590 CPU sec, 43.520 real sec
[M::process] read 784788 sequences (180000255 bp)...
[M::mem_process_seqs] Processed 784054 reads in 757.437 CPU sec, 42.516 real sec
[M::process] read 785308 sequences (180000146 bp)...
[M::mem_process_seqs] Processed 784788 reads in 806.698 CPU sec, 45.273 real sec
[M::process] read 784358 sequences (180000294 bp)...
[M::mem_process_seqs] Processed 785308 reads in 786.101 CPU sec, 44.135 real sec
[M::process] read 783878 sequences (180000375 bp)...
[M::mem_process_seqs] Processed 784358 reads in 804.082 CPU sec, 45.130 real sec
[M::process] read 783752 sequences (180000459 bp)...
[M::mem_process_seqs] Processed 783878 reads in 793.830 CPU sec, 44.568 real sec
[M::process] read 784352 sequences (180000297 bp)...
[M::mem_process_seqs] Processed 783752 reads in 752.714 CPU sec, 42.342 real sec
[M::process] read 784800 sequences (180000260 bp)...
[M::mem_process_seqs] Processed 784352 reads in 780.251 CPU sec, 43.814 real sec
[M::process] read 784916 sequences (180000416 bp)...
[M::mem_process_seqs] Processed 784800 reads in 784.294 CPU sec, 44.036 real sec
[M::process] read 784278 sequences (180000381 bp)...
[M::mem_process_seqs] Processed 784916 reads in 787.680 CPU sec, 44.233 real sec
[M::process] read 783624 sequences (180000019 bp)...
[M::mem_process_seqs] Processed 784278 reads in 786.011 CPU sec, 44.102 real sec
[M::process] read 784342 sequences (180000314 bp)...
[M::mem_process_seqs] Processed 783624 reads in 757.133 CPU sec, 42.551 real sec
[M::process] read 785876 sequences (180000400 bp)...
[M::mem_process_seqs] Processed 784342 reads in 770.462 CPU sec, 43.254 real sec
[M::process] read 786302 sequences (180000265 bp)...
[M::mem_process_seqs] Processed 785876 reads in 788.932 CPU sec, 44.307 real sec
[M::process] read 785280 sequences (180000145 bp)...
[M::mem_process_seqs] Processed 786302 reads in 807.807 CPU sec, 45.640 real sec
[M::process] read 783388 sequences (180000243 bp)...
[M::mem_process_seqs] Processed 785280 reads in 801.024 CPU sec, 45.024 real sec
[M::process] read 777974 sequences (180000065 bp)...
[M::mem_process_seqs] Processed 783388 reads in 1081.045 CPU sec, 60.573 real sec
[M::process] read 774234 sequences (180000196 bp)...
[M::mem_process_seqs] Processed 777974 reads in 1677.273 CPU sec, 93.879 real sec
[M::process] read 773560 sequences (180000224 bp)...
[M::mem_process_seqs] Processed 774234 reads in 1573.078 CPU sec, 95.816 real sec
[M::process] read 773346 sequences (180000159 bp)...
[M::mem_process_seqs] Processed 773560 reads in 1518.692 CPU sec, 85.025 real sec
[M::process] read 773582 sequences (180000302 bp)...
[M::mem_process_seqs] Processed 773346 reads in 1476.333 CPU sec, 82.650 real sec
[M::process] read 773302 sequences (180000122 bp)...
[M::mem_process_seqs] Processed 773582 reads in 1471.845 CPU sec, 82.479 real sec
[M::process] read 774670 sequences (180000413 bp)...
[M::mem_process_seqs] Processed 773302 reads in 1516.345 CPU sec, 84.944 real sec
[M::process] read 773880 sequences (180000107 bp)...
[M::mem_process_seqs] Processed 774670 reads in 1559.867 CPU sec, 87.287 real sec
[M::process] read 496865 sequences (115503286 bp)...
[M::mem_process_seqs] Processed 773880 reads in 1598.960 CPU sec, 89.482 real sec
[M::mem_process_seqs] Processed 496865 reads in 1002.853 CPU sec, 56.250 real sec
[main] Version: 0.7.17-r1188
[main] CMD: bwa mem -t 18 -R @RG\tID:a455\tSM:a455 /home/jilong/spider2/faststorage/social_spiders_2020/people/jilong/chapter1_social/steps/population_vcf/spider/Stegodyphus_dumicola/mapping/reference/DUM_hifi_hic_scaffolded_trim.fa /dev/fd/63
[main] Real time: 6918.861 sec; CPU: 122500.116 sec
[bam_sort_core] merging from 4 files and 17 in-memory blocks...
