[M::bwa_idx_load_from_disk] read 0 ALT contigs
[M::process] read 810510 sequences (180000462 bp)...
[M::process] read 810316 sequences (180000309 bp)...
[M::mem_process_seqs] Processed 810510 reads in 1010.600 CPU sec, 56.983 real sec
[M::process] read 810162 sequences (180000043 bp)...
[M::mem_process_seqs] Processed 810316 reads in 1030.727 CPU sec, 57.759 real sec
[M::process] read 810474 sequences (180000100 bp)...
[M::mem_process_seqs] Processed 810162 reads in 1002.024 CPU sec, 57.880 real sec
[M::process] read 809508 sequences (180000235 bp)...
[M::mem_process_seqs] Processed 810474 reads in 1008.231 CPU sec, 56.447 real sec
[M::process] read 809902 sequences (180000240 bp)...
[M::mem_process_seqs] Processed 809508 reads in 1045.619 CPU sec, 58.574 real sec
[M::process] read 811054 sequences (180000217 bp)...
[M::mem_process_seqs] Processed 809902 reads in 987.152 CPU sec, 55.451 real sec
[M::process] read 812148 sequences (180000383 bp)...
[M::mem_process_seqs] Processed 811054 reads in 981.206 CPU sec, 54.938 real sec
[M::process] read 811558 sequences (180000403 bp)...
[M::mem_process_seqs] Processed 812148 reads in 974.886 CPU sec, 54.689 real sec
[M::process] read 809912 sequences (180000219 bp)...
[M::mem_process_seqs] Processed 811558 reads in 1016.094 CPU sec, 56.856 real sec
[M::process] read 810516 sequences (180000380 bp)...
[M::mem_process_seqs] Processed 809912 reads in 979.120 CPU sec, 54.826 real sec
[M::process] read 811344 sequences (180000441 bp)...
[M::mem_process_seqs] Processed 810516 reads in 1005.766 CPU sec, 56.356 real sec
[M::process] read 812522 sequences (180000096 bp)...
[M::mem_process_seqs] Processed 811344 reads in 960.142 CPU sec, 53.877 real sec
[M::process] read 811334 sequences (180000249 bp)...
[M::mem_process_seqs] Processed 812522 reads in 982.171 CPU sec, 56.902 real sec
[M::process] read 810096 sequences (180000150 bp)...
[M::mem_process_seqs] Processed 811334 reads in 997.848 CPU sec, 55.788 real sec
[M::process] read 809432 sequences (180000286 bp)...
[M::mem_process_seqs] Processed 810096 reads in 971.144 CPU sec, 54.461 real sec
[M::process] read 810410 sequences (180000027 bp)...
[M::mem_process_seqs] Processed 809432 reads in 974.019 CPU sec, 54.647 real sec
[M::process] read 809576 sequences (180000283 bp)...
[M::mem_process_seqs] Processed 810410 reads in 963.947 CPU sec, 55.294 real sec
[M::process] read 809898 sequences (180000148 bp)...
[M::mem_process_seqs] Processed 809576 reads in 957.876 CPU sec, 53.695 real sec
[M::process] read 809388 sequences (180000397 bp)...
[M::mem_process_seqs] Processed 809898 reads in 963.029 CPU sec, 53.969 real sec
[M::process] read 809290 sequences (180000464 bp)...
[M::mem_process_seqs] Processed 809388 reads in 997.759 CPU sec, 55.914 real sec
[M::process] read 809046 sequences (180000024 bp)...
[M::mem_process_seqs] Processed 809290 reads in 973.636 CPU sec, 54.661 real sec
[M::process] read 809456 sequences (180000351 bp)...
[M::mem_process_seqs] Processed 809046 reads in 960.086 CPU sec, 53.822 real sec
[M::process] read 808780 sequences (180000394 bp)...
[M::mem_process_seqs] Processed 809456 reads in 964.620 CPU sec, 54.617 real sec
[M::process] read 809038 sequences (180000069 bp)...
[M::mem_process_seqs] Processed 808780 reads in 964.646 CPU sec, 54.041 real sec
[M::process] read 809452 sequences (180000120 bp)...
[M::mem_process_seqs] Processed 809038 reads in 962.372 CPU sec, 54.230 real sec
[M::process] read 810186 sequences (180000479 bp)...
[M::mem_process_seqs] Processed 809452 reads in 978.744 CPU sec, 59.895 real sec
[M::process] read 808520 sequences (180000210 bp)...
[M::mem_process_seqs] Processed 810186 reads in 1054.011 CPU sec, 59.513 real sec
[M::process] read 803374 sequences (180000408 bp)...
[M::mem_process_seqs] Processed 808520 reads in 979.181 CPU sec, 61.749 real sec
[M::process] read 802954 sequences (180000135 bp)...
[M::mem_process_seqs] Processed 803374 reads in 910.070 CPU sec, 68.271 real sec
[M::process] read 803176 sequences (180000312 bp)...
[M::mem_process_seqs] Processed 802954 reads in 878.524 CPU sec, 49.196 real sec
[M::process] read 802702 sequences (180000171 bp)...
[M::mem_process_seqs] Processed 803176 reads in 875.516 CPU sec, 48.985 real sec
[M::process] read 802760 sequences (180000488 bp)...
[M::mem_process_seqs] Processed 802702 reads in 891.164 CPU sec, 52.795 real sec
[M::process] read 802968 sequences (180000267 bp)...
[M::mem_process_seqs] Processed 802760 reads in 849.152 CPU sec, 62.513 real sec
[M::process] read 802504 sequences (180000274 bp)...
[M::mem_process_seqs] Processed 802968 reads in 865.719 CPU sec, 48.975 real sec
[M::process] read 802486 sequences (180000300 bp)...
[M::mem_process_seqs] Processed 802504 reads in 847.205 CPU sec, 47.440 real sec
[M::process] read 802066 sequences (180000489 bp)...
[M::mem_process_seqs] Processed 802486 reads in 862.230 CPU sec, 57.540 real sec
[M::process] read 802134 sequences (180000253 bp)...
[M::mem_process_seqs] Processed 802066 reads in 916.155 CPU sec, 51.645 real sec
[M::process] read 802454 sequences (180000157 bp)...
[M::mem_process_seqs] Processed 802134 reads in 976.489 CPU sec, 55.022 real sec
[M::process] read 802950 sequences (180000382 bp)...
[M::mem_process_seqs] Processed 802454 reads in 912.193 CPU sec, 52.010 real sec
[M::process] read 801926 sequences (180000301 bp)...
[M::mem_process_seqs] Processed 802950 reads in 850.602 CPU sec, 47.677 real sec
[M::process] read 802448 sequences (180000388 bp)...
[M::mem_process_seqs] Processed 801926 reads in 837.533 CPU sec, 48.580 real sec
[M::process] read 802774 sequences (180000042 bp)...
[M::mem_process_seqs] Processed 802448 reads in 854.617 CPU sec, 48.092 real sec
[M::process] read 802496 sequences (180000043 bp)...
[M::mem_process_seqs] Processed 802774 reads in 879.227 CPU sec, 49.524 real sec
[M::process] read 802418 sequences (180000343 bp)...
[M::mem_process_seqs] Processed 802496 reads in 887.470 CPU sec, 49.911 real sec
[M::process] read 802406 sequences (180000540 bp)...
[M::mem_process_seqs] Processed 802418 reads in 850.958 CPU sec, 48.148 real sec
[M::process] read 802862 sequences (180000404 bp)...
[M::mem_process_seqs] Processed 802406 reads in 827.111 CPU sec, 62.022 real sec
[M::process] read 803266 sequences (180000342 bp)...
[M::mem_process_seqs] Processed 802862 reads in 854.260 CPU sec, 52.359 real sec
[M::process] read 802720 sequences (180000063 bp)...
[M::mem_process_seqs] Processed 803266 reads in 908.235 CPU sec, 51.233 real sec
[M::process] read 802564 sequences (180000399 bp)...
[M::mem_process_seqs] Processed 802720 reads in 953.845 CPU sec, 53.919 real sec
[M::process] read 802642 sequences (180000371 bp)...
[M::mem_process_seqs] Processed 802564 reads in 860.270 CPU sec, 53.512 real sec
[M::process] read 802994 sequences (180000414 bp)...
[M::mem_process_seqs] Processed 802642 reads in 944.326 CPU sec, 52.960 real sec
[M::process] read 803222 sequences (180000264 bp)...
[M::mem_process_seqs] Processed 802994 reads in 877.535 CPU sec, 49.291 real sec
[M::process] read 803004 sequences (180000290 bp)...
[M::mem_process_seqs] Processed 803222 reads in 892.947 CPU sec, 51.072 real sec
[M::process] read 802740 sequences (180000382 bp)...
[M::mem_process_seqs] Processed 803004 reads in 939.656 CPU sec, 55.504 real sec
[M::process] read 797856 sequences (180000245 bp)...
[M::mem_process_seqs] Processed 802740 reads in 867.101 CPU sec, 50.053 real sec
[M::process] read 795514 sequences (180000352 bp)...
[M::mem_process_seqs] Processed 797856 reads in 859.917 CPU sec, 48.135 real sec
[M::process] read 795816 sequences (180000439 bp)...
[M::mem_process_seqs] Processed 795514 reads in 862.357 CPU sec, 48.295 real sec
[M::process] read 795480 sequences (180000144 bp)...
[M::mem_process_seqs] Processed 795816 reads in 854.964 CPU sec, 47.952 real sec
[M::process] read 796202 sequences (180000250 bp)...
[M::mem_process_seqs] Processed 795480 reads in 859.333 CPU sec, 48.290 real sec
[M::process] read 796264 sequences (180000456 bp)...
[M::mem_process_seqs] Processed 796202 reads in 904.455 CPU sec, 51.160 real sec
[M::process] read 795882 sequences (180000270 bp)...
[M::mem_process_seqs] Processed 796264 reads in 914.114 CPU sec, 51.205 real sec
[M::process] read 796404 sequences (180000176 bp)...
[M::mem_process_seqs] Processed 795882 reads in 871.285 CPU sec, 64.654 real sec
[M::process] read 796288 sequences (180000211 bp)...
[M::mem_process_seqs] Processed 796404 reads in 872.264 CPU sec, 56.156 real sec
[M::process] read 796202 sequences (180000376 bp)...
[M::mem_process_seqs] Processed 796288 reads in 867.251 CPU sec, 49.585 real sec
[M::process] read 796352 sequences (180000348 bp)...
[M::mem_process_seqs] Processed 796202 reads in 897.014 CPU sec, 50.838 real sec
[M::process] read 796736 sequences (180000228 bp)...
[M::mem_process_seqs] Processed 796352 reads in 898.135 CPU sec, 50.684 real sec
[M::process] read 797458 sequences (180000313 bp)...
[M::mem_process_seqs] Processed 796736 reads in 879.234 CPU sec, 49.638 real sec
[M::process] read 797136 sequences (180000480 bp)...
[M::mem_process_seqs] Processed 797458 reads in 893.069 CPU sec, 50.034 real sec
[M::process] read 797636 sequences (180000183 bp)...
[M::mem_process_seqs] Processed 797136 reads in 877.926 CPU sec, 49.436 real sec
[M::process] read 796892 sequences (180000224 bp)...
[M::mem_process_seqs] Processed 797636 reads in 894.128 CPU sec, 58.635 real sec
[M::process] read 796502 sequences (180000362 bp)...
[M::mem_process_seqs] Processed 796892 reads in 848.426 CPU sec, 63.213 real sec
[M::process] read 797422 sequences (180000189 bp)...
[M::mem_process_seqs] Processed 796502 reads in 844.472 CPU sec, 49.212 real sec
[M::process] read 797752 sequences (180000090 bp)...
[M::mem_process_seqs] Processed 797422 reads in 865.073 CPU sec, 51.847 real sec
[M::process] read 796984 sequences (180000455 bp)...
[M::mem_process_seqs] Processed 797752 reads in 876.745 CPU sec, 49.249 real sec
[M::process] read 796490 sequences (180000379 bp)...
[M::mem_process_seqs] Processed 796984 reads in 889.842 CPU sec, 49.865 real sec
[M::process] read 797250 sequences (180000421 bp)...
[M::mem_process_seqs] Processed 796490 reads in 884.520 CPU sec, 49.852 real sec
[M::process] read 797302 sequences (180000012 bp)...
[M::mem_process_seqs] Processed 797250 reads in 874.003 CPU sec, 49.450 real sec
[M::process] read 797700 sequences (180000225 bp)...
[M::mem_process_seqs] Processed 797302 reads in 865.530 CPU sec, 48.593 real sec
[M::process] read 796822 sequences (180000003 bp)...
[M::mem_process_seqs] Processed 797700 reads in 867.677 CPU sec, 49.686 real sec
[M::process] read 796432 sequences (180000140 bp)...
[M::mem_process_seqs] Processed 796822 reads in 885.342 CPU sec, 50.112 real sec
[M::process] read 796632 sequences (180000388 bp)...
[M::mem_process_seqs] Processed 796432 reads in 872.450 CPU sec, 52.658 real sec
[M::process] read 796758 sequences (180000119 bp)...
[M::mem_process_seqs] Processed 796632 reads in 872.698 CPU sec, 48.841 real sec
[M::process] read 796574 sequences (180000435 bp)...
[M::mem_process_seqs] Processed 796758 reads in 874.862 CPU sec, 49.042 real sec
[M::process] read 796118 sequences (180000204 bp)...
[M::mem_process_seqs] Processed 796574 reads in 862.300 CPU sec, 48.560 real sec
[M::process] read 796816 sequences (180000093 bp)...
[M::mem_process_seqs] Processed 796118 reads in 915.700 CPU sec, 52.043 real sec
[M::process] read 796198 sequences (180000267 bp)...
[M::mem_process_seqs] Processed 796816 reads in 868.615 CPU sec, 49.248 real sec
[M::process] read 796032 sequences (180000396 bp)...
[M::mem_process_seqs] Processed 796198 reads in 870.653 CPU sec, 49.951 real sec
[M::process] read 795892 sequences (180000007 bp)...
[M::mem_process_seqs] Processed 796032 reads in 875.713 CPU sec, 49.030 real sec
[M::process] read 797170 sequences (180000163 bp)...
[M::mem_process_seqs] Processed 795892 reads in 911.495 CPU sec, 51.385 real sec
[M::process] read 796862 sequences (180000226 bp)...
[M::mem_process_seqs] Processed 797170 reads in 949.283 CPU sec, 53.155 real sec
[M::process] read 796200 sequences (180000176 bp)...
[M::mem_process_seqs] Processed 796862 reads in 946.773 CPU sec, 53.009 real sec
[M::process] read 796298 sequences (180000108 bp)...
[M::mem_process_seqs] Processed 796200 reads in 946.967 CPU sec, 53.105 real sec
[M::process] read 796834 sequences (180000331 bp)...
[M::mem_process_seqs] Processed 796298 reads in 979.916 CPU sec, 54.960 real sec
[M::process] read 796744 sequences (180000131 bp)...
[M::mem_process_seqs] Processed 796834 reads in 986.583 CPU sec, 55.255 real sec
[M::process] read 797658 sequences (180000381 bp)...
[M::mem_process_seqs] Processed 796744 reads in 865.536 CPU sec, 48.689 real sec
[M::process] read 796944 sequences (180000023 bp)...
[M::mem_process_seqs] Processed 797658 reads in 856.028 CPU sec, 47.961 real sec
[M::process] read 796280 sequences (180000325 bp)...
[M::mem_process_seqs] Processed 796944 reads in 857.403 CPU sec, 48.477 real sec
[M::process] read 796048 sequences (180000547 bp)...
[M::mem_process_seqs] Processed 796280 reads in 878.965 CPU sec, 49.240 real sec
[M::process] read 797670 sequences (180000245 bp)...
[M::mem_process_seqs] Processed 796048 reads in 893.757 CPU sec, 50.026 real sec
[M::process] read 797408 sequences (180000366 bp)...
[M::mem_process_seqs] Processed 797670 reads in 856.192 CPU sec, 47.997 real sec
[M::process] read 796936 sequences (180000068 bp)...
[M::mem_process_seqs] Processed 797408 reads in 860.290 CPU sec, 48.198 real sec
[M::process] read 796292 sequences (180000291 bp)...
[M::mem_process_seqs] Processed 796936 reads in 849.296 CPU sec, 47.638 real sec
[M::process] read 795726 sequences (180000256 bp)...
[M::mem_process_seqs] Processed 796292 reads in 870.231 CPU sec, 48.805 real sec
[M::mem_process_seqs] Processed 795726 reads in 899.904 CPU sec, 57.732 real sec
[M::process] read 795796 sequences (180000056 bp)...
[M::process] read 797262 sequences (180000431 bp)...
[M::mem_process_seqs] Processed 795796 reads in 871.628 CPU sec, 49.109 real sec
[M::process] read 796376 sequences (180000058 bp)...
[M::mem_process_seqs] Processed 797262 reads in 873.041 CPU sec, 48.965 real sec
[M::process] read 796614 sequences (180000384 bp)...
[M::mem_process_seqs] Processed 796376 reads in 903.962 CPU sec, 50.659 real sec
[M::process] read 796332 sequences (180000107 bp)...
[M::mem_process_seqs] Processed 796614 reads in 894.620 CPU sec, 50.540 real sec
[M::process] read 796222 sequences (180000458 bp)...
[M::mem_process_seqs] Processed 796332 reads in 931.546 CPU sec, 52.331 real sec
[M::process] read 797222 sequences (180000087 bp)...
[M::mem_process_seqs] Processed 796222 reads in 947.936 CPU sec, 53.086 real sec
[M::process] read 796676 sequences (180000497 bp)...
[M::mem_process_seqs] Processed 797222 reads in 909.864 CPU sec, 50.985 real sec
[M::process] read 796748 sequences (180000346 bp)...
[M::mem_process_seqs] Processed 796676 reads in 941.836 CPU sec, 52.726 real sec
[M::process] read 796978 sequences (180000254 bp)...
[M::mem_process_seqs] Processed 796748 reads in 1033.213 CPU sec, 57.780 real sec
[M::process] read 796156 sequences (180000175 bp)...
[M::mem_process_seqs] Processed 796978 reads in 1057.241 CPU sec, 59.383 real sec
[M::process] read 796682 sequences (180000046 bp)...
[M::mem_process_seqs] Processed 796156 reads in 1057.151 CPU sec, 59.227 real sec
[M::process] read 796884 sequences (180000036 bp)...
[M::mem_process_seqs] Processed 796682 reads in 1174.631 CPU sec, 65.678 real sec
[M::process] read 795518 sequences (180000050 bp)...
[M::mem_process_seqs] Processed 796884 reads in 1150.060 CPU sec, 65.679 real sec
[M::process] read 796318 sequences (180000225 bp)...
[M::mem_process_seqs] Processed 795518 reads in 902.421 CPU sec, 50.948 real sec
[M::process] read 796042 sequences (180000021 bp)...
[M::mem_process_seqs] Processed 796318 reads in 867.726 CPU sec, 48.641 real sec
[M::process] read 795726 sequences (180000137 bp)...
[M::mem_process_seqs] Processed 796042 reads in 884.069 CPU sec, 49.477 real sec
[M::process] read 796114 sequences (180000004 bp)...
[M::mem_process_seqs] Processed 795726 reads in 906.098 CPU sec, 50.721 real sec
[M::process] read 795932 sequences (180000275 bp)...
[M::mem_process_seqs] Processed 796114 reads in 889.180 CPU sec, 50.022 real sec
[M::process] read 796886 sequences (180000421 bp)...
[M::mem_process_seqs] Processed 795932 reads in 863.735 CPU sec, 48.656 real sec
[M::process] read 797132 sequences (180000133 bp)...
[M::mem_process_seqs] Processed 796886 reads in 900.738 CPU sec, 50.463 real sec
[M::process] read 796110 sequences (180000116 bp)...
[M::mem_process_seqs] Processed 797132 reads in 906.234 CPU sec, 51.416 real sec
[M::process] read 796240 sequences (180000356 bp)...
[M::mem_process_seqs] Processed 796110 reads in 907.199 CPU sec, 50.774 real sec
[M::process] read 796654 sequences (180000397 bp)...
[M::mem_process_seqs] Processed 796240 reads in 883.816 CPU sec, 49.909 real sec
[M::process] read 797058 sequences (180000125 bp)...
[M::mem_process_seqs] Processed 796654 reads in 867.663 CPU sec, 48.638 real sec
[M::process] read 797248 sequences (180000109 bp)...
[M::mem_process_seqs] Processed 797058 reads in 896.458 CPU sec, 50.208 real sec
[M::process] read 797354 sequences (180000382 bp)...
[M::mem_process_seqs] Processed 797248 reads in 886.547 CPU sec, 50.217 real sec
[M::process] read 795744 sequences (180000456 bp)...
[M::mem_process_seqs] Processed 797354 reads in 904.265 CPU sec, 50.623 real sec
[M::process] read 796918 sequences (180000078 bp)...
[M::mem_process_seqs] Processed 795744 reads in 863.498 CPU sec, 48.583 real sec
[M::process] read 797890 sequences (180000344 bp)...
[M::mem_process_seqs] Processed 796918 reads in 871.369 CPU sec, 48.864 real sec
[M::process] read 798212 sequences (180000325 bp)...
[M::mem_process_seqs] Processed 797890 reads in 889.727 CPU sec, 50.580 real sec
[M::process] read 797088 sequences (180000363 bp)...
[M::mem_process_seqs] Processed 798212 reads in 904.821 CPU sec, 50.736 real sec
[M::process] read 797528 sequences (180000143 bp)...
[M::mem_process_seqs] Processed 797088 reads in 908.140 CPU sec, 51.118 real sec
[M::process] read 798086 sequences (180000102 bp)...
[M::mem_process_seqs] Processed 797528 reads in 881.859 CPU sec, 50.280 real sec
[M::mem_process_seqs] Processed 798086 reads in 891.735 CPU sec, 56.963 real sec
[M::process] read 798720 sequences (180000241 bp)...
[M::process] read 794554 sequences (180000184 bp)...
[M::mem_process_seqs] Processed 798720 reads in 1132.475 CPU sec, 66.039 real sec
[M::process] read 792124 sequences (180000100 bp)...
[M::mem_process_seqs] Processed 794554 reads in 1985.340 CPU sec, 113.403 real sec
[M::process] read 788498 sequences (180000105 bp)...
[M::mem_process_seqs] Processed 792124 reads in 1909.995 CPU sec, 109.615 real sec
[M::process] read 788548 sequences (180000178 bp)...
[M::mem_process_seqs] Processed 788498 reads in 1783.838 CPU sec, 99.828 real sec
[M::process] read 788418 sequences (180000121 bp)...
[M::mem_process_seqs] Processed 788548 reads in 1697.446 CPU sec, 95.134 real sec
[M::process] read 788356 sequences (180000052 bp)...
[M::mem_process_seqs] Processed 788418 reads in 1703.384 CPU sec, 95.297 real sec
[M::process] read 789704 sequences (180000168 bp)...
[M::mem_process_seqs] Processed 788356 reads in 1746.611 CPU sec, 97.611 real sec
[M::process] read 788150 sequences (180000174 bp)...
[M::mem_process_seqs] Processed 789704 reads in 1790.696 CPU sec, 100.799 real sec
[M::process] read 368572 sequences (84027949 bp)...
[M::mem_process_seqs] Processed 788150 reads in 1793.465 CPU sec, 100.469 real sec
[M::mem_process_seqs] Processed 368572 reads in 814.279 CPU sec, 47.072 real sec
[main] Version: 0.7.17-r1188
[main] CMD: bwa mem -t 18 -R @RG\tID:a488\tSM:a488 /home/jilong/spider2/faststorage/social_spiders_2020/people/jilong/chapter1_social/steps/population_vcf/spider/Stegodyphus_dumicola/mapping/reference/DUM_hifi_hic_scaffolded_trim.fa /dev/fd/63
[main] Real time: 8201.962 sec; CPU: 142632.794 sec
[bam_sort_core] merging from 4 files and 17 in-memory blocks...
