[M::bwa_idx_load_from_disk] read 0 ALT contigs
[M::process] read 788790 sequences (180000513 bp)...
[M::process] read 788894 sequences (180000334 bp)...
[M::mem_process_seqs] Processed 788790 reads in 906.458 CPU sec, 50.703 real sec
[M::process] read 789134 sequences (180000457 bp)...
[M::mem_process_seqs] Processed 788894 reads in 844.029 CPU sec, 47.253 real sec
[M::process] read 788594 sequences (180000364 bp)...
[M::mem_process_seqs] Processed 789134 reads in 829.337 CPU sec, 46.401 real sec
[M::process] read 788382 sequences (180000287 bp)...
[M::mem_process_seqs] Processed 788594 reads in 829.367 CPU sec, 46.395 real sec
[M::process] read 788924 sequences (180000284 bp)...
[M::mem_process_seqs] Processed 788382 reads in 841.759 CPU sec, 47.077 real sec
[M::process] read 788622 sequences (180000289 bp)...
[M::mem_process_seqs] Processed 788924 reads in 816.144 CPU sec, 45.676 real sec
[M::process] read 788068 sequences (180000447 bp)...
[M::mem_process_seqs] Processed 788622 reads in 888.401 CPU sec, 49.695 real sec
[M::process] read 788360 sequences (180000314 bp)...
[M::mem_process_seqs] Processed 788068 reads in 809.948 CPU sec, 45.290 real sec
[M::process] read 788278 sequences (180000010 bp)...
[M::mem_process_seqs] Processed 788360 reads in 818.282 CPU sec, 45.744 real sec
[M::process] read 788038 sequences (180000499 bp)...
[M::mem_process_seqs] Processed 788278 reads in 819.497 CPU sec, 45.788 real sec
[M::process] read 788046 sequences (180000255 bp)...
[M::mem_process_seqs] Processed 788038 reads in 812.088 CPU sec, 45.369 real sec
[M::process] read 788398 sequences (180000369 bp)...
[M::mem_process_seqs] Processed 788046 reads in 835.873 CPU sec, 46.734 real sec
[M::process] read 787826 sequences (180000243 bp)...
[M::mem_process_seqs] Processed 788398 reads in 849.937 CPU sec, 47.487 real sec
[M::process] read 787778 sequences (180000178 bp)...
[M::mem_process_seqs] Processed 787826 reads in 796.691 CPU sec, 44.519 real sec
[M::process] read 788420 sequences (180000030 bp)...
[M::mem_process_seqs] Processed 787778 reads in 793.723 CPU sec, 44.344 real sec
[M::process] read 787354 sequences (180000248 bp)...
[M::mem_process_seqs] Processed 788420 reads in 809.510 CPU sec, 45.236 real sec
[M::process] read 788430 sequences (180000122 bp)...
[M::mem_process_seqs] Processed 787354 reads in 857.987 CPU sec, 47.933 real sec
[M::process] read 788158 sequences (180000351 bp)...
[M::mem_process_seqs] Processed 788430 reads in 825.779 CPU sec, 46.165 real sec
[M::process] read 787686 sequences (180000269 bp)...
[M::mem_process_seqs] Processed 788158 reads in 800.193 CPU sec, 44.731 real sec
[M::process] read 787900 sequences (180000048 bp)...
[M::mem_process_seqs] Processed 787686 reads in 807.017 CPU sec, 45.126 real sec
[M::process] read 788476 sequences (180000428 bp)...
[M::mem_process_seqs] Processed 787900 reads in 909.857 CPU sec, 50.865 real sec
[M::process] read 788264 sequences (180000410 bp)...
[M::mem_process_seqs] Processed 788476 reads in 817.532 CPU sec, 45.718 real sec
[M::process] read 788212 sequences (180000354 bp)...
[M::mem_process_seqs] Processed 788264 reads in 922.564 CPU sec, 51.565 real sec
[M::process] read 788372 sequences (180000152 bp)...
[M::mem_process_seqs] Processed 788212 reads in 827.390 CPU sec, 46.260 real sec
[M::process] read 788392 sequences (180000178 bp)...
[M::mem_process_seqs] Processed 788372 reads in 810.848 CPU sec, 45.354 real sec
[M::process] read 788656 sequences (180000331 bp)...
[M::mem_process_seqs] Processed 788392 reads in 808.594 CPU sec, 45.189 real sec
[M::process] read 788390 sequences (180000311 bp)...
[M::mem_process_seqs] Processed 788656 reads in 822.033 CPU sec, 45.978 real sec
[M::process] read 787780 sequences (180000017 bp)...
[M::mem_process_seqs] Processed 788390 reads in 840.007 CPU sec, 46.951 real sec
[M::process] read 788716 sequences (180000290 bp)...
[M::mem_process_seqs] Processed 787780 reads in 896.594 CPU sec, 50.111 real sec
[M::process] read 784096 sequences (180000129 bp)...
[M::mem_process_seqs] Processed 788716 reads in 814.479 CPU sec, 47.622 real sec
[M::process] read 781394 sequences (180000455 bp)...
[M::mem_process_seqs] Processed 784096 reads in 809.085 CPU sec, 45.234 real sec
[M::process] read 781012 sequences (180000085 bp)...
[M::mem_process_seqs] Processed 781394 reads in 870.737 CPU sec, 48.663 real sec
[M::process] read 781050 sequences (180000138 bp)...
[M::mem_process_seqs] Processed 781012 reads in 812.570 CPU sec, 45.414 real sec
[M::process] read 781462 sequences (180000322 bp)...
[M::mem_process_seqs] Processed 781050 reads in 805.871 CPU sec, 45.019 real sec
[M::process] read 782104 sequences (180000167 bp)...
[M::mem_process_seqs] Processed 781462 reads in 822.278 CPU sec, 45.942 real sec
[M::mem_process_seqs] Processed 782104 reads in 842.838 CPU sec, 53.790 real sec
[M::process] read 781120 sequences (180000031 bp)...
[M::process] read 781020 sequences (180000241 bp)...
[M::mem_process_seqs] Processed 781120 reads in 839.237 CPU sec, 46.862 real sec
[M::process] read 781810 sequences (180000033 bp)...
[M::mem_process_seqs] Processed 781020 reads in 810.914 CPU sec, 45.316 real sec
[M::process] read 781000 sequences (180000435 bp)...
[M::mem_process_seqs] Processed 781810 reads in 823.861 CPU sec, 46.052 real sec
[M::process] read 781824 sequences (180000394 bp)...
[M::mem_process_seqs] Processed 781000 reads in 799.098 CPU sec, 44.677 real sec
[M::process] read 781430 sequences (180000015 bp)...
[M::mem_process_seqs] Processed 781824 reads in 813.563 CPU sec, 45.444 real sec
[M::process] read 781462 sequences (180000002 bp)...
[M::mem_process_seqs] Processed 781430 reads in 866.350 CPU sec, 48.408 real sec
[M::process] read 782038 sequences (180000174 bp)...
[M::mem_process_seqs] Processed 781462 reads in 829.010 CPU sec, 46.336 real sec
[M::process] read 782368 sequences (180000149 bp)...
[M::mem_process_seqs] Processed 782038 reads in 815.720 CPU sec, 45.596 real sec
[M::process] read 782488 sequences (180000153 bp)...
[M::mem_process_seqs] Processed 782368 reads in 821.830 CPU sec, 45.932 real sec
[M::process] read 782538 sequences (180000427 bp)...
[M::mem_process_seqs] Processed 782488 reads in 820.563 CPU sec, 45.875 real sec
[M::process] read 781788 sequences (180000078 bp)...
[M::mem_process_seqs] Processed 782538 reads in 847.664 CPU sec, 47.381 real sec
[M::process] read 781746 sequences (180000330 bp)...
[M::mem_process_seqs] Processed 781788 reads in 854.627 CPU sec, 47.798 real sec
[M::process] read 781716 sequences (180000025 bp)...
[M::mem_process_seqs] Processed 781746 reads in 798.780 CPU sec, 44.645 real sec
[M::process] read 782598 sequences (180000343 bp)...
[M::mem_process_seqs] Processed 781716 reads in 810.837 CPU sec, 45.304 real sec
[M::process] read 782850 sequences (180000193 bp)...
[M::mem_process_seqs] Processed 782598 reads in 824.159 CPU sec, 46.052 real sec
[M::process] read 781422 sequences (180000426 bp)...
[M::mem_process_seqs] Processed 782850 reads in 845.808 CPU sec, 47.257 real sec
[M::process] read 782488 sequences (180000013 bp)...
[M::mem_process_seqs] Processed 781422 reads in 827.391 CPU sec, 46.242 real sec
[M::process] read 782120 sequences (180000175 bp)...
[M::mem_process_seqs] Processed 782488 reads in 837.686 CPU sec, 46.807 real sec
[M::process] read 781698 sequences (180000049 bp)...
[M::mem_process_seqs] Processed 782120 reads in 825.361 CPU sec, 46.121 real sec
[M::process] read 782664 sequences (180000039 bp)...
[M::mem_process_seqs] Processed 781698 reads in 812.437 CPU sec, 45.416 real sec
[M::process] read 782490 sequences (180000335 bp)...
[M::mem_process_seqs] Processed 782664 reads in 830.088 CPU sec, 46.407 real sec
[M::process] read 781806 sequences (180000391 bp)...
[M::mem_process_seqs] Processed 782490 reads in 831.457 CPU sec, 46.475 real sec
[M::process] read 781586 sequences (180000431 bp)...
[M::mem_process_seqs] Processed 781806 reads in 858.266 CPU sec, 47.973 real sec
[M::process] read 782476 sequences (180000280 bp)...
[M::mem_process_seqs] Processed 781586 reads in 834.100 CPU sec, 46.612 real sec
[M::process] read 782642 sequences (180000284 bp)...
[M::mem_process_seqs] Processed 782476 reads in 832.876 CPU sec, 46.552 real sec
[M::process] read 781844 sequences (180000268 bp)...
[M::mem_process_seqs] Processed 782642 reads in 817.123 CPU sec, 45.683 real sec
[M::process] read 782324 sequences (180000508 bp)...
[M::mem_process_seqs] Processed 781844 reads in 817.285 CPU sec, 45.680 real sec
[M::process] read 782212 sequences (180000238 bp)...
[M::mem_process_seqs] Processed 782324 reads in 908.997 CPU sec, 50.799 real sec
[M::process] read 781616 sequences (180000007 bp)...
[M::mem_process_seqs] Processed 782212 reads in 824.315 CPU sec, 46.066 real sec
[M::process] read 781224 sequences (180000141 bp)...
[M::mem_process_seqs] Processed 781616 reads in 817.856 CPU sec, 45.724 real sec
[M::process] read 781614 sequences (180000397 bp)...
[M::mem_process_seqs] Processed 781224 reads in 833.753 CPU sec, 46.578 real sec
[M::process] read 781452 sequences (180000061 bp)...
[M::mem_process_seqs] Processed 781614 reads in 843.405 CPU sec, 47.124 real sec
[M::process] read 782094 sequences (180000473 bp)...
[M::mem_process_seqs] Processed 781452 reads in 891.309 CPU sec, 49.797 real sec
[M::mem_process_seqs] Processed 782094 reads in 925.024 CPU sec, 57.733 real sec
[M::process] read 782300 sequences (180000075 bp)...
[M::process] read 781736 sequences (180000087 bp)...
[M::mem_process_seqs] Processed 782300 reads in 902.976 CPU sec, 50.458 real sec
[M::process] read 780860 sequences (180000396 bp)...
[M::mem_process_seqs] Processed 781736 reads in 896.450 CPU sec, 50.087 real sec
[M::process] read 781142 sequences (180000146 bp)...
[M::mem_process_seqs] Processed 780860 reads in 951.761 CPU sec, 53.199 real sec
[M::process] read 781686 sequences (180000307 bp)...
[M::mem_process_seqs] Processed 781142 reads in 951.608 CPU sec, 53.178 real sec
[M::process] read 782816 sequences (180000285 bp)...
[M::mem_process_seqs] Processed 781686 reads in 894.069 CPU sec, 49.950 real sec
[M::process] read 782922 sequences (180000074 bp)...
[M::mem_process_seqs] Processed 782816 reads in 812.690 CPU sec, 45.437 real sec
[M::process] read 781862 sequences (180000230 bp)...
[M::mem_process_seqs] Processed 782922 reads in 813.197 CPU sec, 45.438 real sec
[M::process] read 781412 sequences (180000186 bp)...
[M::mem_process_seqs] Processed 781862 reads in 816.919 CPU sec, 45.655 real sec
[M::process] read 781500 sequences (180000381 bp)...
[M::mem_process_seqs] Processed 781412 reads in 828.580 CPU sec, 46.289 real sec
[M::process] read 781934 sequences (180000299 bp)...
[M::mem_process_seqs] Processed 781500 reads in 841.830 CPU sec, 47.102 real sec
[M::process] read 782628 sequences (180000437 bp)...
[M::mem_process_seqs] Processed 781934 reads in 829.506 CPU sec, 46.332 real sec
[M::process] read 782768 sequences (180000420 bp)...
[M::mem_process_seqs] Processed 782628 reads in 805.842 CPU sec, 45.032 real sec
[M::process] read 781398 sequences (180000285 bp)...
[M::mem_process_seqs] Processed 782768 reads in 805.519 CPU sec, 45.011 real sec
[M::process] read 781228 sequences (180000141 bp)...
[M::mem_process_seqs] Processed 781398 reads in 795.123 CPU sec, 44.460 real sec
[M::process] read 780636 sequences (180000024 bp)...
[M::mem_process_seqs] Processed 781228 reads in 852.786 CPU sec, 47.649 real sec
[M::process] read 781394 sequences (180000053 bp)...
[M::mem_process_seqs] Processed 780636 reads in 858.239 CPU sec, 47.949 real sec
[M::process] read 782300 sequences (180000250 bp)...
[M::mem_process_seqs] Processed 781394 reads in 830.450 CPU sec, 46.424 real sec
[M::process] read 782026 sequences (180000149 bp)...
[M::mem_process_seqs] Processed 782300 reads in 849.056 CPU sec, 47.474 real sec
[M::process] read 781838 sequences (180000447 bp)...
[M::mem_process_seqs] Processed 782026 reads in 849.909 CPU sec, 47.474 real sec
[M::process] read 781604 sequences (180000095 bp)...
[M::mem_process_seqs] Processed 781838 reads in 844.807 CPU sec, 47.209 real sec
[M::process] read 782102 sequences (180000170 bp)...
[M::mem_process_seqs] Processed 781604 reads in 871.090 CPU sec, 48.706 real sec
[M::process] read 782784 sequences (180000404 bp)...
[M::mem_process_seqs] Processed 782102 reads in 900.943 CPU sec, 50.336 real sec
[M::process] read 782790 sequences (180000501 bp)...
[M::mem_process_seqs] Processed 782784 reads in 866.658 CPU sec, 48.419 real sec
[M::process] read 782700 sequences (180000035 bp)...
[M::mem_process_seqs] Processed 782790 reads in 869.379 CPU sec, 48.588 real sec
[M::process] read 782356 sequences (180000255 bp)...
[M::mem_process_seqs] Processed 782700 reads in 967.935 CPU sec, 54.103 real sec
[M::process] read 783536 sequences (180000166 bp)...
[M::mem_process_seqs] Processed 782356 reads in 1030.089 CPU sec, 57.545 real sec
[M::process] read 781892 sequences (180000135 bp)...
[M::mem_process_seqs] Processed 783536 reads in 1083.920 CPU sec, 60.579 real sec
[M::process] read 782312 sequences (180000124 bp)...
[M::mem_process_seqs] Processed 781892 reads in 1064.214 CPU sec, 59.443 real sec
[M::process] read 782064 sequences (180000404 bp)...
[M::mem_process_seqs] Processed 782312 reads in 1187.082 CPU sec, 66.285 real sec
[M::process] read 781184 sequences (180000115 bp)...
[M::mem_process_seqs] Processed 782064 reads in 1091.449 CPU sec, 60.962 real sec
[M::process] read 781830 sequences (180000053 bp)...
[M::mem_process_seqs] Processed 781184 reads in 947.950 CPU sec, 52.979 real sec
[M::process] read 781528 sequences (180000197 bp)...
[M::mem_process_seqs] Processed 781830 reads in 824.940 CPU sec, 46.098 real sec
[M::process] read 781554 sequences (180000092 bp)...
[M::mem_process_seqs] Processed 781528 reads in 831.630 CPU sec, 46.476 real sec
[M::process] read 781784 sequences (180000080 bp)...
[M::mem_process_seqs] Processed 781554 reads in 856.505 CPU sec, 47.854 real sec
[M::mem_process_seqs] Processed 781784 reads in 885.320 CPU sec, 56.382 real sec
[M::process] read 781628 sequences (180000127 bp)...
[M::process] read 782452 sequences (180000097 bp)...
[M::mem_process_seqs] Processed 781628 reads in 843.121 CPU sec, 47.093 real sec
[M::process] read 782766 sequences (180000312 bp)...
[M::mem_process_seqs] Processed 782452 reads in 827.381 CPU sec, 46.261 real sec
[M::process] read 782832 sequences (180000277 bp)...
[M::mem_process_seqs] Processed 782766 reads in 869.358 CPU sec, 48.580 real sec
[M::process] read 781986 sequences (180000336 bp)...
[M::mem_process_seqs] Processed 782832 reads in 858.428 CPU sec, 47.960 real sec
[M::process] read 781818 sequences (180000092 bp)...
[M::mem_process_seqs] Processed 781986 reads in 875.095 CPU sec, 48.898 real sec
[M::process] read 782144 sequences (180000047 bp)...
[M::mem_process_seqs] Processed 781818 reads in 867.506 CPU sec, 48.473 real sec
[M::process] read 782704 sequences (180000430 bp)...
[M::mem_process_seqs] Processed 782144 reads in 825.802 CPU sec, 46.165 real sec
[M::process] read 783286 sequences (180000329 bp)...
[M::mem_process_seqs] Processed 782704 reads in 832.459 CPU sec, 46.524 real sec
[M::process] read 783092 sequences (180000372 bp)...
[M::mem_process_seqs] Processed 783286 reads in 862.398 CPU sec, 48.198 real sec
[M::process] read 782234 sequences (180000388 bp)...
[M::mem_process_seqs] Processed 783092 reads in 854.209 CPU sec, 47.721 real sec
[M::process] read 781682 sequences (180000162 bp)...
[M::mem_process_seqs] Processed 782234 reads in 865.357 CPU sec, 48.374 real sec
[M::process] read 782582 sequences (180000208 bp)...
[M::mem_process_seqs] Processed 781682 reads in 822.111 CPU sec, 45.964 real sec
[M::process] read 783908 sequences (180000361 bp)...
[M::mem_process_seqs] Processed 782582 reads in 833.716 CPU sec, 46.595 real sec
[M::process] read 783692 sequences (180000189 bp)...
[M::mem_process_seqs] Processed 783908 reads in 860.905 CPU sec, 48.115 real sec
[M::process] read 783348 sequences (180000049 bp)...
[M::mem_process_seqs] Processed 783692 reads in 874.767 CPU sec, 48.870 real sec
[M::process] read 783802 sequences (180000270 bp)...
[M::mem_process_seqs] Processed 783348 reads in 874.914 CPU sec, 48.882 real sec
[M::process] read 783980 sequences (180000369 bp)...
[M::mem_process_seqs] Processed 783802 reads in 858.812 CPU sec, 47.987 real sec
[M::process] read 784398 sequences (180000372 bp)...
[M::mem_process_seqs] Processed 783980 reads in 843.339 CPU sec, 47.120 real sec
[M::process] read 783000 sequences (180000146 bp)...
[M::mem_process_seqs] Processed 784398 reads in 863.516 CPU sec, 48.262 real sec
[M::process] read 771754 sequences (180000479 bp)...
[M::mem_process_seqs] Processed 783000 reads in 1064.549 CPU sec, 59.527 real sec
[M::process] read 772562 sequences (180000278 bp)...
[M::mem_process_seqs] Processed 771754 reads in 1643.271 CPU sec, 91.757 real sec
[M::process] read 772478 sequences (180000221 bp)...
[M::mem_process_seqs] Processed 772562 reads in 1658.049 CPU sec, 92.595 real sec
[M::process] read 773106 sequences (180000165 bp)...
[M::mem_process_seqs] Processed 772478 reads in 1629.978 CPU sec, 91.026 real sec
[M::process] read 772720 sequences (180000248 bp)...
[M::mem_process_seqs] Processed 773106 reads in 1621.755 CPU sec, 90.560 real sec
[M::process] read 772544 sequences (180000203 bp)...
[M::mem_process_seqs] Processed 772720 reads in 1711.307 CPU sec, 95.551 real sec
[M::process] read 775094 sequences (180000256 bp)...
[M::mem_process_seqs] Processed 772544 reads in 1649.189 CPU sec, 92.087 real sec
[M::process] read 772916 sequences (180000243 bp)...
[M::mem_process_seqs] Processed 775094 reads in 1782.713 CPU sec, 99.515 real sec
[M::process] read 672503 sequences (156406151 bp)...
[M::mem_process_seqs] Processed 772916 reads in 1744.252 CPU sec, 97.365 real sec
[M::mem_process_seqs] Processed 672503 reads in 1491.788 CPU sec, 83.294 real sec
[main] Version: 0.7.17-r1188
[main] CMD: bwa mem -t 18 -R @RG\tID:a645\tSM:a645 /home/jilong/spider2/faststorage/social_spiders_2020/people/jilong/chapter1_social/steps/population_vcf/spider/Stegodyphus_dumicola/mapping/reference/DUM_hifi_hic_scaffolded_trim.fa /dev/fd/63
[main] Real time: 6863.893 sec; CPU: 121942.430 sec
[bam_sort_core] merging from 3 files and 17 in-memory blocks...
