[M::bwa_idx_load_from_disk] read 0 ALT contigs
[M::process] read 848392 sequences (180000090 bp)...
[M::process] read 848872 sequences (180000361 bp)...
[M::mem_process_seqs] Processed 848392 reads in 1019.232 CPU sec, 58.016 real sec
[M::process] read 848262 sequences (180000438 bp)...
[M::mem_process_seqs] Processed 848872 reads in 1100.879 CPU sec, 71.286 real sec
[M::process] read 848326 sequences (180000072 bp)...
[M::mem_process_seqs] Processed 848262 reads in 1005.006 CPU sec, 56.720 real sec
[M::process] read 847880 sequences (180000234 bp)...
[M::mem_process_seqs] Processed 848326 reads in 1026.722 CPU sec, 58.103 real sec
[M::process] read 847182 sequences (180000031 bp)...
[M::mem_process_seqs] Processed 847880 reads in 1031.076 CPU sec, 64.578 real sec
[M::process] read 848118 sequences (180000465 bp)...
[M::mem_process_seqs] Processed 847182 reads in 967.553 CPU sec, 82.421 real sec
[M::process] read 846926 sequences (180000190 bp)...
[M::mem_process_seqs] Processed 848118 reads in 1091.903 CPU sec, 62.337 real sec
[M::process] read 847368 sequences (180000055 bp)...
[M::mem_process_seqs] Processed 846926 reads in 944.530 CPU sec, 76.308 real sec
[M::process] read 846816 sequences (180000382 bp)...
[M::mem_process_seqs] Processed 847368 reads in 952.608 CPU sec, 77.705 real sec
[M::process] read 846324 sequences (180000267 bp)...
[M::mem_process_seqs] Processed 846816 reads in 961.014 CPU sec, 62.829 real sec
[M::process] read 846204 sequences (180000340 bp)...
[M::mem_process_seqs] Processed 846324 reads in 981.948 CPU sec, 55.940 real sec
[M::process] read 847680 sequences (180000218 bp)...
[M::mem_process_seqs] Processed 846204 reads in 1062.020 CPU sec, 80.972 real sec
[M::process] read 847114 sequences (180000001 bp)...
[M::mem_process_seqs] Processed 847680 reads in 984.873 CPU sec, 56.175 real sec
[M::process] read 846448 sequences (180000128 bp)...
[M::mem_process_seqs] Processed 847114 reads in 1042.656 CPU sec, 58.803 real sec
[M::process] read 846952 sequences (180000246 bp)...
[M::mem_process_seqs] Processed 846448 reads in 975.291 CPU sec, 55.089 real sec
[M::process] read 846916 sequences (180000224 bp)...
[M::mem_process_seqs] Processed 846952 reads in 993.682 CPU sec, 56.258 real sec
[M::process] read 846726 sequences (180000355 bp)...
[M::mem_process_seqs] Processed 846916 reads in 987.246 CPU sec, 56.882 real sec
[M::process] read 847020 sequences (180000321 bp)...
[M::mem_process_seqs] Processed 846726 reads in 1038.858 CPU sec, 59.644 real sec
[M::process] read 847240 sequences (180000386 bp)...
[M::mem_process_seqs] Processed 847020 reads in 976.598 CPU sec, 55.846 real sec
[M::process] read 846358 sequences (180000282 bp)...
[M::mem_process_seqs] Processed 847240 reads in 992.652 CPU sec, 56.113 real sec
[M::process] read 846832 sequences (180000051 bp)...
[M::mem_process_seqs] Processed 846358 reads in 963.532 CPU sec, 59.018 real sec
[M::process] read 847560 sequences (180000037 bp)...
[M::mem_process_seqs] Processed 846832 reads in 987.751 CPU sec, 58.637 real sec
[M::process] read 847452 sequences (180000377 bp)...
[M::mem_process_seqs] Processed 847560 reads in 1102.005 CPU sec, 62.134 real sec
[M::process] read 847022 sequences (180000227 bp)...
[M::mem_process_seqs] Processed 847452 reads in 1103.131 CPU sec, 62.505 real sec
[M::process] read 847584 sequences (180000084 bp)...
[M::mem_process_seqs] Processed 847022 reads in 999.731 CPU sec, 58.085 real sec
[M::process] read 846660 sequences (180000197 bp)...
[M::mem_process_seqs] Processed 847584 reads in 992.693 CPU sec, 56.125 real sec
[M::process] read 847102 sequences (180000260 bp)...
[M::mem_process_seqs] Processed 846660 reads in 985.817 CPU sec, 73.663 real sec
[M::process] read 847698 sequences (180000166 bp)...
[M::mem_process_seqs] Processed 847102 reads in 1016.741 CPU sec, 62.025 real sec
[M::process] read 846508 sequences (180000342 bp)...
[M::mem_process_seqs] Processed 847698 reads in 1036.493 CPU sec, 60.047 real sec
[M::process] read 845906 sequences (180000212 bp)...
[M::mem_process_seqs] Processed 846508 reads in 1076.874 CPU sec, 60.553 real sec
[M::process] read 839296 sequences (180000067 bp)...
[M::mem_process_seqs] Processed 845906 reads in 1078.696 CPU sec, 61.111 real sec
[M::process] read 838844 sequences (180000249 bp)...
[M::mem_process_seqs] Processed 839296 reads in 1091.336 CPU sec, 63.321 real sec
[M::process] read 839000 sequences (180000150 bp)...
[M::mem_process_seqs] Processed 838844 reads in 1035.261 CPU sec, 58.002 real sec
[M::process] read 839014 sequences (180000119 bp)...
[M::mem_process_seqs] Processed 839000 reads in 1011.298 CPU sec, 57.015 real sec
[M::process] read 839448 sequences (180000173 bp)...
[M::mem_process_seqs] Processed 839014 reads in 1019.349 CPU sec, 67.078 real sec
[M::process] read 839618 sequences (180000240 bp)...
[M::mem_process_seqs] Processed 839448 reads in 1039.512 CPU sec, 60.949 real sec
[M::process] read 838872 sequences (180000285 bp)...
[M::mem_process_seqs] Processed 839618 reads in 1049.172 CPU sec, 58.803 real sec
[M::process] read 838740 sequences (180000205 bp)...
[M::mem_process_seqs] Processed 838872 reads in 1030.546 CPU sec, 58.623 real sec
[M::process] read 839038 sequences (180000221 bp)...
[M::mem_process_seqs] Processed 838740 reads in 1038.428 CPU sec, 58.157 real sec
[M::process] read 838606 sequences (180000090 bp)...
[M::mem_process_seqs] Processed 839038 reads in 1024.672 CPU sec, 57.672 real sec
[M::process] read 838834 sequences (180000436 bp)...
[M::mem_process_seqs] Processed 838606 reads in 1017.450 CPU sec, 58.452 real sec
[M::process] read 838988 sequences (180000364 bp)...
[M::mem_process_seqs] Processed 838834 reads in 1032.198 CPU sec, 58.615 real sec
[M::process] read 839322 sequences (180000011 bp)...
[M::mem_process_seqs] Processed 838988 reads in 1091.223 CPU sec, 71.812 real sec
[M::process] read 839436 sequences (180000117 bp)...
[M::mem_process_seqs] Processed 839322 reads in 1027.825 CPU sec, 58.482 real sec
[M::process] read 839848 sequences (180000366 bp)...
[M::mem_process_seqs] Processed 839436 reads in 1036.849 CPU sec, 58.385 real sec
[M::process] read 840452 sequences (180000365 bp)...
[M::mem_process_seqs] Processed 839848 reads in 1043.334 CPU sec, 59.193 real sec
[M::process] read 839946 sequences (180000015 bp)...
[M::mem_process_seqs] Processed 840452 reads in 1036.789 CPU sec, 58.069 real sec
[M::process] read 839356 sequences (180000286 bp)...
[M::mem_process_seqs] Processed 839946 reads in 1083.071 CPU sec, 60.866 real sec
[M::process] read 839584 sequences (180000046 bp)...
[M::mem_process_seqs] Processed 839356 reads in 1071.700 CPU sec, 60.178 real sec
[M::process] read 839224 sequences (180000040 bp)...
[M::mem_process_seqs] Processed 839584 reads in 1030.153 CPU sec, 58.151 real sec
[M::process] read 840346 sequences (180000293 bp)...
[M::mem_process_seqs] Processed 839224 reads in 1035.959 CPU sec, 58.267 real sec
[M::process] read 840278 sequences (180000081 bp)...
[M::mem_process_seqs] Processed 840346 reads in 1049.641 CPU sec, 60.759 real sec
[M::process] read 839630 sequences (180000205 bp)...
[M::mem_process_seqs] Processed 840278 reads in 1044.250 CPU sec, 58.900 real sec
[M::process] read 839650 sequences (180000157 bp)...
[M::mem_process_seqs] Processed 839630 reads in 1073.662 CPU sec, 60.519 real sec
[M::process] read 839798 sequences (180000340 bp)...
[M::mem_process_seqs] Processed 839650 reads in 1042.214 CPU sec, 58.509 real sec
[M::process] read 839462 sequences (180000432 bp)...
[M::mem_process_seqs] Processed 839798 reads in 1042.479 CPU sec, 58.464 real sec
[M::process] read 839580 sequences (180000069 bp)...
[M::mem_process_seqs] Processed 839462 reads in 1028.391 CPU sec, 57.671 real sec
[M::process] read 840190 sequences (180000017 bp)...
[M::mem_process_seqs] Processed 839580 reads in 1039.677 CPU sec, 58.326 real sec
[M::process] read 839884 sequences (180000150 bp)...
[M::mem_process_seqs] Processed 840190 reads in 1050.130 CPU sec, 59.039 real sec
[M::process] read 839862 sequences (180000378 bp)...
[M::mem_process_seqs] Processed 839884 reads in 1067.088 CPU sec, 63.593 real sec
[M::process] read 840674 sequences (180000084 bp)...
[M::mem_process_seqs] Processed 839862 reads in 1069.038 CPU sec, 60.047 real sec
[M::process] read 839924 sequences (180000209 bp)...
[M::mem_process_seqs] Processed 840674 reads in 1039.719 CPU sec, 58.593 real sec
[M::process] read 840238 sequences (180000248 bp)...
[M::mem_process_seqs] Processed 839924 reads in 1048.362 CPU sec, 58.863 real sec
[M::process] read 839850 sequences (180000284 bp)...
[M::mem_process_seqs] Processed 840238 reads in 1123.286 CPU sec, 64.433 real sec
[M::process] read 839374 sequences (180000425 bp)...
[M::mem_process_seqs] Processed 839850 reads in 1036.779 CPU sec, 58.243 real sec
[M::process] read 839690 sequences (180000049 bp)...
[M::mem_process_seqs] Processed 839374 reads in 1032.713 CPU sec, 58.092 real sec
[M::process] read 839158 sequences (180000385 bp)...
[M::mem_process_seqs] Processed 839690 reads in 1045.794 CPU sec, 60.169 real sec
[M::process] read 839818 sequences (180000476 bp)...
[M::mem_process_seqs] Processed 839158 reads in 1048.427 CPU sec, 60.362 real sec
[M::process] read 839344 sequences (180000014 bp)...
[M::mem_process_seqs] Processed 839818 reads in 1096.776 CPU sec, 71.471 real sec
[M::process] read 839938 sequences (180000507 bp)...
[M::mem_process_seqs] Processed 839344 reads in 1112.344 CPU sec, 71.093 real sec
[M::process] read 839412 sequences (180000421 bp)...
[M::mem_process_seqs] Processed 839938 reads in 1116.554 CPU sec, 74.704 real sec
[M::process] read 838686 sequences (180000459 bp)...
[M::mem_process_seqs] Processed 839412 reads in 1090.438 CPU sec, 89.515 real sec
[M::process] read 838590 sequences (180000038 bp)...
[M::mem_process_seqs] Processed 838686 reads in 1128.065 CPU sec, 65.622 real sec
[M::process] read 839318 sequences (180000112 bp)...
[M::mem_process_seqs] Processed 838590 reads in 1140.996 CPU sec, 71.200 real sec
[M::process] read 839672 sequences (180000114 bp)...
[M::mem_process_seqs] Processed 839318 reads in 1109.653 CPU sec, 64.423 real sec
[M::process] read 840814 sequences (180000221 bp)...
[M::mem_process_seqs] Processed 839672 reads in 1040.517 CPU sec, 69.298 real sec
[M::process] read 840130 sequences (180000000 bp)...
[M::mem_process_seqs] Processed 840814 reads in 1012.796 CPU sec, 57.181 real sec
[M::process] read 839016 sequences (180000107 bp)...
[M::mem_process_seqs] Processed 840130 reads in 1010.327 CPU sec, 58.209 real sec
[M::process] read 838516 sequences (180000482 bp)...
[M::mem_process_seqs] Processed 839016 reads in 1032.871 CPU sec, 58.199 real sec
[M::process] read 839108 sequences (180000438 bp)...
[M::mem_process_seqs] Processed 838516 reads in 1046.480 CPU sec, 61.103 real sec
[M::process] read 839850 sequences (180000188 bp)...
[M::mem_process_seqs] Processed 839108 reads in 1031.981 CPU sec, 58.619 real sec
[M::process] read 840540 sequences (180000297 bp)...
[M::mem_process_seqs] Processed 839850 reads in 1006.785 CPU sec, 56.717 real sec
[M::process] read 840486 sequences (180000297 bp)...
[M::mem_process_seqs] Processed 840540 reads in 1002.790 CPU sec, 57.093 real sec
[M::process] read 839212 sequences (180000350 bp)...
[M::mem_process_seqs] Processed 840486 reads in 994.313 CPU sec, 55.907 real sec
[M::process] read 838694 sequences (180000253 bp)...
[M::mem_process_seqs] Processed 839212 reads in 998.134 CPU sec, 56.448 real sec
[M::process] read 838766 sequences (180000227 bp)...
[M::mem_process_seqs] Processed 838694 reads in 1065.061 CPU sec, 59.845 real sec
[M::process] read 838590 sequences (180000134 bp)...
[M::mem_process_seqs] Processed 838766 reads in 1047.657 CPU sec, 59.475 real sec
[M::process] read 840066 sequences (180000254 bp)...
[M::mem_process_seqs] Processed 838590 reads in 1001.969 CPU sec, 57.980 real sec
[M::process] read 839592 sequences (180000296 bp)...
[M::mem_process_seqs] Processed 840066 reads in 1017.696 CPU sec, 57.478 real sec
[M::process] read 839500 sequences (180000074 bp)...
[M::mem_process_seqs] Processed 839592 reads in 1064.191 CPU sec, 59.790 real sec
[M::process] read 839560 sequences (180000195 bp)...
[M::mem_process_seqs] Processed 839500 reads in 1034.444 CPU sec, 58.303 real sec
[M::process] read 839058 sequences (180000212 bp)...
[M::mem_process_seqs] Processed 839560 reads in 1060.558 CPU sec, 60.003 real sec
[M::process] read 841366 sequences (180000137 bp)...
[M::mem_process_seqs] Processed 839058 reads in 1103.121 CPU sec, 62.343 real sec
[M::process] read 841556 sequences (180000242 bp)...
[M::mem_process_seqs] Processed 841366 reads in 1048.791 CPU sec, 58.931 real sec
[M::process] read 840766 sequences (180000302 bp)...
[M::mem_process_seqs] Processed 841556 reads in 1046.780 CPU sec, 59.141 real sec
[M::process] read 841180 sequences (180000141 bp)...
[M::mem_process_seqs] Processed 840766 reads in 1203.860 CPU sec, 69.071 real sec
[M::process] read 839912 sequences (180000070 bp)...
[M::mem_process_seqs] Processed 841180 reads in 1221.259 CPU sec, 68.481 real sec
[M::process] read 839540 sequences (180000497 bp)...
[M::mem_process_seqs] Processed 839912 reads in 1205.012 CPU sec, 68.738 real sec
[M::process] read 840980 sequences (180000148 bp)...
[M::mem_process_seqs] Processed 839540 reads in 1253.586 CPU sec, 70.600 real sec
[M::process] read 839830 sequences (180000268 bp)...
[M::mem_process_seqs] Processed 840980 reads in 1348.311 CPU sec, 110.317 real sec
[M::process] read 838426 sequences (180000155 bp)...
[M::mem_process_seqs] Processed 839830 reads in 1221.759 CPU sec, 68.831 real sec
[M::process] read 838616 sequences (180000370 bp)...
[M::mem_process_seqs] Processed 838426 reads in 1041.467 CPU sec, 67.971 real sec
[M::process] read 837998 sequences (180000437 bp)...
[M::mem_process_seqs] Processed 838616 reads in 1009.712 CPU sec, 57.287 real sec
[M::process] read 838330 sequences (180000052 bp)...
[M::mem_process_seqs] Processed 837998 reads in 1025.460 CPU sec, 57.772 real sec
[M::process] read 839218 sequences (180000219 bp)...
[M::mem_process_seqs] Processed 838330 reads in 1048.974 CPU sec, 59.433 real sec
[M::process] read 838552 sequences (180000229 bp)...
[M::mem_process_seqs] Processed 839218 reads in 1062.490 CPU sec, 59.987 real sec
[M::process] read 839636 sequences (180000089 bp)...
[M::mem_process_seqs] Processed 838552 reads in 1023.453 CPU sec, 57.855 real sec
[M::process] read 839468 sequences (180000184 bp)...
[M::mem_process_seqs] Processed 839636 reads in 1013.299 CPU sec, 59.428 real sec
[M::process] read 839484 sequences (180000169 bp)...
[M::mem_process_seqs] Processed 839468 reads in 1034.953 CPU sec, 58.397 real sec
[M::process] read 839386 sequences (180000240 bp)...
[M::mem_process_seqs] Processed 839484 reads in 1045.148 CPU sec, 59.427 real sec
[M::process] read 838792 sequences (180000473 bp)...
[M::mem_process_seqs] Processed 839386 reads in 1061.882 CPU sec, 59.591 real sec
[M::process] read 838634 sequences (180000153 bp)...
[M::mem_process_seqs] Processed 838792 reads in 1062.727 CPU sec, 60.122 real sec
[M::process] read 840438 sequences (180000461 bp)...
[M::mem_process_seqs] Processed 838634 reads in 1011.416 CPU sec, 57.393 real sec
[M::process] read 840332 sequences (180000062 bp)...
[M::mem_process_seqs] Processed 840438 reads in 1016.191 CPU sec, 57.971 real sec
[M::process] read 839806 sequences (180000022 bp)...
[M::mem_process_seqs] Processed 840332 reads in 1045.543 CPU sec, 58.750 real sec
[M::process] read 839980 sequences (180000199 bp)...
[M::mem_process_seqs] Processed 839806 reads in 1034.331 CPU sec, 58.975 real sec
[M::process] read 838304 sequences (180000027 bp)...
[M::mem_process_seqs] Processed 839980 reads in 1040.915 CPU sec, 59.580 real sec
[M::process] read 839132 sequences (180000019 bp)...
[M::mem_process_seqs] Processed 838304 reads in 1036.796 CPU sec, 58.172 real sec
[M::process] read 840134 sequences (180000011 bp)...
[M::mem_process_seqs] Processed 839132 reads in 1011.006 CPU sec, 57.142 real sec
[M::process] read 841330 sequences (180000288 bp)...
[M::mem_process_seqs] Processed 840134 reads in 1020.910 CPU sec, 57.420 real sec
[M::process] read 841380 sequences (180000057 bp)...
[M::mem_process_seqs] Processed 841330 reads in 1028.803 CPU sec, 57.951 real sec
[M::process] read 841090 sequences (180000468 bp)...
[M::mem_process_seqs] Processed 841380 reads in 1053.045 CPU sec, 59.379 real sec
[M::process] read 841560 sequences (180000282 bp)...
[M::mem_process_seqs] Processed 841090 reads in 1036.994 CPU sec, 58.070 real sec
[M::process] read 842210 sequences (180000332 bp)...
[M::mem_process_seqs] Processed 841560 reads in 1017.344 CPU sec, 57.352 real sec
[M::process] read 834656 sequences (180000236 bp)...
[M::mem_process_seqs] Processed 842210 reads in 1020.735 CPU sec, 57.596 real sec
[M::process] read 822608 sequences (180000166 bp)...
[M::mem_process_seqs] Processed 834656 reads in 1523.658 CPU sec, 86.008 real sec
[M::process] read 821956 sequences (180000474 bp)...
[M::mem_process_seqs] Processed 822608 reads in 2050.216 CPU sec, 114.640 real sec
[M::process] read 823048 sequences (180000246 bp)...
[M::mem_process_seqs] Processed 821956 reads in 1991.608 CPU sec, 111.980 real sec
[M::process] read 822714 sequences (180000330 bp)...
[M::mem_process_seqs] Processed 823048 reads in 1907.254 CPU sec, 107.245 real sec
[M::process] read 822886 sequences (180000093 bp)...
[M::mem_process_seqs] Processed 822714 reads in 2030.387 CPU sec, 114.248 real sec
[M::process] read 824948 sequences (180000252 bp)...
[M::mem_process_seqs] Processed 822886 reads in 1978.377 CPU sec, 111.873 real sec
[M::process] read 822184 sequences (180000356 bp)...
[M::mem_process_seqs] Processed 824948 reads in 2067.437 CPU sec, 116.005 real sec
[M::process] read 467969 sequences (102310192 bp)...
[M::mem_process_seqs] Processed 822184 reads in 2070.488 CPU sec, 118.200 real sec
[M::mem_process_seqs] Processed 467969 reads in 1140.799 CPU sec, 64.101 real sec
[main] Version: 0.7.17-r1188
[main] CMD: bwa mem -t 18 -R @RG\tID:a737\tSM:a737 /home/jilong/spider2/faststorage/social_spiders_2020/people/jilong/chapter1_social/steps/population_vcf/spider/Stegodyphus_dumicola/mapping/reference/DUM_hifi_hic_scaffolded_trim.fa /dev/fd/63
[main] Real time: 8659.636 sec; CPU: 147690.205 sec
[bam_sort_core] merging from 3 files and 17 in-memory blocks...
