[M::bwa_idx_load_from_disk] read 0 ALT contigs
[M::process] read 844596 sequences (180000052 bp)...
[M::process] read 844796 sequences (180000115 bp)...
[M::mem_process_seqs] Processed 844596 reads in 1226.685 CPU sec, 69.036 real sec
[M::process] read 844712 sequences (180000086 bp)...
[M::mem_process_seqs] Processed 844796 reads in 1217.910 CPU sec, 68.683 real sec
[M::process] read 844848 sequences (180000328 bp)...
[M::mem_process_seqs] Processed 844712 reads in 1234.319 CPU sec, 69.674 real sec
[M::process] read 845012 sequences (180000047 bp)...
[M::mem_process_seqs] Processed 844848 reads in 1239.037 CPU sec, 70.119 real sec
[M::process] read 844948 sequences (180000003 bp)...
[M::mem_process_seqs] Processed 845012 reads in 1255.957 CPU sec, 70.301 real sec
[M::process] read 845496 sequences (180000221 bp)...
[M::mem_process_seqs] Processed 844948 reads in 1196.005 CPU sec, 67.040 real sec
[M::process] read 847054 sequences (180000178 bp)...
[M::mem_process_seqs] Processed 845496 reads in 1178.474 CPU sec, 66.385 real sec
[M::process] read 846620 sequences (180000004 bp)...
[M::mem_process_seqs] Processed 847054 reads in 1183.544 CPU sec, 66.370 real sec
[M::process] read 844702 sequences (180000475 bp)...
[M::mem_process_seqs] Processed 846620 reads in 1218.166 CPU sec, 68.236 real sec
[M::process] read 845352 sequences (180000174 bp)...
[M::mem_process_seqs] Processed 844702 reads in 1195.115 CPU sec, 66.965 real sec
[M::process] read 846046 sequences (180000044 bp)...
[M::mem_process_seqs] Processed 845352 reads in 1209.716 CPU sec, 67.701 real sec
[M::process] read 847612 sequences (180000071 bp)...
[M::mem_process_seqs] Processed 846046 reads in 1166.893 CPU sec, 68.331 real sec
[M::process] read 846490 sequences (180000058 bp)...
[M::mem_process_seqs] Processed 847612 reads in 1189.339 CPU sec, 68.011 real sec
[M::process] read 844470 sequences (180000045 bp)...
[M::mem_process_seqs] Processed 846490 reads in 1198.672 CPU sec, 78.644 real sec
[M::process] read 845110 sequences (180000376 bp)...
[M::mem_process_seqs] Processed 844470 reads in 1175.859 CPU sec, 79.959 real sec
[M::process] read 845138 sequences (180000218 bp)...
[M::mem_process_seqs] Processed 845110 reads in 1169.870 CPU sec, 68.389 real sec
[M::process] read 844752 sequences (180000052 bp)...
[M::mem_process_seqs] Processed 845138 reads in 1171.158 CPU sec, 77.558 real sec
[M::process] read 844350 sequences (180000500 bp)...
[M::mem_process_seqs] Processed 844752 reads in 1155.879 CPU sec, 100.118 real sec
[M::process] read 844088 sequences (180000174 bp)...
[M::mem_process_seqs] Processed 844350 reads in 1170.682 CPU sec, 70.344 real sec
[M::process] read 843348 sequences (180000064 bp)...
[M::mem_process_seqs] Processed 844088 reads in 1205.531 CPU sec, 69.130 real sec
[M::process] read 844612 sequences (180000303 bp)...
[M::mem_process_seqs] Processed 843348 reads in 1173.809 CPU sec, 81.374 real sec
[M::process] read 844018 sequences (180000020 bp)...
[M::mem_process_seqs] Processed 844612 reads in 1166.355 CPU sec, 65.629 real sec
[M::process] read 843760 sequences (180000152 bp)...
[M::mem_process_seqs] Processed 844018 reads in 1175.401 CPU sec, 67.451 real sec
[M::process] read 843538 sequences (180000313 bp)...
[M::mem_process_seqs] Processed 843760 reads in 1171.025 CPU sec, 70.713 real sec
[M::process] read 843886 sequences (180000428 bp)...
[M::mem_process_seqs] Processed 843538 reads in 1169.893 CPU sec, 65.729 real sec
[M::process] read 843904 sequences (180000371 bp)...
[M::mem_process_seqs] Processed 843886 reads in 1202.123 CPU sec, 67.964 real sec
[M::process] read 834518 sequences (180000326 bp)...
[M::mem_process_seqs] Processed 843904 reads in 1245.578 CPU sec, 82.224 real sec
[M::process] read 834424 sequences (180000508 bp)...
[M::mem_process_seqs] Processed 834518 reads in 969.873 CPU sec, 57.703 real sec
[M::process] read 834302 sequences (180000150 bp)...
[M::mem_process_seqs] Processed 834424 reads in 1034.186 CPU sec, 58.711 real sec
[M::process] read 833426 sequences (180000042 bp)...
[M::mem_process_seqs] Processed 834302 reads in 956.316 CPU sec, 55.428 real sec
[M::process] read 833790 sequences (180000034 bp)...
[M::mem_process_seqs] Processed 833426 reads in 981.595 CPU sec, 62.741 real sec
[M::process] read 834768 sequences (180000165 bp)...
[M::mem_process_seqs] Processed 833790 reads in 974.093 CPU sec, 56.489 real sec
[M::process] read 834406 sequences (180000194 bp)...
[M::mem_process_seqs] Processed 834768 reads in 1049.305 CPU sec, 59.040 real sec
[M::process] read 833546 sequences (180000203 bp)...
[M::mem_process_seqs] Processed 834406 reads in 917.764 CPU sec, 51.985 real sec
[M::process] read 832892 sequences (180000450 bp)...
[M::mem_process_seqs] Processed 833546 reads in 927.889 CPU sec, 64.526 real sec
[M::process] read 832690 sequences (180000107 bp)...
[M::mem_process_seqs] Processed 832892 reads in 938.318 CPU sec, 54.404 real sec
[M::process] read 834426 sequences (180000314 bp)...
[M::mem_process_seqs] Processed 832690 reads in 1107.489 CPU sec, 62.734 real sec
[M::process] read 834266 sequences (180000291 bp)...
[M::mem_process_seqs] Processed 834426 reads in 950.755 CPU sec, 53.506 real sec
[M::process] read 833280 sequences (180000212 bp)...
[M::mem_process_seqs] Processed 834266 reads in 989.335 CPU sec, 56.327 real sec
[M::process] read 833386 sequences (180000024 bp)...
[M::mem_process_seqs] Processed 833280 reads in 917.574 CPU sec, 51.978 real sec
[M::process] read 833194 sequences (180000307 bp)...
[M::mem_process_seqs] Processed 833386 reads in 940.610 CPU sec, 53.343 real sec
[M::process] read 833920 sequences (180000405 bp)...
[M::mem_process_seqs] Processed 833194 reads in 979.637 CPU sec, 54.879 real sec
[M::process] read 834568 sequences (180000038 bp)...
[M::mem_process_seqs] Processed 833920 reads in 957.476 CPU sec, 53.772 real sec
[M::process] read 833532 sequences (180000416 bp)...
[M::mem_process_seqs] Processed 834568 reads in 948.855 CPU sec, 53.321 real sec
[M::process] read 833128 sequences (180000409 bp)...
[M::mem_process_seqs] Processed 833532 reads in 927.142 CPU sec, 54.033 real sec
[M::process] read 833446 sequences (180000088 bp)...
[M::mem_process_seqs] Processed 833128 reads in 948.884 CPU sec, 56.065 real sec
[M::process] read 833954 sequences (180000033 bp)...
[M::mem_process_seqs] Processed 833446 reads in 1047.488 CPU sec, 58.875 real sec
[M::process] read 834332 sequences (180000215 bp)...
[M::mem_process_seqs] Processed 833954 reads in 1015.049 CPU sec, 58.724 real sec
[M::process] read 834018 sequences (180000103 bp)...
[M::mem_process_seqs] Processed 834332 reads in 933.839 CPU sec, 52.521 real sec
[M::process] read 833966 sequences (180000252 bp)...
[M::mem_process_seqs] Processed 834018 reads in 933.935 CPU sec, 52.339 real sec
[M::process] read 833980 sequences (180000151 bp)...
[M::mem_process_seqs] Processed 833966 reads in 939.488 CPU sec, 53.202 real sec
[M::process] read 831726 sequences (180000382 bp)...
[M::mem_process_seqs] Processed 833980 reads in 1003.824 CPU sec, 56.242 real sec
[M::process] read 826166 sequences (180000309 bp)...
[M::mem_process_seqs] Processed 831726 reads in 1007.391 CPU sec, 56.588 real sec
[M::process] read 825260 sequences (180000375 bp)...
[M::mem_process_seqs] Processed 826166 reads in 986.103 CPU sec, 55.277 real sec
[M::process] read 825312 sequences (180000294 bp)...
[M::mem_process_seqs] Processed 825260 reads in 920.160 CPU sec, 51.504 real sec
[M::process] read 825654 sequences (180000332 bp)...
[M::mem_process_seqs] Processed 825312 reads in 924.442 CPU sec, 51.754 real sec
[M::process] read 825794 sequences (180000259 bp)...
[M::mem_process_seqs] Processed 825654 reads in 921.626 CPU sec, 51.718 real sec
[M::process] read 825742 sequences (180000284 bp)...
[M::mem_process_seqs] Processed 825794 reads in 946.167 CPU sec, 52.948 real sec
[M::process] read 825904 sequences (180000094 bp)...
[M::mem_process_seqs] Processed 825742 reads in 956.650 CPU sec, 53.869 real sec
[M::process] read 825950 sequences (180000154 bp)...
[M::mem_process_seqs] Processed 825904 reads in 920.354 CPU sec, 51.949 real sec
[M::process] read 825824 sequences (180000402 bp)...
[M::mem_process_seqs] Processed 825950 reads in 927.712 CPU sec, 51.971 real sec
[M::process] read 825774 sequences (180000000 bp)...
[M::mem_process_seqs] Processed 825824 reads in 916.126 CPU sec, 51.366 real sec
[M::process] read 825682 sequences (180000359 bp)...
[M::mem_process_seqs] Processed 825774 reads in 941.645 CPU sec, 52.805 real sec
[M::process] read 826176 sequences (180000256 bp)...
[M::mem_process_seqs] Processed 825682 reads in 991.640 CPU sec, 55.561 real sec
[M::process] read 827222 sequences (180000260 bp)...
[M::mem_process_seqs] Processed 826176 reads in 909.421 CPU sec, 51.108 real sec
[M::process] read 827038 sequences (180000046 bp)...
[M::mem_process_seqs] Processed 827222 reads in 925.267 CPU sec, 51.984 real sec
[M::process] read 826672 sequences (180000199 bp)...
[M::mem_process_seqs] Processed 827038 reads in 927.802 CPU sec, 52.284 real sec
[M::process] read 827000 sequences (180000011 bp)...
[M::mem_process_seqs] Processed 826672 reads in 933.448 CPU sec, 52.716 real sec
[M::mem_process_seqs] Processed 827000 reads in 989.351 CPU sec, 63.871 real sec
[M::process] read 826118 sequences (180000152 bp)...
[M::process] read 825596 sequences (180000432 bp)...
[M::mem_process_seqs] Processed 826118 reads in 902.714 CPU sec, 52.078 real sec
[M::process] read 827074 sequences (180000314 bp)...
[M::mem_process_seqs] Processed 825596 reads in 922.039 CPU sec, 52.193 real sec
[M::process] read 827786 sequences (180000021 bp)...
[M::mem_process_seqs] Processed 827074 reads in 944.100 CPU sec, 52.984 real sec
[M::process] read 825938 sequences (180000038 bp)...
[M::mem_process_seqs] Processed 827786 reads in 943.617 CPU sec, 52.875 real sec
[M::process] read 826486 sequences (180000004 bp)...
[M::mem_process_seqs] Processed 825938 reads in 978.686 CPU sec, 55.483 real sec
[M::process] read 826798 sequences (180000365 bp)...
[M::mem_process_seqs] Processed 826486 reads in 934.313 CPU sec, 55.207 real sec
[M::process] read 827040 sequences (180000164 bp)...
[M::mem_process_seqs] Processed 826798 reads in 921.472 CPU sec, 51.589 real sec
[M::process] read 827336 sequences (180000194 bp)...
[M::mem_process_seqs] Processed 827040 reads in 925.200 CPU sec, 52.009 real sec
[M::process] read 826874 sequences (180000145 bp)...
[M::mem_process_seqs] Processed 827336 reads in 937.162 CPU sec, 53.770 real sec
[M::process] read 825374 sequences (180000230 bp)...
[M::mem_process_seqs] Processed 826874 reads in 962.413 CPU sec, 54.977 real sec
[M::process] read 827050 sequences (180000407 bp)...
[M::mem_process_seqs] Processed 825374 reads in 935.498 CPU sec, 52.471 real sec
[M::process] read 826432 sequences (180000483 bp)...
[M::mem_process_seqs] Processed 827050 reads in 928.390 CPU sec, 53.085 real sec
[M::process] read 826456 sequences (180000155 bp)...
[M::mem_process_seqs] Processed 826432 reads in 1005.435 CPU sec, 56.592 real sec
[M::process] read 826098 sequences (180000157 bp)...
[M::mem_process_seqs] Processed 826456 reads in 932.801 CPU sec, 52.580 real sec
[M::process] read 825782 sequences (180000348 bp)...
[M::mem_process_seqs] Processed 826098 reads in 926.817 CPU sec, 51.996 real sec
[M::process] read 825602 sequences (180000029 bp)...
[M::mem_process_seqs] Processed 825782 reads in 962.241 CPU sec, 54.407 real sec
[M::process] read 825074 sequences (180000201 bp)...
[M::mem_process_seqs] Processed 825602 reads in 978.158 CPU sec, 54.933 real sec
[M::process] read 827074 sequences (180000087 bp)...
[M::mem_process_seqs] Processed 825074 reads in 1011.215 CPU sec, 56.642 real sec
[M::process] read 827032 sequences (180000336 bp)...
[M::mem_process_seqs] Processed 827074 reads in 1014.701 CPU sec, 56.790 real sec
[M::process] read 825872 sequences (180000235 bp)...
[M::mem_process_seqs] Processed 827032 reads in 1018.993 CPU sec, 57.015 real sec
[M::process] read 825436 sequences (180000028 bp)...
[M::mem_process_seqs] Processed 825872 reads in 1032.407 CPU sec, 58.117 real sec
[M::process] read 826060 sequences (180000167 bp)...
[M::mem_process_seqs] Processed 825436 reads in 1072.547 CPU sec, 59.996 real sec
[M::process] read 827132 sequences (180000113 bp)...
[M::mem_process_seqs] Processed 826060 reads in 1023.643 CPU sec, 57.451 real sec
[M::process] read 827886 sequences (180000267 bp)...
[M::mem_process_seqs] Processed 827132 reads in 959.134 CPU sec, 53.915 real sec
[M::process] read 826550 sequences (180000025 bp)...
[M::mem_process_seqs] Processed 827886 reads in 922.799 CPU sec, 52.080 real sec
[M::process] read 825490 sequences (180000186 bp)...
[M::mem_process_seqs] Processed 826550 reads in 937.224 CPU sec, 52.596 real sec
[M::process] read 826002 sequences (180000228 bp)...
[M::mem_process_seqs] Processed 825490 reads in 947.079 CPU sec, 53.309 real sec
[M::process] read 826872 sequences (180000414 bp)...
[M::mem_process_seqs] Processed 826002 reads in 977.342 CPU sec, 55.050 real sec
[M::process] read 827480 sequences (180000116 bp)...
[M::mem_process_seqs] Processed 826872 reads in 920.313 CPU sec, 52.730 real sec
[M::process] read 827194 sequences (180000254 bp)...
[M::mem_process_seqs] Processed 827480 reads in 929.887 CPU sec, 52.069 real sec
[M::process] read 825956 sequences (180000010 bp)...
[M::mem_process_seqs] Processed 827194 reads in 910.896 CPU sec, 50.998 real sec
[M::process] read 825278 sequences (180000412 bp)...
[M::mem_process_seqs] Processed 825956 reads in 943.268 CPU sec, 53.233 real sec
[M::process] read 825714 sequences (180000122 bp)...
[M::mem_process_seqs] Processed 825278 reads in 1013.803 CPU sec, 56.865 real sec
[M::mem_process_seqs] Processed 825714 reads in 927.693 CPU sec, 60.911 real sec
[M::process] read 826816 sequences (180000225 bp)...
[M::process] read 827376 sequences (180000065 bp)...
[M::mem_process_seqs] Processed 826816 reads in 933.577 CPU sec, 53.583 real sec
[M::process] read 826228 sequences (180000500 bp)...
[M::mem_process_seqs] Processed 827376 reads in 973.107 CPU sec, 54.610 real sec
[M::process] read 826238 sequences (180000269 bp)...
[M::mem_process_seqs] Processed 826228 reads in 968.720 CPU sec, 54.393 real sec
[M::process] read 825976 sequences (180000474 bp)...
[M::mem_process_seqs] Processed 826238 reads in 1021.838 CPU sec, 57.559 real sec
[M::process] read 826886 sequences (180000349 bp)...
[M::mem_process_seqs] Processed 825976 reads in 1007.128 CPU sec, 56.430 real sec
[M::process] read 826842 sequences (180000150 bp)...
[M::mem_process_seqs] Processed 826886 reads in 977.808 CPU sec, 54.855 real sec
[M::process] read 827284 sequences (180000338 bp)...
[M::mem_process_seqs] Processed 826842 reads in 1134.171 CPU sec, 63.747 real sec
[M::process] read 825924 sequences (180000060 bp)...
[M::mem_process_seqs] Processed 827284 reads in 1093.229 CPU sec, 61.474 real sec
[M::process] read 826680 sequences (180000323 bp)...
[M::mem_process_seqs] Processed 825924 reads in 1120.811 CPU sec, 63.348 real sec
[M::process] read 826008 sequences (180000109 bp)...
[M::mem_process_seqs] Processed 826680 reads in 1203.959 CPU sec, 67.579 real sec
[M::process] read 824936 sequences (180000148 bp)...
[M::mem_process_seqs] Processed 826008 reads in 1163.775 CPU sec, 65.453 real sec
[M::process] read 826348 sequences (180000425 bp)...
[M::mem_process_seqs] Processed 824936 reads in 968.184 CPU sec, 54.269 real sec
[M::process] read 825438 sequences (180000361 bp)...
[M::mem_process_seqs] Processed 826348 reads in 928.596 CPU sec, 52.017 real sec
[M::process] read 825994 sequences (180000359 bp)...
[M::mem_process_seqs] Processed 825438 reads in 944.616 CPU sec, 52.838 real sec
[M::process] read 825700 sequences (180000052 bp)...
[M::mem_process_seqs] Processed 825994 reads in 981.418 CPU sec, 55.316 real sec
[M::process] read 826844 sequences (180000053 bp)...
[M::mem_process_seqs] Processed 825700 reads in 966.614 CPU sec, 54.142 real sec
[M::process] read 827310 sequences (180000211 bp)...
[M::mem_process_seqs] Processed 826844 reads in 933.732 CPU sec, 53.378 real sec
[M::process] read 827318 sequences (180000186 bp)...
[M::mem_process_seqs] Processed 827310 reads in 940.257 CPU sec, 52.946 real sec
[M::process] read 826854 sequences (180000114 bp)...
[M::mem_process_seqs] Processed 827318 reads in 985.145 CPU sec, 55.183 real sec
[M::process] read 826272 sequences (180000180 bp)...
[M::mem_process_seqs] Processed 826854 reads in 1003.516 CPU sec, 56.348 real sec
[M::process] read 826650 sequences (180000251 bp)...
[M::mem_process_seqs] Processed 826272 reads in 939.488 CPU sec, 52.889 real sec
[M::process] read 827850 sequences (180000206 bp)...
[M::mem_process_seqs] Processed 826650 reads in 924.912 CPU sec, 51.961 real sec
[M::process] read 826632 sequences (180000137 bp)...
[M::mem_process_seqs] Processed 827850 reads in 948.109 CPU sec, 53.218 real sec
[M::process] read 827514 sequences (180000372 bp)...
[M::mem_process_seqs] Processed 826632 reads in 943.494 CPU sec, 54.058 real sec
[M::process] read 825678 sequences (180000003 bp)...
[M::mem_process_seqs] Processed 827514 reads in 983.537 CPU sec, 55.110 real sec
[M::process] read 827100 sequences (180000307 bp)...
[M::mem_process_seqs] Processed 825678 reads in 942.524 CPU sec, 52.856 real sec
[M::process] read 827934 sequences (180000258 bp)...
[M::mem_process_seqs] Processed 827100 reads in 929.468 CPU sec, 52.295 real sec
[M::process] read 828986 sequences (180000301 bp)...
[M::mem_process_seqs] Processed 827934 reads in 932.915 CPU sec, 52.450 real sec
[M::process] read 827800 sequences (180000327 bp)...
[M::mem_process_seqs] Processed 828986 reads in 971.768 CPU sec, 54.750 real sec
[M::process] read 827748 sequences (180000261 bp)...
[M::mem_process_seqs] Processed 827800 reads in 982.699 CPU sec, 55.499 real sec
[M::process] read 829034 sequences (180000291 bp)...
[M::mem_process_seqs] Processed 827748 reads in 928.761 CPU sec, 52.117 real sec
[M::process] read 827444 sequences (180000393 bp)...
[M::mem_process_seqs] Processed 829034 reads in 927.984 CPU sec, 52.338 real sec
[M::process] read 826344 sequences (180000274 bp)...
[M::mem_process_seqs] Processed 827444 reads in 1764.530 CPU sec, 99.396 real sec
[M::process] read 815226 sequences (180000098 bp)...
[M::mem_process_seqs] Processed 826344 reads in 2541.659 CPU sec, 150.962 real sec
[M::process] read 814000 sequences (180000193 bp)...
[M::mem_process_seqs] Processed 815226 reads in 2087.434 CPU sec, 117.446 real sec
[M::process] read 812956 sequences (180000394 bp)...
[M::mem_process_seqs] Processed 814000 reads in 2030.658 CPU sec, 113.680 real sec
[M::process] read 812986 sequences (180000334 bp)...
[M::mem_process_seqs] Processed 812956 reads in 1896.001 CPU sec, 106.022 real sec
[M::process] read 813592 sequences (180000008 bp)...
[M::mem_process_seqs] Processed 812986 reads in 1927.034 CPU sec, 108.364 real sec
[M::process] read 813586 sequences (180000146 bp)...
[M::mem_process_seqs] Processed 813592 reads in 1978.174 CPU sec, 110.827 real sec
[M::process] read 813466 sequences (180000425 bp)...
[M::mem_process_seqs] Processed 813586 reads in 1966.181 CPU sec, 110.148 real sec
[M::process] read 537004 sequences (118758343 bp)...
[M::mem_process_seqs] Processed 813466 reads in 2017.646 CPU sec, 113.703 real sec
[M::mem_process_seqs] Processed 537004 reads in 1284.799 CPU sec, 71.999 real sec
[main] Version: 0.7.17-r1188
[main] CMD: bwa mem -t 18 -R @RG\tID:a890\tSM:a890 /home/jilong/spider2/faststorage/social_spiders_2020/people/jilong/chapter1_social/steps/population_vcf/spider/Stegodyphus_dumicola/mapping/reference/DUM_hifi_hic_scaffolded_trim.fa /dev/fd/63
[main] Real time: 8989.120 sec; CPU: 156308.999 sec
[bam_sort_core] merging from 4 files and 17 in-memory blocks...
