[M::bwa_idx_load_from_disk] read 0 ALT contigs
[M::process] read 809320 sequences (180000487 bp)...
[M::process] read 809022 sequences (180000388 bp)...
[M::mem_process_seqs] Processed 809320 reads in 810.374 CPU sec, 45.850 real sec
[M::process] read 808420 sequences (180000130 bp)...
[M::mem_process_seqs] Processed 809022 reads in 836.712 CPU sec, 47.397 real sec
[M::process] read 808752 sequences (180000128 bp)...
[M::mem_process_seqs] Processed 808420 reads in 792.812 CPU sec, 45.005 real sec
[M::process] read 808908 sequences (180000189 bp)...
[M::mem_process_seqs] Processed 808752 reads in 826.262 CPU sec, 46.497 real sec
[M::process] read 808734 sequences (180000117 bp)...
[M::mem_process_seqs] Processed 808908 reads in 818.127 CPU sec, 46.338 real sec
[M::process] read 808766 sequences (180000033 bp)...
[M::mem_process_seqs] Processed 808734 reads in 809.096 CPU sec, 45.410 real sec
[M::process] read 808656 sequences (180000152 bp)...
[M::mem_process_seqs] Processed 808766 reads in 835.674 CPU sec, 47.349 real sec
[M::process] read 809028 sequences (180000175 bp)...
[M::mem_process_seqs] Processed 808656 reads in 808.648 CPU sec, 45.497 real sec
[M::process] read 808414 sequences (180000067 bp)...
[M::mem_process_seqs] Processed 809028 reads in 851.263 CPU sec, 47.814 real sec
[M::process] read 808520 sequences (180000337 bp)...
[M::mem_process_seqs] Processed 808414 reads in 810.933 CPU sec, 46.600 real sec
[M::process] read 808694 sequences (180000261 bp)...
[M::mem_process_seqs] Processed 808520 reads in 818.084 CPU sec, 46.076 real sec
[M::process] read 808314 sequences (180000264 bp)...
[M::mem_process_seqs] Processed 808694 reads in 859.204 CPU sec, 48.226 real sec
[M::process] read 808168 sequences (180000341 bp)...
[M::mem_process_seqs] Processed 808314 reads in 826.455 CPU sec, 46.509 real sec
[M::process] read 807956 sequences (180000264 bp)...
[M::mem_process_seqs] Processed 808168 reads in 883.355 CPU sec, 49.723 real sec
[M::process] read 808422 sequences (180000426 bp)...
[M::mem_process_seqs] Processed 807956 reads in 812.666 CPU sec, 45.660 real sec
[M::process] read 808276 sequences (180000482 bp)...
[M::mem_process_seqs] Processed 808422 reads in 875.439 CPU sec, 49.177 real sec
[M::process] read 808480 sequences (180000251 bp)...
[M::mem_process_seqs] Processed 808276 reads in 821.515 CPU sec, 46.220 real sec
[M::process] read 808066 sequences (180000448 bp)...
[M::mem_process_seqs] Processed 808480 reads in 879.495 CPU sec, 50.179 real sec
[M::process] read 807868 sequences (180000042 bp)...
[M::mem_process_seqs] Processed 808066 reads in 823.230 CPU sec, 46.437 real sec
[M::process] read 808118 sequences (180000128 bp)...
[M::mem_process_seqs] Processed 807868 reads in 832.858 CPU sec, 46.741 real sec
[M::process] read 808010 sequences (180000364 bp)...
[M::mem_process_seqs] Processed 808118 reads in 827.659 CPU sec, 46.622 real sec
[M::process] read 808884 sequences (180000059 bp)...
[M::mem_process_seqs] Processed 808010 reads in 843.111 CPU sec, 47.386 real sec
[M::process] read 806936 sequences (180000383 bp)...
[M::mem_process_seqs] Processed 808884 reads in 927.050 CPU sec, 52.128 real sec
[M::process] read 807072 sequences (180000402 bp)...
[M::mem_process_seqs] Processed 806936 reads in 825.606 CPU sec, 46.277 real sec
[M::process] read 806886 sequences (180000008 bp)...
[M::mem_process_seqs] Processed 807072 reads in 813.603 CPU sec, 45.646 real sec
[M::process] read 807180 sequences (180000320 bp)...
[M::mem_process_seqs] Processed 806886 reads in 812.889 CPU sec, 45.782 real sec
[M::process] read 807964 sequences (180000314 bp)...
[M::mem_process_seqs] Processed 807180 reads in 886.339 CPU sec, 50.038 real sec
[M::process] read 807012 sequences (180000203 bp)...
[M::mem_process_seqs] Processed 807964 reads in 869.618 CPU sec, 48.758 real sec
[M::process] read 807320 sequences (180000205 bp)...
[M::mem_process_seqs] Processed 807012 reads in 803.141 CPU sec, 45.509 real sec
[M::process] read 807084 sequences (180000394 bp)...
[M::mem_process_seqs] Processed 807320 reads in 805.883 CPU sec, 45.214 real sec
[M::process] read 807860 sequences (180000007 bp)...
[M::mem_process_seqs] Processed 807084 reads in 907.017 CPU sec, 50.929 real sec
[M::process] read 808498 sequences (180000211 bp)...
[M::mem_process_seqs] Processed 807860 reads in 882.494 CPU sec, 49.417 real sec
[M::process] read 807654 sequences (180000315 bp)...
[M::mem_process_seqs] Processed 808498 reads in 863.870 CPU sec, 48.469 real sec
[M::process] read 807898 sequences (180000113 bp)...
[M::mem_process_seqs] Processed 807654 reads in 822.277 CPU sec, 46.444 real sec
[M::process] read 807668 sequences (180000198 bp)...
[M::mem_process_seqs] Processed 807898 reads in 833.171 CPU sec, 46.951 real sec
[M::mem_process_seqs] Processed 807668 reads in 859.450 CPU sec, 56.528 real sec
[M::process] read 808488 sequences (180000192 bp)...
[M::process] read 807414 sequences (180000310 bp)...
[M::mem_process_seqs] Processed 808488 reads in 875.689 CPU sec, 50.579 real sec
[M::process] read 807304 sequences (180000104 bp)...
[M::mem_process_seqs] Processed 807414 reads in 838.017 CPU sec, 47.076 real sec
[M::process] read 807930 sequences (180000019 bp)...
[M::mem_process_seqs] Processed 807304 reads in 813.821 CPU sec, 45.686 real sec
[M::process] read 807870 sequences (180000066 bp)...
[M::mem_process_seqs] Processed 807930 reads in 844.556 CPU sec, 47.381 real sec
[M::process] read 807704 sequences (180000447 bp)...
[M::mem_process_seqs] Processed 807870 reads in 801.996 CPU sec, 45.032 real sec
[M::process] read 808292 sequences (180000181 bp)...
[M::mem_process_seqs] Processed 807704 reads in 829.166 CPU sec, 46.473 real sec
[M::process] read 807184 sequences (180000380 bp)...
[M::mem_process_seqs] Processed 808292 reads in 862.066 CPU sec, 48.681 real sec
[M::process] read 806772 sequences (180000157 bp)...
[M::mem_process_seqs] Processed 807184 reads in 822.652 CPU sec, 46.369 real sec
[M::process] read 806762 sequences (180000002 bp)...
[M::mem_process_seqs] Processed 806772 reads in 812.296 CPU sec, 47.184 real sec
[M::process] read 807032 sequences (180000435 bp)...
[M::mem_process_seqs] Processed 806762 reads in 835.412 CPU sec, 46.834 real sec
[M::process] read 807464 sequences (180000034 bp)...
[M::mem_process_seqs] Processed 807032 reads in 848.599 CPU sec, 47.571 real sec
[M::process] read 806448 sequences (180000139 bp)...
[M::mem_process_seqs] Processed 807464 reads in 868.672 CPU sec, 48.973 real sec
[M::process] read 806530 sequences (180000369 bp)...
[M::mem_process_seqs] Processed 806448 reads in 790.667 CPU sec, 46.529 real sec
[M::process] read 806496 sequences (180000364 bp)...
[M::mem_process_seqs] Processed 806530 reads in 801.590 CPU sec, 45.137 real sec
[M::process] read 807100 sequences (180000034 bp)...
[M::mem_process_seqs] Processed 806496 reads in 817.721 CPU sec, 46.443 real sec
[M::process] read 807404 sequences (180000323 bp)...
[M::mem_process_seqs] Processed 807100 reads in 846.877 CPU sec, 47.693 real sec
[M::process] read 806266 sequences (180000140 bp)...
[M::mem_process_seqs] Processed 807404 reads in 843.799 CPU sec, 47.327 real sec
[M::process] read 806488 sequences (180000235 bp)...
[M::mem_process_seqs] Processed 806266 reads in 800.226 CPU sec, 44.915 real sec
[M::process] read 807466 sequences (180000269 bp)...
[M::mem_process_seqs] Processed 806488 reads in 815.964 CPU sec, 45.786 real sec
[M::process] read 806522 sequences (180000338 bp)...
[M::mem_process_seqs] Processed 807466 reads in 823.217 CPU sec, 46.267 real sec
[M::process] read 807484 sequences (180000246 bp)...
[M::mem_process_seqs] Processed 806522 reads in 853.211 CPU sec, 48.177 real sec
[M::process] read 807372 sequences (180000269 bp)...
[M::mem_process_seqs] Processed 807484 reads in 854.469 CPU sec, 47.926 real sec
[M::process] read 799336 sequences (180000013 bp)...
[M::mem_process_seqs] Processed 807372 reads in 825.597 CPU sec, 47.074 real sec
[M::process] read 797416 sequences (180000061 bp)...
[M::mem_process_seqs] Processed 799336 reads in 823.818 CPU sec, 46.354 real sec
[M::process] read 797064 sequences (180000035 bp)...
[M::mem_process_seqs] Processed 797416 reads in 819.184 CPU sec, 46.381 real sec
[M::process] read 797130 sequences (180000161 bp)...
[M::mem_process_seqs] Processed 797064 reads in 807.896 CPU sec, 45.831 real sec
[M::process] read 797684 sequences (180000039 bp)...
[M::mem_process_seqs] Processed 797130 reads in 832.766 CPU sec, 47.048 real sec
[M::process] read 796632 sequences (180000283 bp)...
[M::mem_process_seqs] Processed 797684 reads in 856.417 CPU sec, 48.669 real sec
[M::process] read 795886 sequences (180000335 bp)...
[M::mem_process_seqs] Processed 796632 reads in 867.177 CPU sec, 48.633 real sec
[M::process] read 795758 sequences (180000059 bp)...
[M::mem_process_seqs] Processed 795886 reads in 871.670 CPU sec, 49.846 real sec
[M::process] read 795940 sequences (180000190 bp)...
[M::mem_process_seqs] Processed 795758 reads in 872.786 CPU sec, 49.827 real sec
[M::process] read 795392 sequences (180000142 bp)...
[M::mem_process_seqs] Processed 795940 reads in 888.918 CPU sec, 50.470 real sec
[M::process] read 796058 sequences (180000193 bp)...
[M::mem_process_seqs] Processed 795392 reads in 937.419 CPU sec, 52.837 real sec
[M::mem_process_seqs] Processed 796058 reads in 964.463 CPU sec, 65.765 real sec
[M::process] read 796074 sequences (180000352 bp)...
[M::process] read 795406 sequences (180000218 bp)...
[M::mem_process_seqs] Processed 796074 reads in 904.567 CPU sec, 51.857 real sec
[M::process] read 795576 sequences (180000106 bp)...
[M::mem_process_seqs] Processed 795406 reads in 768.154 CPU sec, 43.440 real sec
[M::process] read 795912 sequences (180000167 bp)...
[M::mem_process_seqs] Processed 795576 reads in 767.109 CPU sec, 43.513 real sec
[M::process] read 794858 sequences (180000077 bp)...
[M::mem_process_seqs] Processed 795912 reads in 789.961 CPU sec, 45.195 real sec
[M::process] read 796210 sequences (180000145 bp)...
[M::mem_process_seqs] Processed 794858 reads in 845.352 CPU sec, 47.438 real sec
[M::process] read 795816 sequences (180000139 bp)...
[M::mem_process_seqs] Processed 796210 reads in 805.513 CPU sec, 47.643 real sec
[M::process] read 796630 sequences (180000142 bp)...
[M::mem_process_seqs] Processed 795816 reads in 917.037 CPU sec, 51.596 real sec
[M::process] read 795058 sequences (180000145 bp)...
[M::mem_process_seqs] Processed 796630 reads in 759.840 CPU sec, 44.872 real sec
[M::process] read 795262 sequences (180000168 bp)...
[M::mem_process_seqs] Processed 795058 reads in 753.088 CPU sec, 43.246 real sec
[M::process] read 794968 sequences (180000084 bp)...
[M::mem_process_seqs] Processed 795262 reads in 755.596 CPU sec, 43.325 real sec
[M::process] read 795596 sequences (180000332 bp)...
[M::mem_process_seqs] Processed 794968 reads in 757.254 CPU sec, 42.521 real sec
[M::process] read 795460 sequences (180000260 bp)...
[M::mem_process_seqs] Processed 795596 reads in 781.067 CPU sec, 44.583 real sec
[M::process] read 795344 sequences (180000337 bp)...
[M::mem_process_seqs] Processed 795460 reads in 832.008 CPU sec, 46.626 real sec
[M::process] read 795270 sequences (180000140 bp)...
[M::mem_process_seqs] Processed 795344 reads in 775.174 CPU sec, 44.828 real sec
[M::process] read 795172 sequences (180000112 bp)...
[M::mem_process_seqs] Processed 795270 reads in 780.238 CPU sec, 43.855 real sec
[M::process] read 794686 sequences (180000297 bp)...
[M::mem_process_seqs] Processed 795172 reads in 767.325 CPU sec, 43.396 real sec
[M::process] read 795896 sequences (180000171 bp)...
[M::mem_process_seqs] Processed 794686 reads in 784.233 CPU sec, 43.990 real sec
[M::process] read 796984 sequences (180000308 bp)...
[M::mem_process_seqs] Processed 795896 reads in 830.350 CPU sec, 46.718 real sec
[M::process] read 797060 sequences (180000465 bp)...
[M::mem_process_seqs] Processed 796984 reads in 985.407 CPU sec, 55.372 real sec
[M::process] read 797026 sequences (180000200 bp)...
[M::mem_process_seqs] Processed 797060 reads in 1016.598 CPU sec, 57.172 real sec
[M::process] read 798110 sequences (180000235 bp)...
[M::mem_process_seqs] Processed 797026 reads in 1024.929 CPU sec, 57.575 real sec
[M::process] read 797896 sequences (180000272 bp)...
[M::mem_process_seqs] Processed 798110 reads in 1149.659 CPU sec, 64.444 real sec
[M::process] read 795748 sequences (180000201 bp)...
[M::mem_process_seqs] Processed 797896 reads in 1078.263 CPU sec, 60.818 real sec
[M::process] read 794892 sequences (180000208 bp)...
[M::mem_process_seqs] Processed 795748 reads in 799.590 CPU sec, 45.332 real sec
[M::process] read 795146 sequences (180000181 bp)...
[M::mem_process_seqs] Processed 794892 reads in 784.225 CPU sec, 44.412 real sec
[M::process] read 795470 sequences (180000096 bp)...
[M::mem_process_seqs] Processed 795146 reads in 795.537 CPU sec, 44.696 real sec
[M::process] read 795902 sequences (180000467 bp)...
[M::mem_process_seqs] Processed 795470 reads in 811.447 CPU sec, 45.501 real sec
[M::process] read 795822 sequences (180000063 bp)...
[M::mem_process_seqs] Processed 795902 reads in 904.453 CPU sec, 50.840 real sec
[M::process] read 795610 sequences (180000335 bp)...
[M::mem_process_seqs] Processed 795822 reads in 867.017 CPU sec, 48.690 real sec
[M::process] read 795438 sequences (180000040 bp)...
[M::mem_process_seqs] Processed 795610 reads in 801.476 CPU sec, 45.030 real sec
[M::process] read 794464 sequences (180000138 bp)...
[M::mem_process_seqs] Processed 795438 reads in 787.270 CPU sec, 44.392 real sec
[M::process] read 795184 sequences (180000028 bp)...
[M::mem_process_seqs] Processed 794464 reads in 788.632 CPU sec, 45.005 real sec
[M::process] read 794884 sequences (180000078 bp)...
[M::mem_process_seqs] Processed 795184 reads in 801.867 CPU sec, 46.015 real sec
[M::mem_process_seqs] Processed 794884 reads in 804.689 CPU sec, 52.150 real sec
[M::process] read 795608 sequences (180000048 bp)...
[M::process] read 795388 sequences (180000394 bp)...
[M::mem_process_seqs] Processed 795608 reads in 849.100 CPU sec, 48.744 real sec
[M::process] read 795536 sequences (180000167 bp)...
[M::mem_process_seqs] Processed 795388 reads in 820.118 CPU sec, 46.093 real sec
[M::process] read 794780 sequences (180000473 bp)...
[M::mem_process_seqs] Processed 795536 reads in 796.310 CPU sec, 44.664 real sec
[M::process] read 795034 sequences (180000110 bp)...
[M::mem_process_seqs] Processed 794780 reads in 794.840 CPU sec, 44.671 real sec
[M::process] read 794624 sequences (180000169 bp)...
[M::mem_process_seqs] Processed 795034 reads in 793.715 CPU sec, 44.568 real sec
[M::process] read 795580 sequences (180000518 bp)...
[M::mem_process_seqs] Processed 794624 reads in 804.595 CPU sec, 45.112 real sec
[M::process] read 795666 sequences (180000250 bp)...
[M::mem_process_seqs] Processed 795580 reads in 825.507 CPU sec, 46.313 real sec
[M::process] read 795362 sequences (180000191 bp)...
[M::mem_process_seqs] Processed 795666 reads in 854.501 CPU sec, 48.061 real sec
[M::process] read 795548 sequences (180000351 bp)...
[M::mem_process_seqs] Processed 795362 reads in 797.720 CPU sec, 44.849 real sec
[M::process] read 794938 sequences (180000366 bp)...
[M::mem_process_seqs] Processed 795548 reads in 798.968 CPU sec, 44.834 real sec
[M::process] read 795378 sequences (180000489 bp)...
[M::mem_process_seqs] Processed 794938 reads in 796.768 CPU sec, 44.664 real sec
[M::process] read 795714 sequences (180000095 bp)...
[M::mem_process_seqs] Processed 795378 reads in 803.631 CPU sec, 45.437 real sec
[M::process] read 794864 sequences (180000302 bp)...
[M::mem_process_seqs] Processed 795714 reads in 809.080 CPU sec, 45.385 real sec
[M::process] read 796158 sequences (180000293 bp)...
[M::mem_process_seqs] Processed 794864 reads in 818.441 CPU sec, 46.120 real sec
[M::process] read 796698 sequences (180000207 bp)...
[M::mem_process_seqs] Processed 796158 reads in 826.705 CPU sec, 46.353 real sec
[M::process] read 795134 sequences (180000195 bp)...
[M::mem_process_seqs] Processed 796698 reads in 815.034 CPU sec, 45.821 real sec
[M::process] read 796396 sequences (180000286 bp)...
[M::mem_process_seqs] Processed 795134 reads in 808.858 CPU sec, 45.383 real sec
[M::process] read 796620 sequences (180000296 bp)...
[M::mem_process_seqs] Processed 796396 reads in 854.006 CPU sec, 47.945 real sec
[M::process] read 795718 sequences (180000308 bp)...
[M::mem_process_seqs] Processed 796620 reads in 820.979 CPU sec, 46.107 real sec
[M::process] read 795546 sequences (180000433 bp)...
[M::mem_process_seqs] Processed 795718 reads in 815.051 CPU sec, 46.082 real sec
[M::process] read 796654 sequences (180000254 bp)...
[M::mem_process_seqs] Processed 795546 reads in 852.509 CPU sec, 48.089 real sec
[M::process] read 795728 sequences (180000338 bp)...
[M::mem_process_seqs] Processed 796654 reads in 824.724 CPU sec, 46.317 real sec
[M::process] read 795860 sequences (180000084 bp)...
[M::mem_process_seqs] Processed 795728 reads in 821.552 CPU sec, 46.047 real sec
[M::process] read 795602 sequences (180000157 bp)...
[M::mem_process_seqs] Processed 795860 reads in 851.643 CPU sec, 48.388 real sec
[M::process] read 795534 sequences (180000188 bp)...
[M::mem_process_seqs] Processed 795602 reads in 824.780 CPU sec, 46.504 real sec
[M::process] read 796676 sequences (180000324 bp)...
[M::mem_process_seqs] Processed 795534 reads in 846.572 CPU sec, 47.567 real sec
[M::process] read 786402 sequences (180000340 bp)...
[M::mem_process_seqs] Processed 796676 reads in 878.390 CPU sec, 49.374 real sec
[M::process] read 784840 sequences (180000113 bp)...
[M::mem_process_seqs] Processed 786402 reads in 1575.735 CPU sec, 90.557 real sec
[M::process] read 784242 sequences (180000016 bp)...
[M::mem_process_seqs] Processed 784840 reads in 1599.496 CPU sec, 91.548 real sec
[M::process] read 783432 sequences (180000354 bp)...
[M::mem_process_seqs] Processed 784242 reads in 1564.818 CPU sec, 89.225 real sec
[M::process] read 781998 sequences (180000125 bp)...
[M::mem_process_seqs] Processed 783432 reads in 1599.642 CPU sec, 90.183 real sec
[M::process] read 782460 sequences (180000339 bp)...
[M::mem_process_seqs] Processed 781998 reads in 1609.949 CPU sec, 90.052 real sec
[M::process] read 782816 sequences (180000098 bp)...
[M::mem_process_seqs] Processed 782460 reads in 1595.911 CPU sec, 89.350 real sec
[M::process] read 782966 sequences (180000091 bp)...
[M::mem_process_seqs] Processed 782816 reads in 1679.994 CPU sec, 102.523 real sec
[M::process] read 522776 sequences (119850036 bp)...
[M::mem_process_seqs] Processed 782966 reads in 1583.352 CPU sec, 88.769 real sec
[M::mem_process_seqs] Processed 522776 reads in 1016.713 CPU sec, 56.928 real sec
[main] Version: 0.7.17-r1188
[main] CMD: bwa mem -t 18 -R @RG\tID:b122\tSM:b122 /home/jilong/spider2/faststorage/social_spiders_2020/people/jilong/chapter1_social/steps/population_vcf/spider/Stegodyphus_dumicola/mapping/reference/DUM_hifi_hic_scaffolded_trim.fa /dev/fd/63
[main] Real time: 7037.124 sec; CPU: 123496.110 sec
[bam_sort_core] merging from 4 files and 17 in-memory blocks...
