[M::bwa_idx_load_from_disk] read 0 ALT contigs
[M::process] read 793358 sequences (180000244 bp)...
[M::process] read 792900 sequences (180000154 bp)...
[M::mem_process_seqs] Processed 793358 reads in 1013.186 CPU sec, 56.906 real sec
[M::process] read 793504 sequences (180000127 bp)...
[M::mem_process_seqs] Processed 792900 reads in 1079.325 CPU sec, 60.526 real sec
[M::process] read 793338 sequences (180000250 bp)...
[M::mem_process_seqs] Processed 793504 reads in 1006.952 CPU sec, 56.508 real sec
[M::process] read 792704 sequences (180000158 bp)...
[M::mem_process_seqs] Processed 793338 reads in 1025.469 CPU sec, 57.600 real sec
[M::process] read 794022 sequences (180000231 bp)...
[M::mem_process_seqs] Processed 792704 reads in 1090.413 CPU sec, 61.921 real sec
[M::process] read 795096 sequences (180000076 bp)...
[M::mem_process_seqs] Processed 794022 reads in 996.536 CPU sec, 55.794 real sec
[M::process] read 796198 sequences (180000308 bp)...
[M::mem_process_seqs] Processed 795096 reads in 984.830 CPU sec, 55.169 real sec
[M::process] read 794014 sequences (180000296 bp)...
[M::mem_process_seqs] Processed 796198 reads in 1007.875 CPU sec, 56.455 real sec
[M::process] read 793750 sequences (180000374 bp)...
[M::mem_process_seqs] Processed 794014 reads in 1034.977 CPU sec, 58.160 real sec
[M::process] read 794006 sequences (180000287 bp)...
[M::mem_process_seqs] Processed 793750 reads in 1032.591 CPU sec, 57.911 real sec
[M::process] read 796364 sequences (180000491 bp)...
[M::mem_process_seqs] Processed 794006 reads in 978.631 CPU sec, 54.980 real sec
[M::process] read 795384 sequences (180000023 bp)...
[M::mem_process_seqs] Processed 796364 reads in 992.091 CPU sec, 55.768 real sec
[M::process] read 793836 sequences (180000223 bp)...
[M::mem_process_seqs] Processed 795384 reads in 996.076 CPU sec, 55.878 real sec
[M::process] read 793572 sequences (180000110 bp)...
[M::mem_process_seqs] Processed 793836 reads in 1042.453 CPU sec, 58.398 real sec
[M::process] read 793654 sequences (180000249 bp)...
[M::mem_process_seqs] Processed 793572 reads in 998.048 CPU sec, 56.100 real sec
[M::process] read 794178 sequences (180000194 bp)...
[M::mem_process_seqs] Processed 793654 reads in 987.585 CPU sec, 56.480 real sec
[M::process] read 793512 sequences (180000061 bp)...
[M::mem_process_seqs] Processed 794178 reads in 983.874 CPU sec, 55.354 real sec
[M::process] read 793546 sequences (180000229 bp)...
[M::mem_process_seqs] Processed 793512 reads in 986.473 CPU sec, 55.534 real sec
[M::process] read 792310 sequences (180000080 bp)...
[M::mem_process_seqs] Processed 793546 reads in 1015.842 CPU sec, 57.180 real sec
[M::process] read 793284 sequences (180000386 bp)...
[M::mem_process_seqs] Processed 792310 reads in 995.847 CPU sec, 55.924 real sec
[M::process] read 793190 sequences (180000276 bp)...
[M::mem_process_seqs] Processed 793284 reads in 991.959 CPU sec, 55.708 real sec
[M::process] read 793038 sequences (180000009 bp)...
[M::mem_process_seqs] Processed 793190 reads in 985.213 CPU sec, 55.333 real sec
[M::process] read 792810 sequences (180000167 bp)...
[M::mem_process_seqs] Processed 793038 reads in 988.513 CPU sec, 55.609 real sec
[M::process] read 792600 sequences (180000160 bp)...
[M::mem_process_seqs] Processed 792810 reads in 997.627 CPU sec, 56.010 real sec
[M::process] read 781330 sequences (180000141 bp)...
[M::mem_process_seqs] Processed 792600 reads in 998.441 CPU sec, 56.022 real sec
[M::process] read 775976 sequences (180000389 bp)...
[M::mem_process_seqs] Processed 781330 reads in 883.975 CPU sec, 49.617 real sec
[M::process] read 776066 sequences (180000220 bp)...
[M::mem_process_seqs] Processed 775976 reads in 842.564 CPU sec, 47.379 real sec
[M::process] read 776306 sequences (180000093 bp)...
[M::mem_process_seqs] Processed 776066 reads in 808.231 CPU sec, 45.608 real sec
[M::process] read 776210 sequences (180000133 bp)...
[M::mem_process_seqs] Processed 776306 reads in 931.806 CPU sec, 52.278 real sec
[M::process] read 775500 sequences (180000366 bp)...
[M::mem_process_seqs] Processed 776210 reads in 863.019 CPU sec, 48.398 real sec
[M::process] read 775260 sequences (180000258 bp)...
[M::mem_process_seqs] Processed 775500 reads in 935.259 CPU sec, 52.405 real sec
[M::process] read 775806 sequences (180000005 bp)...
[M::mem_process_seqs] Processed 775260 reads in 907.547 CPU sec, 50.853 real sec
[M::process] read 776660 sequences (180000021 bp)...
[M::mem_process_seqs] Processed 775806 reads in 874.893 CPU sec, 49.166 real sec
[M::process] read 776342 sequences (180000365 bp)...
[M::mem_process_seqs] Processed 776660 reads in 875.502 CPU sec, 49.187 real sec
[M::process] read 776524 sequences (180000056 bp)...
[M::mem_process_seqs] Processed 776342 reads in 895.398 CPU sec, 50.181 real sec
[M::mem_process_seqs] Processed 776524 reads in 925.659 CPU sec, 58.325 real sec
[M::process] read 775610 sequences (180000138 bp)...
[M::process] read 775408 sequences (180000232 bp)...
[M::mem_process_seqs] Processed 775610 reads in 898.823 CPU sec, 50.356 real sec
[M::process] read 775544 sequences (180000334 bp)...
[M::mem_process_seqs] Processed 775408 reads in 805.558 CPU sec, 45.272 real sec
[M::process] read 775678 sequences (180000411 bp)...
[M::mem_process_seqs] Processed 775544 reads in 808.152 CPU sec, 45.485 real sec
[M::process] read 776356 sequences (180000113 bp)...
[M::mem_process_seqs] Processed 775678 reads in 811.681 CPU sec, 45.631 real sec
[M::process] read 776754 sequences (180000301 bp)...
[M::mem_process_seqs] Processed 776356 reads in 826.674 CPU sec, 46.406 real sec
[M::process] read 775500 sequences (180000170 bp)...
[M::mem_process_seqs] Processed 776754 reads in 868.017 CPU sec, 48.867 real sec
[M::process] read 775092 sequences (180000138 bp)...
[M::mem_process_seqs] Processed 775500 reads in 806.777 CPU sec, 45.247 real sec
[M::process] read 775602 sequences (180000080 bp)...
[M::mem_process_seqs] Processed 775092 reads in 786.094 CPU sec, 44.153 real sec
[M::process] read 776326 sequences (180000089 bp)...
[M::mem_process_seqs] Processed 775602 reads in 800.801 CPU sec, 45.413 real sec
[M::process] read 776438 sequences (180000267 bp)...
[M::mem_process_seqs] Processed 776326 reads in 818.523 CPU sec, 46.283 real sec
[M::process] read 776136 sequences (180000202 bp)...
[M::mem_process_seqs] Processed 776438 reads in 831.463 CPU sec, 46.656 real sec
[M::process] read 775462 sequences (180000280 bp)...
[M::mem_process_seqs] Processed 776136 reads in 843.949 CPU sec, 47.636 real sec
[M::process] read 775200 sequences (180000318 bp)...
[M::mem_process_seqs] Processed 775462 reads in 822.935 CPU sec, 46.496 real sec
[M::process] read 775846 sequences (180000209 bp)...
[M::mem_process_seqs] Processed 775200 reads in 820.519 CPU sec, 46.107 real sec
[M::process] read 776004 sequences (180000360 bp)...
[M::mem_process_seqs] Processed 775846 reads in 819.107 CPU sec, 45.982 real sec
[M::process] read 776116 sequences (180000230 bp)...
[M::mem_process_seqs] Processed 776004 reads in 845.575 CPU sec, 47.420 real sec
[M::process] read 775634 sequences (180000151 bp)...
[M::mem_process_seqs] Processed 776116 reads in 946.627 CPU sec, 53.095 real sec
[M::process] read 775818 sequences (180000288 bp)...
[M::mem_process_seqs] Processed 775634 reads in 922.549 CPU sec, 51.913 real sec
[M::process] read 775988 sequences (180000316 bp)...
[M::mem_process_seqs] Processed 775818 reads in 915.037 CPU sec, 51.939 real sec
[M::process] read 776154 sequences (180000011 bp)...
[M::mem_process_seqs] Processed 775988 reads in 1007.627 CPU sec, 56.697 real sec
[M::process] read 775282 sequences (180000112 bp)...
[M::mem_process_seqs] Processed 776154 reads in 1071.631 CPU sec, 60.080 real sec
[M::process] read 775612 sequences (180000015 bp)...
[M::mem_process_seqs] Processed 775282 reads in 828.810 CPU sec, 46.559 real sec
[M::process] read 775800 sequences (180000417 bp)...
[M::mem_process_seqs] Processed 775612 reads in 820.541 CPU sec, 46.077 real sec
[M::process] read 775776 sequences (180000184 bp)...
[M::mem_process_seqs] Processed 775800 reads in 838.914 CPU sec, 47.049 real sec
[M::process] read 775928 sequences (180000002 bp)...
[M::mem_process_seqs] Processed 775776 reads in 924.828 CPU sec, 51.837 real sec
[M::process] read 775238 sequences (180000037 bp)...
[M::mem_process_seqs] Processed 775928 reads in 936.486 CPU sec, 52.533 real sec
[M::process] read 775276 sequences (180000326 bp)...
[M::mem_process_seqs] Processed 775238 reads in 847.772 CPU sec, 47.515 real sec
[M::process] read 775704 sequences (180000425 bp)...
[M::mem_process_seqs] Processed 775276 reads in 831.687 CPU sec, 46.738 real sec
[M::process] read 775294 sequences (180000431 bp)...
[M::mem_process_seqs] Processed 775704 reads in 855.023 CPU sec, 48.042 real sec
[M::process] read 775820 sequences (180000271 bp)...
[M::mem_process_seqs] Processed 775294 reads in 849.813 CPU sec, 47.768 real sec
[M::process] read 774990 sequences (180000374 bp)...
[M::mem_process_seqs] Processed 775820 reads in 990.981 CPU sec, 55.529 real sec
[M::process] read 775842 sequences (180000474 bp)...
[M::mem_process_seqs] Processed 774990 reads in 865.820 CPU sec, 48.549 real sec
[M::process] read 775598 sequences (180000246 bp)...
[M::mem_process_seqs] Processed 775842 reads in 852.448 CPU sec, 47.833 real sec
[M::mem_process_seqs] Processed 775598 reads in 829.769 CPU sec, 52.748 real sec
[M::process] read 775674 sequences (180000529 bp)...
[M::process] read 775598 sequences (180000278 bp)...
[M::mem_process_seqs] Processed 775674 reads in 856.965 CPU sec, 48.294 real sec
[M::process] read 774976 sequences (180000308 bp)...
[M::mem_process_seqs] Processed 775598 reads in 897.349 CPU sec, 50.398 real sec
[M::process] read 775296 sequences (180000151 bp)...
[M::mem_process_seqs] Processed 774976 reads in 927.783 CPU sec, 52.049 real sec
[M::process] read 776048 sequences (180000149 bp)...
[M::mem_process_seqs] Processed 775296 reads in 820.997 CPU sec, 47.125 real sec
[M::process] read 775400 sequences (180000434 bp)...
[M::mem_process_seqs] Processed 776048 reads in 950.879 CPU sec, 53.782 real sec
[M::process] read 775676 sequences (180000033 bp)...
[M::mem_process_seqs] Processed 775400 reads in 844.549 CPU sec, 47.597 real sec
[M::process] read 775486 sequences (180000068 bp)...
[M::mem_process_seqs] Processed 775676 reads in 868.989 CPU sec, 48.920 real sec
[M::process] read 775514 sequences (180000069 bp)...
[M::mem_process_seqs] Processed 775486 reads in 846.664 CPU sec, 47.877 real sec
[M::process] read 775540 sequences (180000204 bp)...
[M::mem_process_seqs] Processed 775514 reads in 805.427 CPU sec, 45.489 real sec
[M::process] read 775602 sequences (180000384 bp)...
[M::mem_process_seqs] Processed 775540 reads in 812.424 CPU sec, 45.564 real sec
[M::process] read 776198 sequences (180000521 bp)...
[M::mem_process_seqs] Processed 775602 reads in 824.925 CPU sec, 47.189 real sec
[M::process] read 775596 sequences (180000267 bp)...
[M::mem_process_seqs] Processed 776198 reads in 854.425 CPU sec, 47.940 real sec
[M::process] read 775518 sequences (180000066 bp)...
[M::mem_process_seqs] Processed 775596 reads in 825.027 CPU sec, 46.293 real sec
[M::process] read 775292 sequences (180000183 bp)...
[M::mem_process_seqs] Processed 775518 reads in 791.403 CPU sec, 44.393 real sec
[M::process] read 775778 sequences (180000260 bp)...
[M::mem_process_seqs] Processed 775292 reads in 781.430 CPU sec, 43.844 real sec
[M::process] read 775866 sequences (180000120 bp)...
[M::mem_process_seqs] Processed 775778 reads in 803.499 CPU sec, 45.076 real sec
[M::process] read 776528 sequences (180000161 bp)...
[M::mem_process_seqs] Processed 775866 reads in 808.157 CPU sec, 45.344 real sec
[M::process] read 775774 sequences (180000370 bp)...
[M::mem_process_seqs] Processed 776528 reads in 834.003 CPU sec, 47.010 real sec
[M::process] read 774800 sequences (180000115 bp)...
[M::mem_process_seqs] Processed 775774 reads in 818.651 CPU sec, 45.834 real sec
[M::process] read 775240 sequences (180000523 bp)...
[M::mem_process_seqs] Processed 774800 reads in 782.270 CPU sec, 43.881 real sec
[M::process] read 775738 sequences (180000116 bp)...
[M::mem_process_seqs] Processed 775240 reads in 889.478 CPU sec, 49.895 real sec
[M::process] read 775860 sequences (180000048 bp)...
[M::mem_process_seqs] Processed 775738 reads in 815.374 CPU sec, 45.832 real sec
[M::process] read 775868 sequences (180000433 bp)...
[M::mem_process_seqs] Processed 775860 reads in 817.320 CPU sec, 45.844 real sec
[M::process] read 775184 sequences (180000411 bp)...
[M::mem_process_seqs] Processed 775868 reads in 837.659 CPU sec, 47.054 real sec
[M::process] read 775290 sequences (180000290 bp)...
[M::mem_process_seqs] Processed 775184 reads in 813.891 CPU sec, 45.694 real sec
[M::process] read 775578 sequences (180000044 bp)...
[M::mem_process_seqs] Processed 775290 reads in 793.463 CPU sec, 44.624 real sec
[M::process] read 776032 sequences (180000323 bp)...
[M::mem_process_seqs] Processed 775578 reads in 836.211 CPU sec, 46.951 real sec
[M::process] read 775926 sequences (180000000 bp)...
[M::mem_process_seqs] Processed 776032 reads in 922.744 CPU sec, 51.679 real sec
[M::process] read 775336 sequences (180000025 bp)...
[M::mem_process_seqs] Processed 775926 reads in 887.144 CPU sec, 49.742 real sec
[M::process] read 775692 sequences (180000235 bp)...
[M::mem_process_seqs] Processed 775336 reads in 818.649 CPU sec, 45.946 real sec
[M::process] read 775218 sequences (180000105 bp)...
[M::mem_process_seqs] Processed 775692 reads in 806.130 CPU sec, 45.288 real sec
[M::process] read 775574 sequences (180000259 bp)...
[M::mem_process_seqs] Processed 775218 reads in 798.365 CPU sec, 44.940 real sec
[M::process] read 776968 sequences (180000197 bp)...
[M::mem_process_seqs] Processed 775574 reads in 833.623 CPU sec, 46.781 real sec
[M::process] read 776542 sequences (180000342 bp)...
[M::mem_process_seqs] Processed 776968 reads in 827.441 CPU sec, 46.522 real sec
[M::mem_process_seqs] Processed 776542 reads in 795.348 CPU sec, 50.842 real sec
[M::process] read 776804 sequences (180000375 bp)...
[M::process] read 776624 sequences (180000085 bp)...
[M::mem_process_seqs] Processed 776804 reads in 787.629 CPU sec, 44.279 real sec
[M::process] read 777134 sequences (180000495 bp)...
[M::mem_process_seqs] Processed 776624 reads in 806.964 CPU sec, 45.392 real sec
[M::process] read 776388 sequences (180000010 bp)...
[M::mem_process_seqs] Processed 777134 reads in 845.479 CPU sec, 47.871 real sec
[M::process] read 775986 sequences (180000006 bp)...
[M::mem_process_seqs] Processed 776388 reads in 843.078 CPU sec, 47.215 real sec
[M::process] read 777158 sequences (180000203 bp)...
[M::mem_process_seqs] Processed 775986 reads in 813.818 CPU sec, 45.615 real sec
[M::process] read 777362 sequences (180000334 bp)...
[M::mem_process_seqs] Processed 777158 reads in 805.411 CPU sec, 45.190 real sec
[M::process] read 776748 sequences (180000132 bp)...
[M::mem_process_seqs] Processed 777362 reads in 832.225 CPU sec, 46.701 real sec
[M::process] read 776690 sequences (180000040 bp)...
[M::mem_process_seqs] Processed 776748 reads in 816.617 CPU sec, 45.730 real sec
[M::process] read 776246 sequences (180000460 bp)...
[M::mem_process_seqs] Processed 776690 reads in 838.365 CPU sec, 46.972 real sec
[M::process] read 776494 sequences (180000253 bp)...
[M::mem_process_seqs] Processed 776246 reads in 807.709 CPU sec, 45.231 real sec
[M::process] read 776918 sequences (180000358 bp)...
[M::mem_process_seqs] Processed 776494 reads in 789.280 CPU sec, 44.384 real sec
[M::process] read 776838 sequences (180000046 bp)...
[M::mem_process_seqs] Processed 776918 reads in 805.110 CPU sec, 45.274 real sec
[M::process] read 776892 sequences (180000082 bp)...
[M::mem_process_seqs] Processed 776838 reads in 806.435 CPU sec, 45.474 real sec
[M::process] read 776464 sequences (180000143 bp)...
[M::mem_process_seqs] Processed 776892 reads in 843.308 CPU sec, 47.702 real sec
[M::process] read 776388 sequences (180000156 bp)...
[M::mem_process_seqs] Processed 776464 reads in 814.074 CPU sec, 45.672 real sec
[M::process] read 776746 sequences (180000287 bp)...
[M::mem_process_seqs] Processed 776388 reads in 784.446 CPU sec, 44.007 real sec
[M::process] read 777514 sequences (180000305 bp)...
[M::mem_process_seqs] Processed 776746 reads in 791.858 CPU sec, 44.364 real sec
[M::process] read 777992 sequences (180000178 bp)...
[M::mem_process_seqs] Processed 777514 reads in 815.890 CPU sec, 46.004 real sec
[M::process] read 776436 sequences (180000468 bp)...
[M::mem_process_seqs] Processed 777992 reads in 887.860 CPU sec, 49.765 real sec
[M::process] read 777424 sequences (180000248 bp)...
[M::mem_process_seqs] Processed 776436 reads in 874.283 CPU sec, 48.910 real sec
[M::process] read 776674 sequences (180000149 bp)...
[M::mem_process_seqs] Processed 777424 reads in 854.008 CPU sec, 47.769 real sec
[M::process] read 777418 sequences (180000247 bp)...
[M::mem_process_seqs] Processed 776674 reads in 835.288 CPU sec, 46.793 real sec
[M::process] read 780682 sequences (180000044 bp)...
[M::mem_process_seqs] Processed 777418 reads in 831.020 CPU sec, 46.616 real sec
[M::process] read 784636 sequences (180000125 bp)...
[M::mem_process_seqs] Processed 780682 reads in 1289.961 CPU sec, 72.148 real sec
[M::process] read 774192 sequences (180000141 bp)...
[M::mem_process_seqs] Processed 784636 reads in 2149.343 CPU sec, 120.158 real sec
[M::process] read 772534 sequences (180000126 bp)...
[M::mem_process_seqs] Processed 774192 reads in 1734.321 CPU sec, 96.985 real sec
[M::process] read 772056 sequences (180000067 bp)...
[M::mem_process_seqs] Processed 772534 reads in 1700.926 CPU sec, 95.182 real sec
[M::process] read 772054 sequences (180000117 bp)...
[M::mem_process_seqs] Processed 772056 reads in 1754.011 CPU sec, 98.260 real sec
[M::process] read 769452 sequences (180000420 bp)...
[M::mem_process_seqs] Processed 772054 reads in 1604.519 CPU sec, 89.696 real sec
[M::process] read 378780 sequences (88574353 bp)...
[M::mem_process_seqs] Processed 769452 reads in 1674.951 CPU sec, 93.765 real sec
[M::mem_process_seqs] Processed 378780 reads in 837.689 CPU sec, 46.921 real sec
[main] Version: 0.7.17-r1188
[main] CMD: bwa mem -t 18 -R @RG\tID:b144\tSM:b144 /home/jilong/spider2/faststorage/social_spiders_2020/people/jilong/chapter1_social/steps/population_vcf/spider/Stegodyphus_dumicola/mapping/reference/DUM_hifi_hic_scaffolded_trim.fa /dev/fd/63
[main] Real time: 7092.542 sec; CPU: 125236.368 sec
[bam_sort_core] merging from 3 files and 17 in-memory blocks...
