[M::bwa_idx_load_from_disk] read 0 ALT contigs
[M::process] read 769760 sequences (180000268 bp)...
[M::process] read 769420 sequences (180000218 bp)...
[M::mem_process_seqs] Processed 769760 reads in 951.323 CPU sec, 53.738 real sec
[M::process] read 769996 sequences (180000461 bp)...
[M::mem_process_seqs] Processed 769420 reads in 945.079 CPU sec, 57.164 real sec
[M::process] read 769870 sequences (180000042 bp)...
[M::mem_process_seqs] Processed 769996 reads in 929.640 CPU sec, 52.140 real sec
[M::process] read 770524 sequences (180000164 bp)...
[M::mem_process_seqs] Processed 769870 reads in 1041.344 CPU sec, 58.584 real sec
[M::process] read 770494 sequences (180000208 bp)...
[M::mem_process_seqs] Processed 770524 reads in 961.241 CPU sec, 54.542 real sec
[M::process] read 769306 sequences (180000408 bp)...
[M::mem_process_seqs] Processed 770494 reads in 1040.668 CPU sec, 59.718 real sec
[M::process] read 768998 sequences (180000293 bp)...
[M::mem_process_seqs] Processed 769306 reads in 1015.917 CPU sec, 57.259 real sec
[M::process] read 769510 sequences (180000029 bp)...
[M::mem_process_seqs] Processed 768998 reads in 1002.469 CPU sec, 56.168 real sec
[M::process] read 769714 sequences (180000195 bp)...
[M::mem_process_seqs] Processed 769510 reads in 983.199 CPU sec, 55.095 real sec
[M::process] read 769494 sequences (180000324 bp)...
[M::mem_process_seqs] Processed 769714 reads in 991.554 CPU sec, 55.886 real sec
[M::process] read 769650 sequences (180000064 bp)...
[M::mem_process_seqs] Processed 769494 reads in 1011.528 CPU sec, 57.200 real sec
[M::process] read 769458 sequences (180000071 bp)...
[M::mem_process_seqs] Processed 769650 reads in 1044.488 CPU sec, 59.126 real sec
[M::process] read 768932 sequences (180000417 bp)...
[M::mem_process_seqs] Processed 769458 reads in 1031.360 CPU sec, 57.949 real sec
[M::process] read 769372 sequences (180000073 bp)...
[M::mem_process_seqs] Processed 768932 reads in 926.925 CPU sec, 52.200 real sec
[M::process] read 768948 sequences (180000031 bp)...
[M::mem_process_seqs] Processed 769372 reads in 907.520 CPU sec, 50.992 real sec
[M::process] read 769434 sequences (180000071 bp)...
[M::mem_process_seqs] Processed 768948 reads in 904.434 CPU sec, 50.833 real sec
[M::process] read 769398 sequences (180000011 bp)...
[M::mem_process_seqs] Processed 769434 reads in 923.550 CPU sec, 51.941 real sec
[M::process] read 770124 sequences (180000459 bp)...
[M::mem_process_seqs] Processed 769398 reads in 930.878 CPU sec, 52.163 real sec
[M::process] read 769210 sequences (180000288 bp)...
[M::mem_process_seqs] Processed 770124 reads in 972.366 CPU sec, 54.478 real sec
[M::process] read 769182 sequences (180000039 bp)...
[M::mem_process_seqs] Processed 769210 reads in 915.611 CPU sec, 51.578 real sec
[M::process] read 769144 sequences (180000061 bp)...
[M::mem_process_seqs] Processed 769182 reads in 887.891 CPU sec, 50.037 real sec
[M::process] read 769396 sequences (180000039 bp)...
[M::mem_process_seqs] Processed 769144 reads in 909.117 CPU sec, 50.966 real sec
[M::process] read 769602 sequences (180000226 bp)...
[M::mem_process_seqs] Processed 769396 reads in 916.991 CPU sec, 52.662 real sec
[M::process] read 769988 sequences (180000114 bp)...
[M::mem_process_seqs] Processed 769602 reads in 927.692 CPU sec, 52.028 real sec
[M::process] read 769608 sequences (180000385 bp)...
[M::mem_process_seqs] Processed 769988 reads in 948.999 CPU sec, 53.916 real sec
[M::process] read 769008 sequences (180000057 bp)...
[M::mem_process_seqs] Processed 769608 reads in 953.627 CPU sec, 53.567 real sec
[M::process] read 768906 sequences (180000259 bp)...
[M::mem_process_seqs] Processed 769008 reads in 920.335 CPU sec, 51.531 real sec
[M::process] read 768924 sequences (180000118 bp)...
[M::mem_process_seqs] Processed 768906 reads in 934.011 CPU sec, 52.309 real sec
[M::process] read 769366 sequences (180000342 bp)...
[M::mem_process_seqs] Processed 768924 reads in 936.524 CPU sec, 52.475 real sec
[M::process] read 769808 sequences (180000423 bp)...
[M::mem_process_seqs] Processed 769366 reads in 987.983 CPU sec, 55.361 real sec
[M::process] read 769916 sequences (180000416 bp)...
[M::mem_process_seqs] Processed 769808 reads in 1018.870 CPU sec, 57.117 real sec
[M::process] read 769924 sequences (180000180 bp)...
[M::mem_process_seqs] Processed 769916 reads in 1082.122 CPU sec, 60.785 real sec
[M::process] read 769874 sequences (180000192 bp)...
[M::mem_process_seqs] Processed 769924 reads in 1038.289 CPU sec, 58.199 real sec
[M::process] read 770320 sequences (180000370 bp)...
[M::mem_process_seqs] Processed 769874 reads in 1050.561 CPU sec, 58.986 real sec
[M::process] read 771278 sequences (180000177 bp)...
[M::mem_process_seqs] Processed 770320 reads in 1164.709 CPU sec, 65.135 real sec
[M::process] read 769178 sequences (180000038 bp)...
[M::mem_process_seqs] Processed 771278 reads in 1284.133 CPU sec, 80.486 real sec
[M::process] read 768680 sequences (180000319 bp)...
[M::mem_process_seqs] Processed 769178 reads in 957.528 CPU sec, 53.702 real sec
[M::process] read 769068 sequences (180000145 bp)...
[M::mem_process_seqs] Processed 768680 reads in 936.994 CPU sec, 52.534 real sec
[M::process] read 768804 sequences (180000035 bp)...
[M::mem_process_seqs] Processed 769068 reads in 954.457 CPU sec, 53.380 real sec
[M::process] read 769244 sequences (180000004 bp)...
[M::mem_process_seqs] Processed 768804 reads in 961.680 CPU sec, 53.915 real sec
[M::process] read 769314 sequences (180000157 bp)...
[M::mem_process_seqs] Processed 769244 reads in 1097.599 CPU sec, 61.385 real sec
[M::process] read 769024 sequences (180000097 bp)...
[M::mem_process_seqs] Processed 769314 reads in 1028.390 CPU sec, 57.649 real sec
[M::process] read 768964 sequences (180000102 bp)...
[M::mem_process_seqs] Processed 769024 reads in 957.442 CPU sec, 53.643 real sec
[M::process] read 768976 sequences (180000102 bp)...
[M::mem_process_seqs] Processed 768964 reads in 961.399 CPU sec, 53.797 real sec
[M::process] read 768958 sequences (180000277 bp)...
[M::mem_process_seqs] Processed 768976 reads in 967.684 CPU sec, 55.409 real sec
[M::process] read 769438 sequences (180000378 bp)...
[M::mem_process_seqs] Processed 768958 reads in 983.883 CPU sec, 55.119 real sec
[M::process] read 769350 sequences (180000049 bp)...
[M::mem_process_seqs] Processed 769438 reads in 1094.898 CPU sec, 61.398 real sec
[M::process] read 769342 sequences (180000303 bp)...
[M::mem_process_seqs] Processed 769350 reads in 1027.530 CPU sec, 58.040 real sec
[M::process] read 769458 sequences (180000119 bp)...
[M::mem_process_seqs] Processed 769342 reads in 954.313 CPU sec, 53.568 real sec
[M::process] read 769272 sequences (180000306 bp)...
[M::mem_process_seqs] Processed 769458 reads in 959.097 CPU sec, 55.522 real sec
[M::process] read 769180 sequences (180000306 bp)...
[M::mem_process_seqs] Processed 769272 reads in 965.336 CPU sec, 55.286 real sec
[M::process] read 768998 sequences (180000478 bp)...
[M::mem_process_seqs] Processed 769180 reads in 1010.016 CPU sec, 61.154 real sec
[M::process] read 768720 sequences (180000078 bp)...
[M::mem_process_seqs] Processed 768998 reads in 1061.368 CPU sec, 66.277 real sec
[M::process] read 769156 sequences (180000079 bp)...
[M::mem_process_seqs] Processed 768720 reads in 1024.719 CPU sec, 60.112 real sec
[M::process] read 769246 sequences (180000331 bp)...
[M::mem_process_seqs] Processed 769156 reads in 951.903 CPU sec, 53.820 real sec
[M::process] read 769464 sequences (180000350 bp)...
[M::mem_process_seqs] Processed 769246 reads in 958.402 CPU sec, 53.936 real sec
[M::process] read 769402 sequences (180000244 bp)...
[M::mem_process_seqs] Processed 769464 reads in 1098.265 CPU sec, 62.460 real sec
[M::process] read 769582 sequences (180000288 bp)...
[M::mem_process_seqs] Processed 769402 reads in 984.982 CPU sec, 55.448 real sec
[M::process] read 769698 sequences (180000277 bp)...
[M::mem_process_seqs] Processed 769582 reads in 1003.446 CPU sec, 56.956 real sec
[M::process] read 769436 sequences (180000344 bp)...
[M::mem_process_seqs] Processed 769698 reads in 929.974 CPU sec, 52.237 real sec
[M::process] read 770010 sequences (180000198 bp)...
[M::mem_process_seqs] Processed 769436 reads in 927.247 CPU sec, 51.991 real sec
[M::process] read 769996 sequences (180000039 bp)...
[M::mem_process_seqs] Processed 770010 reads in 918.880 CPU sec, 51.650 real sec
[M::process] read 770934 sequences (180000113 bp)...
[M::mem_process_seqs] Processed 769996 reads in 926.811 CPU sec, 52.065 real sec
[M::process] read 769838 sequences (180000269 bp)...
[M::mem_process_seqs] Processed 770934 reads in 969.290 CPU sec, 54.356 real sec
[M::process] read 769582 sequences (180000189 bp)...
[M::mem_process_seqs] Processed 769838 reads in 936.991 CPU sec, 55.461 real sec
[M::process] read 769086 sequences (180000132 bp)...
[M::mem_process_seqs] Processed 769582 reads in 931.894 CPU sec, 54.675 real sec
[M::process] read 768770 sequences (180000349 bp)...
[M::mem_process_seqs] Processed 769086 reads in 896.500 CPU sec, 50.590 real sec
[M::process] read 769112 sequences (180000242 bp)...
[M::mem_process_seqs] Processed 768770 reads in 901.578 CPU sec, 53.168 real sec
[M::process] read 769158 sequences (180000029 bp)...
[M::mem_process_seqs] Processed 769112 reads in 911.876 CPU sec, 51.758 real sec
[M::process] read 769428 sequences (180000551 bp)...
[M::mem_process_seqs] Processed 769158 reads in 914.293 CPU sec, 51.828 real sec
[M::process] read 768812 sequences (180000463 bp)...
[M::mem_process_seqs] Processed 769428 reads in 939.339 CPU sec, 63.824 real sec
[M::process] read 768836 sequences (180000275 bp)...
[M::mem_process_seqs] Processed 768812 reads in 931.702 CPU sec, 53.522 real sec
[M::process] read 768690 sequences (180000177 bp)...
[M::mem_process_seqs] Processed 768836 reads in 902.833 CPU sec, 51.503 real sec
[M::process] read 768790 sequences (180000168 bp)...
[M::mem_process_seqs] Processed 768690 reads in 1009.259 CPU sec, 59.638 real sec
[M::process] read 769468 sequences (180000266 bp)...
[M::mem_process_seqs] Processed 768790 reads in 927.136 CPU sec, 54.847 real sec
[M::process] read 769238 sequences (180000097 bp)...
[M::mem_process_seqs] Processed 769468 reads in 935.067 CPU sec, 52.741 real sec
[M::process] read 769146 sequences (180000071 bp)...
[M::mem_process_seqs] Processed 769238 reads in 930.927 CPU sec, 55.070 real sec
[M::process] read 768732 sequences (180000131 bp)...
[M::mem_process_seqs] Processed 769146 reads in 946.570 CPU sec, 53.408 real sec
[M::process] read 768856 sequences (180000075 bp)...
[M::mem_process_seqs] Processed 768732 reads in 905.620 CPU sec, 51.496 real sec
[M::process] read 768884 sequences (180000382 bp)...
[M::mem_process_seqs] Processed 768856 reads in 914.184 CPU sec, 51.642 real sec
[M::process] read 769430 sequences (180000297 bp)...
[M::mem_process_seqs] Processed 768884 reads in 946.646 CPU sec, 53.188 real sec
[M::process] read 769316 sequences (180000330 bp)...
[M::mem_process_seqs] Processed 769430 reads in 970.787 CPU sec, 54.431 real sec
[M::process] read 768962 sequences (180000469 bp)...
[M::mem_process_seqs] Processed 769316 reads in 1066.509 CPU sec, 60.076 real sec
[M::process] read 769468 sequences (180000277 bp)...
[M::mem_process_seqs] Processed 768962 reads in 949.401 CPU sec, 53.738 real sec
[M::process] read 769132 sequences (180000412 bp)...
[M::mem_process_seqs] Processed 769468 reads in 913.321 CPU sec, 51.450 real sec
[M::process] read 768786 sequences (180000480 bp)...
[M::mem_process_seqs] Processed 769132 reads in 908.874 CPU sec, 50.904 real sec
[M::process] read 769080 sequences (180000285 bp)...
[M::mem_process_seqs] Processed 768786 reads in 966.982 CPU sec, 54.183 real sec
[M::process] read 770376 sequences (180000186 bp)...
[M::mem_process_seqs] Processed 769080 reads in 938.411 CPU sec, 52.523 real sec
[M::process] read 771724 sequences (180000291 bp)...
[M::mem_process_seqs] Processed 770376 reads in 933.362 CPU sec, 52.247 real sec
[M::process] read 771252 sequences (180000401 bp)...
[M::mem_process_seqs] Processed 771724 reads in 919.413 CPU sec, 51.742 real sec
[M::process] read 771492 sequences (180000265 bp)...
[M::mem_process_seqs] Processed 771252 reads in 896.629 CPU sec, 50.385 real sec
[M::process] read 771564 sequences (180000248 bp)...
[M::mem_process_seqs] Processed 771492 reads in 890.879 CPU sec, 50.384 real sec
[M::process] read 771616 sequences (180000061 bp)...
[M::mem_process_seqs] Processed 771564 reads in 896.468 CPU sec, 50.305 real sec
[M::process] read 771266 sequences (180000448 bp)...
[M::mem_process_seqs] Processed 771616 reads in 933.640 CPU sec, 52.313 real sec
[M::process] read 770854 sequences (180000064 bp)...
[M::mem_process_seqs] Processed 771266 reads in 934.181 CPU sec, 52.535 real sec
[M::process] read 770946 sequences (180000117 bp)...
[M::mem_process_seqs] Processed 770854 reads in 936.048 CPU sec, 52.443 real sec
[M::process] read 771176 sequences (180000238 bp)...
[M::mem_process_seqs] Processed 770946 reads in 898.786 CPU sec, 50.412 real sec
[M::process] read 770674 sequences (180000448 bp)...
[M::mem_process_seqs] Processed 771176 reads in 920.104 CPU sec, 51.594 real sec
[M::process] read 770430 sequences (180000385 bp)...
[M::mem_process_seqs] Processed 770674 reads in 904.269 CPU sec, 50.828 real sec
[M::process] read 770724 sequences (180000287 bp)...
[M::mem_process_seqs] Processed 770430 reads in 924.666 CPU sec, 51.838 real sec
[M::process] read 771098 sequences (180000468 bp)...
[M::mem_process_seqs] Processed 770724 reads in 938.068 CPU sec, 52.906 real sec
[M::process] read 770492 sequences (180000203 bp)...
[M::mem_process_seqs] Processed 771098 reads in 926.322 CPU sec, 51.919 real sec
[M::process] read 770648 sequences (180000358 bp)...
[M::mem_process_seqs] Processed 770492 reads in 877.128 CPU sec, 49.143 real sec
[M::process] read 770566 sequences (180000445 bp)...
[M::mem_process_seqs] Processed 770648 reads in 889.712 CPU sec, 49.886 real sec
[M::mem_process_seqs] Processed 770566 reads in 903.424 CPU sec, 58.624 real sec
[M::process] read 771048 sequences (180000036 bp)...
[M::process] read 771218 sequences (180000526 bp)...
[M::mem_process_seqs] Processed 771048 reads in 902.742 CPU sec, 51.379 real sec
[M::process] read 771398 sequences (180000361 bp)...
[M::mem_process_seqs] Processed 771218 reads in 940.889 CPU sec, 52.755 real sec
[M::process] read 771274 sequences (180000220 bp)...
[M::mem_process_seqs] Processed 771398 reads in 919.517 CPU sec, 51.741 real sec
[M::process] read 771090 sequences (180000288 bp)...
[M::mem_process_seqs] Processed 771274 reads in 878.378 CPU sec, 49.328 real sec
[M::process] read 770972 sequences (180000390 bp)...
[M::mem_process_seqs] Processed 771090 reads in 886.730 CPU sec, 49.744 real sec
[M::process] read 770910 sequences (180000200 bp)...
[M::mem_process_seqs] Processed 770972 reads in 896.255 CPU sec, 50.311 real sec
[M::process] read 771552 sequences (180000007 bp)...
[M::mem_process_seqs] Processed 770910 reads in 940.816 CPU sec, 52.708 real sec
[M::process] read 771332 sequences (180000481 bp)...
[M::mem_process_seqs] Processed 771552 reads in 1015.121 CPU sec, 56.921 real sec
[M::process] read 772108 sequences (180000351 bp)...
[M::mem_process_seqs] Processed 771332 reads in 944.062 CPU sec, 52.930 real sec
[M::process] read 771396 sequences (180000207 bp)...
[M::mem_process_seqs] Processed 772108 reads in 930.387 CPU sec, 52.419 real sec
[M::process] read 770630 sequences (180000097 bp)...
[M::mem_process_seqs] Processed 771396 reads in 927.049 CPU sec, 51.903 real sec
[M::process] read 771330 sequences (180000220 bp)...
[M::mem_process_seqs] Processed 770630 reads in 915.653 CPU sec, 51.522 real sec
[M::process] read 769458 sequences (180000374 bp)...
[M::mem_process_seqs] Processed 771330 reads in 925.879 CPU sec, 51.876 real sec
[M::process] read 763868 sequences (180000129 bp)...
[M::mem_process_seqs] Processed 769458 reads in 1292.132 CPU sec, 72.455 real sec
[M::process] read 764118 sequences (180000436 bp)...
[M::mem_process_seqs] Processed 763868 reads in 1842.852 CPU sec, 103.263 real sec
[M::process] read 763708 sequences (180000246 bp)...
[M::mem_process_seqs] Processed 764118 reads in 1990.929 CPU sec, 111.556 real sec
[M::process] read 763922 sequences (180000326 bp)...
[M::mem_process_seqs] Processed 763708 reads in 1999.046 CPU sec, 115.788 real sec
[M::process] read 763014 sequences (180000032 bp)...
[M::mem_process_seqs] Processed 763922 reads in 1830.819 CPU sec, 102.707 real sec
[M::process] read 761920 sequences (180000527 bp)...
[M::mem_process_seqs] Processed 763014 reads in 1893.000 CPU sec, 106.050 real sec
[M::process] read 59844 sequences (14159883 bp)...
[M::mem_process_seqs] Processed 761920 reads in 1905.260 CPU sec, 107.017 real sec
[M::mem_process_seqs] Processed 59844 reads in 152.245 CPU sec, 8.638 real sec
[main] Version: 0.7.17-r1188
[main] CMD: bwa mem -t 18 -R @RG\tID:b162\tSM:b162 /home/jilong/spider2/faststorage/social_spiders_2020/people/jilong/chapter1_social/steps/population_vcf/spider/Stegodyphus_dumicola/mapping/reference/DUM_hifi_hic_scaffolded_trim.fa /dev/fd/63
[main] Real time: 7157.892 sec; CPU: 125920.049 sec
[bam_sort_core] merging from 3 files and 17 in-memory blocks...
