[M::bwa_idx_load_from_disk] read 0 ALT contigs
[M::process] read 815766 sequences (180000175 bp)...
[M::process] read 816206 sequences (180000363 bp)...
[M::mem_process_seqs] Processed 815766 reads in 1008.711 CPU sec, 57.295 real sec
[M::process] read 816108 sequences (180000278 bp)...
[M::mem_process_seqs] Processed 816206 reads in 1061.298 CPU sec, 59.633 real sec
[M::process] read 816674 sequences (180000059 bp)...
[M::mem_process_seqs] Processed 816108 reads in 1015.417 CPU sec, 57.302 real sec
[M::process] read 815444 sequences (180000141 bp)...
[M::mem_process_seqs] Processed 816674 reads in 1041.593 CPU sec, 58.372 real sec
[M::process] read 815274 sequences (180000294 bp)...
[M::mem_process_seqs] Processed 815444 reads in 1042.625 CPU sec, 58.492 real sec
[M::process] read 816408 sequences (180000291 bp)...
[M::mem_process_seqs] Processed 815274 reads in 974.956 CPU sec, 54.828 real sec
[M::process] read 817462 sequences (180000362 bp)...
[M::mem_process_seqs] Processed 816408 reads in 979.522 CPU sec, 54.946 real sec
[M::process] read 817656 sequences (180000205 bp)...
[M::mem_process_seqs] Processed 817462 reads in 982.155 CPU sec, 55.062 real sec
[M::process] read 815418 sequences (180000084 bp)...
[M::mem_process_seqs] Processed 817656 reads in 1011.842 CPU sec, 56.832 real sec
[M::process] read 815342 sequences (180000071 bp)...
[M::mem_process_seqs] Processed 815418 reads in 1037.058 CPU sec, 58.124 real sec
[M::process] read 816664 sequences (180000458 bp)...
[M::mem_process_seqs] Processed 815342 reads in 962.526 CPU sec, 54.073 real sec
[M::process] read 817866 sequences (180000289 bp)...
[M::mem_process_seqs] Processed 816664 reads in 969.683 CPU sec, 54.470 real sec
[M::process] read 817608 sequences (180000273 bp)...
[M::mem_process_seqs] Processed 817866 reads in 976.395 CPU sec, 54.808 real sec
[M::process] read 815386 sequences (180000224 bp)...
[M::mem_process_seqs] Processed 817608 reads in 1010.684 CPU sec, 56.610 real sec
[M::process] read 815470 sequences (180000173 bp)...
[M::mem_process_seqs] Processed 815386 reads in 982.803 CPU sec, 55.134 real sec
[M::process] read 815658 sequences (180000408 bp)...
[M::mem_process_seqs] Processed 815470 reads in 975.900 CPU sec, 54.689 real sec
[M::process] read 815722 sequences (180000447 bp)...
[M::mem_process_seqs] Processed 815658 reads in 962.746 CPU sec, 54.102 real sec
[M::process] read 815260 sequences (180000288 bp)...
[M::mem_process_seqs] Processed 815722 reads in 965.979 CPU sec, 54.399 real sec
[M::process] read 815750 sequences (180000102 bp)...
[M::mem_process_seqs] Processed 815260 reads in 965.171 CPU sec, 54.174 real sec
[M::process] read 813956 sequences (180000231 bp)...
[M::mem_process_seqs] Processed 815750 reads in 1004.013 CPU sec, 56.502 real sec
[M::process] read 814864 sequences (180000056 bp)...
[M::mem_process_seqs] Processed 813956 reads in 980.839 CPU sec, 54.935 real sec
[M::process] read 814298 sequences (180000260 bp)...
[M::mem_process_seqs] Processed 814864 reads in 973.356 CPU sec, 54.580 real sec
[M::process] read 814622 sequences (180000012 bp)...
[M::mem_process_seqs] Processed 814298 reads in 969.892 CPU sec, 54.376 real sec
[M::process] read 814920 sequences (180000129 bp)...
[M::mem_process_seqs] Processed 814622 reads in 986.220 CPU sec, 55.537 real sec
[M::process] read 815084 sequences (180000124 bp)...
[M::mem_process_seqs] Processed 814920 reads in 983.797 CPU sec, 55.443 real sec
[M::process] read 815884 sequences (180000247 bp)...
[M::mem_process_seqs] Processed 815084 reads in 995.562 CPU sec, 56.656 real sec
[M::process] read 806634 sequences (180000099 bp)...
[M::mem_process_seqs] Processed 815884 reads in 1007.788 CPU sec, 57.097 real sec
[M::process] read 804820 sequences (180000254 bp)...
[M::mem_process_seqs] Processed 806634 reads in 914.609 CPU sec, 51.307 real sec
[M::process] read 804478 sequences (180000355 bp)...
[M::mem_process_seqs] Processed 804820 reads in 835.904 CPU sec, 47.046 real sec
[M::process] read 804446 sequences (180000049 bp)...
[M::mem_process_seqs] Processed 804478 reads in 811.251 CPU sec, 46.477 real sec
[M::process] read 805230 sequences (180000044 bp)...
[M::mem_process_seqs] Processed 804446 reads in 892.453 CPU sec, 50.292 real sec
[M::process] read 804984 sequences (180000326 bp)...
[M::mem_process_seqs] Processed 805230 reads in 861.382 CPU sec, 48.474 real sec
[M::process] read 803472 sequences (180000506 bp)...
[M::mem_process_seqs] Processed 804984 reads in 927.867 CPU sec, 52.056 real sec
[M::process] read 803268 sequences (180000016 bp)...
[M::mem_process_seqs] Processed 803472 reads in 902.132 CPU sec, 50.504 real sec
[M::process] read 804152 sequences (180000400 bp)...
[M::mem_process_seqs] Processed 803268 reads in 867.534 CPU sec, 49.161 real sec
[M::mem_process_seqs] Processed 804152 reads in 860.457 CPU sec, 56.317 real sec
[M::process] read 804984 sequences (180000385 bp)...
[M::process] read 804676 sequences (180000361 bp)...
[M::mem_process_seqs] Processed 804984 reads in 873.729 CPU sec, 49.416 real sec
[M::process] read 804594 sequences (180000183 bp)...
[M::mem_process_seqs] Processed 804676 reads in 907.682 CPU sec, 51.652 real sec
[M::process] read 803522 sequences (180000413 bp)...
[M::mem_process_seqs] Processed 804594 reads in 960.725 CPU sec, 54.093 real sec
[M::process] read 803466 sequences (180000263 bp)...
[M::mem_process_seqs] Processed 803522 reads in 868.014 CPU sec, 49.092 real sec
[M::process] read 803338 sequences (180000125 bp)...
[M::mem_process_seqs] Processed 803466 reads in 808.080 CPU sec, 45.282 real sec
[M::process] read 803822 sequences (180000395 bp)...
[M::mem_process_seqs] Processed 803338 reads in 798.669 CPU sec, 44.866 real sec
[M::process] read 804198 sequences (180000327 bp)...
[M::mem_process_seqs] Processed 803822 reads in 809.961 CPU sec, 45.717 real sec
[M::process] read 804690 sequences (180000298 bp)...
[M::mem_process_seqs] Processed 804198 reads in 838.477 CPU sec, 47.354 real sec
[M::process] read 803622 sequences (180000214 bp)...
[M::mem_process_seqs] Processed 804690 reads in 870.419 CPU sec, 48.816 real sec
[M::process] read 802728 sequences (180000380 bp)...
[M::mem_process_seqs] Processed 803622 reads in 830.890 CPU sec, 46.950 real sec
[M::process] read 802764 sequences (180000202 bp)...
[M::mem_process_seqs] Processed 802728 reads in 783.298 CPU sec, 43.899 real sec
[M::process] read 803652 sequences (180000061 bp)...
[M::mem_process_seqs] Processed 802764 reads in 799.323 CPU sec, 45.101 real sec
[M::process] read 804300 sequences (180000071 bp)...
[M::mem_process_seqs] Processed 803652 reads in 813.810 CPU sec, 45.823 real sec
[M::process] read 805462 sequences (180000193 bp)...
[M::mem_process_seqs] Processed 804300 reads in 821.407 CPU sec, 46.346 real sec
[M::process] read 804086 sequences (180000146 bp)...
[M::mem_process_seqs] Processed 805462 reads in 845.609 CPU sec, 48.173 real sec
[M::process] read 802988 sequences (180000228 bp)...
[M::mem_process_seqs] Processed 804086 reads in 846.963 CPU sec, 47.806 real sec
[M::process] read 802928 sequences (180000264 bp)...
[M::mem_process_seqs] Processed 802988 reads in 811.247 CPU sec, 46.036 real sec
[M::process] read 803496 sequences (180000135 bp)...
[M::mem_process_seqs] Processed 802928 reads in 817.888 CPU sec, 46.113 real sec
[M::process] read 803836 sequences (180000290 bp)...
[M::mem_process_seqs] Processed 803496 reads in 818.559 CPU sec, 48.785 real sec
[M::process] read 804360 sequences (180000383 bp)...
[M::mem_process_seqs] Processed 803836 reads in 872.631 CPU sec, 50.838 real sec
[M::process] read 804252 sequences (180000234 bp)...
[M::mem_process_seqs] Processed 804360 reads in 885.767 CPU sec, 50.352 real sec
[M::process] read 804410 sequences (180000230 bp)...
[M::mem_process_seqs] Processed 804252 reads in 909.541 CPU sec, 52.168 real sec
[M::process] read 804514 sequences (180000303 bp)...
[M::mem_process_seqs] Processed 804410 reads in 942.683 CPU sec, 53.102 real sec
[M::process] read 804316 sequences (180000372 bp)...
[M::mem_process_seqs] Processed 804514 reads in 923.905 CPU sec, 52.156 real sec
[M::process] read 805254 sequences (180000250 bp)...
[M::mem_process_seqs] Processed 804316 reads in 944.518 CPU sec, 56.022 real sec
[M::process] read 804334 sequences (180000179 bp)...
[M::mem_process_seqs] Processed 805254 reads in 1058.990 CPU sec, 60.769 real sec
[M::process] read 802844 sequences (180000178 bp)...
[M::mem_process_seqs] Processed 804334 reads in 971.009 CPU sec, 54.403 real sec
[M::process] read 802934 sequences (180000162 bp)...
[M::mem_process_seqs] Processed 802844 reads in 810.556 CPU sec, 47.377 real sec
[M::process] read 803846 sequences (180000389 bp)...
[M::mem_process_seqs] Processed 802934 reads in 811.549 CPU sec, 47.397 real sec
[M::process] read 803840 sequences (180000440 bp)...
[M::mem_process_seqs] Processed 803846 reads in 883.350 CPU sec, 50.714 real sec
[M::process] read 804564 sequences (180000174 bp)...
[M::mem_process_seqs] Processed 803840 reads in 934.551 CPU sec, 53.812 real sec
[M::process] read 802908 sequences (180000171 bp)...
[M::mem_process_seqs] Processed 804564 reads in 903.845 CPU sec, 50.825 real sec
[M::process] read 803194 sequences (180000036 bp)...
[M::mem_process_seqs] Processed 802908 reads in 821.188 CPU sec, 49.307 real sec
[M::mem_process_seqs] Processed 803194 reads in 820.152 CPU sec, 53.985 real sec
[M::process] read 803322 sequences (180000025 bp)...
[M::process] read 803850 sequences (180000101 bp)...
[M::mem_process_seqs] Processed 803322 reads in 825.318 CPU sec, 50.118 real sec
[M::process] read 804102 sequences (180000087 bp)...
[M::mem_process_seqs] Processed 803850 reads in 870.571 CPU sec, 48.955 real sec
[M::process] read 803780 sequences (180000444 bp)...
[M::mem_process_seqs] Processed 804102 reads in 977.251 CPU sec, 55.085 real sec
[M::process] read 802914 sequences (180000171 bp)...
[M::mem_process_seqs] Processed 803780 reads in 876.509 CPU sec, 49.557 real sec
[M::process] read 803230 sequences (180000340 bp)...
[M::mem_process_seqs] Processed 802914 reads in 843.848 CPU sec, 47.332 real sec
[M::process] read 803624 sequences (180000228 bp)...
[M::mem_process_seqs] Processed 803230 reads in 841.097 CPU sec, 47.900 real sec
[M::process] read 803776 sequences (180000104 bp)...
[M::mem_process_seqs] Processed 803624 reads in 847.530 CPU sec, 47.599 real sec
[M::process] read 804206 sequences (180000330 bp)...
[M::mem_process_seqs] Processed 803776 reads in 878.572 CPU sec, 49.360 real sec
[M::process] read 802476 sequences (180000350 bp)...
[M::mem_process_seqs] Processed 804206 reads in 953.875 CPU sec, 55.027 real sec
[M::process] read 802654 sequences (180000238 bp)...
[M::mem_process_seqs] Processed 802476 reads in 827.377 CPU sec, 48.813 real sec
[M::process] read 803424 sequences (180000247 bp)...
[M::mem_process_seqs] Processed 802654 reads in 829.985 CPU sec, 46.570 real sec
[M::process] read 803934 sequences (180000110 bp)...
[M::mem_process_seqs] Processed 803424 reads in 954.069 CPU sec, 55.702 real sec
[M::process] read 804360 sequences (180000463 bp)...
[M::mem_process_seqs] Processed 803934 reads in 855.255 CPU sec, 47.923 real sec
[M::process] read 804312 sequences (180000343 bp)...
[M::mem_process_seqs] Processed 804360 reads in 875.820 CPU sec, 50.910 real sec
[M::process] read 803620 sequences (180000166 bp)...
[M::mem_process_seqs] Processed 804312 reads in 885.018 CPU sec, 49.728 real sec
[M::process] read 803596 sequences (180000311 bp)...
[M::mem_process_seqs] Processed 803620 reads in 813.037 CPU sec, 48.238 real sec
[M::process] read 803982 sequences (180000542 bp)...
[M::mem_process_seqs] Processed 803596 reads in 810.637 CPU sec, 45.731 real sec
[M::process] read 804076 sequences (180000073 bp)...
[M::mem_process_seqs] Processed 803982 reads in 808.132 CPU sec, 45.755 real sec
[M::process] read 805086 sequences (180000052 bp)...
[M::mem_process_seqs] Processed 804076 reads in 819.113 CPU sec, 46.157 real sec
[M::process] read 804538 sequences (180000395 bp)...
[M::mem_process_seqs] Processed 805086 reads in 848.692 CPU sec, 48.771 real sec
[M::process] read 803866 sequences (180000029 bp)...
[M::mem_process_seqs] Processed 804538 reads in 850.518 CPU sec, 47.943 real sec
[M::process] read 802826 sequences (180000211 bp)...
[M::mem_process_seqs] Processed 803866 reads in 827.525 CPU sec, 46.411 real sec
[M::process] read 803136 sequences (180000163 bp)...
[M::mem_process_seqs] Processed 802826 reads in 791.963 CPU sec, 44.387 real sec
[M::process] read 803420 sequences (180000503 bp)...
[M::mem_process_seqs] Processed 803136 reads in 792.691 CPU sec, 44.590 real sec
[M::process] read 803566 sequences (180000141 bp)...
[M::mem_process_seqs] Processed 803420 reads in 817.488 CPU sec, 45.972 real sec
[M::process] read 804532 sequences (180000161 bp)...
[M::mem_process_seqs] Processed 803566 reads in 817.127 CPU sec, 45.891 real sec
[M::process] read 803760 sequences (180000473 bp)...
[M::mem_process_seqs] Processed 804532 reads in 848.999 CPU sec, 47.718 real sec
[M::process] read 802832 sequences (180000163 bp)...
[M::mem_process_seqs] Processed 803760 reads in 827.609 CPU sec, 46.329 real sec
[M::process] read 802430 sequences (180000133 bp)...
[M::mem_process_seqs] Processed 802832 reads in 792.007 CPU sec, 44.625 real sec
[M::process] read 803280 sequences (180000317 bp)...
[M::mem_process_seqs] Processed 802430 reads in 902.265 CPU sec, 50.986 real sec
[M::process] read 804114 sequences (180000166 bp)...
[M::mem_process_seqs] Processed 803280 reads in 820.506 CPU sec, 45.961 real sec
[M::process] read 804314 sequences (180000097 bp)...
[M::mem_process_seqs] Processed 804114 reads in 823.098 CPU sec, 46.109 real sec
[M::process] read 803890 sequences (180000247 bp)...
[M::mem_process_seqs] Processed 804314 reads in 837.114 CPU sec, 47.000 real sec
[M::mem_process_seqs] Processed 803890 reads in 841.855 CPU sec, 54.866 real sec
[M::process] read 802972 sequences (180000267 bp)...
[M::process] read 802874 sequences (180000349 bp)...
[M::mem_process_seqs] Processed 802972 reads in 806.530 CPU sec, 46.651 real sec
[M::process] read 803024 sequences (180000428 bp)...
[M::mem_process_seqs] Processed 802874 reads in 797.987 CPU sec, 45.043 real sec
[M::process] read 804472 sequences (180000040 bp)...
[M::mem_process_seqs] Processed 803024 reads in 860.822 CPU sec, 48.782 real sec
[M::process] read 804170 sequences (180000386 bp)...
[M::mem_process_seqs] Processed 804472 reads in 948.652 CPU sec, 53.599 real sec
[M::process] read 803342 sequences (180000068 bp)...
[M::mem_process_seqs] Processed 804170 reads in 857.130 CPU sec, 48.578 real sec
[M::process] read 803428 sequences (180000047 bp)...
[M::mem_process_seqs] Processed 803342 reads in 833.223 CPU sec, 47.210 real sec
[M::process] read 803164 sequences (180000243 bp)...
[M::mem_process_seqs] Processed 803428 reads in 810.147 CPU sec, 45.591 real sec
[M::process] read 803532 sequences (180000309 bp)...
[M::mem_process_seqs] Processed 803164 reads in 803.375 CPU sec, 45.577 real sec
[M::process] read 803890 sequences (180000533 bp)...
[M::mem_process_seqs] Processed 803532 reads in 802.786 CPU sec, 45.297 real sec
[M::process] read 804560 sequences (180000263 bp)...
[M::mem_process_seqs] Processed 803890 reads in 845.300 CPU sec, 47.887 real sec
[M::process] read 805230 sequences (180000235 bp)...
[M::mem_process_seqs] Processed 804560 reads in 849.515 CPU sec, 52.704 real sec
[M::process] read 806712 sequences (180000042 bp)...
[M::mem_process_seqs] Processed 805230 reads in 813.149 CPU sec, 47.153 real sec
[M::process] read 806792 sequences (180000099 bp)...
[M::mem_process_seqs] Processed 806712 reads in 812.600 CPU sec, 46.841 real sec
[M::process] read 806638 sequences (180000057 bp)...
[M::mem_process_seqs] Processed 806792 reads in 789.692 CPU sec, 46.370 real sec
[M::process] read 807512 sequences (180000111 bp)...
[M::mem_process_seqs] Processed 806638 reads in 799.453 CPU sec, 45.589 real sec
[M::process] read 806412 sequences (180000494 bp)...
[M::mem_process_seqs] Processed 807512 reads in 828.567 CPU sec, 48.062 real sec
[M::process] read 806226 sequences (180000232 bp)...
[M::mem_process_seqs] Processed 806412 reads in 832.585 CPU sec, 48.835 real sec
[M::process] read 805622 sequences (180000235 bp)...
[M::mem_process_seqs] Processed 806226 reads in 822.829 CPU sec, 47.064 real sec
[M::process] read 806618 sequences (180000240 bp)...
[M::mem_process_seqs] Processed 805622 reads in 796.350 CPU sec, 45.087 real sec
[M::process] read 806254 sequences (180000394 bp)...
[M::mem_process_seqs] Processed 806618 reads in 826.741 CPU sec, 47.356 real sec
[M::process] read 806386 sequences (180000400 bp)...
[M::mem_process_seqs] Processed 806254 reads in 811.876 CPU sec, 45.687 real sec
[M::process] read 806702 sequences (180000092 bp)...
[M::mem_process_seqs] Processed 806386 reads in 813.547 CPU sec, 45.817 real sec
[M::process] read 805996 sequences (180000228 bp)...
[M::mem_process_seqs] Processed 806702 reads in 838.976 CPU sec, 47.363 real sec
[M::process] read 805690 sequences (180000085 bp)...
[M::mem_process_seqs] Processed 805996 reads in 797.330 CPU sec, 46.728 real sec
[M::process] read 805928 sequences (180000249 bp)...
[M::mem_process_seqs] Processed 805690 reads in 767.748 CPU sec, 48.220 real sec
[M::process] read 806474 sequences (180000281 bp)...
[M::mem_process_seqs] Processed 805928 reads in 802.767 CPU sec, 45.082 real sec
[M::process] read 806370 sequences (180000109 bp)...
[M::mem_process_seqs] Processed 806474 reads in 800.153 CPU sec, 44.857 real sec
[M::process] read 806586 sequences (180000140 bp)...
[M::mem_process_seqs] Processed 806370 reads in 823.993 CPU sec, 46.156 real sec
[M::process] read 805908 sequences (180000364 bp)...
[M::mem_process_seqs] Processed 806586 reads in 829.202 CPU sec, 46.518 real sec
[M::process] read 806176 sequences (180000205 bp)...
[M::mem_process_seqs] Processed 805908 reads in 781.744 CPU sec, 43.989 real sec
[M::process] read 806494 sequences (180000324 bp)...
[M::mem_process_seqs] Processed 806176 reads in 791.831 CPU sec, 44.399 real sec
[M::process] read 806930 sequences (180000460 bp)...
[M::mem_process_seqs] Processed 806494 reads in 816.342 CPU sec, 45.753 real sec
[M::process] read 807622 sequences (180000214 bp)...
[M::mem_process_seqs] Processed 806930 reads in 843.142 CPU sec, 47.377 real sec
[M::mem_process_seqs] Processed 807622 reads in 908.724 CPU sec, 59.216 real sec
[M::process] read 806482 sequences (180000203 bp)...
[M::process] read 807220 sequences (180000010 bp)...
[M::mem_process_seqs] Processed 806482 reads in 829.092 CPU sec, 46.580 real sec
[M::process] read 806478 sequences (180000418 bp)...
[M::mem_process_seqs] Processed 807220 reads in 855.826 CPU sec, 48.006 real sec
[M::process] read 806706 sequences (180000124 bp)...
[M::mem_process_seqs] Processed 806478 reads in 823.785 CPU sec, 47.347 real sec
[M::process] read 807842 sequences (180000299 bp)...
[M::mem_process_seqs] Processed 806706 reads in 837.867 CPU sec, 46.988 real sec
[M::process] read 802434 sequences (180000017 bp)...
[M::mem_process_seqs] Processed 807842 reads in 899.223 CPU sec, 50.559 real sec
[M::process] read 793688 sequences (180000313 bp)...
[M::mem_process_seqs] Processed 802434 reads in 1401.607 CPU sec, 81.152 real sec
[M::process] read 785406 sequences (180000366 bp)...
[M::mem_process_seqs] Processed 793688 reads in 1998.136 CPU sec, 113.260 real sec
[M::process] read 786692 sequences (180000202 bp)...
[M::mem_process_seqs] Processed 785406 reads in 1626.783 CPU sec, 90.985 real sec
[M::process] read 786270 sequences (180000247 bp)...
[M::mem_process_seqs] Processed 786692 reads in 1733.669 CPU sec, 97.147 real sec
[M::process] read 785042 sequences (180000032 bp)...
[M::mem_process_seqs] Processed 786270 reads in 1722.823 CPU sec, 96.538 real sec
[M::process] read 784480 sequences (180000104 bp)...
[M::mem_process_seqs] Processed 785042 reads in 1595.224 CPU sec, 89.877 real sec
[M::process] read 320098 sequences (73402766 bp)...
[M::mem_process_seqs] Processed 784480 reads in 1658.362 CPU sec, 94.035 real sec
[M::mem_process_seqs] Processed 320098 reads in 688.806 CPU sec, 38.696 real sec
[main] Version: 0.7.17-r1188
[main] CMD: bwa mem -t 18 -R @RG\tID:b186\tSM:b186 /home/jilong/spider2/faststorage/social_spiders_2020/people/jilong/chapter1_social/steps/population_vcf/spider/Stegodyphus_dumicola/mapping/reference/DUM_hifi_hic_scaffolded_trim.fa /dev/fd/63
[main] Real time: 7869.431 sec; CPU: 137597.902 sec
[bam_sort_core] merging from 4 files and 17 in-memory blocks...
