[M::bwa_idx_load_from_disk] read 0 ALT contigs
[M::process] read 808934 sequences (180000284 bp)...
[M::process] read 808884 sequences (180000300 bp)...
[M::mem_process_seqs] Processed 808934 reads in 1035.368 CPU sec, 57.874 real sec
[M::process] read 808854 sequences (180000423 bp)...
[M::mem_process_seqs] Processed 808884 reads in 1071.115 CPU sec, 59.837 real sec
[M::process] read 808680 sequences (180000278 bp)...
[M::mem_process_seqs] Processed 808854 reads in 1042.704 CPU sec, 58.251 real sec
[M::process] read 807868 sequences (180000014 bp)...
[M::mem_process_seqs] Processed 808680 reads in 1077.872 CPU sec, 60.188 real sec
[M::process] read 809558 sequences (180000188 bp)...
[M::mem_process_seqs] Processed 807868 reads in 1036.583 CPU sec, 57.907 real sec
[M::process] read 811470 sequences (180000147 bp)...
[M::mem_process_seqs] Processed 809558 reads in 1007.027 CPU sec, 56.286 real sec
[M::process] read 810154 sequences (180000163 bp)...
[M::mem_process_seqs] Processed 811470 reads in 1022.782 CPU sec, 57.142 real sec
[M::process] read 808658 sequences (180000382 bp)...
[M::mem_process_seqs] Processed 810154 reads in 1043.644 CPU sec, 58.307 real sec
[M::process] read 809382 sequences (180000217 bp)...
[M::mem_process_seqs] Processed 808658 reads in 1053.326 CPU sec, 58.941 real sec
[M::process] read 811188 sequences (180000473 bp)...
[M::mem_process_seqs] Processed 809382 reads in 994.137 CPU sec, 55.582 real sec
[M::process] read 810722 sequences (180000513 bp)...
[M::mem_process_seqs] Processed 811188 reads in 1007.193 CPU sec, 56.291 real sec
[M::process] read 808318 sequences (180000002 bp)...
[M::mem_process_seqs] Processed 810722 reads in 1032.032 CPU sec, 57.677 real sec
[M::process] read 808390 sequences (180000463 bp)...
[M::mem_process_seqs] Processed 808318 reads in 1024.469 CPU sec, 57.261 real sec
[M::process] read 809198 sequences (180000333 bp)...
[M::mem_process_seqs] Processed 808390 reads in 1004.530 CPU sec, 56.143 real sec
[M::process] read 808928 sequences (180000413 bp)...
[M::mem_process_seqs] Processed 809198 reads in 997.178 CPU sec, 55.722 real sec
[M::process] read 809250 sequences (180000326 bp)...
[M::mem_process_seqs] Processed 808928 reads in 990.548 CPU sec, 55.380 real sec
[M::process] read 807388 sequences (180000304 bp)...
[M::mem_process_seqs] Processed 809250 reads in 1020.700 CPU sec, 57.080 real sec
[M::process] read 808316 sequences (180000237 bp)...
[M::mem_process_seqs] Processed 807388 reads in 1000.362 CPU sec, 55.945 real sec
[M::process] read 808280 sequences (180000067 bp)...
[M::mem_process_seqs] Processed 808316 reads in 1000.168 CPU sec, 55.900 real sec
[M::process] read 808132 sequences (180000481 bp)...
[M::mem_process_seqs] Processed 808280 reads in 999.607 CPU sec, 55.903 real sec
[M::process] read 808274 sequences (180000246 bp)...
[M::mem_process_seqs] Processed 808132 reads in 997.120 CPU sec, 55.715 real sec
[M::process] read 808494 sequences (180000154 bp)...
[M::mem_process_seqs] Processed 808274 reads in 1001.056 CPU sec, 55.945 real sec
[M::process] read 798104 sequences (180000289 bp)...
[M::mem_process_seqs] Processed 808494 reads in 1022.515 CPU sec, 57.140 real sec
[M::process] read 793490 sequences (180000228 bp)...
[M::mem_process_seqs] Processed 798104 reads in 906.633 CPU sec, 50.716 real sec
[M::process] read 793604 sequences (180000067 bp)...
[M::mem_process_seqs] Processed 793490 reads in 872.481 CPU sec, 48.760 real sec
[M::process] read 794344 sequences (180000226 bp)...
[M::mem_process_seqs] Processed 793604 reads in 859.618 CPU sec, 48.084 real sec
[M::process] read 794212 sequences (180000405 bp)...
[M::mem_process_seqs] Processed 794344 reads in 876.684 CPU sec, 48.985 real sec
[M::process] read 794404 sequences (180000065 bp)...
[M::mem_process_seqs] Processed 794212 reads in 950.238 CPU sec, 53.103 real sec
[M::process] read 793322 sequences (180000057 bp)...
[M::mem_process_seqs] Processed 794404 reads in 953.301 CPU sec, 53.268 real sec
[M::process] read 793146 sequences (180000233 bp)...
[M::mem_process_seqs] Processed 793322 reads in 954.561 CPU sec, 53.337 real sec
[M::process] read 793428 sequences (180000207 bp)...
[M::mem_process_seqs] Processed 793146 reads in 915.955 CPU sec, 51.181 real sec
[M::process] read 794078 sequences (180000328 bp)...
[M::mem_process_seqs] Processed 793428 reads in 910.327 CPU sec, 50.897 real sec
[M::process] read 794474 sequences (180000143 bp)...
[M::mem_process_seqs] Processed 794078 reads in 913.724 CPU sec, 51.130 real sec
[M::process] read 794522 sequences (180000391 bp)...
[M::mem_process_seqs] Processed 794474 reads in 942.148 CPU sec, 52.666 real sec
[M::process] read 793370 sequences (180000250 bp)...
[M::mem_process_seqs] Processed 794522 reads in 980.621 CPU sec, 54.791 real sec
[M::mem_process_seqs] Processed 793370 reads in 914.240 CPU sec, 56.074 real sec
[M::process] read 792972 sequences (180000305 bp)...
[M::process] read 793174 sequences (180000460 bp)...
[M::mem_process_seqs] Processed 792972 reads in 849.766 CPU sec, 47.486 real sec
[M::process] read 793226 sequences (180000030 bp)...
[M::mem_process_seqs] Processed 793174 reads in 847.276 CPU sec, 47.376 real sec
[M::process] read 793916 sequences (180000064 bp)...
[M::mem_process_seqs] Processed 793226 reads in 840.691 CPU sec, 46.992 real sec
[M::process] read 794192 sequences (180000015 bp)...
[M::mem_process_seqs] Processed 793916 reads in 859.341 CPU sec, 48.057 real sec
[M::process] read 793382 sequences (180000037 bp)...
[M::mem_process_seqs] Processed 794192 reads in 883.424 CPU sec, 49.430 real sec
[M::process] read 792310 sequences (180000298 bp)...
[M::mem_process_seqs] Processed 793382 reads in 896.326 CPU sec, 50.109 real sec
[M::process] read 792980 sequences (180000091 bp)...
[M::mem_process_seqs] Processed 792310 reads in 826.529 CPU sec, 46.231 real sec
[M::process] read 793602 sequences (180000477 bp)...
[M::mem_process_seqs] Processed 792980 reads in 836.759 CPU sec, 46.767 real sec
[M::process] read 793436 sequences (180000068 bp)...
[M::mem_process_seqs] Processed 793602 reads in 845.733 CPU sec, 47.297 real sec
[M::process] read 794148 sequences (180000475 bp)...
[M::mem_process_seqs] Processed 793436 reads in 856.809 CPU sec, 47.889 real sec
[M::process] read 793598 sequences (180000141 bp)...
[M::mem_process_seqs] Processed 794148 reads in 869.421 CPU sec, 48.596 real sec
[M::process] read 793010 sequences (180000037 bp)...
[M::mem_process_seqs] Processed 793598 reads in 880.774 CPU sec, 49.222 real sec
[M::process] read 792436 sequences (180000180 bp)...
[M::mem_process_seqs] Processed 793010 reads in 856.365 CPU sec, 47.851 real sec
[M::process] read 793154 sequences (180000484 bp)...
[M::mem_process_seqs] Processed 792436 reads in 855.392 CPU sec, 47.822 real sec
[M::process] read 793544 sequences (180000204 bp)...
[M::mem_process_seqs] Processed 793154 reads in 858.126 CPU sec, 47.952 real sec
[M::process] read 793862 sequences (180000232 bp)...
[M::mem_process_seqs] Processed 793544 reads in 872.884 CPU sec, 48.782 real sec
[M::process] read 793652 sequences (180000285 bp)...
[M::mem_process_seqs] Processed 793862 reads in 944.147 CPU sec, 52.774 real sec
[M::process] read 793384 sequences (180000137 bp)...
[M::mem_process_seqs] Processed 793652 reads in 972.593 CPU sec, 54.334 real sec
[M::process] read 793198 sequences (180000152 bp)...
[M::mem_process_seqs] Processed 793384 reads in 967.888 CPU sec, 54.062 real sec
[M::process] read 794112 sequences (180000140 bp)...
[M::mem_process_seqs] Processed 793198 reads in 956.227 CPU sec, 53.432 real sec
[M::process] read 794596 sequences (180000433 bp)...
[M::mem_process_seqs] Processed 794112 reads in 1014.675 CPU sec, 56.717 real sec
[M::process] read 792184 sequences (180000127 bp)...
[M::mem_process_seqs] Processed 794596 reads in 1153.255 CPU sec, 64.440 real sec
[M::process] read 792508 sequences (180000081 bp)...
[M::mem_process_seqs] Processed 792184 reads in 895.832 CPU sec, 50.115 real sec
[M::process] read 793088 sequences (180000353 bp)...
[M::mem_process_seqs] Processed 792508 reads in 856.383 CPU sec, 47.884 real sec
[M::process] read 792890 sequences (180000241 bp)...
[M::mem_process_seqs] Processed 793088 reads in 866.450 CPU sec, 48.446 real sec
[M::process] read 793660 sequences (180000290 bp)...
[M::mem_process_seqs] Processed 792890 reads in 915.001 CPU sec, 51.167 real sec
[M::process] read 793122 sequences (180000095 bp)...
[M::mem_process_seqs] Processed 793660 reads in 997.538 CPU sec, 55.797 real sec
[M::process] read 792366 sequences (180000226 bp)...
[M::mem_process_seqs] Processed 793122 reads in 935.790 CPU sec, 52.309 real sec
[M::process] read 792918 sequences (180000307 bp)...
[M::mem_process_seqs] Processed 792366 reads in 871.747 CPU sec, 48.759 real sec
[M::process] read 792810 sequences (180000033 bp)...
[M::mem_process_seqs] Processed 792918 reads in 878.046 CPU sec, 49.117 real sec
[M::process] read 793104 sequences (180000020 bp)...
[M::mem_process_seqs] Processed 792810 reads in 881.536 CPU sec, 49.303 real sec
[M::process] read 793382 sequences (180000113 bp)...
[M::mem_process_seqs] Processed 793104 reads in 905.375 CPU sec, 50.614 real sec
[M::process] read 792418 sequences (180000378 bp)...
[M::mem_process_seqs] Processed 793382 reads in 1015.482 CPU sec, 56.760 real sec
[M::mem_process_seqs] Processed 792418 reads in 914.917 CPU sec, 57.948 real sec
[M::process] read 793262 sequences (180000037 bp)...
[M::process] read 793074 sequences (180000530 bp)...
[M::mem_process_seqs] Processed 793262 reads in 899.604 CPU sec, 50.362 real sec
[M::process] read 793304 sequences (180000364 bp)...
[M::mem_process_seqs] Processed 793074 reads in 882.640 CPU sec, 49.331 real sec
[M::process] read 792992 sequences (180000097 bp)...
[M::mem_process_seqs] Processed 793304 reads in 896.302 CPU sec, 50.092 real sec
[M::process] read 792938 sequences (180000315 bp)...
[M::mem_process_seqs] Processed 792992 reads in 921.679 CPU sec, 51.537 real sec
[M::process] read 792200 sequences (180000146 bp)...
[M::mem_process_seqs] Processed 792938 reads in 1007.641 CPU sec, 56.362 real sec
[M::process] read 793108 sequences (180000306 bp)...
[M::mem_process_seqs] Processed 792200 reads in 869.930 CPU sec, 48.617 real sec
[M::process] read 793222 sequences (180000177 bp)...
[M::mem_process_seqs] Processed 793108 reads in 883.828 CPU sec, 49.407 real sec
[M::process] read 793252 sequences (180000156 bp)...
[M::mem_process_seqs] Processed 793222 reads in 1004.836 CPU sec, 56.149 real sec
[M::process] read 793276 sequences (180000264 bp)...
[M::mem_process_seqs] Processed 793252 reads in 900.660 CPU sec, 50.368 real sec
[M::process] read 793556 sequences (180000152 bp)...
[M::mem_process_seqs] Processed 793276 reads in 907.400 CPU sec, 50.720 real sec
[M::process] read 792658 sequences (180000366 bp)...
[M::mem_process_seqs] Processed 793556 reads in 921.360 CPU sec, 51.496 real sec
[M::process] read 792948 sequences (180000173 bp)...
[M::mem_process_seqs] Processed 792658 reads in 849.051 CPU sec, 47.454 real sec
[M::process] read 793120 sequences (180000168 bp)...
[M::mem_process_seqs] Processed 792948 reads in 854.261 CPU sec, 47.790 real sec
[M::process] read 793986 sequences (180000379 bp)...
[M::mem_process_seqs] Processed 793120 reads in 843.068 CPU sec, 47.134 real sec
[M::process] read 793994 sequences (180000100 bp)...
[M::mem_process_seqs] Processed 793986 reads in 876.560 CPU sec, 49.007 real sec
[M::process] read 792904 sequences (180000227 bp)...
[M::mem_process_seqs] Processed 793994 reads in 883.883 CPU sec, 49.397 real sec
[M::process] read 792756 sequences (180000210 bp)...
[M::mem_process_seqs] Processed 792904 reads in 867.819 CPU sec, 48.486 real sec
[M::process] read 792746 sequences (180000113 bp)...
[M::mem_process_seqs] Processed 792756 reads in 829.529 CPU sec, 46.385 real sec
[M::process] read 793234 sequences (180000315 bp)...
[M::mem_process_seqs] Processed 792746 reads in 830.813 CPU sec, 46.453 real sec
[M::process] read 793128 sequences (180000104 bp)...
[M::mem_process_seqs] Processed 793234 reads in 836.629 CPU sec, 46.768 real sec
[M::process] read 793956 sequences (180000078 bp)...
[M::mem_process_seqs] Processed 793128 reads in 845.730 CPU sec, 47.284 real sec
[M::process] read 794024 sequences (180000235 bp)...
[M::mem_process_seqs] Processed 793956 reads in 865.207 CPU sec, 48.381 real sec
[M::process] read 791976 sequences (180000269 bp)...
[M::mem_process_seqs] Processed 794024 reads in 877.718 CPU sec, 49.096 real sec
[M::process] read 792538 sequences (180000011 bp)...
[M::mem_process_seqs] Processed 791976 reads in 827.065 CPU sec, 46.298 real sec
[M::process] read 792760 sequences (180000236 bp)...
[M::mem_process_seqs] Processed 792538 reads in 839.384 CPU sec, 46.946 real sec
[M::process] read 793286 sequences (180000345 bp)...
[M::mem_process_seqs] Processed 792760 reads in 935.899 CPU sec, 52.379 real sec
[M::process] read 793370 sequences (180000231 bp)...
[M::mem_process_seqs] Processed 793286 reads in 846.651 CPU sec, 47.356 real sec
[M::process] read 793002 sequences (180000296 bp)...
[M::mem_process_seqs] Processed 793370 reads in 856.499 CPU sec, 47.940 real sec
[M::process] read 792592 sequences (180000289 bp)...
[M::mem_process_seqs] Processed 793002 reads in 873.889 CPU sec, 48.904 real sec
[M::process] read 792766 sequences (180000451 bp)...
[M::mem_process_seqs] Processed 792592 reads in 838.933 CPU sec, 46.913 real sec
[M::process] read 792672 sequences (180000204 bp)...
[M::mem_process_seqs] Processed 792766 reads in 850.604 CPU sec, 47.582 real sec
[M::process] read 793664 sequences (180000193 bp)...
[M::mem_process_seqs] Processed 792672 reads in 857.178 CPU sec, 47.928 real sec
[M::process] read 793480 sequences (180000328 bp)...
[M::mem_process_seqs] Processed 793664 reads in 997.158 CPU sec, 55.748 real sec
[M::mem_process_seqs] Processed 793480 reads in 883.758 CPU sec, 55.674 real sec
[M::process] read 792658 sequences (180000276 bp)...
[M::process] read 792690 sequences (180000198 bp)...
[M::mem_process_seqs] Processed 792658 reads in 856.826 CPU sec, 48.011 real sec
[M::process] read 792446 sequences (180000461 bp)...
[M::mem_process_seqs] Processed 792690 reads in 837.875 CPU sec, 47.061 real sec
[M::process] read 792556 sequences (180000226 bp)...
[M::mem_process_seqs] Processed 792446 reads in 899.476 CPU sec, 50.297 real sec
[M::process] read 793496 sequences (180000386 bp)...
[M::mem_process_seqs] Processed 792556 reads in 829.962 CPU sec, 46.490 real sec
[M::process] read 795222 sequences (180000050 bp)...
[M::mem_process_seqs] Processed 793496 reads in 891.616 CPU sec, 49.911 real sec
[M::process] read 794550 sequences (180000223 bp)...
[M::mem_process_seqs] Processed 795222 reads in 856.859 CPU sec, 47.966 real sec
[M::process] read 794876 sequences (180000044 bp)...
[M::mem_process_seqs] Processed 794550 reads in 835.516 CPU sec, 46.733 real sec
[M::process] read 795046 sequences (180000306 bp)...
[M::mem_process_seqs] Processed 794876 reads in 821.828 CPU sec, 45.982 real sec
[M::process] read 795196 sequences (180000227 bp)...
[M::mem_process_seqs] Processed 795046 reads in 831.593 CPU sec, 46.528 real sec
[M::process] read 794702 sequences (180000014 bp)...
[M::mem_process_seqs] Processed 795196 reads in 875.490 CPU sec, 49.024 real sec
[M::process] read 794184 sequences (180000289 bp)...
[M::mem_process_seqs] Processed 794702 reads in 868.240 CPU sec, 48.563 real sec
[M::process] read 794954 sequences (180000204 bp)...
[M::mem_process_seqs] Processed 794184 reads in 853.956 CPU sec, 47.740 real sec
[M::process] read 794840 sequences (180000099 bp)...
[M::mem_process_seqs] Processed 794954 reads in 841.657 CPU sec, 47.065 real sec
[M::process] read 794752 sequences (180000005 bp)...
[M::mem_process_seqs] Processed 794840 reads in 839.181 CPU sec, 46.946 real sec
[M::process] read 794734 sequences (180000123 bp)...
[M::mem_process_seqs] Processed 794752 reads in 848.042 CPU sec, 47.417 real sec
[M::process] read 794804 sequences (180000183 bp)...
[M::mem_process_seqs] Processed 794734 reads in 864.318 CPU sec, 48.368 real sec
[M::process] read 794500 sequences (180000463 bp)...
[M::mem_process_seqs] Processed 794804 reads in 875.109 CPU sec, 48.912 real sec
[M::process] read 794526 sequences (180000120 bp)...
[M::mem_process_seqs] Processed 794500 reads in 832.029 CPU sec, 46.514 real sec
[M::process] read 794672 sequences (180000480 bp)...
[M::mem_process_seqs] Processed 794526 reads in 818.590 CPU sec, 45.822 real sec
[M::process] read 795270 sequences (180000012 bp)...
[M::mem_process_seqs] Processed 794672 reads in 840.686 CPU sec, 46.991 real sec
[M::process] read 795236 sequences (180000174 bp)...
[M::mem_process_seqs] Processed 795270 reads in 843.478 CPU sec, 47.159 real sec
[M::process] read 795048 sequences (180000460 bp)...
[M::mem_process_seqs] Processed 795236 reads in 869.988 CPU sec, 48.640 real sec
[M::process] read 794520 sequences (180000447 bp)...
[M::mem_process_seqs] Processed 795048 reads in 855.085 CPU sec, 47.812 real sec
[M::process] read 794144 sequences (180000438 bp)...
[M::mem_process_seqs] Processed 794520 reads in 817.909 CPU sec, 45.761 real sec
[M::process] read 794930 sequences (180000301 bp)...
[M::mem_process_seqs] Processed 794144 reads in 825.617 CPU sec, 46.155 real sec
[M::process] read 794996 sequences (180000100 bp)...
[M::mem_process_seqs] Processed 794930 reads in 832.480 CPU sec, 46.546 real sec
[M::process] read 795702 sequences (180000199 bp)...
[M::mem_process_seqs] Processed 794996 reads in 885.192 CPU sec, 49.473 real sec
[M::process] read 794758 sequences (180000064 bp)...
[M::mem_process_seqs] Processed 795702 reads in 922.511 CPU sec, 51.557 real sec
[M::process] read 795376 sequences (180000122 bp)...
[M::mem_process_seqs] Processed 794758 reads in 856.988 CPU sec, 47.900 real sec
[M::process] read 794990 sequences (180000446 bp)...
[M::mem_process_seqs] Processed 795376 reads in 876.124 CPU sec, 48.962 real sec
[M::process] read 795008 sequences (180000027 bp)...
[M::mem_process_seqs] Processed 794990 reads in 859.352 CPU sec, 48.034 real sec
[M::process] read 795454 sequences (180000142 bp)...
[M::mem_process_seqs] Processed 795008 reads in 854.534 CPU sec, 47.767 real sec
[M::process] read 792782 sequences (180000187 bp)...
[M::mem_process_seqs] Processed 795454 reads in 907.255 CPU sec, 50.710 real sec
[M::process] read 788766 sequences (180000207 bp)...
[M::mem_process_seqs] Processed 792782 reads in 1832.432 CPU sec, 102.316 real sec
[M::process] read 781918 sequences (180000000 bp)...
[M::mem_process_seqs] Processed 788766 reads in 2036.806 CPU sec, 121.261 real sec
[M::process] read 782544 sequences (180000110 bp)...
[M::mem_process_seqs] Processed 781918 reads in 1641.837 CPU sec, 91.684 real sec
[M::process] read 782008 sequences (180000129 bp)...
[M::mem_process_seqs] Processed 782544 reads in 1792.716 CPU sec, 100.083 real sec
[M::process] read 781550 sequences (180000222 bp)...
[M::mem_process_seqs] Processed 782008 reads in 1804.100 CPU sec, 100.771 real sec
[M::process] read 781158 sequences (180000148 bp)...
[M::mem_process_seqs] Processed 781550 reads in 1624.821 CPU sec, 90.754 real sec
[M::process] read 780962 sequences (180000458 bp)...
[M::mem_process_seqs] Processed 781158 reads in 1684.910 CPU sec, 94.107 real sec
[M::process] read 8812 sequences (2030523 bp)...
[M::mem_process_seqs] Processed 780962 reads in 1743.985 CPU sec, 97.384 real sec
[M::mem_process_seqs] Processed 8812 reads in 21.876 CPU sec, 1.315 real sec
[main] Version: 0.7.17-r1188
[main] CMD: bwa mem -t 18 -R @RG\tID:b231\tSM:b231 /home/jilong/spider2/faststorage/social_spiders_2020/people/jilong/chapter1_social/steps/population_vcf/spider/Stegodyphus_dumicola/mapping/reference/DUM_hifi_hic_scaffolded_trim.fa /dev/fd/63
[main] Real time: 7794.694 sec; CPU: 138488.845 sec
[bam_sort_core] merging from 4 files and 17 in-memory blocks...
