[M::bwa_idx_load_from_disk] read 0 ALT contigs
[M::process] read 803164 sequences (180000301 bp)...
[M::process] read 803144 sequences (180000195 bp)...
[M::mem_process_seqs] Processed 803164 reads in 817.144 CPU sec, 47.761 real sec
[M::process] read 803246 sequences (180000404 bp)...
[M::mem_process_seqs] Processed 803144 reads in 812.365 CPU sec, 47.627 real sec
[M::process] read 803256 sequences (180000422 bp)...
[M::mem_process_seqs] Processed 803246 reads in 803.288 CPU sec, 46.988 real sec
[M::process] read 803148 sequences (180000444 bp)...
[M::mem_process_seqs] Processed 803256 reads in 794.266 CPU sec, 47.055 real sec
[M::process] read 803882 sequences (180000164 bp)...
[M::mem_process_seqs] Processed 803148 reads in 922.061 CPU sec, 52.629 real sec
[M::process] read 803702 sequences (180000063 bp)...
[M::mem_process_seqs] Processed 803882 reads in 852.608 CPU sec, 47.853 real sec
[M::process] read 802538 sequences (180000458 bp)...
[M::mem_process_seqs] Processed 803702 reads in 898.756 CPU sec, 52.272 real sec
[M::process] read 802092 sequences (180000162 bp)...
[M::mem_process_seqs] Processed 802538 reads in 893.118 CPU sec, 52.614 real sec
[M::process] read 801618 sequences (180000209 bp)...
[M::mem_process_seqs] Processed 802092 reads in 871.076 CPU sec, 51.599 real sec
[M::process] read 802266 sequences (180000036 bp)...
[M::mem_process_seqs] Processed 801618 reads in 852.016 CPU sec, 50.220 real sec
[M::process] read 802474 sequences (180000157 bp)...
[M::mem_process_seqs] Processed 802266 reads in 857.572 CPU sec, 49.786 real sec
[M::process] read 802958 sequences (180000197 bp)...
[M::mem_process_seqs] Processed 802474 reads in 854.839 CPU sec, 50.095 real sec
[M::process] read 802718 sequences (180000385 bp)...
[M::mem_process_seqs] Processed 802958 reads in 879.084 CPU sec, 52.067 real sec
[M::process] read 802908 sequences (180000149 bp)...
[M::mem_process_seqs] Processed 802718 reads in 902.372 CPU sec, 50.583 real sec
[M::process] read 801994 sequences (180000008 bp)...
[M::mem_process_seqs] Processed 802908 reads in 939.144 CPU sec, 52.712 real sec
[M::process] read 802198 sequences (180000429 bp)...
[M::mem_process_seqs] Processed 801994 reads in 831.338 CPU sec, 47.302 real sec
[M::process] read 802076 sequences (180000442 bp)...
[M::mem_process_seqs] Processed 802198 reads in 797.480 CPU sec, 45.504 real sec
[M::process] read 802122 sequences (180000158 bp)...
[M::mem_process_seqs] Processed 802076 reads in 785.432 CPU sec, 45.790 real sec
[M::process] read 802010 sequences (180000152 bp)...
[M::mem_process_seqs] Processed 802122 reads in 783.801 CPU sec, 44.943 real sec
[M::process] read 802668 sequences (180000131 bp)...
[M::mem_process_seqs] Processed 802010 reads in 790.842 CPU sec, 46.857 real sec
[M::process] read 803004 sequences (180000341 bp)...
[M::mem_process_seqs] Processed 802668 reads in 808.477 CPU sec, 45.886 real sec
[M::process] read 802678 sequences (180000481 bp)...
[M::mem_process_seqs] Processed 803004 reads in 840.582 CPU sec, 48.760 real sec
[M::process] read 801670 sequences (180000477 bp)...
[M::mem_process_seqs] Processed 802678 reads in 827.899 CPU sec, 48.615 real sec
[M::process] read 801528 sequences (180000100 bp)...
[M::mem_process_seqs] Processed 801670 reads in 773.247 CPU sec, 45.698 real sec
[M::process] read 801966 sequences (180000049 bp)...
[M::mem_process_seqs] Processed 801528 reads in 787.683 CPU sec, 44.183 real sec
[M::process] read 802416 sequences (180000087 bp)...
[M::mem_process_seqs] Processed 801966 reads in 781.470 CPU sec, 45.910 real sec
[M::process] read 802452 sequences (180000078 bp)...
[M::mem_process_seqs] Processed 802416 reads in 788.465 CPU sec, 45.579 real sec
[M::process] read 803084 sequences (180000233 bp)...
[M::mem_process_seqs] Processed 802452 reads in 790.214 CPU sec, 46.396 real sec
[M::process] read 802850 sequences (180000106 bp)...
[M::mem_process_seqs] Processed 803084 reads in 806.582 CPU sec, 47.153 real sec
[M::process] read 802476 sequences (180000163 bp)...
[M::mem_process_seqs] Processed 802850 reads in 814.653 CPU sec, 48.004 real sec
[M::process] read 801436 sequences (180000220 bp)...
[M::mem_process_seqs] Processed 802476 reads in 813.941 CPU sec, 48.044 real sec
[M::process] read 801938 sequences (180000153 bp)...
[M::mem_process_seqs] Processed 801436 reads in 788.763 CPU sec, 46.474 real sec
[M::process] read 801982 sequences (180000018 bp)...
[M::mem_process_seqs] Processed 801938 reads in 792.684 CPU sec, 46.951 real sec
[M::process] read 801956 sequences (180000029 bp)...
[M::mem_process_seqs] Processed 801982 reads in 804.672 CPU sec, 45.102 real sec
[M::process] read 802622 sequences (180000285 bp)...
[M::mem_process_seqs] Processed 801956 reads in 802.922 CPU sec, 47.512 real sec
[M::mem_process_seqs] Processed 802622 reads in 868.796 CPU sec, 57.830 real sec
[M::process] read 802598 sequences (180000345 bp)...
[M::process] read 803474 sequences (180000198 bp)...
[M::mem_process_seqs] Processed 802598 reads in 871.939 CPU sec, 51.517 real sec
[M::process] read 802886 sequences (180000182 bp)...
[M::mem_process_seqs] Processed 803474 reads in 908.851 CPU sec, 52.742 real sec
[M::process] read 802930 sequences (180000163 bp)...
[M::mem_process_seqs] Processed 802886 reads in 945.846 CPU sec, 53.024 real sec
[M::process] read 803324 sequences (180000332 bp)...
[M::mem_process_seqs] Processed 802930 reads in 895.121 CPU sec, 50.556 real sec
[M::process] read 804040 sequences (180000160 bp)...
[M::mem_process_seqs] Processed 803324 reads in 913.025 CPU sec, 52.073 real sec
[M::process] read 804080 sequences (180000094 bp)...
[M::mem_process_seqs] Processed 804040 reads in 1015.687 CPU sec, 58.212 real sec
[M::process] read 801828 sequences (180000097 bp)...
[M::mem_process_seqs] Processed 804080 reads in 1098.796 CPU sec, 63.251 real sec
[M::process] read 801450 sequences (180000234 bp)...
[M::mem_process_seqs] Processed 801828 reads in 823.500 CPU sec, 46.619 real sec
[M::process] read 801686 sequences (180000273 bp)...
[M::mem_process_seqs] Processed 801450 reads in 813.012 CPU sec, 46.558 real sec
[M::process] read 801596 sequences (180000217 bp)...
[M::mem_process_seqs] Processed 801686 reads in 813.194 CPU sec, 45.821 real sec
[M::process] read 801548 sequences (180000294 bp)...
[M::mem_process_seqs] Processed 801596 reads in 831.886 CPU sec, 46.595 real sec
[M::process] read 802508 sequences (180000372 bp)...
[M::mem_process_seqs] Processed 801548 reads in 825.430 CPU sec, 48.004 real sec
[M::process] read 802712 sequences (180000426 bp)...
[M::mem_process_seqs] Processed 802508 reads in 960.658 CPU sec, 53.745 real sec
[M::process] read 801874 sequences (180000059 bp)...
[M::mem_process_seqs] Processed 802712 reads in 893.847 CPU sec, 50.041 real sec
[M::process] read 801340 sequences (180000444 bp)...
[M::mem_process_seqs] Processed 801874 reads in 836.916 CPU sec, 47.088 real sec
[M::process] read 801504 sequences (180000073 bp)...
[M::mem_process_seqs] Processed 801340 reads in 824.552 CPU sec, 47.500 real sec
[M::process] read 801816 sequences (180000229 bp)...
[M::mem_process_seqs] Processed 801504 reads in 817.498 CPU sec, 45.875 real sec
[M::process] read 801504 sequences (180000231 bp)...
[M::mem_process_seqs] Processed 801816 reads in 843.576 CPU sec, 47.347 real sec
[M::process] read 802054 sequences (180000247 bp)...
[M::mem_process_seqs] Processed 801504 reads in 838.917 CPU sec, 47.402 real sec
[M::process] read 802260 sequences (180000057 bp)...
[M::mem_process_seqs] Processed 802054 reads in 953.550 CPU sec, 53.597 real sec
[M::process] read 801554 sequences (180000238 bp)...
[M::mem_process_seqs] Processed 802260 reads in 908.929 CPU sec, 50.871 real sec
[M::process] read 802788 sequences (180000366 bp)...
[M::mem_process_seqs] Processed 801554 reads in 847.678 CPU sec, 47.464 real sec
[M::process] read 801732 sequences (180000222 bp)...
[M::mem_process_seqs] Processed 802788 reads in 847.843 CPU sec, 47.517 real sec
[M::process] read 801710 sequences (180000113 bp)...
[M::mem_process_seqs] Processed 801732 reads in 819.276 CPU sec, 45.911 real sec
[M::process] read 802114 sequences (180000026 bp)...
[M::mem_process_seqs] Processed 801710 reads in 827.975 CPU sec, 47.433 real sec
[M::process] read 801722 sequences (180000424 bp)...
[M::mem_process_seqs] Processed 802114 reads in 849.440 CPU sec, 48.052 real sec
[M::process] read 802186 sequences (180000137 bp)...
[M::mem_process_seqs] Processed 801722 reads in 865.463 CPU sec, 48.672 real sec
[M::process] read 801490 sequences (180000421 bp)...
[M::mem_process_seqs] Processed 802186 reads in 971.420 CPU sec, 55.011 real sec
[M::process] read 801690 sequences (180000343 bp)...
[M::mem_process_seqs] Processed 801490 reads in 824.029 CPU sec, 46.723 real sec
[M::process] read 802132 sequences (180000178 bp)...
[M::mem_process_seqs] Processed 801690 reads in 818.742 CPU sec, 45.998 real sec
[M::process] read 802038 sequences (180000185 bp)...
[M::mem_process_seqs] Processed 802132 reads in 960.529 CPU sec, 53.950 real sec
[M::process] read 802332 sequences (180000141 bp)...
[M::mem_process_seqs] Processed 802038 reads in 843.816 CPU sec, 47.539 real sec
[M::process] read 802378 sequences (180000240 bp)...
[M::mem_process_seqs] Processed 802332 reads in 851.036 CPU sec, 48.519 real sec
[M::mem_process_seqs] Processed 802378 reads in 860.739 CPU sec, 55.074 real sec
[M::process] read 802354 sequences (180000179 bp)...
[M::process] read 802492 sequences (180000380 bp)...
[M::mem_process_seqs] Processed 802354 reads in 868.767 CPU sec, 49.211 real sec
[M::process] read 802038 sequences (180000300 bp)...
[M::mem_process_seqs] Processed 802492 reads in 800.913 CPU sec, 45.078 real sec
[M::process] read 803292 sequences (180000342 bp)...
[M::mem_process_seqs] Processed 802038 reads in 805.624 CPU sec, 45.323 real sec
[M::process] read 802604 sequences (180000245 bp)...
[M::mem_process_seqs] Processed 803292 reads in 803.318 CPU sec, 44.948 real sec
[M::process] read 803370 sequences (180000257 bp)...
[M::mem_process_seqs] Processed 802604 reads in 791.513 CPU sec, 44.314 real sec
[M::process] read 803486 sequences (180000209 bp)...
[M::mem_process_seqs] Processed 803370 reads in 820.206 CPU sec, 46.017 real sec
[M::process] read 802676 sequences (180000200 bp)...
[M::mem_process_seqs] Processed 803486 reads in 834.864 CPU sec, 46.803 real sec
[M::process] read 802464 sequences (180000130 bp)...
[M::mem_process_seqs] Processed 802676 reads in 804.573 CPU sec, 45.309 real sec
[M::process] read 801886 sequences (180000441 bp)...
[M::mem_process_seqs] Processed 802464 reads in 804.898 CPU sec, 45.080 real sec
[M::process] read 802012 sequences (180000490 bp)...
[M::mem_process_seqs] Processed 801886 reads in 773.150 CPU sec, 43.352 real sec
[M::process] read 801956 sequences (180000184 bp)...
[M::mem_process_seqs] Processed 802012 reads in 774.144 CPU sec, 43.406 real sec
[M::process] read 802022 sequences (180000370 bp)...
[M::mem_process_seqs] Processed 801956 reads in 785.081 CPU sec, 44.010 real sec
[M::process] read 802208 sequences (180000088 bp)...
[M::mem_process_seqs] Processed 802022 reads in 784.968 CPU sec, 43.934 real sec
[M::process] read 802772 sequences (180000144 bp)...
[M::mem_process_seqs] Processed 802208 reads in 792.297 CPU sec, 44.389 real sec
[M::process] read 802694 sequences (180000412 bp)...
[M::mem_process_seqs] Processed 802772 reads in 810.117 CPU sec, 45.401 real sec
[M::process] read 801548 sequences (180000148 bp)...
[M::mem_process_seqs] Processed 802694 reads in 810.586 CPU sec, 45.438 real sec
[M::process] read 801204 sequences (180000224 bp)...
[M::mem_process_seqs] Processed 801548 reads in 786.257 CPU sec, 43.989 real sec
[M::process] read 801700 sequences (180000258 bp)...
[M::mem_process_seqs] Processed 801204 reads in 770.998 CPU sec, 43.176 real sec
[M::process] read 801410 sequences (180000415 bp)...
[M::mem_process_seqs] Processed 801700 reads in 908.919 CPU sec, 50.846 real sec
[M::process] read 802578 sequences (180000215 bp)...
[M::mem_process_seqs] Processed 801410 reads in 794.319 CPU sec, 44.598 real sec
[M::process] read 802048 sequences (180000348 bp)...
[M::mem_process_seqs] Processed 802578 reads in 792.595 CPU sec, 44.327 real sec
[M::process] read 802418 sequences (180000200 bp)...
[M::mem_process_seqs] Processed 802048 reads in 798.295 CPU sec, 44.796 real sec
[M::process] read 801916 sequences (180000264 bp)...
[M::mem_process_seqs] Processed 802418 reads in 819.233 CPU sec, 45.860 real sec
[M::process] read 801298 sequences (180000483 bp)...
[M::mem_process_seqs] Processed 801916 reads in 801.797 CPU sec, 44.939 real sec
[M::process] read 801690 sequences (180000066 bp)...
[M::mem_process_seqs] Processed 801298 reads in 786.100 CPU sec, 44.537 real sec
[M::process] read 801794 sequences (180000086 bp)...
[M::mem_process_seqs] Processed 801690 reads in 776.294 CPU sec, 43.526 real sec
[M::process] read 802478 sequences (180000157 bp)...
[M::mem_process_seqs] Processed 801794 reads in 822.320 CPU sec, 46.231 real sec
[M::process] read 802448 sequences (180000348 bp)...
[M::mem_process_seqs] Processed 802478 reads in 893.710 CPU sec, 50.026 real sec
[M::process] read 802346 sequences (180000200 bp)...
[M::mem_process_seqs] Processed 802448 reads in 867.142 CPU sec, 48.621 real sec
[M::process] read 801868 sequences (180000002 bp)...
[M::mem_process_seqs] Processed 802346 reads in 831.929 CPU sec, 46.782 real sec
[M::process] read 802010 sequences (180000333 bp)...
[M::mem_process_seqs] Processed 801868 reads in 797.153 CPU sec, 44.886 real sec
[M::process] read 801570 sequences (180000349 bp)...
[M::mem_process_seqs] Processed 802010 reads in 781.326 CPU sec, 45.445 real sec
[M::process] read 801654 sequences (180000255 bp)...
[M::mem_process_seqs] Processed 801570 reads in 862.351 CPU sec, 49.554 real sec
[M::mem_process_seqs] Processed 801654 reads in 776.649 CPU sec, 50.727 real sec
[M::process] read 802138 sequences (180000175 bp)...
[M::process] read 802824 sequences (180000272 bp)...
[M::mem_process_seqs] Processed 802138 reads in 786.166 CPU sec, 44.684 real sec
[M::process] read 804506 sequences (180000225 bp)...
[M::mem_process_seqs] Processed 802824 reads in 823.654 CPU sec, 46.298 real sec
[M::process] read 804430 sequences (180000227 bp)...
[M::mem_process_seqs] Processed 804506 reads in 802.961 CPU sec, 45.168 real sec
[M::process] read 804266 sequences (180000346 bp)...
[M::mem_process_seqs] Processed 804430 reads in 789.576 CPU sec, 45.946 real sec
[M::process] read 804632 sequences (180000076 bp)...
[M::mem_process_seqs] Processed 804266 reads in 777.487 CPU sec, 45.697 real sec
[M::process] read 804320 sequences (180000390 bp)...
[M::mem_process_seqs] Processed 804632 reads in 771.786 CPU sec, 45.420 real sec
[M::process] read 804780 sequences (180000324 bp)...
[M::mem_process_seqs] Processed 804320 reads in 780.421 CPU sec, 46.031 real sec
[M::process] read 804264 sequences (180000169 bp)...
[M::mem_process_seqs] Processed 804780 reads in 814.172 CPU sec, 47.307 real sec
[M::process] read 803842 sequences (180000303 bp)...
[M::mem_process_seqs] Processed 804264 reads in 808.560 CPU sec, 47.466 real sec
[M::process] read 803440 sequences (180000394 bp)...
[M::mem_process_seqs] Processed 803842 reads in 816.385 CPU sec, 46.056 real sec
[M::process] read 803832 sequences (180000131 bp)...
[M::mem_process_seqs] Processed 803440 reads in 790.177 CPU sec, 45.286 real sec
[M::process] read 803876 sequences (180000309 bp)...
[M::mem_process_seqs] Processed 803832 reads in 792.372 CPU sec, 45.625 real sec
[M::process] read 803634 sequences (180000346 bp)...
[M::mem_process_seqs] Processed 803876 reads in 781.444 CPU sec, 45.280 real sec
[M::process] read 803990 sequences (180000089 bp)...
[M::mem_process_seqs] Processed 803634 reads in 775.670 CPU sec, 45.397 real sec
[M::process] read 804372 sequences (180000182 bp)...
[M::mem_process_seqs] Processed 803990 reads in 798.261 CPU sec, 46.749 real sec
[M::process] read 804074 sequences (180000146 bp)...
[M::mem_process_seqs] Processed 804372 reads in 801.473 CPU sec, 46.850 real sec
[M::process] read 803312 sequences (180000143 bp)...
[M::mem_process_seqs] Processed 804074 reads in 803.076 CPU sec, 46.894 real sec
[M::process] read 803326 sequences (180000375 bp)...
[M::mem_process_seqs] Processed 803312 reads in 763.785 CPU sec, 44.575 real sec
[M::process] read 803836 sequences (180000388 bp)...
[M::mem_process_seqs] Processed 803326 reads in 766.594 CPU sec, 43.475 real sec
[M::process] read 803696 sequences (180000264 bp)...
[M::mem_process_seqs] Processed 803836 reads in 778.132 CPU sec, 44.640 real sec
[M::process] read 803902 sequences (180000301 bp)...
[M::mem_process_seqs] Processed 803696 reads in 780.369 CPU sec, 45.842 real sec
[M::process] read 804148 sequences (180000222 bp)...
[M::mem_process_seqs] Processed 803902 reads in 791.538 CPU sec, 46.047 real sec
[M::process] read 803952 sequences (180000212 bp)...
[M::mem_process_seqs] Processed 804148 reads in 813.132 CPU sec, 47.067 real sec
[M::process] read 803668 sequences (180000271 bp)...
[M::mem_process_seqs] Processed 803952 reads in 789.525 CPU sec, 46.063 real sec
[M::process] read 803740 sequences (180000094 bp)...
[M::mem_process_seqs] Processed 803668 reads in 761.116 CPU sec, 44.803 real sec
[M::process] read 803766 sequences (180000186 bp)...
[M::mem_process_seqs] Processed 803740 reads in 761.530 CPU sec, 44.800 real sec
[M::process] read 804266 sequences (180000041 bp)...
[M::mem_process_seqs] Processed 803766 reads in 770.237 CPU sec, 44.092 real sec
[M::process] read 804628 sequences (180000425 bp)...
[M::mem_process_seqs] Processed 804266 reads in 789.427 CPU sec, 46.527 real sec
[M::process] read 804364 sequences (180000410 bp)...
[M::mem_process_seqs] Processed 804628 reads in 862.781 CPU sec, 49.320 real sec
[M::process] read 804270 sequences (180000167 bp)...
[M::mem_process_seqs] Processed 804364 reads in 839.769 CPU sec, 49.278 real sec
[M::process] read 804372 sequences (180000047 bp)...
[M::mem_process_seqs] Processed 804270 reads in 805.907 CPU sec, 47.114 real sec
[M::process] read 804118 sequences (180000406 bp)...
[M::mem_process_seqs] Processed 804372 reads in 822.557 CPU sec, 48.040 real sec
[M::process] read 803444 sequences (180000426 bp)...
[M::mem_process_seqs] Processed 804118 reads in 803.460 CPU sec, 46.732 real sec
[M::mem_process_seqs] Processed 803444 reads in 783.855 CPU sec, 50.944 real sec
[M::process] read 804322 sequences (180000269 bp)...
[M::process] read 804654 sequences (180000242 bp)...
[M::mem_process_seqs] Processed 804322 reads in 804.523 CPU sec, 46.572 real sec
[M::process] read 789882 sequences (180000034 bp)...
[M::mem_process_seqs] Processed 804654 reads in 858.348 CPU sec, 48.891 real sec
[M::process] read 786504 sequences (180000159 bp)...
[M::mem_process_seqs] Processed 789882 reads in 1438.327 CPU sec, 84.980 real sec
[M::process] read 787818 sequences (180000382 bp)...
[M::mem_process_seqs] Processed 786504 reads in 1502.771 CPU sec, 86.821 real sec
[M::process] read 787272 sequences (180000162 bp)...
[M::mem_process_seqs] Processed 787818 reads in 1661.066 CPU sec, 94.328 real sec
[M::process] read 787208 sequences (180000174 bp)...
[M::mem_process_seqs] Processed 787272 reads in 1660.093 CPU sec, 95.735 real sec
[M::process] read 786032 sequences (180000314 bp)...
[M::mem_process_seqs] Processed 787208 reads in 1659.017 CPU sec, 96.371 real sec
[M::process] read 786280 sequences (180000346 bp)...
[M::mem_process_seqs] Processed 786032 reads in 1496.866 CPU sec, 87.026 real sec
[M::process] read 786252 sequences (180000165 bp)...
[M::mem_process_seqs] Processed 786280 reads in 1525.432 CPU sec, 89.496 real sec
[M::process] read 785970 sequences (180000106 bp)...
[M::mem_process_seqs] Processed 786252 reads in 1578.105 CPU sec, 92.007 real sec
[M::process] read 35771 sequences (8199258 bp)...
[M::mem_process_seqs] Processed 785970 reads in 1587.821 CPU sec, 92.676 real sec
[M::mem_process_seqs] Processed 35771 reads in 75.412 CPU sec, 4.382 real sec
[main] Version: 0.7.17-r1188
[main] CMD: bwa mem -t 18 -R @RG\tID:b266\tSM:b266 /home/jilong/spider2/faststorage/social_spiders_2020/people/jilong/chapter1_social/steps/population_vcf/spider/Stegodyphus_dumicola/mapping/reference/DUM_hifi_hic_scaffolded_trim.fa /dev/fd/63
[main] Real time: 7519.247 sec; CPU: 130037.061 sec
[bam_sort_core] merging from 4 files and 17 in-memory blocks...
