[M::bwa_idx_load_from_disk] read 0 ALT contigs
[M::process] read 745526 sequences (180000212 bp)...
[M::process] read 745168 sequences (180000160 bp)...
[M::mem_process_seqs] Processed 745526 reads in 795.575 CPU sec, 44.994 real sec
[M::process] read 745662 sequences (180000220 bp)...
[M::mem_process_seqs] Processed 745168 reads in 803.320 CPU sec, 46.729 real sec
[M::process] read 745508 sequences (180000052 bp)...
[M::mem_process_seqs] Processed 745662 reads in 792.943 CPU sec, 44.611 real sec
[M::process] read 745646 sequences (180000220 bp)...
[M::mem_process_seqs] Processed 745508 reads in 799.435 CPU sec, 45.103 real sec
[M::process] read 745578 sequences (180000401 bp)...
[M::mem_process_seqs] Processed 745646 reads in 890.647 CPU sec, 54.004 real sec
[M::process] read 745222 sequences (180000362 bp)...
[M::mem_process_seqs] Processed 745578 reads in 871.967 CPU sec, 49.035 real sec
[M::process] read 745116 sequences (180000062 bp)...
[M::mem_process_seqs] Processed 745222 reads in 879.216 CPU sec, 49.443 real sec
[M::process] read 745274 sequences (180000026 bp)...
[M::mem_process_seqs] Processed 745116 reads in 846.672 CPU sec, 48.225 real sec
[M::process] read 745234 sequences (180000109 bp)...
[M::mem_process_seqs] Processed 745274 reads in 842.925 CPU sec, 47.761 real sec
[M::process] read 745406 sequences (180000010 bp)...
[M::mem_process_seqs] Processed 745234 reads in 844.136 CPU sec, 47.282 real sec
[M::process] read 745608 sequences (180000112 bp)...
[M::mem_process_seqs] Processed 745406 reads in 865.996 CPU sec, 48.937 real sec
[M::process] read 745532 sequences (180000511 bp)...
[M::mem_process_seqs] Processed 745608 reads in 903.659 CPU sec, 50.908 real sec
[M::process] read 745062 sequences (180000179 bp)...
[M::mem_process_seqs] Processed 745532 reads in 897.797 CPU sec, 50.963 real sec
[M::process] read 745080 sequences (180000091 bp)...
[M::mem_process_seqs] Processed 745062 reads in 781.827 CPU sec, 44.489 real sec
[M::process] read 744988 sequences (180000062 bp)...
[M::mem_process_seqs] Processed 745080 reads in 768.083 CPU sec, 43.474 real sec
[M::process] read 745270 sequences (180000235 bp)...
[M::mem_process_seqs] Processed 744988 reads in 762.018 CPU sec, 42.867 real sec
[M::process] read 745326 sequences (180000331 bp)...
[M::mem_process_seqs] Processed 745270 reads in 774.204 CPU sec, 44.389 real sec
[M::process] read 745698 sequences (180000087 bp)...
[M::mem_process_seqs] Processed 745326 reads in 794.562 CPU sec, 44.786 real sec
[M::process] read 744870 sequences (180000067 bp)...
[M::mem_process_seqs] Processed 745698 reads in 841.379 CPU sec, 47.221 real sec
[M::process] read 744824 sequences (180000145 bp)...
[M::mem_process_seqs] Processed 744870 reads in 770.130 CPU sec, 43.121 real sec
[M::process] read 744752 sequences (180000318 bp)...
[M::mem_process_seqs] Processed 744824 reads in 755.800 CPU sec, 42.557 real sec
[M::process] read 745282 sequences (180000449 bp)...
[M::mem_process_seqs] Processed 744752 reads in 761.061 CPU sec, 42.666 real sec
[M::process] read 745380 sequences (180000365 bp)...
[M::mem_process_seqs] Processed 745282 reads in 766.016 CPU sec, 43.038 real sec
[M::process] read 745748 sequences (180000343 bp)...
[M::mem_process_seqs] Processed 745380 reads in 791.697 CPU sec, 44.634 real sec
[M::process] read 745348 sequences (180000028 bp)...
[M::mem_process_seqs] Processed 745748 reads in 803.029 CPU sec, 45.519 real sec
[M::process] read 744856 sequences (180000273 bp)...
[M::mem_process_seqs] Processed 745348 reads in 804.377 CPU sec, 45.831 real sec
[M::process] read 744878 sequences (180000292 bp)...
[M::mem_process_seqs] Processed 744856 reads in 775.107 CPU sec, 44.109 real sec
[M::process] read 744968 sequences (180000122 bp)...
[M::mem_process_seqs] Processed 744878 reads in 764.981 CPU sec, 43.840 real sec
[M::process] read 745092 sequences (180000028 bp)...
[M::mem_process_seqs] Processed 744968 reads in 791.885 CPU sec, 44.838 real sec
[M::process] read 745550 sequences (180000318 bp)...
[M::mem_process_seqs] Processed 745092 reads in 830.208 CPU sec, 47.410 real sec
[M::process] read 745438 sequences (180000219 bp)...
[M::mem_process_seqs] Processed 745550 reads in 842.238 CPU sec, 47.531 real sec
[M::process] read 745720 sequences (180000328 bp)...
[M::mem_process_seqs] Processed 745438 reads in 902.815 CPU sec, 50.921 real sec
[M::process] read 745538 sequences (180000319 bp)...
[M::mem_process_seqs] Processed 745720 reads in 906.415 CPU sec, 52.182 real sec
[M::process] read 745378 sequences (180000501 bp)...
[M::mem_process_seqs] Processed 745538 reads in 927.496 CPU sec, 52.325 real sec
[M::process] read 745916 sequences (180000281 bp)...
[M::mem_process_seqs] Processed 745378 reads in 893.333 CPU sec, 52.300 real sec
[M::process] read 745922 sequences (180000309 bp)...
[M::mem_process_seqs] Processed 745916 reads in 1002.306 CPU sec, 56.475 real sec
[M::mem_process_seqs] Processed 745922 reads in 1086.195 CPU sec, 70.724 real sec
[M::process] read 744666 sequences (180000343 bp)...
[M::process] read 744460 sequences (180000240 bp)...
[M::mem_process_seqs] Processed 744666 reads in 821.683 CPU sec, 46.649 real sec
[M::process] read 744984 sequences (180000184 bp)...
[M::mem_process_seqs] Processed 744460 reads in 796.361 CPU sec, 44.702 real sec
[M::process] read 744988 sequences (180000095 bp)...
[M::mem_process_seqs] Processed 744984 reads in 797.523 CPU sec, 44.728 real sec
[M::process] read 744830 sequences (180000376 bp)...
[M::mem_process_seqs] Processed 744988 reads in 860.825 CPU sec, 48.183 real sec
[M::process] read 745282 sequences (180000008 bp)...
[M::mem_process_seqs] Processed 744830 reads in 931.673 CPU sec, 52.622 real sec
[M::process] read 744654 sequences (180000064 bp)...
[M::mem_process_seqs] Processed 745282 reads in 882.640 CPU sec, 49.998 real sec
[M::process] read 744508 sequences (180000364 bp)...
[M::mem_process_seqs] Processed 744654 reads in 815.497 CPU sec, 45.859 real sec
[M::process] read 744992 sequences (180000304 bp)...
[M::mem_process_seqs] Processed 744508 reads in 804.034 CPU sec, 45.145 real sec
[M::process] read 744682 sequences (180000097 bp)...
[M::mem_process_seqs] Processed 744992 reads in 803.701 CPU sec, 48.762 real sec
[M::process] read 744930 sequences (180000091 bp)...
[M::mem_process_seqs] Processed 744682 reads in 821.263 CPU sec, 46.472 real sec
[M::process] read 744806 sequences (180000508 bp)...
[M::mem_process_seqs] Processed 744930 reads in 940.705 CPU sec, 52.787 real sec
[M::process] read 744802 sequences (180000105 bp)...
[M::mem_process_seqs] Processed 744806 reads in 881.988 CPU sec, 51.412 real sec
[M::process] read 744748 sequences (180000412 bp)...
[M::mem_process_seqs] Processed 744802 reads in 820.622 CPU sec, 46.179 real sec
[M::process] read 744662 sequences (180000350 bp)...
[M::mem_process_seqs] Processed 744748 reads in 807.550 CPU sec, 45.630 real sec
[M::process] read 744782 sequences (180000213 bp)...
[M::mem_process_seqs] Processed 744662 reads in 814.842 CPU sec, 46.451 real sec
[M::process] read 745106 sequences (180000352 bp)...
[M::mem_process_seqs] Processed 744782 reads in 852.268 CPU sec, 48.101 real sec
[M::process] read 745006 sequences (180000277 bp)...
[M::mem_process_seqs] Processed 745106 reads in 928.714 CPU sec, 52.141 real sec
[M::process] read 744940 sequences (180000315 bp)...
[M::mem_process_seqs] Processed 745006 reads in 854.206 CPU sec, 48.169 real sec
[M::process] read 745120 sequences (180000247 bp)...
[M::mem_process_seqs] Processed 744940 reads in 809.740 CPU sec, 45.825 real sec
[M::process] read 745146 sequences (180000422 bp)...
[M::mem_process_seqs] Processed 745120 reads in 913.930 CPU sec, 51.370 real sec
[M::process] read 745010 sequences (180000155 bp)...
[M::mem_process_seqs] Processed 745146 reads in 840.268 CPU sec, 47.729 real sec
[M::process] read 745076 sequences (180000152 bp)...
[M::mem_process_seqs] Processed 745010 reads in 836.140 CPU sec, 47.147 real sec
[M::process] read 745204 sequences (180000548 bp)...
[M::mem_process_seqs] Processed 745076 reads in 853.100 CPU sec, 49.055 real sec
[M::process] read 745608 sequences (180000121 bp)...
[M::mem_process_seqs] Processed 745204 reads in 846.865 CPU sec, 48.273 real sec
[M::process] read 744818 sequences (180000209 bp)...
[M::mem_process_seqs] Processed 745608 reads in 817.547 CPU sec, 46.536 real sec
[M::process] read 745330 sequences (180000287 bp)...
[M::mem_process_seqs] Processed 744818 reads in 782.219 CPU sec, 43.983 real sec
[M::process] read 745116 sequences (180000107 bp)...
[M::mem_process_seqs] Processed 745330 reads in 772.999 CPU sec, 43.796 real sec
[M::process] read 745790 sequences (180000402 bp)...
[M::mem_process_seqs] Processed 745116 reads in 766.736 CPU sec, 43.302 real sec
[M::process] read 745182 sequences (180000187 bp)...
[M::mem_process_seqs] Processed 745790 reads in 812.077 CPU sec, 45.744 real sec
[M::process] read 745060 sequences (180000069 bp)...
[M::mem_process_seqs] Processed 745182 reads in 800.029 CPU sec, 44.802 real sec
[M::process] read 744738 sequences (180000202 bp)...
[M::mem_process_seqs] Processed 745060 reads in 788.511 CPU sec, 44.272 real sec
[M::process] read 744778 sequences (180000305 bp)...
[M::mem_process_seqs] Processed 744738 reads in 765.824 CPU sec, 42.959 real sec
[M::process] read 744582 sequences (180000223 bp)...
[M::mem_process_seqs] Processed 744778 reads in 755.541 CPU sec, 42.327 real sec
[M::process] read 744646 sequences (180000177 bp)...
[M::mem_process_seqs] Processed 744582 reads in 762.272 CPU sec, 42.790 real sec
[M::mem_process_seqs] Processed 744646 reads in 769.818 CPU sec, 51.192 real sec
[M::process] read 745098 sequences (180000405 bp)...
[M::process] read 745098 sequences (180000412 bp)...
[M::mem_process_seqs] Processed 745098 reads in 784.251 CPU sec, 43.954 real sec
[M::process] read 744654 sequences (180000319 bp)...
[M::mem_process_seqs] Processed 745098 reads in 795.349 CPU sec, 44.740 real sec
[M::process] read 744878 sequences (180000303 bp)...
[M::mem_process_seqs] Processed 744654 reads in 766.680 CPU sec, 43.202 real sec
[M::process] read 744518 sequences (180000302 bp)...
[M::mem_process_seqs] Processed 744878 reads in 749.222 CPU sec, 42.365 real sec
[M::process] read 745240 sequences (180000099 bp)...
[M::mem_process_seqs] Processed 744518 reads in 865.436 CPU sec, 48.503 real sec
[M::process] read 745124 sequences (180000107 bp)...
[M::mem_process_seqs] Processed 745240 reads in 784.433 CPU sec, 44.167 real sec
[M::process] read 744942 sequences (180000460 bp)...
[M::mem_process_seqs] Processed 745124 reads in 784.217 CPU sec, 43.979 real sec
[M::process] read 744926 sequences (180000014 bp)...
[M::mem_process_seqs] Processed 744942 reads in 796.196 CPU sec, 44.893 real sec
[M::process] read 744622 sequences (180000293 bp)...
[M::mem_process_seqs] Processed 744926 reads in 782.301 CPU sec, 44.105 real sec
[M::process] read 744748 sequences (180000483 bp)...
[M::mem_process_seqs] Processed 744622 reads in 760.973 CPU sec, 43.029 real sec
[M::process] read 745256 sequences (180000186 bp)...
[M::mem_process_seqs] Processed 744748 reads in 793.708 CPU sec, 44.807 real sec
[M::process] read 745202 sequences (180000042 bp)...
[M::mem_process_seqs] Processed 745256 reads in 804.629 CPU sec, 45.102 real sec
[M::process] read 744862 sequences (180000515 bp)...
[M::mem_process_seqs] Processed 745202 reads in 913.646 CPU sec, 51.416 real sec
[M::process] read 744994 sequences (180000367 bp)...
[M::mem_process_seqs] Processed 744862 reads in 812.019 CPU sec, 45.429 real sec
[M::process] read 744976 sequences (180000542 bp)...
[M::mem_process_seqs] Processed 744994 reads in 777.475 CPU sec, 43.822 real sec
[M::process] read 744588 sequences (180000298 bp)...
[M::mem_process_seqs] Processed 744976 reads in 787.446 CPU sec, 44.358 real sec
[M::process] read 744680 sequences (180000327 bp)...
[M::mem_process_seqs] Processed 744588 reads in 820.174 CPU sec, 46.121 real sec
[M::process] read 745284 sequences (180000153 bp)...
[M::mem_process_seqs] Processed 744680 reads in 784.339 CPU sec, 44.532 real sec
[M::process] read 745010 sequences (180000422 bp)...
[M::mem_process_seqs] Processed 745284 reads in 789.722 CPU sec, 45.468 real sec
[M::process] read 746084 sequences (180000179 bp)...
[M::mem_process_seqs] Processed 745010 reads in 802.577 CPU sec, 45.112 real sec
[M::process] read 746930 sequences (180000287 bp)...
[M::mem_process_seqs] Processed 746084 reads in 770.328 CPU sec, 43.535 real sec
[M::process] read 746792 sequences (180000165 bp)...
[M::mem_process_seqs] Processed 746930 reads in 790.601 CPU sec, 44.398 real sec
[M::process] read 746904 sequences (180000125 bp)...
[M::mem_process_seqs] Processed 746792 reads in 761.272 CPU sec, 43.038 real sec
[M::process] read 746948 sequences (180000365 bp)...
[M::mem_process_seqs] Processed 746904 reads in 759.410 CPU sec, 42.572 real sec
[M::process] read 747234 sequences (180000261 bp)...
[M::mem_process_seqs] Processed 746948 reads in 775.411 CPU sec, 43.397 real sec
[M::process] read 746412 sequences (180000458 bp)...
[M::mem_process_seqs] Processed 747234 reads in 815.484 CPU sec, 45.630 real sec
[M::process] read 746222 sequences (180000363 bp)...
[M::mem_process_seqs] Processed 746412 reads in 804.935 CPU sec, 45.420 real sec
[M::process] read 746640 sequences (180000161 bp)...
[M::mem_process_seqs] Processed 746222 reads in 785.932 CPU sec, 44.080 real sec
[M::process] read 746482 sequences (180000282 bp)...
[M::mem_process_seqs] Processed 746640 reads in 770.561 CPU sec, 43.742 real sec
[M::process] read 746288 sequences (180000493 bp)...
[M::mem_process_seqs] Processed 746482 reads in 770.408 CPU sec, 43.131 real sec
[M::process] read 746716 sequences (180000324 bp)...
[M::mem_process_seqs] Processed 746288 reads in 772.180 CPU sec, 43.348 real sec
[M::process] read 746850 sequences (180000202 bp)...
[M::mem_process_seqs] Processed 746716 reads in 795.605 CPU sec, 44.996 real sec
[M::process] read 746720 sequences (180000357 bp)...
[M::mem_process_seqs] Processed 746850 reads in 814.738 CPU sec, 45.966 real sec
[M::process] read 746478 sequences (180000286 bp)...
[M::mem_process_seqs] Processed 746720 reads in 755.754 CPU sec, 42.389 real sec
[M::mem_process_seqs] Processed 746478 reads in 749.639 CPU sec, 49.513 real sec
[M::process] read 746670 sequences (180000348 bp)...
[M::process] read 746592 sequences (180000173 bp)...
[M::mem_process_seqs] Processed 746670 reads in 764.205 CPU sec, 44.107 real sec
[M::process] read 746928 sequences (180000221 bp)...
[M::mem_process_seqs] Processed 746592 reads in 769.738 CPU sec, 43.333 real sec
[M::process] read 746888 sequences (180000333 bp)...
[M::mem_process_seqs] Processed 746928 reads in 799.139 CPU sec, 44.964 real sec
[M::process] read 746864 sequences (180000013 bp)...
[M::mem_process_seqs] Processed 746888 reads in 801.996 CPU sec, 44.921 real sec
[M::process] read 746586 sequences (180000027 bp)...
[M::mem_process_seqs] Processed 746864 reads in 749.533 CPU sec, 42.230 real sec
[M::process] read 746832 sequences (180000280 bp)...
[M::mem_process_seqs] Processed 746586 reads in 751.733 CPU sec, 42.304 real sec
[M::process] read 746600 sequences (180000035 bp)...
[M::mem_process_seqs] Processed 746832 reads in 762.490 CPU sec, 42.889 real sec
[M::process] read 747240 sequences (180000004 bp)...
[M::mem_process_seqs] Processed 746600 reads in 773.822 CPU sec, 43.380 real sec
[M::process] read 746906 sequences (180000009 bp)...
[M::mem_process_seqs] Processed 747240 reads in 881.342 CPU sec, 49.783 real sec
[M::process] read 747268 sequences (180000096 bp)...
[M::mem_process_seqs] Processed 746906 reads in 807.613 CPU sec, 45.207 real sec
[M::process] read 747334 sequences (180000130 bp)...
[M::mem_process_seqs] Processed 747268 reads in 794.403 CPU sec, 44.727 real sec
[M::process] read 746714 sequences (180000318 bp)...
[M::mem_process_seqs] Processed 747334 reads in 815.352 CPU sec, 45.621 real sec
[M::process] read 747140 sequences (180000432 bp)...
[M::mem_process_seqs] Processed 746714 reads in 774.415 CPU sec, 43.353 real sec
[M::process] read 747428 sequences (180000084 bp)...
[M::mem_process_seqs] Processed 747140 reads in 792.686 CPU sec, 44.464 real sec
[M::process] read 746970 sequences (180000104 bp)...
[M::mem_process_seqs] Processed 747428 reads in 855.575 CPU sec, 48.155 real sec
[M::process] read 743890 sequences (180000064 bp)...
[M::mem_process_seqs] Processed 746970 reads in 842.582 CPU sec, 47.198 real sec
[M::process] read 742324 sequences (180000265 bp)...
[M::mem_process_seqs] Processed 743890 reads in 1366.365 CPU sec, 76.543 real sec
[M::process] read 742422 sequences (180000089 bp)...
[M::mem_process_seqs] Processed 742324 reads in 1498.077 CPU sec, 83.944 real sec
[M::process] read 742580 sequences (180000313 bp)...
[M::mem_process_seqs] Processed 742422 reads in 1689.054 CPU sec, 94.604 real sec
[M::process] read 742806 sequences (180000246 bp)...
[M::mem_process_seqs] Processed 742580 reads in 1642.876 CPU sec, 92.054 real sec
[M::process] read 741946 sequences (180000034 bp)...
[M::mem_process_seqs] Processed 742806 reads in 1484.303 CPU sec, 83.984 real sec
[M::process] read 741294 sequences (180000161 bp)...
[M::mem_process_seqs] Processed 741946 reads in 1513.833 CPU sec, 85.170 real sec
[M::process] read 246891 sequences (59935838 bp)...
[M::mem_process_seqs] Processed 741294 reads in 1530.254 CPU sec, 85.974 real sec
[M::mem_process_seqs] Processed 246891 reads in 530.120 CPU sec, 29.897 real sec
[main] Version: 0.7.17-r1188
[main] CMD: bwa mem -t 18 -R @RG\tID:b297\tSM:b297 /home/jilong/spider2/faststorage/social_spiders_2020/people/jilong/chapter1_social/steps/population_vcf/spider/Stegodyphus_dumicola/mapping/reference/DUM_hifi_hic_scaffolded_trim.fa /dev/fd/63
[main] Real time: 6346.011 sec; CPU: 111505.644 sec
[bam_sort_core] merging from 3 files and 17 in-memory blocks...
