[M::bwa_idx_load_from_disk] read 0 ALT contigs
[M::process] read 868896 sequences (180000121 bp)...
[M::process] read 869390 sequences (180000071 bp)...
[M::mem_process_seqs] Processed 868896 reads in 646.760 CPU sec, 36.202 real sec
[M::process] read 869114 sequences (180000423 bp)...
[M::mem_process_seqs] Processed 869390 reads in 653.689 CPU sec, 36.636 real sec
[M::process] read 868756 sequences (180000273 bp)...
[M::mem_process_seqs] Processed 869114 reads in 679.127 CPU sec, 38.031 real sec
[M::process] read 867610 sequences (180000212 bp)...
[M::mem_process_seqs] Processed 868756 reads in 670.134 CPU sec, 37.515 real sec
[M::process] read 867774 sequences (180000355 bp)...
[M::mem_process_seqs] Processed 867610 reads in 637.974 CPU sec, 35.717 real sec
[M::process] read 868692 sequences (180000455 bp)...
[M::mem_process_seqs] Processed 867774 reads in 651.397 CPU sec, 36.485 real sec
[M::process] read 873704 sequences (180000118 bp)...
[M::mem_process_seqs] Processed 868692 reads in 690.704 CPU sec, 38.659 real sec
[M::process] read 893548 sequences (180000056 bp)...
[M::mem_process_seqs] Processed 873704 reads in 672.775 CPU sec, 37.655 real sec
[M::process] read 894614 sequences (180000196 bp)...
[M::mem_process_seqs] Processed 893548 reads in 659.195 CPU sec, 36.905 real sec
[M::process] read 893052 sequences (180000070 bp)...
[M::mem_process_seqs] Processed 894614 reads in 676.197 CPU sec, 37.863 real sec
[M::process] read 892356 sequences (180000285 bp)...
[M::mem_process_seqs] Processed 893052 reads in 679.447 CPU sec, 38.015 real sec
[M::process] read 892960 sequences (180000341 bp)...
[M::mem_process_seqs] Processed 892356 reads in 651.951 CPU sec, 36.487 real sec
[M::process] read 893568 sequences (180000061 bp)...
[M::mem_process_seqs] Processed 892960 reads in 668.316 CPU sec, 37.395 real sec
[M::process] read 864154 sequences (180000361 bp)...
[M::mem_process_seqs] Processed 893568 reads in 690.971 CPU sec, 38.639 real sec
[M::process] read 862744 sequences (180000088 bp)...
[M::mem_process_seqs] Processed 864154 reads in 657.385 CPU sec, 36.789 real sec
[M::process] read 862810 sequences (180000302 bp)...
[M::mem_process_seqs] Processed 862744 reads in 650.124 CPU sec, 36.374 real sec
[M::process] read 861956 sequences (180000161 bp)...
[M::mem_process_seqs] Processed 862810 reads in 697.495 CPU sec, 39.011 real sec
[M::process] read 861996 sequences (180000113 bp)...
[M::mem_process_seqs] Processed 861956 reads in 663.027 CPU sec, 37.084 real sec
[M::process] read 862450 sequences (180000024 bp)...
[M::mem_process_seqs] Processed 861996 reads in 649.415 CPU sec, 36.340 real sec
[M::process] read 863072 sequences (180000269 bp)...
[M::mem_process_seqs] Processed 862450 reads in 655.419 CPU sec, 36.671 real sec
[M::process] read 862276 sequences (180000267 bp)...
[M::mem_process_seqs] Processed 863072 reads in 695.766 CPU sec, 38.919 real sec
[M::process] read 867378 sequences (180000160 bp)...
[M::mem_process_seqs] Processed 862276 reads in 658.499 CPU sec, 36.835 real sec
[M::process] read 867772 sequences (180000313 bp)...
[M::mem_process_seqs] Processed 867378 reads in 661.488 CPU sec, 37.021 real sec
[M::process] read 867300 sequences (180000462 bp)...
[M::mem_process_seqs] Processed 867772 reads in 668.535 CPU sec, 37.400 real sec
[M::process] read 867146 sequences (180000095 bp)...
[M::mem_process_seqs] Processed 867300 reads in 692.827 CPU sec, 38.750 real sec
[M::process] read 866266 sequences (180000034 bp)...
[M::mem_process_seqs] Processed 867146 reads in 691.776 CPU sec, 38.702 real sec
[M::process] read 866436 sequences (180000263 bp)...
[M::mem_process_seqs] Processed 866266 reads in 660.834 CPU sec, 36.962 real sec
[M::process] read 867088 sequences (180000441 bp)...
[M::mem_process_seqs] Processed 866436 reads in 652.719 CPU sec, 36.508 real sec
[M::process] read 867516 sequences (180000371 bp)...
[M::mem_process_seqs] Processed 867088 reads in 681.322 CPU sec, 38.107 real sec
[M::process] read 868216 sequences (180000387 bp)...
[M::mem_process_seqs] Processed 867516 reads in 708.830 CPU sec, 39.634 real sec
[M::process] read 868180 sequences (180000143 bp)...
[M::mem_process_seqs] Processed 868216 reads in 657.267 CPU sec, 36.793 real sec
[M::process] read 868900 sequences (180000204 bp)...
[M::mem_process_seqs] Processed 868180 reads in 672.840 CPU sec, 37.634 real sec
[M::process] read 868420 sequences (180000315 bp)...
[M::mem_process_seqs] Processed 868900 reads in 674.685 CPU sec, 37.793 real sec
[M::process] read 867530 sequences (180000145 bp)...
[M::mem_process_seqs] Processed 868420 reads in 706.345 CPU sec, 39.517 real sec
[M::mem_process_seqs] Processed 867530 reads in 659.656 CPU sec, 43.222 real sec
[M::process] read 868164 sequences (180000238 bp)...
[M::process] read 868048 sequences (180000008 bp)...
[M::mem_process_seqs] Processed 868164 reads in 668.743 CPU sec, 37.531 real sec
[M::process] read 876724 sequences (180000025 bp)...
[M::mem_process_seqs] Processed 868048 reads in 714.114 CPU sec, 39.987 real sec
[M::process] read 892518 sequences (180000141 bp)...
[M::mem_process_seqs] Processed 876724 reads in 666.783 CPU sec, 37.335 real sec
[M::process] read 893184 sequences (180000222 bp)...
[M::mem_process_seqs] Processed 892518 reads in 672.259 CPU sec, 37.620 real sec
[M::process] read 892012 sequences (180000110 bp)...
[M::mem_process_seqs] Processed 893184 reads in 693.112 CPU sec, 38.780 real sec
[M::process] read 892498 sequences (180000156 bp)...
[M::mem_process_seqs] Processed 892012 reads in 683.418 CPU sec, 38.256 real sec
[M::process] read 892362 sequences (180000148 bp)...
[M::mem_process_seqs] Processed 892498 reads in 665.947 CPU sec, 37.253 real sec
[M::process] read 879428 sequences (180000175 bp)...
[M::mem_process_seqs] Processed 892362 reads in 720.471 CPU sec, 40.308 real sec
[M::process] read 862006 sequences (180000151 bp)...
[M::mem_process_seqs] Processed 879428 reads in 659.100 CPU sec, 36.879 real sec
[M::process] read 861854 sequences (180000343 bp)...
[M::mem_process_seqs] Processed 862006 reads in 668.834 CPU sec, 37.439 real sec
[M::process] read 861592 sequences (180000221 bp)...
[M::mem_process_seqs] Processed 861854 reads in 667.967 CPU sec, 37.362 real sec
[M::process] read 861576 sequences (180000297 bp)...
[M::mem_process_seqs] Processed 861592 reads in 698.616 CPU sec, 39.068 real sec
[M::process] read 862106 sequences (180000394 bp)...
[M::mem_process_seqs] Processed 861576 reads in 666.750 CPU sec, 37.301 real sec
[M::process] read 861784 sequences (180000118 bp)...
[M::mem_process_seqs] Processed 862106 reads in 672.705 CPU sec, 37.616 real sec
[M::process] read 865576 sequences (180000207 bp)...
[M::mem_process_seqs] Processed 861784 reads in 727.624 CPU sec, 40.695 real sec
[M::process] read 866260 sequences (180000127 bp)...
[M::mem_process_seqs] Processed 865576 reads in 664.517 CPU sec, 37.169 real sec
[M::process] read 866824 sequences (180000256 bp)...
[M::mem_process_seqs] Processed 866260 reads in 686.236 CPU sec, 38.393 real sec
[M::process] read 866148 sequences (180000006 bp)...
[M::mem_process_seqs] Processed 866824 reads in 688.336 CPU sec, 38.514 real sec
[M::process] read 865318 sequences (180000287 bp)...
[M::mem_process_seqs] Processed 866148 reads in 725.596 CPU sec, 40.592 real sec
[M::process] read 865910 sequences (180000460 bp)...
[M::mem_process_seqs] Processed 865318 reads in 675.337 CPU sec, 37.779 real sec
[M::process] read 866590 sequences (180000358 bp)...
[M::mem_process_seqs] Processed 865910 reads in 675.780 CPU sec, 37.797 real sec
[M::process] read 866078 sequences (180000056 bp)...
[M::mem_process_seqs] Processed 866590 reads in 722.800 CPU sec, 40.432 real sec
[M::process] read 866876 sequences (180000024 bp)...
[M::mem_process_seqs] Processed 866078 reads in 715.902 CPU sec, 40.071 real sec
[M::process] read 867412 sequences (180000121 bp)...
[M::mem_process_seqs] Processed 866876 reads in 679.069 CPU sec, 38.001 real sec
[M::process] read 867788 sequences (180000012 bp)...
[M::mem_process_seqs] Processed 867412 reads in 667.833 CPU sec, 37.353 real sec
[M::process] read 868302 sequences (180000143 bp)...
[M::mem_process_seqs] Processed 867788 reads in 664.019 CPU sec, 37.133 real sec
[M::process] read 867552 sequences (180000320 bp)...
[M::mem_process_seqs] Processed 868302 reads in 684.919 CPU sec, 38.339 real sec
[M::process] read 867746 sequences (180000123 bp)...
[M::mem_process_seqs] Processed 867552 reads in 671.588 CPU sec, 37.568 real sec
[M::process] read 869012 sequences (180000227 bp)...
[M::mem_process_seqs] Processed 867746 reads in 695.656 CPU sec, 38.897 real sec
[M::process] read 868192 sequences (180000191 bp)...
[M::mem_process_seqs] Processed 869012 reads in 776.888 CPU sec, 43.432 real sec
[M::process] read 866634 sequences (180000090 bp)...
[M::mem_process_seqs] Processed 868192 reads in 709.009 CPU sec, 39.681 real sec
[M::process] read 866002 sequences (180000246 bp)...
[M::mem_process_seqs] Processed 866634 reads in 676.596 CPU sec, 37.872 real sec
[M::process] read 865546 sequences (180000158 bp)...
[M::mem_process_seqs] Processed 866002 reads in 678.585 CPU sec, 37.969 real sec
[M::mem_process_seqs] Processed 865546 reads in 654.117 CPU sec, 42.999 real sec
[M::process] read 866416 sequences (180000318 bp)...
[M::process] read 866824 sequences (180000328 bp)...
[M::mem_process_seqs] Processed 866416 reads in 654.867 CPU sec, 36.952 real sec
[M::process] read 866428 sequences (180000148 bp)...
[M::mem_process_seqs] Processed 866824 reads in 668.673 CPU sec, 37.460 real sec
[M::process] read 866614 sequences (180000270 bp)...
[M::mem_process_seqs] Processed 866428 reads in 703.900 CPU sec, 39.444 real sec
[M::process] read 869506 sequences (180000046 bp)...
[M::mem_process_seqs] Processed 866614 reads in 717.435 CPU sec, 40.187 real sec
[M::process] read 890860 sequences (180000168 bp)...
[M::mem_process_seqs] Processed 869506 reads in 748.801 CPU sec, 41.926 real sec
[M::process] read 890866 sequences (180000246 bp)...
[M::mem_process_seqs] Processed 890860 reads in 683.582 CPU sec, 38.258 real sec
[M::process] read 890836 sequences (180000414 bp)...
[M::mem_process_seqs] Processed 890866 reads in 684.000 CPU sec, 38.258 real sec
[M::process] read 891010 sequences (180000131 bp)...
[M::mem_process_seqs] Processed 890836 reads in 678.451 CPU sec, 37.975 real sec
[M::process] read 891892 sequences (180000372 bp)...
[M::mem_process_seqs] Processed 891010 reads in 688.094 CPU sec, 38.522 real sec
[M::process] read 891828 sequences (180000269 bp)...
[M::mem_process_seqs] Processed 891892 reads in 722.825 CPU sec, 40.433 real sec
[M::process] read 889454 sequences (180000170 bp)...
[M::mem_process_seqs] Processed 891828 reads in 749.673 CPU sec, 41.984 real sec
[M::process] read 889158 sequences (180000047 bp)...
[M::mem_process_seqs] Processed 889454 reads in 684.027 CPU sec, 38.276 real sec
[M::process] read 889094 sequences (180000156 bp)...
[M::mem_process_seqs] Processed 889158 reads in 666.094 CPU sec, 37.253 real sec
[M::process] read 889914 sequences (180000421 bp)...
[M::mem_process_seqs] Processed 889094 reads in 657.412 CPU sec, 36.785 real sec
[M::process] read 890100 sequences (180000327 bp)...
[M::mem_process_seqs] Processed 889914 reads in 664.494 CPU sec, 37.229 real sec
[M::process] read 890096 sequences (180000278 bp)...
[M::mem_process_seqs] Processed 890100 reads in 704.863 CPU sec, 39.431 real sec
[M::process] read 890994 sequences (180000278 bp)...
[M::mem_process_seqs] Processed 890096 reads in 752.443 CPU sec, 42.068 real sec
[M::process] read 858740 sequences (180000306 bp)...
[M::mem_process_seqs] Processed 890994 reads in 685.718 CPU sec, 38.341 real sec
[M::process] read 858888 sequences (180000188 bp)...
[M::mem_process_seqs] Processed 858740 reads in 676.712 CPU sec, 37.874 real sec
[M::process] read 858734 sequences (180000289 bp)...
[M::mem_process_seqs] Processed 858888 reads in 666.173 CPU sec, 37.246 real sec
[M::process] read 858324 sequences (180000317 bp)...
[M::mem_process_seqs] Processed 858734 reads in 664.448 CPU sec, 37.181 real sec
[M::process] read 859084 sequences (180000194 bp)...
[M::mem_process_seqs] Processed 858324 reads in 687.228 CPU sec, 38.445 real sec
[M::process] read 859002 sequences (180000025 bp)...
[M::mem_process_seqs] Processed 859084 reads in 680.041 CPU sec, 38.043 real sec
[M::process] read 859206 sequences (180000435 bp)...
[M::mem_process_seqs] Processed 859002 reads in 724.669 CPU sec, 40.562 real sec
[M::process] read 858034 sequences (180000362 bp)...
[M::mem_process_seqs] Processed 859206 reads in 745.981 CPU sec, 41.773 real sec
[M::process] read 857432 sequences (180000226 bp)...
[M::mem_process_seqs] Processed 858034 reads in 684.389 CPU sec, 38.289 real sec
[M::process] read 857400 sequences (180000069 bp)...
[M::mem_process_seqs] Processed 857432 reads in 653.934 CPU sec, 36.603 real sec
[M::process] read 857602 sequences (180000107 bp)...
[M::mem_process_seqs] Processed 857400 reads in 649.139 CPU sec, 36.346 real sec
[M::process] read 857996 sequences (180000296 bp)...
[M::mem_process_seqs] Processed 857602 reads in 656.478 CPU sec, 36.736 real sec
[M::process] read 858006 sequences (180000189 bp)...
[M::mem_process_seqs] Processed 857996 reads in 653.857 CPU sec, 36.584 real sec
[M::process] read 857824 sequences (180000055 bp)...
[M::mem_process_seqs] Processed 858006 reads in 706.944 CPU sec, 39.542 real sec
[M::process] read 862780 sequences (180000037 bp)...
[M::mem_process_seqs] Processed 857824 reads in 735.656 CPU sec, 41.169 real sec
[M::mem_process_seqs] Processed 862780 reads in 715.339 CPU sec, 46.253 real sec
[M::process] read 864156 sequences (180000004 bp)...
[M::process] read 863638 sequences (180000209 bp)...
[M::mem_process_seqs] Processed 864156 reads in 676.341 CPU sec, 37.965 real sec
[M::process] read 864088 sequences (180000174 bp)...
[M::mem_process_seqs] Processed 863638 reads in 682.831 CPU sec, 38.228 real sec
[M::process] read 864316 sequences (180000319 bp)...
[M::mem_process_seqs] Processed 864088 reads in 695.581 CPU sec, 38.958 real sec
[M::process] read 864628 sequences (180000179 bp)...
[M::mem_process_seqs] Processed 864316 reads in 684.547 CPU sec, 38.316 real sec
[M::process] read 865608 sequences (180000094 bp)...
[M::mem_process_seqs] Processed 864628 reads in 698.580 CPU sec, 39.086 real sec
[M::process] read 865478 sequences (180000074 bp)...
[M::mem_process_seqs] Processed 865608 reads in 782.353 CPU sec, 43.769 real sec
[M::process] read 864072 sequences (180000173 bp)...
[M::mem_process_seqs] Processed 865478 reads in 739.927 CPU sec, 41.413 real sec
[M::process] read 862766 sequences (180000036 bp)...
[M::mem_process_seqs] Processed 864072 reads in 712.466 CPU sec, 39.863 real sec
[M::process] read 862472 sequences (180000304 bp)...
[M::mem_process_seqs] Processed 862766 reads in 685.838 CPU sec, 38.397 real sec
[M::process] read 863568 sequences (180000314 bp)...
[M::mem_process_seqs] Processed 862472 reads in 659.848 CPU sec, 36.947 real sec
[M::process] read 863260 sequences (180000358 bp)...
[M::mem_process_seqs] Processed 863568 reads in 663.430 CPU sec, 37.168 real sec
[M::process] read 863748 sequences (180000127 bp)...
[M::mem_process_seqs] Processed 863260 reads in 665.273 CPU sec, 37.227 real sec
[M::process] read 863680 sequences (180000142 bp)...
[M::mem_process_seqs] Processed 863748 reads in 667.851 CPU sec, 37.405 real sec
[M::process] read 864500 sequences (180000393 bp)...
[M::mem_process_seqs] Processed 863680 reads in 701.824 CPU sec, 39.254 real sec
[M::process] read 864324 sequences (180000012 bp)...
[M::mem_process_seqs] Processed 864500 reads in 745.618 CPU sec, 41.720 real sec
[M::process] read 866978 sequences (180000096 bp)...
[M::mem_process_seqs] Processed 864324 reads in 748.034 CPU sec, 41.885 real sec
[M::process] read 868482 sequences (180000384 bp)...
[M::mem_process_seqs] Processed 866978 reads in 692.338 CPU sec, 38.735 real sec
[M::process] read 867886 sequences (180000077 bp)...
[M::mem_process_seqs] Processed 868482 reads in 660.636 CPU sec, 36.971 real sec
[M::process] read 868320 sequences (180000190 bp)...
[M::mem_process_seqs] Processed 867886 reads in 669.810 CPU sec, 37.472 real sec
[M::process] read 868112 sequences (180000082 bp)...
[M::mem_process_seqs] Processed 868320 reads in 682.882 CPU sec, 38.232 real sec
[M::process] read 867636 sequences (180000242 bp)...
[M::mem_process_seqs] Processed 868112 reads in 648.702 CPU sec, 36.318 real sec
[M::process] read 867908 sequences (180000142 bp)...
[M::mem_process_seqs] Processed 867636 reads in 662.972 CPU sec, 37.096 real sec
[M::process] read 868352 sequences (180000135 bp)...
[M::mem_process_seqs] Processed 867908 reads in 678.715 CPU sec, 37.994 real sec
[M::process] read 869720 sequences (180000471 bp)...
[M::mem_process_seqs] Processed 868352 reads in 678.392 CPU sec, 37.982 real sec
[M::process] read 867848 sequences (180000109 bp)...
[M::mem_process_seqs] Processed 869720 reads in 738.147 CPU sec, 41.316 real sec
[M::process] read 866562 sequences (180000006 bp)...
[M::mem_process_seqs] Processed 867848 reads in 667.501 CPU sec, 37.335 real sec
[M::process] read 866538 sequences (180000072 bp)...
[M::mem_process_seqs] Processed 866562 reads in 654.170 CPU sec, 36.603 real sec
[M::process] read 866990 sequences (180000290 bp)...
[M::mem_process_seqs] Processed 866538 reads in 715.501 CPU sec, 40.014 real sec
[M::process] read 866336 sequences (180000214 bp)...
[M::mem_process_seqs] Processed 866990 reads in 747.283 CPU sec, 41.820 real sec
[M::process] read 865900 sequences (180000226 bp)...
[M::mem_process_seqs] Processed 866336 reads in 688.619 CPU sec, 38.533 real sec
[M::process] read 867016 sequences (180000259 bp)...
[M::mem_process_seqs] Processed 865900 reads in 669.163 CPU sec, 37.447 real sec
[M::process] read 867388 sequences (180000317 bp)...
[M::mem_process_seqs] Processed 867016 reads in 711.633 CPU sec, 39.807 real sec
[M::process] read 887710 sequences (180000316 bp)...
[M::mem_process_seqs] Processed 867388 reads in 710.770 CPU sec, 39.760 real sec
[M::mem_process_seqs] Processed 887710 reads in 687.352 CPU sec, 43.909 real sec
[M::process] read 890942 sequences (180000203 bp)...
[M::process] read 890430 sequences (180000323 bp)...
[M::mem_process_seqs] Processed 890942 reads in 678.922 CPU sec, 37.992 real sec
[M::process] read 889870 sequences (180000057 bp)...
[M::mem_process_seqs] Processed 890430 reads in 691.800 CPU sec, 38.728 real sec
[M::process] read 890184 sequences (180000242 bp)...
[M::mem_process_seqs] Processed 889870 reads in 667.119 CPU sec, 37.330 real sec
[M::process] read 890864 sequences (180000309 bp)...
[M::mem_process_seqs] Processed 890184 reads in 678.157 CPU sec, 37.946 real sec
[M::process] read 891884 sequences (180000180 bp)...
[M::mem_process_seqs] Processed 890864 reads in 689.859 CPU sec, 38.616 real sec
[M::process] read 889522 sequences (180000376 bp)...
[M::mem_process_seqs] Processed 891884 reads in 721.834 CPU sec, 40.395 real sec
[M::process] read 888814 sequences (180000085 bp)...
[M::mem_process_seqs] Processed 889522 reads in 670.382 CPU sec, 37.557 real sec
[M::process] read 889904 sequences (180000338 bp)...
[M::mem_process_seqs] Processed 888814 reads in 656.014 CPU sec, 36.712 real sec
[M::process] read 889202 sequences (180000358 bp)...
[M::mem_process_seqs] Processed 889904 reads in 775.739 CPU sec, 43.372 real sec
[M::process] read 889270 sequences (180000012 bp)...
[M::mem_process_seqs] Processed 889202 reads in 689.033 CPU sec, 38.551 real sec
[M::process] read 889996 sequences (180000125 bp)...
[M::mem_process_seqs] Processed 889270 reads in 672.799 CPU sec, 37.661 real sec
[M::process] read 879020 sequences (180000169 bp)...
[M::mem_process_seqs] Processed 889996 reads in 718.874 CPU sec, 40.237 real sec
[M::process] read 857758 sequences (180000141 bp)...
[M::mem_process_seqs] Processed 879020 reads in 700.579 CPU sec, 39.252 real sec
[M::process] read 858592 sequences (180000149 bp)...
[M::mem_process_seqs] Processed 857758 reads in 655.254 CPU sec, 36.654 real sec
[M::process] read 858324 sequences (180000377 bp)...
[M::mem_process_seqs] Processed 858592 reads in 663.911 CPU sec, 37.160 real sec
[M::process] read 858032 sequences (180000249 bp)...
[M::mem_process_seqs] Processed 858324 reads in 696.308 CPU sec, 38.942 real sec
[M::process] read 858332 sequences (180000163 bp)...
[M::mem_process_seqs] Processed 858032 reads in 654.586 CPU sec, 36.676 real sec
[M::process] read 858368 sequences (180000025 bp)...
[M::mem_process_seqs] Processed 858332 reads in 666.711 CPU sec, 37.338 real sec
[M::process] read 858514 sequences (180000342 bp)...
[M::mem_process_seqs] Processed 858368 reads in 673.320 CPU sec, 37.689 real sec
[M::process] read 859440 sequences (180000384 bp)...
[M::mem_process_seqs] Processed 858514 reads in 708.089 CPU sec, 39.627 real sec
[M::process] read 857456 sequences (180000196 bp)...
[M::mem_process_seqs] Processed 859440 reads in 692.338 CPU sec, 38.740 real sec
[M::process] read 857212 sequences (180000206 bp)...
[M::mem_process_seqs] Processed 857456 reads in 658.594 CPU sec, 36.842 real sec
[M::process] read 857906 sequences (180000295 bp)...
[M::mem_process_seqs] Processed 857212 reads in 648.649 CPU sec, 36.299 real sec
[M::process] read 857180 sequences (180000304 bp)...
[M::mem_process_seqs] Processed 857906 reads in 674.904 CPU sec, 37.792 real sec
[M::process] read 857070 sequences (180000302 bp)...
[M::mem_process_seqs] Processed 857180 reads in 688.273 CPU sec, 38.529 real sec
[M::process] read 857146 sequences (180000375 bp)...
[M::mem_process_seqs] Processed 857070 reads in 661.134 CPU sec, 37.045 real sec
[M::process] read 857642 sequences (180000402 bp)...
[M::mem_process_seqs] Processed 857146 reads in 772.054 CPU sec, 43.243 real sec
[M::process] read 859634 sequences (180000182 bp)...
[M::mem_process_seqs] Processed 857642 reads in 689.637 CPU sec, 38.579 real sec
[M::process] read 863460 sequences (180000178 bp)...
[M::mem_process_seqs] Processed 859634 reads in 704.464 CPU sec, 39.408 real sec
[M::process] read 863776 sequences (180000313 bp)...
[M::mem_process_seqs] Processed 863460 reads in 685.172 CPU sec, 38.333 real sec
[M::process] read 864006 sequences (180000210 bp)...
[M::mem_process_seqs] Processed 863776 reads in 690.483 CPU sec, 38.654 real sec
[M::process] read 863480 sequences (180000087 bp)...
[M::mem_process_seqs] Processed 864006 reads in 679.487 CPU sec, 38.025 real sec
[M::mem_process_seqs] Processed 863480 reads in 712.168 CPU sec, 45.840 real sec
[M::process] read 863494 sequences (180000273 bp)...
[M::process] read 863910 sequences (180000230 bp)...
[M::mem_process_seqs] Processed 863494 reads in 669.111 CPU sec, 37.614 real sec
[M::process] read 864684 sequences (180000113 bp)...
[M::mem_process_seqs] Processed 863910 reads in 685.626 CPU sec, 38.368 real sec
[M::process] read 864854 sequences (180000181 bp)...
[M::mem_process_seqs] Processed 864684 reads in 707.012 CPU sec, 39.591 real sec
[M::process] read 865880 sequences (180000094 bp)...
[M::mem_process_seqs] Processed 864854 reads in 719.463 CPU sec, 40.208 real sec
[M::process] read 863460 sequences (180000147 bp)...
[M::mem_process_seqs] Processed 865880 reads in 710.881 CPU sec, 39.724 real sec
[M::process] read 862694 sequences (180000081 bp)...
[M::mem_process_seqs] Processed 863460 reads in 677.612 CPU sec, 37.891 real sec
[M::process] read 862430 sequences (180000423 bp)...
[M::mem_process_seqs] Processed 862694 reads in 655.760 CPU sec, 36.700 real sec
[M::process] read 863172 sequences (180000269 bp)...
[M::mem_process_seqs] Processed 862430 reads in 794.940 CPU sec, 44.447 real sec
[M::process] read 862766 sequences (180000314 bp)...
[M::mem_process_seqs] Processed 863172 reads in 692.697 CPU sec, 38.887 real sec
[M::process] read 863468 sequences (180000054 bp)...
[M::mem_process_seqs] Processed 862766 reads in 701.374 CPU sec, 39.215 real sec
[M::process] read 863712 sequences (180000485 bp)...
[M::mem_process_seqs] Processed 863468 reads in 696.269 CPU sec, 38.967 real sec
[M::process] read 864196 sequences (180000167 bp)...
[M::mem_process_seqs] Processed 863712 reads in 701.254 CPU sec, 39.215 real sec
[M::process] read 808216 sequences (180000066 bp)...
[M::mem_process_seqs] Processed 864196 reads in 700.667 CPU sec, 39.194 real sec
[M::process] read 743914 sequences (180000278 bp)...
[M::mem_process_seqs] Processed 808216 reads in 969.186 CPU sec, 54.198 real sec
[M::process] read 743636 sequences (180000096 bp)...
[M::mem_process_seqs] Processed 743914 reads in 1289.231 CPU sec, 72.064 real sec
[M::process] read 745070 sequences (180000194 bp)...
[M::mem_process_seqs] Processed 743636 reads in 1266.669 CPU sec, 70.757 real sec
[M::process] read 744698 sequences (180000397 bp)...
[M::mem_process_seqs] Processed 745070 reads in 1296.169 CPU sec, 72.409 real sec
[M::process] read 744468 sequences (180000232 bp)...
[M::mem_process_seqs] Processed 744698 reads in 1283.466 CPU sec, 71.777 real sec
[M::process] read 745192 sequences (180000078 bp)...
[M::mem_process_seqs] Processed 744468 reads in 1318.919 CPU sec, 73.727 real sec
[M::process] read 744126 sequences (180000035 bp)...
[M::mem_process_seqs] Processed 745192 reads in 1354.910 CPU sec, 75.718 real sec
[M::process] read 744346 sequences (180000533 bp)...
[M::mem_process_seqs] Processed 744126 reads in 1323.120 CPU sec, 74.016 real sec
[M::process] read 743628 sequences (180000530 bp)...
[M::mem_process_seqs] Processed 744346 reads in 1276.706 CPU sec, 71.371 real sec
[M::process] read 743124 sequences (180000129 bp)...
[M::mem_process_seqs] Processed 743628 reads in 1262.830 CPU sec, 70.601 real sec
[M::process] read 743334 sequences (180000099 bp)...
[M::mem_process_seqs] Processed 743124 reads in 1256.215 CPU sec, 70.210 real sec
[M::process] read 743638 sequences (180000106 bp)...
[M::mem_process_seqs] Processed 743334 reads in 1323.167 CPU sec, 73.964 real sec
[M::process] read 744712 sequences (180000294 bp)...
[M::mem_process_seqs] Processed 743638 reads in 1274.678 CPU sec, 71.274 real sec
[M::process] read 744888 sequences (180000181 bp)...
[M::mem_process_seqs] Processed 744712 reads in 1320.378 CPU sec, 73.809 real sec
[M::process] read 744748 sequences (180000300 bp)...
[M::mem_process_seqs] Processed 744888 reads in 1323.573 CPU sec, 74.029 real sec
[M::process] read 745164 sequences (180000027 bp)...
[M::mem_process_seqs] Processed 744748 reads in 1311.815 CPU sec, 73.332 real sec
[M::process] read 744828 sequences (180000146 bp)...
[M::mem_process_seqs] Processed 745164 reads in 1370.547 CPU sec, 76.609 real sec
[M::process] read 745224 sequences (180000098 bp)...
[M::mem_process_seqs] Processed 744828 reads in 1348.227 CPU sec, 75.423 real sec
[M::process] read 744390 sequences (180000206 bp)...
[M::mem_process_seqs] Processed 745224 reads in 1355.905 CPU sec, 75.837 real sec
[M::process] read 744904 sequences (180000296 bp)...
[M::mem_process_seqs] Processed 744390 reads in 1356.797 CPU sec, 75.881 real sec
[M::mem_process_seqs] Processed 744904 reads in 1315.158 CPU sec, 80.818 real sec
[M::process] read 743484 sequences (180000233 bp)...
[M::process] read 743740 sequences (180000487 bp)...
[M::mem_process_seqs] Processed 743484 reads in 1266.951 CPU sec, 71.338 real sec
[M::process] read 821950 sequences (180000300 bp)...
[M::mem_process_seqs] Processed 743740 reads in 1300.292 CPU sec, 72.711 real sec
[M::process] read 829394 sequences (180000050 bp)...
[M::mem_process_seqs] Processed 821950 reads in 1302.839 CPU sec, 72.843 real sec
[M::process] read 834882 sequences (180000286 bp)...
[M::mem_process_seqs] Processed 829394 reads in 1339.963 CPU sec, 74.948 real sec
[M::process] read 826564 sequences (180000164 bp)...
[M::mem_process_seqs] Processed 834882 reads in 1352.990 CPU sec, 75.657 real sec
[M::process] read 838260 sequences (180000363 bp)...
[M::mem_process_seqs] Processed 826564 reads in 1393.682 CPU sec, 77.881 real sec
[M::process] read 826112 sequences (180000256 bp)...
[M::mem_process_seqs] Processed 838260 reads in 1332.800 CPU sec, 74.483 real sec
[M::process] read 829334 sequences (180000265 bp)...
[M::mem_process_seqs] Processed 826112 reads in 1325.594 CPU sec, 74.110 real sec
[M::process] read 829148 sequences (180000204 bp)...
[M::mem_process_seqs] Processed 829334 reads in 1376.605 CPU sec, 76.993 real sec
[M::process] read 836046 sequences (180000224 bp)...
[M::mem_process_seqs] Processed 829148 reads in 1351.755 CPU sec, 75.553 real sec
[M::process] read 826074 sequences (180000335 bp)...
[M::mem_process_seqs] Processed 836046 reads in 1312.401 CPU sec, 73.389 real sec
[M::process] read 819564 sequences (180000167 bp)...
[M::mem_process_seqs] Processed 826074 reads in 1305.670 CPU sec, 72.959 real sec
[M::process] read 760862 sequences (180000256 bp)...
[M::mem_process_seqs] Processed 819564 reads in 1507.900 CPU sec, 84.271 real sec
[M::process] read 211461 sequences (49779729 bp)...
[M::mem_process_seqs] Processed 760862 reads in 2483.489 CPU sec, 138.715 real sec
[M::mem_process_seqs] Processed 211461 reads in 703.259 CPU sec, 39.376 real sec
[main] Version: 0.7.17-r1188
[main] CMD: bwa mem -t 18 -R @RG\tID:b317\tSM:b317 /home/jilong/spider2/faststorage/social_spiders_2020/people/jilong/chapter1_social/steps/population_vcf/spider/Stegodyphus_dumicola/mapping/reference/DUM_hifi_hic_scaffolded_trim.fa /dev/fd/63
[main] Real time: 9764.168 sec; CPU: 172857.739 sec
[bam_sort_core] merging from 6 files and 17 in-memory blocks...
