[M::bwa_idx_load_from_disk] read 0 ALT contigs
[M::process] read 805136 sequences (180000067 bp)...
[M::process] read 805204 sequences (180000013 bp)...
[M::mem_process_seqs] Processed 805136 reads in 1152.083 CPU sec, 64.828 real sec
[M::process] read 805318 sequences (180000165 bp)...
[M::mem_process_seqs] Processed 805204 reads in 1167.979 CPU sec, 66.790 real sec
[M::process] read 805370 sequences (180000124 bp)...
[M::mem_process_seqs] Processed 805318 reads in 1152.633 CPU sec, 64.615 real sec
[M::process] read 805762 sequences (180000336 bp)...
[M::mem_process_seqs] Processed 805370 reads in 1162.697 CPU sec, 65.376 real sec
[M::process] read 807614 sequences (180000305 bp)...
[M::mem_process_seqs] Processed 805762 reads in 1120.817 CPU sec, 63.321 real sec
[M::process] read 807532 sequences (180000004 bp)...
[M::mem_process_seqs] Processed 807614 reads in 1103.066 CPU sec, 62.256 real sec
[M::process] read 805152 sequences (180000375 bp)...
[M::mem_process_seqs] Processed 807532 reads in 1147.111 CPU sec, 64.176 real sec
[M::process] read 806546 sequences (180000019 bp)...
[M::mem_process_seqs] Processed 805152 reads in 1127.130 CPU sec, 63.126 real sec
[M::process] read 808072 sequences (180000279 bp)...
[M::mem_process_seqs] Processed 806546 reads in 1108.409 CPU sec, 62.263 real sec
[M::process] read 807774 sequences (180000500 bp)...
[M::mem_process_seqs] Processed 808072 reads in 1100.031 CPU sec, 62.014 real sec
[M::process] read 804800 sequences (180000055 bp)...
[M::mem_process_seqs] Processed 807774 reads in 1124.217 CPU sec, 63.335 real sec
[M::process] read 805724 sequences (180000187 bp)...
[M::mem_process_seqs] Processed 804800 reads in 1120.526 CPU sec, 63.324 real sec
[M::process] read 806104 sequences (180000122 bp)...
[M::mem_process_seqs] Processed 805724 reads in 1088.613 CPU sec, 61.186 real sec
[M::process] read 806204 sequences (180000331 bp)...
[M::mem_process_seqs] Processed 806104 reads in 1081.754 CPU sec, 60.567 real sec
[M::process] read 804740 sequences (180000151 bp)...
[M::mem_process_seqs] Processed 806204 reads in 1093.205 CPU sec, 61.721 real sec
[M::process] read 804560 sequences (180000261 bp)...
[M::mem_process_seqs] Processed 804740 reads in 1106.683 CPU sec, 62.295 real sec
[M::process] read 805456 sequences (180000477 bp)...
[M::mem_process_seqs] Processed 804560 reads in 1113.451 CPU sec, 63.161 real sec
[M::process] read 805526 sequences (180000365 bp)...
[M::mem_process_seqs] Processed 805456 reads in 1093.224 CPU sec, 62.462 real sec
[M::process] read 805228 sequences (180000003 bp)...
[M::mem_process_seqs] Processed 805526 reads in 1096.380 CPU sec, 62.421 real sec
[M::process] read 805498 sequences (180000414 bp)...
[M::mem_process_seqs] Processed 805228 reads in 1089.833 CPU sec, 61.437 real sec
[M::process] read 805532 sequences (180000044 bp)...
[M::mem_process_seqs] Processed 805498 reads in 1137.067 CPU sec, 63.958 real sec
[M::process] read 788920 sequences (180000140 bp)...
[M::mem_process_seqs] Processed 805532 reads in 1196.017 CPU sec, 67.423 real sec
[M::process] read 786850 sequences (180000161 bp)...
[M::mem_process_seqs] Processed 788920 reads in 949.506 CPU sec, 55.187 real sec
[M::process] read 786976 sequences (180000420 bp)...
[M::mem_process_seqs] Processed 786850 reads in 942.490 CPU sec, 53.108 real sec
[M::process] read 787678 sequences (180000441 bp)...
[M::mem_process_seqs] Processed 786976 reads in 937.871 CPU sec, 53.398 real sec
[M::process] read 786836 sequences (180000080 bp)...
[M::mem_process_seqs] Processed 787678 reads in 986.929 CPU sec, 55.218 real sec
[M::process] read 786572 sequences (180000335 bp)...
[M::mem_process_seqs] Processed 786836 reads in 1058.618 CPU sec, 59.281 real sec
[M::process] read 787944 sequences (180000283 bp)...
[M::mem_process_seqs] Processed 786572 reads in 992.339 CPU sec, 56.406 real sec
[M::process] read 787322 sequences (180000165 bp)...
[M::mem_process_seqs] Processed 787944 reads in 983.369 CPU sec, 55.910 real sec
[M::process] read 787848 sequences (180000254 bp)...
[M::mem_process_seqs] Processed 787322 reads in 986.540 CPU sec, 55.804 real sec
[M::process] read 786592 sequences (180000330 bp)...
[M::mem_process_seqs] Processed 787848 reads in 1028.070 CPU sec, 57.872 real sec
[M::process] read 786636 sequences (180000258 bp)...
[M::mem_process_seqs] Processed 786592 reads in 998.707 CPU sec, 56.161 real sec
[M::process] read 786542 sequences (180000464 bp)...
[M::mem_process_seqs] Processed 786636 reads in 909.300 CPU sec, 51.098 real sec
[M::process] read 787034 sequences (180000392 bp)...
[M::mem_process_seqs] Processed 786542 reads in 910.211 CPU sec, 51.082 real sec
[M::process] read 787598 sequences (180000086 bp)...
[M::mem_process_seqs] Processed 787034 reads in 916.465 CPU sec, 51.328 real sec
[M::mem_process_seqs] Processed 787598 reads in 970.300 CPU sec, 62.942 real sec
[M::process] read 786536 sequences (180000058 bp)...
[M::process] read 786168 sequences (180000280 bp)...
[M::mem_process_seqs] Processed 786536 reads in 937.961 CPU sec, 53.084 real sec
[M::process] read 786876 sequences (180000092 bp)...
[M::mem_process_seqs] Processed 786168 reads in 899.980 CPU sec, 51.185 real sec
[M::process] read 787344 sequences (180000243 bp)...
[M::mem_process_seqs] Processed 786876 reads in 911.270 CPU sec, 51.495 real sec
[M::process] read 787936 sequences (180000056 bp)...
[M::mem_process_seqs] Processed 787344 reads in 919.837 CPU sec, 52.356 real sec
[M::process] read 786802 sequences (180000136 bp)...
[M::mem_process_seqs] Processed 787936 reads in 944.434 CPU sec, 52.927 real sec
[M::process] read 786496 sequences (180000289 bp)...
[M::mem_process_seqs] Processed 786802 reads in 917.053 CPU sec, 53.765 real sec
[M::process] read 786922 sequences (180000234 bp)...
[M::mem_process_seqs] Processed 786496 reads in 926.024 CPU sec, 52.917 real sec
[M::process] read 787250 sequences (180000076 bp)...
[M::mem_process_seqs] Processed 786922 reads in 927.546 CPU sec, 52.669 real sec
[M::process] read 787556 sequences (180000002 bp)...
[M::mem_process_seqs] Processed 787250 reads in 971.915 CPU sec, 54.558 real sec
[M::process] read 786884 sequences (180000096 bp)...
[M::mem_process_seqs] Processed 787556 reads in 1007.264 CPU sec, 56.480 real sec
[M::process] read 786704 sequences (180000012 bp)...
[M::mem_process_seqs] Processed 786884 reads in 996.158 CPU sec, 56.721 real sec
[M::process] read 787158 sequences (180000383 bp)...
[M::mem_process_seqs] Processed 786704 reads in 1049.912 CPU sec, 58.766 real sec
[M::process] read 787512 sequences (180000176 bp)...
[M::mem_process_seqs] Processed 787158 reads in 1028.600 CPU sec, 57.597 real sec
[M::process] read 787408 sequences (180000297 bp)...
[M::mem_process_seqs] Processed 787512 reads in 1085.019 CPU sec, 60.793 real sec
[M::process] read 786200 sequences (180000378 bp)...
[M::mem_process_seqs] Processed 787408 reads in 1147.493 CPU sec, 64.411 real sec
[M::process] read 786604 sequences (180000165 bp)...
[M::mem_process_seqs] Processed 786200 reads in 935.192 CPU sec, 52.460 real sec
[M::process] read 786904 sequences (180000483 bp)...
[M::mem_process_seqs] Processed 786604 reads in 935.353 CPU sec, 52.636 real sec
[M::process] read 787274 sequences (180000179 bp)...
[M::mem_process_seqs] Processed 786904 reads in 957.115 CPU sec, 54.360 real sec
[M::process] read 786476 sequences (180000197 bp)...
[M::mem_process_seqs] Processed 787274 reads in 1052.098 CPU sec, 59.727 real sec
[M::process] read 786772 sequences (180000381 bp)...
[M::mem_process_seqs] Processed 786476 reads in 956.714 CPU sec, 53.638 real sec
[M::process] read 786938 sequences (180000297 bp)...
[M::mem_process_seqs] Processed 786772 reads in 945.901 CPU sec, 53.066 real sec
[M::process] read 786850 sequences (180000104 bp)...
[M::mem_process_seqs] Processed 786938 reads in 958.095 CPU sec, 53.693 real sec
[M::process] read 786788 sequences (180000385 bp)...
[M::mem_process_seqs] Processed 786850 reads in 1038.722 CPU sec, 58.407 real sec
[M::process] read 786776 sequences (180000009 bp)...
[M::mem_process_seqs] Processed 786788 reads in 1009.079 CPU sec, 56.716 real sec
[M::process] read 786836 sequences (180000145 bp)...
[M::mem_process_seqs] Processed 786776 reads in 953.388 CPU sec, 54.100 real sec
[M::process] read 786952 sequences (180000039 bp)...
[M::mem_process_seqs] Processed 786836 reads in 949.866 CPU sec, 53.191 real sec
[M::process] read 786858 sequences (180000037 bp)...
[M::mem_process_seqs] Processed 786952 reads in 964.754 CPU sec, 53.969 real sec
[M::process] read 786310 sequences (180000354 bp)...
[M::mem_process_seqs] Processed 786858 reads in 1049.438 CPU sec, 58.954 real sec
[M::process] read 787086 sequences (180000341 bp)...
[M::mem_process_seqs] Processed 786310 reads in 950.599 CPU sec, 53.204 real sec
[M::process] read 786974 sequences (180000099 bp)...
[M::mem_process_seqs] Processed 787086 reads in 1041.745 CPU sec, 59.468 real sec
[M::process] read 786902 sequences (180000139 bp)...
[M::mem_process_seqs] Processed 786974 reads in 954.572 CPU sec, 53.576 real sec
[M::process] read 786810 sequences (180000438 bp)...
[M::mem_process_seqs] Processed 786902 reads in 986.456 CPU sec, 55.382 real sec
[M::process] read 787138 sequences (180000187 bp)...
[M::mem_process_seqs] Processed 786810 reads in 996.135 CPU sec, 55.965 real sec
[M::mem_process_seqs] Processed 787138 reads in 964.371 CPU sec, 62.999 real sec
[M::process] read 786442 sequences (180000118 bp)...
[M::process] read 786356 sequences (180000434 bp)...
[M::mem_process_seqs] Processed 786442 reads in 908.367 CPU sec, 50.972 real sec
[M::process] read 786426 sequences (180000389 bp)...
[M::mem_process_seqs] Processed 786356 reads in 932.769 CPU sec, 52.431 real sec
[M::process] read 787020 sequences (180000374 bp)...
[M::mem_process_seqs] Processed 786426 reads in 923.066 CPU sec, 51.740 real sec
[M::process] read 786496 sequences (180000269 bp)...
[M::mem_process_seqs] Processed 787020 reads in 949.053 CPU sec, 53.125 real sec
[M::process] read 786240 sequences (180000286 bp)...
[M::mem_process_seqs] Processed 786496 reads in 921.320 CPU sec, 51.730 real sec
[M::process] read 786608 sequences (180000347 bp)...
[M::mem_process_seqs] Processed 786240 reads in 884.448 CPU sec, 49.766 real sec
[M::process] read 786756 sequences (180000383 bp)...
[M::mem_process_seqs] Processed 786608 reads in 902.074 CPU sec, 50.631 real sec
[M::process] read 787274 sequences (180000387 bp)...
[M::mem_process_seqs] Processed 786756 reads in 908.656 CPU sec, 50.951 real sec
[M::process] read 786194 sequences (180000312 bp)...
[M::mem_process_seqs] Processed 787274 reads in 930.372 CPU sec, 52.842 real sec
[M::process] read 785786 sequences (180000064 bp)...
[M::mem_process_seqs] Processed 786194 reads in 913.242 CPU sec, 51.526 real sec
[M::process] read 786276 sequences (180000330 bp)...
[M::mem_process_seqs] Processed 785786 reads in 884.236 CPU sec, 49.679 real sec
[M::process] read 786950 sequences (180000405 bp)...
[M::mem_process_seqs] Processed 786276 reads in 982.867 CPU sec, 55.538 real sec
[M::process] read 786948 sequences (180000079 bp)...
[M::mem_process_seqs] Processed 786950 reads in 911.246 CPU sec, 51.615 real sec
[M::process] read 785924 sequences (180000157 bp)...
[M::mem_process_seqs] Processed 786948 reads in 941.652 CPU sec, 52.790 real sec
[M::process] read 786332 sequences (180000404 bp)...
[M::mem_process_seqs] Processed 785924 reads in 910.253 CPU sec, 51.006 real sec
[M::process] read 786450 sequences (180000302 bp)...
[M::mem_process_seqs] Processed 786332 reads in 916.746 CPU sec, 51.547 real sec
[M::process] read 787208 sequences (180000320 bp)...
[M::mem_process_seqs] Processed 786450 reads in 1001.525 CPU sec, 56.301 real sec
[M::process] read 786664 sequences (180000148 bp)...
[M::mem_process_seqs] Processed 787208 reads in 957.125 CPU sec, 53.617 real sec
[M::process] read 786506 sequences (180000149 bp)...
[M::mem_process_seqs] Processed 786664 reads in 945.406 CPU sec, 53.607 real sec
[M::process] read 786146 sequences (180000145 bp)...
[M::mem_process_seqs] Processed 786506 reads in 913.832 CPU sec, 51.630 real sec
[M::process] read 786804 sequences (180000435 bp)...
[M::mem_process_seqs] Processed 786146 reads in 962.666 CPU sec, 54.129 real sec
[M::process] read 786970 sequences (180000086 bp)...
[M::mem_process_seqs] Processed 786804 reads in 931.951 CPU sec, 52.545 real sec
[M::process] read 786778 sequences (180000384 bp)...
[M::mem_process_seqs] Processed 786970 reads in 945.242 CPU sec, 52.975 real sec
[M::process] read 788352 sequences (180000515 bp)...
[M::mem_process_seqs] Processed 786778 reads in 920.137 CPU sec, 51.599 real sec
[M::process] read 787740 sequences (180000517 bp)...
[M::mem_process_seqs] Processed 788352 reads in 906.969 CPU sec, 51.099 real sec
[M::process] read 787922 sequences (180000334 bp)...
[M::mem_process_seqs] Processed 787740 reads in 913.581 CPU sec, 51.606 real sec
[M::process] read 788374 sequences (180000302 bp)...
[M::mem_process_seqs] Processed 787922 reads in 905.435 CPU sec, 50.865 real sec
[M::process] read 787454 sequences (180000331 bp)...
[M::mem_process_seqs] Processed 788374 reads in 937.933 CPU sec, 53.118 real sec
[M::process] read 787904 sequences (180000449 bp)...
[M::mem_process_seqs] Processed 787454 reads in 928.250 CPU sec, 52.132 real sec
[M::process] read 788542 sequences (180000390 bp)...
[M::mem_process_seqs] Processed 787904 reads in 922.979 CPU sec, 51.904 real sec
[M::process] read 788130 sequences (180000248 bp)...
[M::mem_process_seqs] Processed 788542 reads in 910.159 CPU sec, 51.098 real sec
[M::process] read 788200 sequences (180000031 bp)...
[M::mem_process_seqs] Processed 788130 reads in 922.960 CPU sec, 51.735 real sec
[M::process] read 787706 sequences (180000409 bp)...
[M::mem_process_seqs] Processed 788200 reads in 944.925 CPU sec, 52.950 real sec
[M::process] read 787478 sequences (180000147 bp)...
[M::mem_process_seqs] Processed 787706 reads in 902.911 CPU sec, 50.652 real sec
[M::mem_process_seqs] Processed 787478 reads in 868.839 CPU sec, 57.669 real sec
[M::process] read 788346 sequences (180000186 bp)...
[M::process] read 788462 sequences (180000009 bp)...
[M::mem_process_seqs] Processed 788346 reads in 909.863 CPU sec, 51.798 real sec
[M::process] read 787594 sequences (180000214 bp)...
[M::mem_process_seqs] Processed 788462 reads in 929.259 CPU sec, 53.499 real sec
[M::process] read 787258 sequences (180000057 bp)...
[M::mem_process_seqs] Processed 787594 reads in 917.800 CPU sec, 52.249 real sec
[M::process] read 788032 sequences (180000255 bp)...
[M::mem_process_seqs] Processed 787258 reads in 873.473 CPU sec, 54.864 real sec
[M::process] read 788264 sequences (180000186 bp)...
[M::mem_process_seqs] Processed 788032 reads in 889.160 CPU sec, 54.166 real sec
[M::process] read 788336 sequences (180000267 bp)...
[M::mem_process_seqs] Processed 788264 reads in 948.307 CPU sec, 54.161 real sec
[M::process] read 787820 sequences (180000280 bp)...
[M::mem_process_seqs] Processed 788336 reads in 971.767 CPU sec, 57.266 real sec
[M::process] read 788030 sequences (180000085 bp)...
[M::mem_process_seqs] Processed 787820 reads in 935.899 CPU sec, 53.159 real sec
[M::process] read 788620 sequences (180000091 bp)...
[M::mem_process_seqs] Processed 788030 reads in 917.337 CPU sec, 54.654 real sec
[M::process] read 788736 sequences (180000334 bp)...
[M::mem_process_seqs] Processed 788620 reads in 924.105 CPU sec, 53.893 real sec
[M::process] read 787944 sequences (180000050 bp)...
[M::mem_process_seqs] Processed 788736 reads in 978.509 CPU sec, 59.857 real sec
[M::process] read 791776 sequences (180000082 bp)...
[M::mem_process_seqs] Processed 787944 reads in 940.884 CPU sec, 56.622 real sec
[M::process] read 786166 sequences (180000201 bp)...
[M::mem_process_seqs] Processed 791776 reads in 2038.622 CPU sec, 116.018 real sec
[M::process] read 778036 sequences (180000125 bp)...
[M::mem_process_seqs] Processed 786166 reads in 2081.385 CPU sec, 122.513 real sec
[M::process] read 778694 sequences (180000431 bp)...
[M::mem_process_seqs] Processed 778036 reads in 1784.888 CPU sec, 101.482 real sec
[M::process] read 778132 sequences (180000163 bp)...
[M::mem_process_seqs] Processed 778694 reads in 1946.829 CPU sec, 109.901 real sec
[M::process] read 777254 sequences (180000287 bp)...
[M::mem_process_seqs] Processed 778132 reads in 1803.263 CPU sec, 101.673 real sec
[M::process] read 663887 sequences (153935097 bp)...
[M::mem_process_seqs] Processed 777254 reads in 1802.287 CPU sec, 101.951 real sec
[M::mem_process_seqs] Processed 663887 reads in 1583.267 CPU sec, 93.468 real sec
[main] Version: 0.7.17-r1188
[main] CMD: bwa mem -t 18 -R @RG\tID:b357\tSM:b357 /home/jilong/spider2/faststorage/social_spiders_2020/people/jilong/chapter1_social/steps/population_vcf/spider/Stegodyphus_dumicola/mapping/reference/DUM_hifi_hic_scaffolded_trim.fa /dev/fd/63
[main] Real time: 7308.742 sec; CPU: 128070.739 sec
[bam_sort_core] merging from 3 files and 17 in-memory blocks...
