[M::bwa_idx_load_from_disk] read 0 ALT contigs
[M::process] read 770260 sequences (180000335 bp)...
[M::process] read 770204 sequences (180000346 bp)...
[M::mem_process_seqs] Processed 770260 reads in 811.331 CPU sec, 45.411 real sec
[M::process] read 770762 sequences (180000227 bp)...
[M::mem_process_seqs] Processed 770204 reads in 800.435 CPU sec, 44.802 real sec
[M::process] read 770526 sequences (180000291 bp)...
[M::mem_process_seqs] Processed 770762 reads in 802.303 CPU sec, 44.894 real sec
[M::process] read 770690 sequences (180000122 bp)...
[M::mem_process_seqs] Processed 770526 reads in 804.465 CPU sec, 45.058 real sec
[M::process] read 770884 sequences (180000429 bp)...
[M::mem_process_seqs] Processed 770690 reads in 915.467 CPU sec, 51.210 real sec
[M::process] read 769898 sequences (180000166 bp)...
[M::mem_process_seqs] Processed 770884 reads in 865.786 CPU sec, 48.504 real sec
[M::process] read 769486 sequences (180000250 bp)...
[M::mem_process_seqs] Processed 769898 reads in 913.015 CPU sec, 51.083 real sec
[M::process] read 769514 sequences (180000026 bp)...
[M::mem_process_seqs] Processed 769486 reads in 878.151 CPU sec, 49.139 real sec
[M::process] read 770392 sequences (180000340 bp)...
[M::mem_process_seqs] Processed 769514 reads in 857.441 CPU sec, 48.009 real sec
[M::process] read 769772 sequences (180000506 bp)...
[M::mem_process_seqs] Processed 770392 reads in 867.172 CPU sec, 48.527 real sec
[M::process] read 770310 sequences (180000365 bp)...
[M::mem_process_seqs] Processed 769772 reads in 853.946 CPU sec, 47.768 real sec
[M::process] read 770476 sequences (180000472 bp)...
[M::mem_process_seqs] Processed 770310 reads in 896.239 CPU sec, 50.146 real sec
[M::process] read 769916 sequences (180000022 bp)...
[M::mem_process_seqs] Processed 770476 reads in 932.393 CPU sec, 52.152 real sec
[M::process] read 769680 sequences (180000109 bp)...
[M::mem_process_seqs] Processed 769916 reads in 917.892 CPU sec, 51.348 real sec
[M::process] read 770030 sequences (180000024 bp)...
[M::mem_process_seqs] Processed 769680 reads in 803.715 CPU sec, 44.959 real sec
[M::process] read 769372 sequences (180000193 bp)...
[M::mem_process_seqs] Processed 770030 reads in 785.603 CPU sec, 43.948 real sec
[M::process] read 769708 sequences (180000332 bp)...
[M::mem_process_seqs] Processed 769372 reads in 781.217 CPU sec, 43.718 real sec
[M::process] read 769998 sequences (180000050 bp)...
[M::mem_process_seqs] Processed 769708 reads in 804.310 CPU sec, 44.982 real sec
[M::process] read 770322 sequences (180000375 bp)...
[M::mem_process_seqs] Processed 769998 reads in 807.866 CPU sec, 45.194 real sec
[M::process] read 770028 sequences (180000383 bp)...
[M::mem_process_seqs] Processed 770322 reads in 825.750 CPU sec, 46.284 real sec
[M::process] read 769250 sequences (180000010 bp)...
[M::mem_process_seqs] Processed 770028 reads in 858.405 CPU sec, 48.012 real sec
[M::process] read 769176 sequences (180000432 bp)...
[M::mem_process_seqs] Processed 769250 reads in 771.000 CPU sec, 43.123 real sec
[M::process] read 769422 sequences (180000103 bp)...
[M::mem_process_seqs] Processed 769176 reads in 780.526 CPU sec, 43.691 real sec
[M::process] read 769878 sequences (180000379 bp)...
[M::mem_process_seqs] Processed 769422 reads in 782.767 CPU sec, 43.816 real sec
[M::process] read 770240 sequences (180000235 bp)...
[M::mem_process_seqs] Processed 769878 reads in 784.051 CPU sec, 43.859 real sec
[M::process] read 770804 sequences (180000382 bp)...
[M::mem_process_seqs] Processed 770240 reads in 800.617 CPU sec, 44.768 real sec
[M::process] read 769842 sequences (180000097 bp)...
[M::mem_process_seqs] Processed 770804 reads in 823.991 CPU sec, 46.083 real sec
[M::process] read 769452 sequences (180000249 bp)...
[M::mem_process_seqs] Processed 769842 reads in 823.539 CPU sec, 46.052 real sec
[M::process] read 769274 sequences (180000067 bp)...
[M::mem_process_seqs] Processed 769452 reads in 797.521 CPU sec, 44.575 real sec
[M::process] read 769268 sequences (180000068 bp)...
[M::mem_process_seqs] Processed 769274 reads in 800.702 CPU sec, 44.796 real sec
[M::process] read 769432 sequences (180000138 bp)...
[M::mem_process_seqs] Processed 769268 reads in 795.583 CPU sec, 44.491 real sec
[M::process] read 770396 sequences (180000419 bp)...
[M::mem_process_seqs] Processed 769432 reads in 809.319 CPU sec, 45.250 real sec
[M::process] read 770512 sequences (180000074 bp)...
[M::mem_process_seqs] Processed 770396 reads in 876.116 CPU sec, 48.981 real sec
[M::process] read 770258 sequences (180000230 bp)...
[M::mem_process_seqs] Processed 770512 reads in 874.369 CPU sec, 48.903 real sec
[M::process] read 770730 sequences (180000371 bp)...
[M::mem_process_seqs] Processed 770258 reads in 924.859 CPU sec, 51.723 real sec
[M::mem_process_seqs] Processed 770730 reads in 960.803 CPU sec, 59.901 real sec
[M::process] read 770586 sequences (180000232 bp)...
[M::process] read 770212 sequences (180000251 bp)...
[M::mem_process_seqs] Processed 770586 reads in 929.951 CPU sec, 51.967 real sec
[M::process] read 771016 sequences (180000246 bp)...
[M::mem_process_seqs] Processed 770212 reads in 908.908 CPU sec, 50.881 real sec
[M::process] read 771682 sequences (180000011 bp)...
[M::mem_process_seqs] Processed 771016 reads in 985.019 CPU sec, 55.086 real sec
[M::process] read 770186 sequences (180000193 bp)...
[M::mem_process_seqs] Processed 771682 reads in 1125.488 CPU sec, 62.933 real sec
[M::process] read 769158 sequences (180000138 bp)...
[M::mem_process_seqs] Processed 770186 reads in 908.574 CPU sec, 50.815 real sec
[M::process] read 769466 sequences (180000030 bp)...
[M::mem_process_seqs] Processed 769158 reads in 813.331 CPU sec, 45.505 real sec
[M::process] read 770034 sequences (180000394 bp)...
[M::mem_process_seqs] Processed 769466 reads in 825.913 CPU sec, 46.216 real sec
[M::process] read 769542 sequences (180000317 bp)...
[M::mem_process_seqs] Processed 770034 reads in 863.807 CPU sec, 48.349 real sec
[M::process] read 770382 sequences (180000261 bp)...
[M::mem_process_seqs] Processed 769542 reads in 843.249 CPU sec, 47.189 real sec
[M::process] read 770504 sequences (180000110 bp)...
[M::mem_process_seqs] Processed 770382 reads in 996.751 CPU sec, 55.761 real sec
[M::process] read 769558 sequences (180000266 bp)...
[M::mem_process_seqs] Processed 770504 reads in 877.592 CPU sec, 49.082 real sec
[M::process] read 769368 sequences (180000142 bp)...
[M::mem_process_seqs] Processed 769558 reads in 832.941 CPU sec, 46.613 real sec
[M::process] read 769752 sequences (180000173 bp)...
[M::mem_process_seqs] Processed 769368 reads in 820.378 CPU sec, 45.890 real sec
[M::process] read 769800 sequences (180000349 bp)...
[M::mem_process_seqs] Processed 769752 reads in 836.082 CPU sec, 46.766 real sec
[M::process] read 769806 sequences (180000120 bp)...
[M::mem_process_seqs] Processed 769800 reads in 858.299 CPU sec, 48.010 real sec
[M::process] read 770080 sequences (180000236 bp)...
[M::mem_process_seqs] Processed 769806 reads in 938.145 CPU sec, 52.468 real sec
[M::process] read 769622 sequences (180000177 bp)...
[M::mem_process_seqs] Processed 770080 reads in 943.153 CPU sec, 52.772 real sec
[M::process] read 769948 sequences (180000148 bp)...
[M::mem_process_seqs] Processed 769622 reads in 848.270 CPU sec, 47.433 real sec
[M::process] read 769704 sequences (180000100 bp)...
[M::mem_process_seqs] Processed 769948 reads in 847.200 CPU sec, 47.371 real sec
[M::process] read 769742 sequences (180000359 bp)...
[M::mem_process_seqs] Processed 769704 reads in 830.270 CPU sec, 46.438 real sec
[M::process] read 769638 sequences (180000154 bp)...
[M::mem_process_seqs] Processed 769742 reads in 845.546 CPU sec, 47.282 real sec
[M::process] read 769804 sequences (180000075 bp)...
[M::mem_process_seqs] Processed 769638 reads in 863.664 CPU sec, 48.286 real sec
[M::process] read 769608 sequences (180000174 bp)...
[M::mem_process_seqs] Processed 769804 reads in 970.101 CPU sec, 54.229 real sec
[M::process] read 769420 sequences (180000072 bp)...
[M::mem_process_seqs] Processed 769608 reads in 879.329 CPU sec, 49.171 real sec
[M::process] read 769554 sequences (180000087 bp)...
[M::mem_process_seqs] Processed 769420 reads in 828.530 CPU sec, 46.342 real sec
[M::process] read 770146 sequences (180000131 bp)...
[M::mem_process_seqs] Processed 769554 reads in 833.819 CPU sec, 46.625 real sec
[M::process] read 769980 sequences (180000444 bp)...
[M::mem_process_seqs] Processed 770146 reads in 966.234 CPU sec, 54.025 real sec
[M::process] read 769876 sequences (180000524 bp)...
[M::mem_process_seqs] Processed 769980 reads in 855.499 CPU sec, 47.826 real sec
[M::process] read 770106 sequences (180000128 bp)...
[M::mem_process_seqs] Processed 769876 reads in 860.361 CPU sec, 48.108 real sec
[M::process] read 770680 sequences (180000124 bp)...
[M::mem_process_seqs] Processed 770106 reads in 877.887 CPU sec, 49.093 real sec
[M::process] read 770192 sequences (180000135 bp)...
[M::mem_process_seqs] Processed 770680 reads in 868.073 CPU sec, 48.575 real sec
[M::process] read 770380 sequences (180000375 bp)...
[M::mem_process_seqs] Processed 770192 reads in 790.720 CPU sec, 44.236 real sec
[M::process] read 770366 sequences (180000195 bp)...
[M::mem_process_seqs] Processed 770380 reads in 797.626 CPU sec, 44.636 real sec
[M::process] read 770566 sequences (180000069 bp)...
[M::mem_process_seqs] Processed 770366 reads in 796.199 CPU sec, 44.540 real sec
[M::mem_process_seqs] Processed 770566 reads in 794.987 CPU sec, 50.409 real sec
[M::process] read 771136 sequences (180000279 bp)...
[M::process] read 770512 sequences (180000261 bp)...
[M::mem_process_seqs] Processed 771136 reads in 837.124 CPU sec, 46.830 real sec
[M::process] read 770172 sequences (180000211 bp)...
[M::mem_process_seqs] Processed 770512 reads in 822.464 CPU sec, 46.019 real sec
[M::process] read 769554 sequences (180000324 bp)...
[M::mem_process_seqs] Processed 770172 reads in 810.776 CPU sec, 45.371 real sec
[M::process] read 769710 sequences (180000312 bp)...
[M::mem_process_seqs] Processed 769554 reads in 779.768 CPU sec, 43.654 real sec
[M::process] read 769930 sequences (180000181 bp)...
[M::mem_process_seqs] Processed 769710 reads in 774.675 CPU sec, 43.343 real sec
[M::process] read 769658 sequences (180000242 bp)...
[M::mem_process_seqs] Processed 769930 reads in 778.466 CPU sec, 43.565 real sec
[M::process] read 770140 sequences (180000396 bp)...
[M::mem_process_seqs] Processed 769658 reads in 785.452 CPU sec, 43.957 real sec
[M::process] read 770014 sequences (180000296 bp)...
[M::mem_process_seqs] Processed 770140 reads in 794.509 CPU sec, 44.439 real sec
[M::process] read 769860 sequences (180000424 bp)...
[M::mem_process_seqs] Processed 770014 reads in 811.228 CPU sec, 45.375 real sec
[M::process] read 769444 sequences (180000095 bp)...
[M::mem_process_seqs] Processed 769860 reads in 812.599 CPU sec, 45.461 real sec
[M::process] read 769052 sequences (180000073 bp)...
[M::mem_process_seqs] Processed 769444 reads in 775.505 CPU sec, 43.376 real sec
[M::process] read 769494 sequences (180000239 bp)...
[M::mem_process_seqs] Processed 769052 reads in 851.811 CPU sec, 47.642 real sec
[M::process] read 769968 sequences (180000081 bp)...
[M::mem_process_seqs] Processed 769494 reads in 818.377 CPU sec, 45.765 real sec
[M::process] read 770320 sequences (180000284 bp)...
[M::mem_process_seqs] Processed 769968 reads in 804.404 CPU sec, 44.992 real sec
[M::process] read 770108 sequences (180000249 bp)...
[M::mem_process_seqs] Processed 770320 reads in 799.849 CPU sec, 44.748 real sec
[M::process] read 769516 sequences (180000365 bp)...
[M::mem_process_seqs] Processed 770108 reads in 814.995 CPU sec, 45.588 real sec
[M::process] read 769416 sequences (180000285 bp)...
[M::mem_process_seqs] Processed 769516 reads in 816.959 CPU sec, 45.708 real sec
[M::process] read 769310 sequences (180000159 bp)...
[M::mem_process_seqs] Processed 769416 reads in 789.337 CPU sec, 44.140 real sec
[M::process] read 769590 sequences (180000084 bp)...
[M::mem_process_seqs] Processed 769310 reads in 784.669 CPU sec, 43.899 real sec
[M::process] read 770334 sequences (180000291 bp)...
[M::mem_process_seqs] Processed 769590 reads in 812.078 CPU sec, 45.401 real sec
[M::process] read 769960 sequences (180000428 bp)...
[M::mem_process_seqs] Processed 770334 reads in 866.539 CPU sec, 48.445 real sec
[M::process] read 769598 sequences (180000225 bp)...
[M::mem_process_seqs] Processed 769960 reads in 930.122 CPU sec, 51.987 real sec
[M::process] read 769624 sequences (180000131 bp)...
[M::mem_process_seqs] Processed 769598 reads in 846.908 CPU sec, 47.362 real sec
[M::process] read 769588 sequences (180000138 bp)...
[M::mem_process_seqs] Processed 769624 reads in 793.054 CPU sec, 44.346 real sec
[M::process] read 769602 sequences (180000008 bp)...
[M::mem_process_seqs] Processed 769588 reads in 866.935 CPU sec, 48.501 real sec
[M::process] read 769326 sequences (180000298 bp)...
[M::mem_process_seqs] Processed 769602 reads in 782.271 CPU sec, 43.785 real sec
[M::process] read 770442 sequences (180000371 bp)...
[M::mem_process_seqs] Processed 769326 reads in 780.007 CPU sec, 43.626 real sec
[M::process] read 770540 sequences (180000348 bp)...
[M::mem_process_seqs] Processed 770442 reads in 834.463 CPU sec, 46.705 real sec
[M::process] read 771350 sequences (180000324 bp)...
[M::mem_process_seqs] Processed 770540 reads in 824.130 CPU sec, 46.076 real sec
[M::process] read 772534 sequences (180000017 bp)...
[M::mem_process_seqs] Processed 771350 reads in 814.827 CPU sec, 45.567 real sec
[M::process] read 772192 sequences (180000414 bp)...
[M::mem_process_seqs] Processed 772534 reads in 801.161 CPU sec, 44.803 real sec
[M::process] read 772152 sequences (180000376 bp)...
[M::mem_process_seqs] Processed 772192 reads in 788.363 CPU sec, 44.109 real sec
[M::process] read 772404 sequences (180000503 bp)...
[M::mem_process_seqs] Processed 772152 reads in 783.810 CPU sec, 43.856 real sec
[M::process] read 772546 sequences (180000227 bp)...
[M::mem_process_seqs] Processed 772404 reads in 788.893 CPU sec, 44.136 real sec
[M::mem_process_seqs] Processed 772546 reads in 809.913 CPU sec, 52.202 real sec
[M::process] read 772238 sequences (180000017 bp)...
[M::process] read 771950 sequences (180000174 bp)...
[M::mem_process_seqs] Processed 772238 reads in 835.285 CPU sec, 46.715 real sec
[M::process] read 771724 sequences (180000148 bp)...
[M::mem_process_seqs] Processed 771950 reads in 829.484 CPU sec, 46.402 real sec
[M::process] read 771752 sequences (180000144 bp)...
[M::mem_process_seqs] Processed 771724 reads in 789.931 CPU sec, 44.182 real sec
[M::process] read 772378 sequences (180000310 bp)...
[M::mem_process_seqs] Processed 771752 reads in 797.997 CPU sec, 44.646 real sec
[M::process] read 771576 sequences (180000114 bp)...
[M::mem_process_seqs] Processed 772378 reads in 794.184 CPU sec, 44.424 real sec
[M::process] read 771792 sequences (180000535 bp)...
[M::mem_process_seqs] Processed 771576 reads in 797.772 CPU sec, 44.635 real sec
[M::process] read 771568 sequences (180000190 bp)...
[M::mem_process_seqs] Processed 771792 reads in 813.001 CPU sec, 45.474 real sec
[M::process] read 771882 sequences (180000270 bp)...
[M::mem_process_seqs] Processed 771568 reads in 822.353 CPU sec, 45.983 real sec
[M::process] read 771616 sequences (180000033 bp)...
[M::mem_process_seqs] Processed 771882 reads in 802.762 CPU sec, 44.898 real sec
[M::process] read 771610 sequences (180000156 bp)...
[M::mem_process_seqs] Processed 771616 reads in 763.883 CPU sec, 42.734 real sec
[M::process] read 771692 sequences (180000110 bp)...
[M::mem_process_seqs] Processed 771610 reads in 777.778 CPU sec, 43.518 real sec
[M::process] read 771856 sequences (180000184 bp)...
[M::mem_process_seqs] Processed 771692 reads in 785.986 CPU sec, 43.960 real sec
[M::process] read 772258 sequences (180000104 bp)...
[M::mem_process_seqs] Processed 771856 reads in 794.891 CPU sec, 44.446 real sec
[M::process] read 772518 sequences (180000224 bp)...
[M::mem_process_seqs] Processed 772258 reads in 814.927 CPU sec, 45.567 real sec
[M::process] read 771952 sequences (180000324 bp)...
[M::mem_process_seqs] Processed 772518 reads in 827.551 CPU sec, 46.282 real sec
[M::process] read 771988 sequences (180000391 bp)...
[M::mem_process_seqs] Processed 771952 reads in 771.033 CPU sec, 43.144 real sec
[M::process] read 771868 sequences (180000098 bp)...
[M::mem_process_seqs] Processed 771988 reads in 767.680 CPU sec, 42.962 real sec
[M::process] read 772008 sequences (180000205 bp)...
[M::mem_process_seqs] Processed 771868 reads in 773.017 CPU sec, 43.298 real sec
[M::process] read 772356 sequences (180000206 bp)...
[M::mem_process_seqs] Processed 772008 reads in 799.914 CPU sec, 44.735 real sec
[M::process] read 772338 sequences (180000143 bp)...
[M::mem_process_seqs] Processed 772356 reads in 855.866 CPU sec, 47.861 real sec
[M::process] read 772212 sequences (180000160 bp)...
[M::mem_process_seqs] Processed 772338 reads in 879.341 CPU sec, 49.273 real sec
[M::process] read 773008 sequences (180000526 bp)...
[M::mem_process_seqs] Processed 772212 reads in 829.730 CPU sec, 46.394 real sec
[M::process] read 772434 sequences (180000059 bp)...
[M::mem_process_seqs] Processed 773008 reads in 831.138 CPU sec, 46.470 real sec
[M::process] read 772080 sequences (180000252 bp)...
[M::mem_process_seqs] Processed 772434 reads in 813.078 CPU sec, 45.475 real sec
[M::process] read 772556 sequences (180000129 bp)...
[M::mem_process_seqs] Processed 772080 reads in 798.199 CPU sec, 44.663 real sec
[M::process] read 772882 sequences (180000273 bp)...
[M::mem_process_seqs] Processed 772556 reads in 812.929 CPU sec, 45.510 real sec
[M::process] read 772032 sequences (180000241 bp)...
[M::mem_process_seqs] Processed 772882 reads in 886.700 CPU sec, 49.624 real sec
[M::process] read 759624 sequences (180000077 bp)...
[M::mem_process_seqs] Processed 772032 reads in 877.000 CPU sec, 49.060 real sec
[M::process] read 758886 sequences (180000274 bp)...
[M::mem_process_seqs] Processed 759624 reads in 1561.013 CPU sec, 87.263 real sec
[M::process] read 759932 sequences (180000494 bp)...
[M::mem_process_seqs] Processed 758886 reads in 1525.654 CPU sec, 85.289 real sec
[M::process] read 759140 sequences (180000148 bp)...
[M::mem_process_seqs] Processed 759932 reads in 1739.247 CPU sec, 97.203 real sec
[M::process] read 759144 sequences (180000148 bp)...
[M::mem_process_seqs] Processed 759140 reads in 1740.880 CPU sec, 97.267 real sec
[M::process] read 758576 sequences (180000294 bp)...
[M::mem_process_seqs] Processed 759144 reads in 1534.389 CPU sec, 85.740 real sec
[M::process] read 758312 sequences (180000359 bp)...
[M::mem_process_seqs] Processed 758576 reads in 1538.097 CPU sec, 93.594 real sec
[M::process] read 758656 sequences (180000149 bp)...
[M::mem_process_seqs] Processed 758312 reads in 1596.083 CPU sec, 89.183 real sec
[M::process] read 9203 sequences (2189129 bp)...
[M::mem_process_seqs] Processed 758656 reads in 1608.108 CPU sec, 89.857 real sec
[M::mem_process_seqs] Processed 9203 reads in 21.229 CPU sec, 1.289 real sec
[main] Version: 0.7.17-r1188
[main] CMD: bwa mem -t 18 -R @RG\tID:b415\tSM:b415 /home/jilong/spider2/faststorage/social_spiders_2020/people/jilong/chapter1_social/steps/population_vcf/spider/Stegodyphus_dumicola/mapping/reference/DUM_hifi_hic_scaffolded_trim.fa /dev/fd/63
[main] Real time: 7035.803 sec; CPU: 124850.988 sec
[bam_sort_core] merging from 4 files and 17 in-memory blocks...
