[bwa_index] Pack FASTA... 19.74 sec
[bwa_index] Construct BWT for the packed sequence...
[BWTIncCreate] textLength=6993439252, availableWord=504084104
[BWTIncConstructFromPacked] 10 iterations done. 99999988 characters processed.
[BWTIncConstructFromPacked] 20 iterations done. 199999988 characters processed.
[BWTIncConstructFromPacked] 30 iterations done. 299999988 characters processed.
[BWTIncConstructFromPacked] 40 iterations done. 399999988 characters processed.
[BWTIncConstructFromPacked] 50 iterations done. 499999988 characters processed.
[BWTIncConstructFromPacked] 60 iterations done. 599999988 characters processed.
[BWTIncConstructFromPacked] 70 iterations done. 699999988 characters processed.
[BWTIncConstructFromPacked] 80 iterations done. 799999988 characters processed.
[BWTIncConstructFromPacked] 90 iterations done. 899999988 characters processed.
[BWTIncConstructFromPacked] 100 iterations done. 999999988 characters processed.
[BWTIncConstructFromPacked] 110 iterations done. 1099999988 characters processed.
[BWTIncConstructFromPacked] 120 iterations done. 1199999988 characters processed.
[BWTIncConstructFromPacked] 130 iterations done. 1299999988 characters processed.
[BWTIncConstructFromPacked] 140 iterations done. 1399999988 characters processed.
[BWTIncConstructFromPacked] 150 iterations done. 1499999988 characters processed.
[BWTIncConstructFromPacked] 160 iterations done. 1599999988 characters processed.
[BWTIncConstructFromPacked] 170 iterations done. 1699999988 characters processed.
[BWTIncConstructFromPacked] 180 iterations done. 1799999988 characters processed.
[BWTIncConstructFromPacked] 190 iterations done. 1899999988 characters processed.
[BWTIncConstructFromPacked] 200 iterations done. 1999999988 characters processed.
[BWTIncConstructFromPacked] 210 iterations done. 2099999988 characters processed.
[BWTIncConstructFromPacked] 220 iterations done. 2199999988 characters processed.
[BWTIncConstructFromPacked] 230 iterations done. 2299999988 characters processed.
[BWTIncConstructFromPacked] 240 iterations done. 2399999988 characters processed.
[BWTIncConstructFromPacked] 250 iterations done. 2499999988 characters processed.
[BWTIncConstructFromPacked] 260 iterations done. 2599999988 characters processed.
[BWTIncConstructFromPacked] 270 iterations done. 2699999988 characters processed.
[BWTIncConstructFromPacked] 280 iterations done. 2799999988 characters processed.
[BWTIncConstructFromPacked] 290 iterations done. 2899999988 characters processed.
[BWTIncConstructFromPacked] 300 iterations done. 2999999988 characters processed.
[BWTIncConstructFromPacked] 310 iterations done. 3099999988 characters processed.
[BWTIncConstructFromPacked] 320 iterations done. 3199999988 characters processed.
[BWTIncConstructFromPacked] 330 iterations done. 3299999988 characters processed.
[BWTIncConstructFromPacked] 340 iterations done. 3399999988 characters processed.
[BWTIncConstructFromPacked] 350 iterations done. 3499999988 characters processed.
[BWTIncConstructFromPacked] 360 iterations done. 3599999988 characters processed.
[BWTIncConstructFromPacked] 370 iterations done. 3699999988 characters processed.
[BWTIncConstructFromPacked] 380 iterations done. 3799999988 characters processed.
[BWTIncConstructFromPacked] 390 iterations done. 3899999988 characters processed.
[BWTIncConstructFromPacked] 400 iterations done. 3999999988 characters processed.
[BWTIncConstructFromPacked] 410 iterations done. 4099999988 characters processed.
[BWTIncConstructFromPacked] 420 iterations done. 4199999988 characters processed.
[BWTIncConstructFromPacked] 430 iterations done. 4299999988 characters processed.
[BWTIncConstructFromPacked] 440 iterations done. 4399999988 characters processed.
[BWTIncConstructFromPacked] 450 iterations done. 4499999988 characters processed.
[BWTIncConstructFromPacked] 460 iterations done. 4599999988 characters processed.
[BWTIncConstructFromPacked] 470 iterations done. 4699999988 characters processed.
[BWTIncConstructFromPacked] 480 iterations done. 4799999988 characters processed.
[BWTIncConstructFromPacked] 490 iterations done. 4899999988 characters processed.
[BWTIncConstructFromPacked] 500 iterations done. 4999999988 characters processed.
[BWTIncConstructFromPacked] 510 iterations done. 5099999988 characters processed.
[BWTIncConstructFromPacked] 520 iterations done. 5199999988 characters processed.
[BWTIncConstructFromPacked] 530 iterations done. 5299999988 characters processed.
[BWTIncConstructFromPacked] 540 iterations done. 5399999988 characters processed.
[BWTIncConstructFromPacked] 550 iterations done. 5499999988 characters processed.
[BWTIncConstructFromPacked] 560 iterations done. 5599999988 characters processed.
[BWTIncConstructFromPacked] 570 iterations done. 5699999988 characters processed.
[BWTIncConstructFromPacked] 580 iterations done. 5799999988 characters processed.
[BWTIncConstructFromPacked] 590 iterations done. 5899999988 characters processed.
[BWTIncConstructFromPacked] 600 iterations done. 5999999988 characters processed.
[BWTIncConstructFromPacked] 610 iterations done. 6099999988 characters processed.
[BWTIncConstructFromPacked] 620 iterations done. 6199999988 characters processed.
[BWTIncConstructFromPacked] 630 iterations done. 6299999988 characters processed.
[BWTIncConstructFromPacked] 640 iterations done. 6396214196 characters processed.
[BWTIncConstructFromPacked] 650 iterations done. 6481906724 characters processed.
[BWTIncConstructFromPacked] 660 iterations done. 6558066436 characters processed.
[BWTIncConstructFromPacked] 670 iterations done. 6625753412 characters processed.
[BWTIncConstructFromPacked] 680 iterations done. 6685909780 characters processed.
[BWTIncConstructFromPacked] 690 iterations done. 6739372884 characters processed.
[BWTIncConstructFromPacked] 700 iterations done. 6786886980 characters processed.
[BWTIncConstructFromPacked] 710 iterations done. 6829113636 characters processed.
[BWTIncConstructFromPacked] 720 iterations done. 6866640756 characters processed.
[BWTIncConstructFromPacked] 730 iterations done. 6899990916 characters processed.
[BWTIncConstructFromPacked] 740 iterations done. 6929628596 characters processed.
[BWTIncConstructFromPacked] 750 iterations done. 6955966596 characters processed.
[BWTIncConstructFromPacked] 760 iterations done. 6979371876 characters processed.
[bwt_gen] Finished constructing BWT in 767 iterations.
[bwa_index] 3111.72 seconds elapse.
[bwa_index] Update BWT... 13.03 sec
[bwa_index] Pack forward-only FASTA... 13.17 sec
[bwa_index] Construct SA from BWT and Occ... 837.80 sec
[main] Version: 0.7.17-r1188
[main] CMD: bwa index -p /home/jilong/spider2/faststorage/social_spiders_2020/people/jilong/chapter1_social/steps/population_vcf/spider/Stegodyphus_dumicola/mapping/reference/DUM_hifi_hic_scaffolded_trim.fa /home/jilong/spider2/faststorage/social_spiders_2020/people/jilong/chapter1_social/steps/population_vcf/spider/Stegodyphus_dumicola/mapping/reference/DUM_hifi_hic_scaffolded_trim.fa
[main] Real time: 4114.486 sec; CPU: 3995.470 sec
